<?xml version="1.0" encoding="UTF-8"?>
<testsuites name="New Suite" time="123" tests="3" failures="0" errors="0">
   <testsuite name="New Suite" tests="3" failures="0" errors="0" time="123" timestamp="2018-07-05 14:16:14" hostname="Ankur.Jain - LT0021232" id="Test Suites/New Suite">
      <properties>
         <property name="deviceName" value=""/>
         <property name="devicePlatform" value=""/>
         <property name="logFolder" value="C:\\Users\\ankur.jain\\Katalon Studio\\Feedzai_Automation\\Reports\\New Suite\\20180705_141605"/>
         <property name="logFiles" value="C:\\Users\\ankur.jain\\Katalon Studio\\Feedzai_Automation\\Reports\\New Suite\\20180705_141605\\execution0.log"/>
         <property name="attachments" value="C:\\Users\\ankur.jain\\Katalon Studio\\Feedzai_Automation\\Reports\\New Suite\\20180705_141605\\1530780411971.png, C:\\Users\\ankur.jain\\Katalon Studio\\Feedzai_Automation\\Reports\\New Suite\\20180705_141605\\1530780462408.png, C:\\Users\\ankur.jain\\Katalon Studio\\Feedzai_Automation\\Reports\\New Suite\\20180705_141605\\1530780482738.png"/>
         <property name="hostName" value="Ankur.Jain - LT0021232"/>
         <property name="os" value="Windows 7 64bit"/>
         <property name="katalonVersion" value="5.4.2.1"/>
         <property name="browser" value="Chrome 67.0.3396.99"/>
         <property name="hostAddress" value="10.50.88.74"/>
         <property name="sessionId" value="21c2ed6fea50af72a32c08fb75a94bab"/>
         <property name="seleniumVersion" value="3.7.1"/>
         <property name="proxyInformation" value="ProxyInformation{proxyOption=NO_PROXY, proxyServerType=HTTP, password=, proxyServerAddress=, proxyServerPort=0}"/>
         <property name="platform" value="Windows 7"/>
      </properties>
      <testcase name="Test Cases/Alert Manager Test Cases/Alert Manager_Search Screen/TC24_Validate Advance search through customer id" classname="Test Cases/Alert Manager Test Cases/Alert Manager_Search Screen/TC24_Validate Advance search through customer id" status="PASSED">
         <system-out><![CDATA[2018-07-05 14:16:15 - [TEST_CASE][PASSED] - Test Cases/Alert Manager Test Cases/Alert Manager_Search Screen/TC24_Validate Advance search through customer id: Test Cases/Alert Manager Test Cases/Alert Manager_Search Screen/TC24_Validate Advance search through customer id

2018-07-05 14:16:16 - [TEST_STEP][PASSED] - openBrowser: Browser is opened with url: ''

2018-07-05 14:16:24 - [MESSAGE][PASSED] - Browser is opened with url: ''

2018-07-05 14:16:24 - [TEST_STEP][PASSED] - navigateToUrl: Navigate to 'https://10.130.236.51/#login' successfully

2018-07-05 14:16:26 - [MESSAGE][PASSED] - Navigate to 'https://10.130.236.51/#login' successfully

2018-07-05 14:16:26 - [TEST_STEP][PASSED] - setText: Text 'Ankur.Jain' is set on object 'Object Repository/TC_24_AM/input'

2018-07-05 14:16:36 - [MESSAGE][PASSED] - Text 'Ankur.Jain' is set on object 'Object Repository/TC_24_AM/input'

2018-07-05 14:16:36 - [TEST_STEP][PASSED] - setText: Text 'Word02Pass' is set on object 'Object Repository/TC_24_AM/input_1'

2018-07-05 14:16:36 - [MESSAGE][PASSED] - Text 'Word02Pass' is set on object 'Object Repository/TC_24_AM/input_1'

2018-07-05 14:16:36 - [TEST_STEP][PASSED] - sendKeys: Keys 'ENTER + ' sent to object: 'Object Repository/TC_24_AM/input_1'

2018-07-05 14:16:37 - [MESSAGE][PASSED] - Keys 'ENTER + ' sent to object: 'Object Repository/TC_24_AM/input_1'

2018-07-05 14:16:37 - [TEST_STEP][PASSED] - click: Object: 'Object Repository/TC_24_AM/span_Search' is clicked on

2018-07-05 14:16:38 - [MESSAGE][PASSED] - Object: 'Object Repository/TC_24_AM/span_Search' is clicked on

2018-07-05 14:16:38 - [TEST_STEP][PASSED] - clearText: Text of object 'Object Repository/TC_24_AM/Date_input' is cleared

2018-07-05 14:16:38 - [MESSAGE][PASSED] - Text of object 'Object Repository/TC_24_AM/Date_input' is cleared

2018-07-05 14:16:38 - [TEST_STEP][PASSED] - click: Object: 'Object Repository/TC_24_AM/Done_Button' is clicked on

2018-07-05 14:16:38 - [MESSAGE][PASSED] - Object: 'Object Repository/TC_24_AM/Done_Button' is clicked on

2018-07-05 14:16:38 - [TEST_STEP][PASSED] - delay: Delayed 2 second(s)

2018-07-05 14:16:41 - [MESSAGE][PASSED] - Delayed 2 second(s)

2018-07-05 14:16:41 - [TEST_STEP][PASSED] - click: Object: 'Object Repository/TC_24_AM/button_Advanced Search' is clicked on

2018-07-05 14:16:41 - [MESSAGE][PASSED] - Object: 'Object Repository/TC_24_AM/button_Advanced Search' is clicked on

2018-07-05 14:16:41 - [TEST_STEP][PASSED] - click: Object: 'Object Repository/TC_24_AM/ul_Customer Id' is clicked on

2018-07-05 14:16:41 - [MESSAGE][PASSED] - Object: 'Object Repository/TC_24_AM/ul_Customer Id' is clicked on

2018-07-05 14:16:41 - [TEST_STEP][PASSED] - setText: Text '1100243850' is set on object 'Object Repository/TC_24_AM/input_s2id_autogen7'

2018-07-05 14:16:45 - [MESSAGE][PASSED] - Text '1100243850' is set on object 'Object Repository/TC_24_AM/input_s2id_autogen7'

2018-07-05 14:16:45 - [TEST_STEP][PASSED] - delay: Delayed 2 second(s)

2018-07-05 14:16:47 - [MESSAGE][PASSED] - Delayed 2 second(s)

2018-07-05 14:16:47 - [TEST_STEP][PASSED] - sendKeys: Keys 'ENTER + ' sent to object: 'Object Repository/TC_24_AM/input_s2id_autogen7'

2018-07-05 14:16:47 - [MESSAGE][PASSED] - Keys 'ENTER + ' sent to object: 'Object Repository/TC_24_AM/input_s2id_autogen7'

2018-07-05 14:16:47 - [TEST_STEP][PASSED] - delay: Delayed 2 second(s)

2018-07-05 14:16:49 - [MESSAGE][PASSED] - Delayed 2 second(s)

2018-07-05 14:16:49 - [TEST_STEP][PASSED] - click: Object: 'Object Repository/TC_24_AM/button_Search' is clicked on

2018-07-05 14:16:49 - [MESSAGE][PASSED] - Object: 'Object Repository/TC_24_AM/button_Search' is clicked on

2018-07-05 14:16:49 - [TEST_STEP][PASSED] - getText: Text of object 'Object Repository/TC_24_AM/Cust_Details' is: '15-05-2018 15:18:53 2812 3206 0077 6096 1,000.00 1100243850 1100243850 N/A no LMW 28 00 0 Unassigned Not Fraud
15-05-2018 15:21:59 2812 3206 0077 6096 5.00 1100243850 N/A 5999 no WPP 0 00 0 Unassigned Not Fraud
15-05-2018 15:23:34 2812 3206 0077 6096 6.00 1100243850 N/A 5999 no WPP 0 00 0 Unassigned Not Fraud
15-05-2018 15:24:40 2812 3206 0077 6096 4.00 1100243850 N/A 5999 no WPP 0 00 0 Unassigned Not Fraud
15-05-2018 15:25:57 2812 3200 0000 0000 1.00 1100243850 N/A 5999 no WPP 0 05 1 Customer Pending
15-05-2018 15:33:13 2812 3206 0077 6096 6.00 1100243850 1100243850 5999 no WRO 20 00 0 Unassigned Not Fraud
15-05-2018 15:35:00 2812 3206 0077 6096 6.00 1100243850 N/A 5999 no WPP 0 00 0 Unassigned Not Fraud
15-05-2018 15:36:21 2812 3200 0000 0000 1.00 1100243850 N/A 5999 no WPP 0 05 1 Customer Pending
15-06-2018 12:35:16 NA 2.00 1100243850 N/A 5999 no WPP 0 05 0 Unassigned Not Fraud
15-06-2018 12:38:04 1000 00XX XXXX 3645 2.00 1100243850 N/A 5999 no WPP 0 00 1 Unassigned Pending'

2018-07-05 14:16:51 - [MESSAGE][PASSED] - Text of object 'Object Repository/TC_24_AM/Cust_Details' is: '15-05-2018 15:18:53 2812 3206 0077 6096 1,000.00 1100243850 1100243850 N/A no LMW 28 00 0 Unassigned Not Fraud
15-05-2018 15:21:59 2812 3206 0077 6096 5.00 1100243850 N/A 5999 no WPP 0 00 0 Unassigned Not Fraud
15-05-2018 15:23:34 2812 3206 0077 6096 6.00 1100243850 N/A 5999 no WPP 0 00 0 Unassigned Not Fraud
15-05-2018 15:24:40 2812 3206 0077 6096 4.00 1100243850 N/A 5999 no WPP 0 00 0 Unassigned Not Fraud
15-05-2018 15:25:57 2812 3200 0000 0000 1.00 1100243850 N/A 5999 no WPP 0 05 1 Customer Pending
15-05-2018 15:33:13 2812 3206 0077 6096 6.00 1100243850 1100243850 5999 no WRO 20 00 0 Unassigned Not Fraud
15-05-2018 15:35:00 2812 3206 0077 6096 6.00 1100243850 N/A 5999 no WPP 0 00 0 Unassigned Not Fraud
15-05-2018 15:36:21 2812 3200 0000 0000 1.00 1100243850 N/A 5999 no WPP 0 05 1 Customer Pending
15-06-2018 12:35:16 NA 2.00 1100243850 N/A 5999 no WPP 0 05 0 Unassigned Not Fraud
15-06-2018 12:38:04 1000 00XX XXXX 3645 2.00 1100243850 N/A 5999 no WPP 0 00 1 Unassigned Pending'

2018-07-05 14:16:51 - [TEST_STEP][PASSED] - comment: Customer Details Displayed

2018-07-05 14:16:51 - [TEST_STEP][PASSED] - Statement - Customer_Details = com.kms.katalon.core.webui.keyword.WebUiBuiltInKeywords.takeScreenshot(): Taking screenshot successfully

2018-07-05 14:16:52 - [MESSAGE][PASSED] - Taking screenshot successfully
[[ATTACHMENT|C:\\Users\\ankur.jain\\Katalon Studio\\Feedzai_Automation\\Reports\\New Suite\\20180705_141605\\1530780411971.png]]

2018-07-05 14:16:52 - [TEST_STEP][PASSED] - verifyElementText: Actual text and expected text of test object 'Object Repository/TC_24_AM/Cust_id_Validation' are matched.

2018-07-05 14:16:52 - [MESSAGE][PASSED] - Actual text and expected text of test object 'Object Repository/TC_24_AM/Cust_id_Validation' are matched.

2018-07-05 14:16:52 - [TEST_STEP][PASSED] - refresh: Refresh successfully

2018-07-05 14:16:52 - [MESSAGE][PASSED] - Refresh successfully

2018-07-05 14:16:52 - [TEST_STEP][PASSED] - delay: Delayed 12 second(s)

2018-07-05 14:17:04 - [MESSAGE][PASSED] - Delayed 12 second(s)]]></system-out>
         <system-err><![CDATA[]]></system-err>
      </testcase>
      <testcase name="Test Cases/Alert Manager Test Cases/Alert Manager_Search Screen/TC27_Validate Advance search through Agent Id" classname="Test Cases/Alert Manager Test Cases/Alert Manager_Search Screen/TC27_Validate Advance search through Agent Id" status="PASSED">
         <system-out><![CDATA[2018-07-05 14:17:05 - [TEST_CASE][PASSED] - Test Cases/Alert Manager Test Cases/Alert Manager_Search Screen/TC27_Validate Advance search through Agent Id: Test Cases/Alert Manager Test Cases/Alert Manager_Search Screen/TC27_Validate Advance search through Agent Id

2018-07-05 14:17:05 - [TEST_STEP][PASSED] - clearText: Text of object 'Object Repository/TC_24_AM/Date_input' is cleared

2018-07-05 14:17:06 - [MESSAGE][PASSED] - Text of object 'Object Repository/TC_24_AM/Date_input' is cleared

2018-07-05 14:17:06 - [TEST_STEP][PASSED] - click: Object: 'Object Repository/TC_24_AM/Done_Button' is clicked on

2018-07-05 14:17:06 - [MESSAGE][PASSED] - Object: 'Object Repository/TC_24_AM/Done_Button' is clicked on

2018-07-05 14:17:06 - [TEST_STEP][PASSED] - delay: Delayed 5 second(s)

2018-07-05 14:17:11 - [MESSAGE][PASSED] - Delayed 5 second(s)

2018-07-05 14:17:11 - [TEST_STEP][PASSED] - click: Object: 'Object Repository/TC_24_AM/button_Advanced Search' is clicked on

2018-07-05 14:17:11 - [MESSAGE][PASSED] - Object: 'Object Repository/TC_24_AM/button_Advanced Search' is clicked on

2018-07-05 14:17:11 - [TEST_STEP][PASSED] - delay: Delayed 2 second(s)

2018-07-05 14:17:13 - [MESSAGE][PASSED] - Delayed 2 second(s)

2018-07-05 14:17:13 - [TEST_STEP][PASSED] - click: Object: 'Object Repository/TC_24_AM/AgentId_Click' is clicked on

2018-07-05 14:17:14 - [MESSAGE][PASSED] - Object: 'Object Repository/TC_24_AM/AgentId_Click' is clicked on

2018-07-05 14:17:14 - [TEST_STEP][PASSED] - setText: Text '1000005844' is set on object 'Object Repository/TC_24_AM/AgentId_Input'

2018-07-05 14:17:15 - [MESSAGE][PASSED] - Text '1000005844' is set on object 'Object Repository/TC_24_AM/AgentId_Input'

2018-07-05 14:17:15 - [TEST_STEP][PASSED] - delay: Delayed 15 second(s)

2018-07-05 14:17:30 - [MESSAGE][PASSED] - Delayed 15 second(s)

2018-07-05 14:17:30 - [TEST_STEP][PASSED] - sendKeys: Keys 'ENTER + ' sent to object: 'Object Repository/TC_24_AM/AgentId_Input'

2018-07-05 14:17:30 - [MESSAGE][PASSED] - Keys 'ENTER + ' sent to object: 'Object Repository/TC_24_AM/AgentId_Input'

2018-07-05 14:17:30 - [TEST_STEP][PASSED] - delay: Delayed 10 second(s)

2018-07-05 14:17:40 - [MESSAGE][PASSED] - Delayed 10 second(s)

2018-07-05 14:17:40 - [TEST_STEP][PASSED] - click: Object: 'Object Repository/TC_24_AM/button_Search' is clicked on

2018-07-05 14:17:40 - [MESSAGE][PASSED] - Object: 'Object Repository/TC_24_AM/button_Search' is clicked on

2018-07-05 14:17:40 - [TEST_STEP][PASSED] - getText: Text of object 'Object Repository/TC_24_AM/Cust_Details' is: '31-05-2017 12:58:57 Jio 2.00 Unknown N/A N/A no BIA 14 00 0 Unassigned Not Fraud
31-05-2017 14:03:57 Jio 2,250.00 Unknown N/A N/A no BIA 14 00 2 Customer Pending
31-05-2017 14:05:13 Jio 5.00 Unknown N/A N/A no BIA 14 00 1 Agent Pending
31-05-2017 14:15:23 Jio 2.00 Unknown N/A N/A no BIA 14 00 1 Agent Pending
31-05-2017 14:15:52 Jio 10.00 Unknown N/A N/A no BIA 14 00 1 Agent Pending
02-06-2017 09:42:06 2812 3202 2900 2569 1.00 1111102400 1111102400 N/A no LMA 28 00 0 Unassigned Not Fraud
02-06-2017 09:42:06 2812 3202 2900 2569 1.00 1111102400 N/A N/A no NFA 41 00 0 Unassigned Not Fraud
06-06-2017 10:11:30 2812 3202 2900 2569 1.00 1111102400 1111102400 N/A no LMA 28 00 0 Unassigned Not Fraud
06-06-2017 10:11:31 2812 3202 2900 2569 1.00 1111102400 N/A N/A no NFA 41 00 1 Agent Pending
06-06-2017 10:47:15 2812 3206 0035 0165 1.00 1100091480 1100091480 N/A no LMA 28 00 0 Unassigned Not Fraud'

2018-07-05 14:17:42 - [MESSAGE][PASSED] - Text of object 'Object Repository/TC_24_AM/Cust_Details' is: '31-05-2017 12:58:57 Jio 2.00 Unknown N/A N/A no BIA 14 00 0 Unassigned Not Fraud
31-05-2017 14:03:57 Jio 2,250.00 Unknown N/A N/A no BIA 14 00 2 Customer Pending
31-05-2017 14:05:13 Jio 5.00 Unknown N/A N/A no BIA 14 00 1 Agent Pending
31-05-2017 14:15:23 Jio 2.00 Unknown N/A N/A no BIA 14 00 1 Agent Pending
31-05-2017 14:15:52 Jio 10.00 Unknown N/A N/A no BIA 14 00 1 Agent Pending
02-06-2017 09:42:06 2812 3202 2900 2569 1.00 1111102400 1111102400 N/A no LMA 28 00 0 Unassigned Not Fraud
02-06-2017 09:42:06 2812 3202 2900 2569 1.00 1111102400 N/A N/A no NFA 41 00 0 Unassigned Not Fraud
06-06-2017 10:11:30 2812 3202 2900 2569 1.00 1111102400 1111102400 N/A no LMA 28 00 0 Unassigned Not Fraud
06-06-2017 10:11:31 2812 3202 2900 2569 1.00 1111102400 N/A N/A no NFA 41 00 1 Agent Pending
06-06-2017 10:47:15 2812 3206 0035 0165 1.00 1100091480 1100091480 N/A no LMA 28 00 0 Unassigned Not Fraud'

2018-07-05 14:17:42 - [TEST_STEP][PASSED] - comment: Agent Details Displayed

2018-07-05 14:17:42 - [TEST_STEP][PASSED] - Statement - Agent_Details = com.kms.katalon.core.webui.keyword.WebUiBuiltInKeywords.takeScreenshot(): Taking screenshot successfully

2018-07-05 14:17:42 - [MESSAGE][PASSED] - Taking screenshot successfully
[[ATTACHMENT|C:\\Users\\ankur.jain\\Katalon Studio\\Feedzai_Automation\\Reports\\New Suite\\20180705_141605\\1530780462408.png]]

2018-07-05 14:17:42 - [TEST_STEP][PASSED] - refresh: Refresh successfully

2018-07-05 14:17:43 - [MESSAGE][PASSED] - Refresh successfully

2018-07-05 14:17:43 - [TEST_STEP][PASSED] - delay: Delayed 6 second(s)

2018-07-05 14:17:49 - [MESSAGE][PASSED] - Delayed 6 second(s)]]></system-out>
         <system-err><![CDATA[]]></system-err>
      </testcase>
      <testcase name="Test Cases/Alert Manager Test Cases/Alert Manager_Search Screen/TC28_Validate Advance search through customer phone number" classname="Test Cases/Alert Manager Test Cases/Alert Manager_Search Screen/TC28_Validate Advance search through customer phone number" status="PASSED">
         <system-out><![CDATA[2018-07-05 14:17:49 - [TEST_CASE][PASSED] - Test Cases/Alert Manager Test Cases/Alert Manager_Search Screen/TC28_Validate Advance search through customer phone number: Test Cases/Alert Manager Test Cases/Alert Manager_Search Screen/TC28_Validate Advance search through customer phone number

2018-07-05 14:17:50 - [TEST_STEP][PASSED] - clearText: Text of object 'Object Repository/TC_24_AM/Date_input' is cleared

2018-07-05 14:17:52 - [MESSAGE][PASSED] - Text of object 'Object Repository/TC_24_AM/Date_input' is cleared

2018-07-05 14:17:52 - [TEST_STEP][PASSED] - click: Object: 'Object Repository/TC_24_AM/Done_Button' is clicked on

2018-07-05 14:17:52 - [MESSAGE][PASSED] - Object: 'Object Repository/TC_24_AM/Done_Button' is clicked on

2018-07-05 14:17:52 - [TEST_STEP][PASSED] - delay: Delayed 2 second(s)

2018-07-05 14:17:54 - [MESSAGE][PASSED] - Delayed 2 second(s)

2018-07-05 14:17:54 - [TEST_STEP][PASSED] - click: Object: 'Object Repository/TC_24_AM/button_Advanced Search' is clicked on

2018-07-05 14:17:55 - [MESSAGE][PASSED] - Object: 'Object Repository/TC_24_AM/button_Advanced Search' is clicked on

2018-07-05 14:17:55 - [TEST_STEP][PASSED] - click: Object: 'Object Repository/TC_24_AM/ul_Customer Id' is clicked on

2018-07-05 14:17:55 - [MESSAGE][PASSED] - Object: 'Object Repository/TC_24_AM/ul_Customer Id' is clicked on

2018-07-05 14:17:55 - [TEST_STEP][PASSED] - setText: Text '+919967676767' is set on object 'Object Repository/TC_24_AM/input_s2id_autogen7'

2018-07-05 14:17:56 - [MESSAGE][PASSED] - Text '+919967676767' is set on object 'Object Repository/TC_24_AM/input_s2id_autogen7'

2018-07-05 14:17:56 - [TEST_STEP][PASSED] - delay: Delayed 2 second(s)

2018-07-05 14:17:58 - [MESSAGE][PASSED] - Delayed 2 second(s)

2018-07-05 14:17:58 - [TEST_STEP][PASSED] - sendKeys: Keys 'ENTER + ' sent to object: 'Object Repository/TC_24_AM/input_s2id_autogen7'

2018-07-05 14:17:58 - [MESSAGE][PASSED] - Keys 'ENTER + ' sent to object: 'Object Repository/TC_24_AM/input_s2id_autogen7'

2018-07-05 14:17:58 - [TEST_STEP][PASSED] - delay: Delayed 2 second(s)

2018-07-05 14:18:00 - [MESSAGE][PASSED] - Delayed 2 second(s)

2018-07-05 14:18:00 - [TEST_STEP][PASSED] - click: Object: 'Object Repository/TC_24_AM/button_Search' is clicked on

2018-07-05 14:18:01 - [MESSAGE][PASSED] - Object: 'Object Repository/TC_24_AM/button_Search' is clicked on

2018-07-05 14:18:01 - [TEST_STEP][PASSED] - getText: Text of object 'Object Repository/TC_24_AM/Cust_Details' is: '15-05-2018 15:18:53 2812 3206 0077 6096 1,000.00 1100243850 1100243850 N/A no LMW 28 00 0 Unassigned Not Fraud
15-05-2018 15:21:59 2812 3206 0077 6096 5.00 1100243850 N/A 5999 no WPP 0 00 0 Unassigned Not Fraud
15-05-2018 15:23:34 2812 3206 0077 6096 6.00 1100243850 N/A 5999 no WPP 0 00 0 Unassigned Not Fraud
15-05-2018 15:24:40 2812 3206 0077 6096 4.00 1100243850 N/A 5999 no WPP 0 00 0 Unassigned Not Fraud
15-05-2018 15:25:57 2812 3200 0000 0000 1.00 1100243850 N/A 5999 no WPP 0 05 1 Customer Pending
15-05-2018 15:33:13 2812 3206 0077 6096 6.00 1100243850 1100243850 5999 no WRO 20 00 0 Unassigned Not Fraud
15-05-2018 15:35:00 2812 3206 0077 6096 6.00 1100243850 N/A 5999 no WPP 0 00 0 Unassigned Not Fraud
15-05-2018 15:36:21 2812 3200 0000 0000 1.00 1100243850 N/A 5999 no WPP 0 05 1 Customer Pending
15-06-2018 12:35:16 NA 2.00 1100243850 N/A 5999 no WPP 0 05 0 Unassigned Not Fraud
15-06-2018 12:38:04 1000 00XX XXXX 3645 2.00 1100243850 N/A 5999 no WPP 0 00 1 Unassigned Pending'

2018-07-05 14:18:02 - [MESSAGE][PASSED] - Text of object 'Object Repository/TC_24_AM/Cust_Details' is: '15-05-2018 15:18:53 2812 3206 0077 6096 1,000.00 1100243850 1100243850 N/A no LMW 28 00 0 Unassigned Not Fraud
15-05-2018 15:21:59 2812 3206 0077 6096 5.00 1100243850 N/A 5999 no WPP 0 00 0 Unassigned Not Fraud
15-05-2018 15:23:34 2812 3206 0077 6096 6.00 1100243850 N/A 5999 no WPP 0 00 0 Unassigned Not Fraud
15-05-2018 15:24:40 2812 3206 0077 6096 4.00 1100243850 N/A 5999 no WPP 0 00 0 Unassigned Not Fraud
15-05-2018 15:25:57 2812 3200 0000 0000 1.00 1100243850 N/A 5999 no WPP 0 05 1 Customer Pending
15-05-2018 15:33:13 2812 3206 0077 6096 6.00 1100243850 1100243850 5999 no WRO 20 00 0 Unassigned Not Fraud
15-05-2018 15:35:00 2812 3206 0077 6096 6.00 1100243850 N/A 5999 no WPP 0 00 0 Unassigned Not Fraud
15-05-2018 15:36:21 2812 3200 0000 0000 1.00 1100243850 N/A 5999 no WPP 0 05 1 Customer Pending
15-06-2018 12:35:16 NA 2.00 1100243850 N/A 5999 no WPP 0 05 0 Unassigned Not Fraud
15-06-2018 12:38:04 1000 00XX XXXX 3645 2.00 1100243850 N/A 5999 no WPP 0 00 1 Unassigned Pending'

2018-07-05 14:18:02 - [TEST_STEP][PASSED] - comment: Customer Details through phone no is Displayed

2018-07-05 14:18:02 - [TEST_STEP][PASSED] - Statement - Customer_Details_phone = com.kms.katalon.core.webui.keyword.WebUiBuiltInKeywords.takeScreenshot(): Taking screenshot successfully

2018-07-05 14:18:03 - [MESSAGE][PASSED] - Taking screenshot successfully
[[ATTACHMENT|C:\\Users\\ankur.jain\\Katalon Studio\\Feedzai_Automation\\Reports\\New Suite\\20180705_141605\\1530780482738.png]]

2018-07-05 14:18:03 - [TEST_STEP][PASSED] - verifyElementText: Actual text and expected text of test object 'Object Repository/TC_24_AM/Cust_id_Validation' are matched.

2018-07-05 14:18:03 - [MESSAGE][PASSED] - Actual text and expected text of test object 'Object Repository/TC_24_AM/Cust_id_Validation' are matched.

2018-07-05 14:18:03 - [TEST_STEP][PASSED] - refresh: Refresh successfully

2018-07-05 14:18:03 - [MESSAGE][PASSED] - Refresh successfully

2018-07-05 14:18:03 - [TEST_STEP][PASSED] - delay: Delayed 12 second(s)

2018-07-05 14:18:15 - [MESSAGE][PASSED] - Delayed 12 second(s)]]></system-out>
         <system-err><![CDATA[]]></system-err>
      </testcase>
      <system-out><![CDATA[2018-07-05 14:16:14 - [TEST_SUITE][PASSED] - New Suite: Test Cases/Alert Manager Test Cases/Alert Manager_Search Screen/TC28_Validate Advance search through customer phone number]]></system-out>
      <system-err><![CDATA[]]></system-err>
   </testsuite>
</testsuites>
