<?xml version="1.0" encoding="UTF-8"?>
<testsuites name="AM_Test Suite" time="45" tests="0" failures="0" errors="0">
   <testsuite name="AM_Test Suite" tests="0" failures="0" errors="0" time="45" timestamp="2018-07-19 11:16:31" hostname="Ankur.Jain - LT0021232.in.ril.com" id="Test Suites/AM_Test Suite">
      <properties>
         <property name="deviceName" value=""/>
         <property name="devicePlatform" value=""/>
         <property name="logFolder" value="C:\\Users\\ankur.jain\\Katalon Studio\\Feedzai_Automation\\Reports\\AM_Test Suite\\20180719_111536"/>
         <property name="logFiles" value="C:\\Users\\ankur.jain\\Katalon Studio\\Feedzai_Automation\\Reports\\AM_Test Suite\\20180719_111536\\execution0.log"/>
         <property name="attachments" value=""/>
         <property name="hostName" value="Ankur.Jain - LT0021232.in.ril.com"/>
         <property name="os" value="Windows 7 64bit"/>
         <property name="katalonVersion" value="5.4.2.1"/>
         <property name="browser" value="Chrome 67.0.3396.99"/>
         <property name="hostAddress" value="10.51.174.49"/>
         <property name="sessionId" value="c464366455cdfc1ace88c997f9152478"/>
         <property name="seleniumVersion" value="3.7.1"/>
         <property name="proxyInformation" value="ProxyInformation{proxyOption=NO_PROXY, proxyServerType=HTTP, password=, proxyServerAddress=, proxyServerPort=0}"/>
         <property name="platform" value="Windows 7"/>
      </properties>
      <testcase name="Test Cases/Alert Manager Test Cases/Alert Manager_Login" classname="Test Cases/Alert Manager Test Cases/Alert Manager_Login" status="INCOMPLETE">
         <system-out><![CDATA[2018-07-19 11:16:35 - [TEST_CASE][INCOMPLETE] - Test Cases/Alert Manager Test Cases/Alert Manager_Login: null

2018-07-19 11:16:37 - [TEST_STEP][PASSED] - openBrowser: Browser is opened with url: ''

2018-07-19 11:16:51 - [MESSAGE][PASSED] - Browser is opened with url: ''

2018-07-19 11:16:51 - [TEST_STEP][PASSED] - maximizeWindow: Current window maximized

2018-07-19 11:16:52 - [MESSAGE][PASSED] - Current window maximized

2018-07-19 11:16:52 - [TEST_STEP][PASSED] - navigateToUrl: Navigate to 'https://10.130.236.51/#login' successfully

2018-07-19 11:16:56 - [MESSAGE][PASSED] - Navigate to 'https://10.130.236.51/#login' successfully

2018-07-19 11:16:56 - [TEST_STEP][PASSED] - delay: Delayed 20 second(s)

2018-07-19 11:17:16 - [MESSAGE][PASSED] - Delayed 20 second(s)

2018-07-19 11:17:16 - [TEST_STEP][INCOMPLETE] - setText: Finding web element with id: 'Object Repository/TC_01-03_AM/input' located by 'By.xpath: //input[@type = 'text' and @placeholder = 'Username']' in '30' second(s)]]></system-out>
         <system-err><![CDATA[2018-07-19 11:16:35 - [TEST_CASE][INCOMPLETE] - Test Cases/Alert Manager Test Cases/Alert Manager_Login: null]]></system-err>
      </testcase>
      <system-out><![CDATA[2018-07-19 11:16:31 - [TEST_SUITE][INCOMPLETE] - AM_Test Suite: null]]></system-out>
      <system-err><![CDATA[2018-07-19 11:16:31 - [TEST_SUITE][INCOMPLETE] - AM_Test Suite: null]]></system-err>
   </testsuite>
</testsuites>
