<?xml version="1.0" encoding="UTF-8"?>
<testsuites name="AM_Test Suite" time="76" tests="3" failures="0" errors="0">
   <testsuite name="AM_Test Suite" tests="3" failures="0" errors="0" time="76" timestamp="2018-07-03 15:16:14" hostname="Ankur.Jain - LT0021232" id="Test Suites/AM_Test Suite">
      <properties>
         <property name="deviceName" value=""/>
         <property name="devicePlatform" value=""/>
         <property name="logFolder" value="C:\\Users\\ankur.jain\\Katalon Studio\\Feedzai_Automation\\Reports\\AM_Test Suite\\20180703_151604"/>
         <property name="logFiles" value="C:\\Users\\ankur.jain\\Katalon Studio\\Feedzai_Automation\\Reports\\AM_Test Suite\\20180703_151604\\execution0.log"/>
         <property name="attachments" value=""/>
         <property name="hostName" value="Ankur.Jain - LT0021232"/>
         <property name="os" value="Windows 7 64bit"/>
         <property name="katalonVersion" value="5.4.2.1"/>
         <property name="browser" value="Chrome 67.0.3396.99"/>
         <property name="hostAddress" value="10.50.88.74"/>
         <property name="sessionId" value="56956df34b92e6a8e530f6b266d08e78"/>
         <property name="seleniumVersion" value="3.7.1"/>
         <property name="proxyInformation" value="ProxyInformation{proxyOption=NO_PROXY, proxyServerType=HTTP, password=, proxyServerAddress=, proxyServerPort=0}"/>
         <property name="platform" value="Windows 7"/>
      </properties>
      <testcase name="Test Cases/Alert Manager Test Cases/Alert Manager_Login" classname="Test Cases/Alert Manager Test Cases/Alert Manager_Login" status="PASSED">
         <system-out><![CDATA[2018-07-03 15:16:15 - [TEST_CASE][PASSED] - Test Cases/Alert Manager Test Cases/Alert Manager_Login: Test Cases/Alert Manager Test Cases/Alert Manager_Login

2018-07-03 15:16:17 - [TEST_STEP][PASSED] - openBrowser: Browser is opened with url: ''

2018-07-03 15:16:30 - [MESSAGE][PASSED] - Browser is opened with url: ''

2018-07-03 15:16:30 - [TEST_STEP][PASSED] - maximizeWindow: Current window maximized

2018-07-03 15:16:31 - [MESSAGE][PASSED] - Current window maximized

2018-07-03 15:16:31 - [TEST_STEP][PASSED] - navigateToUrl: Navigate to 'https://10.130.236.51/#login' successfully

2018-07-03 15:16:35 - [MESSAGE][PASSED] - Navigate to 'https://10.130.236.51/#login' successfully

2018-07-03 15:16:35 - [TEST_STEP][PASSED] - delay: Delayed 20 second(s)

2018-07-03 15:16:55 - [MESSAGE][PASSED] - Delayed 20 second(s)

2018-07-03 15:16:55 - [TEST_STEP][PASSED] - setText: Text 'Ankur.Jain' is set on object 'Object Repository/TC_01-03_AM/input'

2018-07-03 15:16:57 - [MESSAGE][PASSED] - Text 'Ankur.Jain' is set on object 'Object Repository/TC_01-03_AM/input'

2018-07-03 15:16:57 - [TEST_STEP][PASSED] - setText: Text 'Word02Pass' is set on object 'Object Repository/TC_01-03_AM/input_1'

2018-07-03 15:16:58 - [MESSAGE][PASSED] - Text 'Word02Pass' is set on object 'Object Repository/TC_01-03_AM/input_1'

2018-07-03 15:16:58 - [TEST_STEP][PASSED] - click: Object: 'Object Repository/TC_01-03_AM/button_Sign In' is clicked on

2018-07-03 15:16:58 - [MESSAGE][PASSED] - Object: 'Object Repository/TC_01-03_AM/button_Sign In' is clicked on

2018-07-03 15:16:58 - [TEST_STEP][PASSED] - delay: Delayed 2 second(s)

2018-07-03 15:17:00 - [MESSAGE][PASSED] - Delayed 2 second(s)]]></system-out>
         <system-err><![CDATA[]]></system-err>
      </testcase>
      <testcase name="Test Cases/Alert Manager Test Cases/AM_Customer Search Home Screen/TC08_Customer Search through mobile number" classname="Test Cases/Alert Manager Test Cases/AM_Customer Search Home Screen/TC08_Customer Search through mobile number" status="PASSED">
         <system-out><![CDATA[2018-07-03 15:17:00 - [TEST_CASE][PASSED] - Test Cases/Alert Manager Test Cases/AM_Customer Search Home Screen/TC08_Customer Search through mobile number: Test Cases/Alert Manager Test Cases/AM_Customer Search Home Screen/TC08_Customer Search through mobile number

2018-07-03 15:17:01 - [TEST_STEP][PASSED] - click: Object: 'Object Repository/TC08_AM/a_Customer' is clicked on

2018-07-03 15:17:02 - [MESSAGE][PASSED] - Object: 'Object Repository/TC08_AM/a_Customer' is clicked on

2018-07-03 15:17:02 - [TEST_STEP][PASSED] - delay: Delayed 2 second(s)

2018-07-03 15:17:04 - [MESSAGE][PASSED] - Delayed 2 second(s)

2018-07-03 15:17:04 - [TEST_STEP][PASSED] - setText: Text '+919860606030' is set on object 'Object Repository/TC08_AM/span_Customer'

2018-07-03 15:17:05 - [MESSAGE][PASSED] - Text '+919860606030' is set on object 'Object Repository/TC08_AM/span_Customer'

2018-07-03 15:17:05 - [TEST_STEP][PASSED] - delay: Delayed 2 second(s)

2018-07-03 15:17:07 - [MESSAGE][PASSED] - Delayed 2 second(s)

2018-07-03 15:17:07 - [TEST_STEP][PASSED] - setText: Text 'ENTER + ' is set on object 'Object Repository/TC08_AM/span_Customer'

2018-07-03 15:17:08 - [MESSAGE][PASSED] - Text 'ENTER + ' is set on object 'Object Repository/TC08_AM/span_Customer'

2018-07-03 15:17:08 - [TEST_STEP][PASSED] - delay: Delayed 5 second(s)

2018-07-03 15:17:13 - [MESSAGE][PASSED] - Delayed 5 second(s)

2018-07-03 15:17:13 - [TEST_STEP][PASSED] - verifyElementText: Actual text and expected text of test object 'Object Repository/TC08_AM/div_919860606030' are matched.

2018-07-03 15:17:13 - [MESSAGE][PASSED] - Actual text and expected text of test object 'Object Repository/TC08_AM/div_919860606030' are matched.

2018-07-03 15:17:13 - [TEST_STEP][PASSED] - delay: Delayed 2 second(s)

2018-07-03 15:17:15 - [MESSAGE][PASSED] - Delayed 2 second(s)]]></system-out>
         <system-err><![CDATA[]]></system-err>
      </testcase>
      <testcase name="Test Cases/Alert Manager Test Cases/AM_Customer Search Home Screen/TC09_Customer Search through Customer ID" classname="Test Cases/Alert Manager Test Cases/AM_Customer Search Home Screen/TC09_Customer Search through Customer ID" status="PASSED">
         <system-out><![CDATA[2018-07-03 15:17:15 - [TEST_CASE][PASSED] - Test Cases/Alert Manager Test Cases/AM_Customer Search Home Screen/TC09_Customer Search through Customer ID: Test Cases/Alert Manager Test Cases/AM_Customer Search Home Screen/TC09_Customer Search through Customer ID

2018-07-03 15:17:16 - [TEST_STEP][PASSED] - click: Object: 'Object Repository/TC08_AM/a_Customer' is clicked on

2018-07-03 15:17:16 - [MESSAGE][PASSED] - Object: 'Object Repository/TC08_AM/a_Customer' is clicked on

2018-07-03 15:17:16 - [TEST_STEP][PASSED] - delay: Delayed 2 second(s)

2018-07-03 15:17:18 - [MESSAGE][PASSED] - Delayed 2 second(s)

2018-07-03 15:17:18 - [TEST_STEP][PASSED] - setText: Text '1100231482' is set on object 'Object Repository/TC08_AM/span_Customer'

2018-07-03 15:17:19 - [MESSAGE][PASSED] - Text '1100231482' is set on object 'Object Repository/TC08_AM/span_Customer'

2018-07-03 15:17:19 - [TEST_STEP][PASSED] - delay: Delayed 2 second(s)

2018-07-03 15:17:21 - [MESSAGE][PASSED] - Delayed 2 second(s)

2018-07-03 15:17:21 - [TEST_STEP][PASSED] - setText: Text 'ENTER + ' is set on object 'Object Repository/TC08_AM/span_Customer'

2018-07-03 15:17:22 - [MESSAGE][PASSED] - Text 'ENTER + ' is set on object 'Object Repository/TC08_AM/span_Customer'

2018-07-03 15:17:22 - [TEST_STEP][PASSED] - delay: Delayed 5 second(s)

2018-07-03 15:17:27 - [MESSAGE][PASSED] - Delayed 5 second(s)

2018-07-03 15:17:27 - [TEST_STEP][PASSED] - verifyElementText: Actual text and expected text of test object 'Object Repository/TC08_AM/div_1100231482' are matched.

2018-07-03 15:17:27 - [MESSAGE][PASSED] - Actual text and expected text of test object 'Object Repository/TC08_AM/div_1100231482' are matched.

2018-07-03 15:17:27 - [TEST_STEP][PASSED] - delay: Delayed 2 second(s)

2018-07-03 15:17:29 - [MESSAGE][PASSED] - Delayed 2 second(s)]]></system-out>
         <system-err><![CDATA[]]></system-err>
      </testcase>
      <system-out><![CDATA[2018-07-03 15:16:14 - [TEST_SUITE][PASSED] - AM_Test Suite: Test Cases/Alert Manager Test Cases/AM_Customer Search Home Screen/TC09_Customer Search through Customer ID]]></system-out>
      <system-err><![CDATA[]]></system-err>
   </testsuite>
</testsuites>
