<?xml version="1.0" encoding="UTF-8"?>
<testsuites name="New Suite" time="73" tests="3" failures="0" errors="0">
   <testsuite name="New Suite" tests="3" failures="0" errors="0" time="73" timestamp="2018-07-09 15:34:30" hostname="Ankur.Jain - LT0021232.in.ril.com" id="Test Suites/New Suite">
      <properties>
         <property name="deviceName" value=""/>
         <property name="devicePlatform" value=""/>
         <property name="logFolder" value="C:\\Users\\ankur.jain\\Katalon Studio\\Feedzai_Automation\\Reports\\New Suite\\20180709_153342"/>
         <property name="logFiles" value="C:\\Users\\ankur.jain\\Katalon Studio\\Feedzai_Automation\\Reports\\New Suite\\20180709_153342\\execution0.log"/>
         <property name="attachments" value=""/>
         <property name="hostName" value="Ankur.Jain - LT0021232.in.ril.com"/>
         <property name="os" value="Windows 7 64bit"/>
         <property name="katalonVersion" value="5.4.2.1"/>
         <property name="browser" value="Chrome 67.0.3396.99"/>
         <property name="hostAddress" value="10.50.88.85"/>
         <property name="sessionId" value="190741002ecb7e910322d14ed4f0dc71"/>
         <property name="seleniumVersion" value="3.7.1"/>
         <property name="proxyInformation" value="ProxyInformation{proxyOption=NO_PROXY, proxyServerType=HTTP, password=, proxyServerAddress=, proxyServerPort=0}"/>
         <property name="platform" value="Windows 7"/>
      </properties>
      <testcase name="Test Cases/Alert Manager Test Cases/Alert Manager_Login" classname="Test Cases/Alert Manager Test Cases/Alert Manager_Login" status="PASSED">
         <system-out><![CDATA[2018-07-09 15:34:33 - [TEST_CASE][PASSED] - Test Cases/Alert Manager Test Cases/Alert Manager_Login: Test Cases/Alert Manager Test Cases/Alert Manager_Login

2018-07-09 15:34:35 - [TEST_STEP][PASSED] - openBrowser: Browser is opened with url: ''

2018-07-09 15:34:57 - [MESSAGE][PASSED] - Browser is opened with url: ''

2018-07-09 15:34:57 - [TEST_STEP][PASSED] - maximizeWindow: Current window maximized

2018-07-09 15:34:58 - [MESSAGE][PASSED] - Current window maximized

2018-07-09 15:34:58 - [TEST_STEP][PASSED] - navigateToUrl: Navigate to 'https://10.130.236.51/#login' successfully

2018-07-09 15:35:08 - [MESSAGE][PASSED] - Navigate to 'https://10.130.236.51/#login' successfully

2018-07-09 15:35:08 - [TEST_STEP][PASSED] - delay: Delayed 20 second(s)

2018-07-09 15:35:28 - [MESSAGE][PASSED] - Delayed 20 second(s)

2018-07-09 15:35:28 - [TEST_STEP][PASSED] - setText: Text 'Ankur.Jain' is set on object 'Object Repository/TC_01-03_AM/input'

2018-07-09 15:35:29 - [MESSAGE][PASSED] - Text 'Ankur.Jain' is set on object 'Object Repository/TC_01-03_AM/input'

2018-07-09 15:35:29 - [TEST_STEP][PASSED] - setText: Text 'Word03Pass' is set on object 'Object Repository/TC_01-03_AM/input_1'

2018-07-09 15:35:30 - [MESSAGE][PASSED] - Text 'Word03Pass' is set on object 'Object Repository/TC_01-03_AM/input_1'

2018-07-09 15:35:30 - [TEST_STEP][PASSED] - click: Object: 'Object Repository/TC_01-03_AM/button_Sign In' is clicked on

2018-07-09 15:35:30 - [MESSAGE][PASSED] - Object: 'Object Repository/TC_01-03_AM/button_Sign In' is clicked on

2018-07-09 15:35:30 - [TEST_STEP][PASSED] - delay: Delayed 2 second(s)

2018-07-09 15:35:32 - [MESSAGE][PASSED] - Delayed 2 second(s)

2018-07-09 15:35:32 - [TEST_STEP][PASSED] - comment: Alert Manager Login Sucesfully]]></system-out>
         <system-err><![CDATA[]]></system-err>
      </testcase>
      <testcase name="Test Cases/Alert Manager Test Cases/Alert Manager_JPB Customer Advance Search/TC47_JPB Profile Search with Customer_number" classname="Test Cases/Alert Manager Test Cases/Alert Manager_JPB Customer Advance Search/TC47_JPB Profile Search with Customer_number" status="PASSED">
         <system-out><![CDATA[2018-07-09 15:35:32 - [TEST_CASE][PASSED] - Test Cases/Alert Manager Test Cases/Alert Manager_JPB Customer Advance Search/TC47_JPB Profile Search with Customer_number: Test Cases/Alert Manager Test Cases/Alert Manager_JPB Customer Advance Search/TC47_JPB Profile Search with Customer_number

2018-07-09 15:35:33 - [TEST_STEP][PASSED] - click: Object: 'Object Repository/TC47_AM/Cust_Tab' is clicked on

2018-07-09 15:35:33 - [MESSAGE][PASSED] - Object: 'Object Repository/TC47_AM/Cust_Tab' is clicked on

2018-07-09 15:35:33 - [TEST_STEP][PASSED] - click: Object: 'Object Repository/TC47_AM/JPB_ComboBox' is clicked on

2018-07-09 15:35:34 - [MESSAGE][PASSED] - Object: 'Object Repository/TC47_AM/JPB_ComboBox' is clicked on

2018-07-09 15:35:34 - [TEST_STEP][PASSED] - setText: Text '4000000451' is set on object 'Object Repository/TC47_AM/Customer_input'

2018-07-09 15:35:34 - [MESSAGE][PASSED] - Text '4000000451' is set on object 'Object Repository/TC47_AM/Customer_input'

2018-07-09 15:35:34 - [TEST_STEP][PASSED] - delay: Delayed 3 second(s)

2018-07-09 15:35:37 - [MESSAGE][PASSED] - Delayed 3 second(s)

2018-07-09 15:35:37 - [TEST_STEP][PASSED] - sendKeys: Keys 'ENTER + ' sent to object: 'Object Repository/TC47_AM/Customer_input'

2018-07-09 15:35:38 - [MESSAGE][PASSED] - Keys 'ENTER + ' sent to object: 'Object Repository/TC47_AM/Customer_input'

2018-07-09 15:35:38 - [TEST_STEP][PASSED] - comment: JPB Customer Details Displayed]]></system-out>
         <system-err><![CDATA[]]></system-err>
      </testcase>
      <testcase name="Test Cases/Alert Manager Test Cases/Alert Manager_JPB Customer Advance Search/TC48_JPB Customer Details" classname="Test Cases/Alert Manager Test Cases/Alert Manager_JPB Customer Advance Search/TC48_JPB Customer Details" status="PASSED">
         <system-out><![CDATA[2018-07-09 15:35:38 - [TEST_CASE][PASSED] - Test Cases/Alert Manager Test Cases/Alert Manager_JPB Customer Advance Search/TC48_JPB Customer Details: Test Cases/Alert Manager Test Cases/Alert Manager_JPB Customer Advance Search/TC48_JPB Customer Details

2018-07-09 15:35:38 - [TEST_STEP][PASSED] - verifyElementText: Actual text and expected text of test object 'Object Repository/TC47_AM/Cust_Name' are matched.

2018-07-09 15:35:39 - [MESSAGE][PASSED] - Actual text and expected text of test object 'Object Repository/TC47_AM/Cust_Name' are matched.

2018-07-09 15:35:39 - [TEST_STEP][PASSED] - verifyElementText: Actual text and expected text of test object 'Object Repository/TC47_AM/Cust-id' are matched.

2018-07-09 15:35:39 - [MESSAGE][PASSED] - Actual text and expected text of test object 'Object Repository/TC47_AM/Cust-id' are matched.

2018-07-09 15:35:39 - [TEST_STEP][PASSED] - verifyElementText: Actual text and expected text of test object 'Object Repository/TC47_AM/Risk_Details' are matched.

2018-07-09 15:35:40 - [MESSAGE][PASSED] - Actual text and expected text of test object 'Object Repository/TC47_AM/Risk_Details' are matched.]]></system-out>
         <system-err><![CDATA[]]></system-err>
      </testcase>
      <system-out><![CDATA[2018-07-09 15:34:30 - [TEST_SUITE][PASSED] - New Suite: Test Cases/Alert Manager Test Cases/Alert Manager_JPB Customer Advance Search/TC48_JPB Customer Details]]></system-out>
      <system-err><![CDATA[]]></system-err>
   </testsuite>
</testsuites>
