<?xml version="1.0" encoding="UTF-8"?>
<testsuites name="New Suite" time="182" tests="4" failures="0" errors="0">
   <testsuite name="New Suite" tests="4" failures="0" errors="0" time="182" timestamp="2018-07-05 17:05:57" hostname="Ankur.Jain - LT0021232" id="Test Suites/New Suite">
      <properties>
         <property name="deviceName" value=""/>
         <property name="devicePlatform" value=""/>
         <property name="logFolder" value="C:\\Users\\ankur.jain\\Katalon Studio\\Feedzai_Automation\\Reports\\New Suite\\20180705_170547"/>
         <property name="logFiles" value="C:\\Users\\ankur.jain\\Katalon Studio\\Feedzai_Automation\\Reports\\New Suite\\20180705_170547\\execution0.log"/>
         <property name="attachments" value="C:\\Users\\ankur.jain\\Katalon Studio\\Feedzai_Automation\\Reports\\New Suite\\20180705_170547\\1530790614639.png, C:\\Users\\ankur.jain\\Katalon Studio\\Feedzai_Automation\\Reports\\New Suite\\20180705_170547\\1530790650440.png, C:\\Users\\ankur.jain\\Katalon Studio\\Feedzai_Automation\\Reports\\New Suite\\20180705_170547\\1530790683959.png, C:\\Users\\ankur.jain\\Katalon Studio\\Feedzai_Automation\\Reports\\New Suite\\20180705_170547\\1530790722583.png"/>
         <property name="hostName" value="Ankur.Jain - LT0021232"/>
         <property name="os" value="Windows 7 64bit"/>
         <property name="katalonVersion" value="5.4.2.1"/>
         <property name="browser" value="Chrome 67.0.3396.99"/>
         <property name="hostAddress" value="10.50.88.74"/>
         <property name="sessionId" value="1b6442fa336f03deba833299c1d79523"/>
         <property name="seleniumVersion" value="3.7.1"/>
         <property name="proxyInformation" value="ProxyInformation{proxyOption=NO_PROXY, proxyServerType=HTTP, password=, proxyServerAddress=, proxyServerPort=0}"/>
         <property name="platform" value="Windows 7"/>
      </properties>
      <testcase name="Test Cases/Alert Manager Test Cases/Alert Manager_Search Screen/TC24_Validate Advance search through customer id" classname="Test Cases/Alert Manager Test Cases/Alert Manager_Search Screen/TC24_Validate Advance search through customer id" status="PASSED">
         <system-out><![CDATA[2018-07-05 17:05:58 - [TEST_CASE][PASSED] - Test Cases/Alert Manager Test Cases/Alert Manager_Search Screen/TC24_Validate Advance search through customer id: Test Cases/Alert Manager Test Cases/Alert Manager_Search Screen/TC24_Validate Advance search through customer id

2018-07-05 17:05:59 - [TEST_STEP][PASSED] - openBrowser: Browser is opened with url: ''

2018-07-05 17:06:11 - [MESSAGE][PASSED] - Browser is opened with url: ''

2018-07-05 17:06:11 - [TEST_STEP][PASSED] - navigateToUrl: Navigate to 'https://10.130.236.51/#login' successfully

2018-07-05 17:06:14 - [MESSAGE][PASSED] - Navigate to 'https://10.130.236.51/#login' successfully

2018-07-05 17:06:14 - [TEST_STEP][PASSED] - maximizeWindow: Current window maximized

2018-07-05 17:06:16 - [MESSAGE][PASSED] - Current window maximized

2018-07-05 17:06:16 - [TEST_STEP][PASSED] - setText: Text 'Ankur.Jain' is set on object 'Object Repository/TC_24_AM/input'

2018-07-05 17:06:31 - [MESSAGE][PASSED] - Text 'Ankur.Jain' is set on object 'Object Repository/TC_24_AM/input'

2018-07-05 17:06:31 - [TEST_STEP][PASSED] - setText: Text 'Word02Pass' is set on object 'Object Repository/TC_24_AM/input_1'

2018-07-05 17:06:32 - [MESSAGE][PASSED] - Text 'Word02Pass' is set on object 'Object Repository/TC_24_AM/input_1'

2018-07-05 17:06:32 - [TEST_STEP][PASSED] - sendKeys: Keys 'ENTER + ' sent to object: 'Object Repository/TC_24_AM/input_1'

2018-07-05 17:06:32 - [MESSAGE][PASSED] - Keys 'ENTER + ' sent to object: 'Object Repository/TC_24_AM/input_1'

2018-07-05 17:06:32 - [TEST_STEP][PASSED] - click: Object: 'Object Repository/TC_24_AM/span_Search' is clicked on

2018-07-05 17:06:33 - [MESSAGE][PASSED] - Object: 'Object Repository/TC_24_AM/span_Search' is clicked on

2018-07-05 17:06:33 - [TEST_STEP][PASSED] - clearText: Text of object 'Object Repository/TC_24_AM/Date_input' is cleared

2018-07-05 17:06:34 - [MESSAGE][PASSED] - Text of object 'Object Repository/TC_24_AM/Date_input' is cleared

2018-07-05 17:06:34 - [TEST_STEP][PASSED] - click: Object: 'Object Repository/TC_24_AM/Done_Button' is clicked on

2018-07-05 17:06:34 - [MESSAGE][PASSED] - Object: 'Object Repository/TC_24_AM/Done_Button' is clicked on

2018-07-05 17:06:34 - [TEST_STEP][PASSED] - delay: Delayed 2 second(s)

2018-07-05 17:06:36 - [MESSAGE][PASSED] - Delayed 2 second(s)

2018-07-05 17:06:36 - [TEST_STEP][PASSED] - click: Object: 'Object Repository/TC_24_AM/button_Advanced Search' is clicked on

2018-07-05 17:06:37 - [MESSAGE][PASSED] - Object: 'Object Repository/TC_24_AM/button_Advanced Search' is clicked on

2018-07-05 17:06:37 - [TEST_STEP][PASSED] - click: Object: 'Object Repository/TC_24_AM/ul_Customer Id' is clicked on

2018-07-05 17:06:37 - [MESSAGE][PASSED] - Object: 'Object Repository/TC_24_AM/ul_Customer Id' is clicked on

2018-07-05 17:06:37 - [TEST_STEP][PASSED] - setText: Text '1100243850' is set on object 'Object Repository/TC_24_AM/input_s2id_autogen7'

2018-07-05 17:06:47 - [MESSAGE][PASSED] - Text '1100243850' is set on object 'Object Repository/TC_24_AM/input_s2id_autogen7'

2018-07-05 17:06:47 - [TEST_STEP][PASSED] - delay: Delayed 2 second(s)

2018-07-05 17:06:49 - [MESSAGE][PASSED] - Delayed 2 second(s)

2018-07-05 17:06:49 - [TEST_STEP][PASSED] - sendKeys: Keys 'ENTER + ' sent to object: 'Object Repository/TC_24_AM/input_s2id_autogen7'

2018-07-05 17:06:50 - [MESSAGE][PASSED] - Keys 'ENTER + ' sent to object: 'Object Repository/TC_24_AM/input_s2id_autogen7'

2018-07-05 17:06:50 - [TEST_STEP][PASSED] - delay: Delayed 2 second(s)

2018-07-05 17:06:52 - [MESSAGE][PASSED] - Delayed 2 second(s)

2018-07-05 17:06:52 - [TEST_STEP][PASSED] - click: Object: 'Object Repository/TC_24_AM/button_Search' is clicked on

2018-07-05 17:06:52 - [MESSAGE][PASSED] - Object: 'Object Repository/TC_24_AM/button_Search' is clicked on

2018-07-05 17:06:52 - [TEST_STEP][PASSED] - getText: Text of object 'Object Repository/TC_24_AM/Cust_Details' is: '15-05-2018 15:18:53 2812 3206 0077 6096 1,000.00 1100243850 1100243850 N/A no LMW 28 00 0 Unassigned Not Fraud
15-05-2018 15:21:59 2812 3206 0077 6096 5.00 1100243850 N/A 5999 no WPP 0 00 0 Unassigned Not Fraud
15-05-2018 15:23:34 2812 3206 0077 6096 6.00 1100243850 N/A 5999 no WPP 0 00 0 Unassigned Not Fraud
15-05-2018 15:24:40 2812 3206 0077 6096 4.00 1100243850 N/A 5999 no WPP 0 00 0 Unassigned Not Fraud
15-05-2018 15:25:57 2812 3200 0000 0000 1.00 1100243850 N/A 5999 no WPP 0 05 1 Customer Pending
15-05-2018 15:33:13 2812 3206 0077 6096 6.00 1100243850 1100243850 5999 no WRO 20 00 0 Unassigned Not Fraud
15-05-2018 15:35:00 2812 3206 0077 6096 6.00 1100243850 N/A 5999 no WPP 0 00 0 Unassigned Not Fraud
15-05-2018 15:36:21 2812 3200 0000 0000 1.00 1100243850 N/A 5999 no WPP 0 05 1 Customer Pending
15-06-2018 12:35:16 NA 2.00 1100243850 N/A 5999 no WPP 0 05 0 Unassigned Not Fraud
15-06-2018 12:38:04 1000 00XX XXXX 3645 2.00 1100243850 N/A 5999 no WPP 0 00 1 Unassigned Pending'

2018-07-05 17:06:54 - [MESSAGE][PASSED] - Text of object 'Object Repository/TC_24_AM/Cust_Details' is: '15-05-2018 15:18:53 2812 3206 0077 6096 1,000.00 1100243850 1100243850 N/A no LMW 28 00 0 Unassigned Not Fraud
15-05-2018 15:21:59 2812 3206 0077 6096 5.00 1100243850 N/A 5999 no WPP 0 00 0 Unassigned Not Fraud
15-05-2018 15:23:34 2812 3206 0077 6096 6.00 1100243850 N/A 5999 no WPP 0 00 0 Unassigned Not Fraud
15-05-2018 15:24:40 2812 3206 0077 6096 4.00 1100243850 N/A 5999 no WPP 0 00 0 Unassigned Not Fraud
15-05-2018 15:25:57 2812 3200 0000 0000 1.00 1100243850 N/A 5999 no WPP 0 05 1 Customer Pending
15-05-2018 15:33:13 2812 3206 0077 6096 6.00 1100243850 1100243850 5999 no WRO 20 00 0 Unassigned Not Fraud
15-05-2018 15:35:00 2812 3206 0077 6096 6.00 1100243850 N/A 5999 no WPP 0 00 0 Unassigned Not Fraud
15-05-2018 15:36:21 2812 3200 0000 0000 1.00 1100243850 N/A 5999 no WPP 0 05 1 Customer Pending
15-06-2018 12:35:16 NA 2.00 1100243850 N/A 5999 no WPP 0 05 0 Unassigned Not Fraud
15-06-2018 12:38:04 1000 00XX XXXX 3645 2.00 1100243850 N/A 5999 no WPP 0 00 1 Unassigned Pending'

2018-07-05 17:06:54 - [TEST_STEP][PASSED] - comment: Customer Details Displayed

2018-07-05 17:06:54 - [TEST_STEP][PASSED] - Statement - Customer_Details = com.kms.katalon.core.webui.keyword.WebUiBuiltInKeywords.takeScreenshot(): Taking screenshot successfully

2018-07-05 17:06:57 - [MESSAGE][PASSED] - Taking screenshot successfully
[[ATTACHMENT|C:\\Users\\ankur.jain\\Katalon Studio\\Feedzai_Automation\\Reports\\New Suite\\20180705_170547\\1530790614639.png]]

2018-07-05 17:06:57 - [TEST_STEP][PASSED] - verifyElementText: Actual text and expected text of test object 'Object Repository/TC_24_AM/Cust_id_Validation' are matched.

2018-07-05 17:06:57 - [MESSAGE][PASSED] - Actual text and expected text of test object 'Object Repository/TC_24_AM/Cust_id_Validation' are matched.

2018-07-05 17:06:57 - [TEST_STEP][PASSED] - refresh: Refresh successfully

2018-07-05 17:06:58 - [MESSAGE][PASSED] - Refresh successfully

2018-07-05 17:06:58 - [TEST_STEP][PASSED] - delay: Delayed 12 second(s)

2018-07-05 17:07:10 - [MESSAGE][PASSED] - Delayed 12 second(s)]]></system-out>
         <system-err><![CDATA[]]></system-err>
      </testcase>
      <testcase name="Test Cases/Alert Manager Test Cases/Alert Manager_Search Screen/TC28_Validate Advance search through customer phone number" classname="Test Cases/Alert Manager Test Cases/Alert Manager_Search Screen/TC28_Validate Advance search through customer phone number" status="PASSED">
         <system-out><![CDATA[2018-07-05 17:07:10 - [TEST_CASE][PASSED] - Test Cases/Alert Manager Test Cases/Alert Manager_Search Screen/TC28_Validate Advance search through customer phone number: Test Cases/Alert Manager Test Cases/Alert Manager_Search Screen/TC28_Validate Advance search through customer phone number

2018-07-05 17:07:11 - [TEST_STEP][PASSED] - clearText: Text of object 'Object Repository/TC_24_AM/Date_input' is cleared

2018-07-05 17:07:18 - [MESSAGE][PASSED] - Text of object 'Object Repository/TC_24_AM/Date_input' is cleared

2018-07-05 17:07:18 - [TEST_STEP][PASSED] - delay: Delayed 2 second(s)

2018-07-05 17:07:20 - [MESSAGE][PASSED] - Delayed 2 second(s)

2018-07-05 17:07:20 - [TEST_STEP][PASSED] - click: Object: 'Object Repository/TC_24_AM/Done_Button' is clicked on

2018-07-05 17:07:20 - [MESSAGE][PASSED] - Object: 'Object Repository/TC_24_AM/Done_Button' is clicked on

2018-07-05 17:07:20 - [TEST_STEP][PASSED] - delay: Delayed 2 second(s)

2018-07-05 17:07:22 - [MESSAGE][PASSED] - Delayed 2 second(s)

2018-07-05 17:07:22 - [TEST_STEP][PASSED] - click: Object: 'Object Repository/TC_24_AM/button_Advanced Search' is clicked on

2018-07-05 17:07:22 - [MESSAGE][PASSED] - Object: 'Object Repository/TC_24_AM/button_Advanced Search' is clicked on

2018-07-05 17:07:22 - [TEST_STEP][PASSED] - click: Object: 'Object Repository/TC_24_AM/ul_Customer Id' is clicked on

2018-07-05 17:07:23 - [MESSAGE][PASSED] - Object: 'Object Repository/TC_24_AM/ul_Customer Id' is clicked on

2018-07-05 17:07:23 - [TEST_STEP][PASSED] - setText: Text '+919967676767' is set on object 'Object Repository/TC_24_AM/input_s2id_autogen7'

2018-07-05 17:07:24 - [MESSAGE][PASSED] - Text '+919967676767' is set on object 'Object Repository/TC_24_AM/input_s2id_autogen7'

2018-07-05 17:07:24 - [TEST_STEP][PASSED] - delay: Delayed 2 second(s)

2018-07-05 17:07:26 - [MESSAGE][PASSED] - Delayed 2 second(s)

2018-07-05 17:07:26 - [TEST_STEP][PASSED] - sendKeys: Keys 'ENTER + ' sent to object: 'Object Repository/TC_24_AM/input_s2id_autogen7'

2018-07-05 17:07:26 - [MESSAGE][PASSED] - Keys 'ENTER + ' sent to object: 'Object Repository/TC_24_AM/input_s2id_autogen7'

2018-07-05 17:07:26 - [TEST_STEP][PASSED] - delay: Delayed 2 second(s)

2018-07-05 17:07:28 - [MESSAGE][PASSED] - Delayed 2 second(s)

2018-07-05 17:07:28 - [TEST_STEP][PASSED] - click: Object: 'Object Repository/TC_24_AM/button_Search' is clicked on

2018-07-05 17:07:28 - [MESSAGE][PASSED] - Object: 'Object Repository/TC_24_AM/button_Search' is clicked on

2018-07-05 17:07:28 - [TEST_STEP][PASSED] - getText: Text of object 'Object Repository/TC_24_AM/Cust_Details' is: '15-05-2018 15:18:53 2812 3206 0077 6096 1,000.00 1100243850 1100243850 N/A no LMW 28 00 0 Unassigned Not Fraud
15-05-2018 15:21:59 2812 3206 0077 6096 5.00 1100243850 N/A 5999 no WPP 0 00 0 Unassigned Not Fraud
15-05-2018 15:23:34 2812 3206 0077 6096 6.00 1100243850 N/A 5999 no WPP 0 00 0 Unassigned Not Fraud
15-05-2018 15:24:40 2812 3206 0077 6096 4.00 1100243850 N/A 5999 no WPP 0 00 0 Unassigned Not Fraud
15-05-2018 15:25:57 2812 3200 0000 0000 1.00 1100243850 N/A 5999 no WPP 0 05 1 Customer Pending
15-05-2018 15:33:13 2812 3206 0077 6096 6.00 1100243850 1100243850 5999 no WRO 20 00 0 Unassigned Not Fraud
15-05-2018 15:35:00 2812 3206 0077 6096 6.00 1100243850 N/A 5999 no WPP 0 00 0 Unassigned Not Fraud
15-05-2018 15:36:21 2812 3200 0000 0000 1.00 1100243850 N/A 5999 no WPP 0 05 1 Customer Pending
15-06-2018 12:35:16 NA 2.00 1100243850 N/A 5999 no WPP 0 05 0 Unassigned Not Fraud
15-06-2018 12:38:04 1000 00XX XXXX 3645 2.00 1100243850 N/A 5999 no WPP 0 00 1 Unassigned Pending'

2018-07-05 17:07:30 - [MESSAGE][PASSED] - Text of object 'Object Repository/TC_24_AM/Cust_Details' is: '15-05-2018 15:18:53 2812 3206 0077 6096 1,000.00 1100243850 1100243850 N/A no LMW 28 00 0 Unassigned Not Fraud
15-05-2018 15:21:59 2812 3206 0077 6096 5.00 1100243850 N/A 5999 no WPP 0 00 0 Unassigned Not Fraud
15-05-2018 15:23:34 2812 3206 0077 6096 6.00 1100243850 N/A 5999 no WPP 0 00 0 Unassigned Not Fraud
15-05-2018 15:24:40 2812 3206 0077 6096 4.00 1100243850 N/A 5999 no WPP 0 00 0 Unassigned Not Fraud
15-05-2018 15:25:57 2812 3200 0000 0000 1.00 1100243850 N/A 5999 no WPP 0 05 1 Customer Pending
15-05-2018 15:33:13 2812 3206 0077 6096 6.00 1100243850 1100243850 5999 no WRO 20 00 0 Unassigned Not Fraud
15-05-2018 15:35:00 2812 3206 0077 6096 6.00 1100243850 N/A 5999 no WPP 0 00 0 Unassigned Not Fraud
15-05-2018 15:36:21 2812 3200 0000 0000 1.00 1100243850 N/A 5999 no WPP 0 05 1 Customer Pending
15-06-2018 12:35:16 NA 2.00 1100243850 N/A 5999 no WPP 0 05 0 Unassigned Not Fraud
15-06-2018 12:38:04 1000 00XX XXXX 3645 2.00 1100243850 N/A 5999 no WPP 0 00 1 Unassigned Pending'

2018-07-05 17:07:30 - [TEST_STEP][PASSED] - comment: Customer Details through phone no is Displayed

2018-07-05 17:07:30 - [TEST_STEP][PASSED] - Statement - Customer_Details_phone = com.kms.katalon.core.webui.keyword.WebUiBuiltInKeywords.takeScreenshot(): Taking screenshot successfully

2018-07-05 17:07:30 - [MESSAGE][PASSED] - Taking screenshot successfully
[[ATTACHMENT|C:\\Users\\ankur.jain\\Katalon Studio\\Feedzai_Automation\\Reports\\New Suite\\20180705_170547\\1530790650440.png]]

2018-07-05 17:07:30 - [TEST_STEP][PASSED] - verifyElementText: Actual text and expected text of test object 'Object Repository/TC_24_AM/Cust_id_Validation' are matched.

2018-07-05 17:07:31 - [MESSAGE][PASSED] - Actual text and expected text of test object 'Object Repository/TC_24_AM/Cust_id_Validation' are matched.

2018-07-05 17:07:31 - [TEST_STEP][PASSED] - refresh: Refresh successfully

2018-07-05 17:07:31 - [MESSAGE][PASSED] - Refresh successfully

2018-07-05 17:07:31 - [TEST_STEP][PASSED] - delay: Delayed 12 second(s)

2018-07-05 17:07:43 - [MESSAGE][PASSED] - Delayed 12 second(s)]]></system-out>
         <system-err><![CDATA[]]></system-err>
      </testcase>
      <testcase name="Test Cases/Alert Manager Test Cases/Alert Manager_Search Screen/TC32_Validate Advance search through Processing code" classname="Test Cases/Alert Manager Test Cases/Alert Manager_Search Screen/TC32_Validate Advance search through Processing code" status="PASSED">
         <system-out><![CDATA[2018-07-05 17:07:43 - [TEST_CASE][PASSED] - Test Cases/Alert Manager Test Cases/Alert Manager_Search Screen/TC32_Validate Advance search through Processing code: Test Cases/Alert Manager Test Cases/Alert Manager_Search Screen/TC32_Validate Advance search through Processing code

2018-07-05 17:07:44 - [TEST_STEP][PASSED] - clearText: Text of object 'Object Repository/TC_24_AM/Date_input' is cleared

2018-07-05 17:07:46 - [MESSAGE][PASSED] - Text of object 'Object Repository/TC_24_AM/Date_input' is cleared

2018-07-05 17:07:46 - [TEST_STEP][PASSED] - click: Object: 'Object Repository/TC_24_AM/Done_Button' is clicked on

2018-07-05 17:07:49 - [MESSAGE][PASSED] - Object: 'Object Repository/TC_24_AM/Done_Button' is clicked on

2018-07-05 17:07:49 - [TEST_STEP][PASSED] - delay: Delayed 2 second(s)

2018-07-05 17:07:51 - [MESSAGE][PASSED] - Delayed 2 second(s)

2018-07-05 17:07:51 - [TEST_STEP][PASSED] - click: Object: 'Object Repository/TC_24_AM/button_Advanced Search' is clicked on

2018-07-05 17:07:51 - [MESSAGE][PASSED] - Object: 'Object Repository/TC_24_AM/button_Advanced Search' is clicked on

2018-07-05 17:07:51 - [TEST_STEP][PASSED] - click: Object: 'Object Repository/TC_24_AM/Click_ResponseCode' is clicked on

2018-07-05 17:07:51 - [MESSAGE][PASSED] - Object: 'Object Repository/TC_24_AM/Click_ResponseCode' is clicked on

2018-07-05 17:07:51 - [TEST_STEP][PASSED] - setText: Text '45' is set on object 'Object Repository/TC_24_AM/Input_Respcode'

2018-07-05 17:07:52 - [MESSAGE][PASSED] - Text '45' is set on object 'Object Repository/TC_24_AM/Input_Respcode'

2018-07-05 17:07:52 - [TEST_STEP][PASSED] - delay: Delayed 2 second(s)

2018-07-05 17:07:54 - [MESSAGE][PASSED] - Delayed 2 second(s)

2018-07-05 17:07:54 - [TEST_STEP][PASSED] - sendKeys: Keys 'ENTER + ' sent to object: 'Object Repository/TC_24_AM/Input_Respcode'

2018-07-05 17:07:54 - [MESSAGE][PASSED] - Keys 'ENTER + ' sent to object: 'Object Repository/TC_24_AM/Input_Respcode'

2018-07-05 17:07:54 - [TEST_STEP][PASSED] - delay: Delayed 5 second(s)

2018-07-05 17:07:59 - [MESSAGE][PASSED] - Delayed 5 second(s)

2018-07-05 17:07:59 - [TEST_STEP][PASSED] - click: Object: 'Object Repository/TC_24_AM/button_Search' is clicked on

2018-07-05 17:08:00 - [MESSAGE][PASSED] - Object: 'Object Repository/TC_24_AM/button_Search' is clicked on

2018-07-05 17:08:00 - [TEST_STEP][PASSED] - getText: Text of object 'Object Repository/TC_24_AM/Cust_Details' is: '11-11-2017 16:39:35 5011 0000 0023 90 1.00 Unknown N/A N/A no UNKNOWN 45 05 0 Unassigned Not Fraud
13-11-2017 13:39:21 5011 0000 0023 90 1.00 Unknown N/A N/A no UNKNOWN 45 05 0 Unassigned Not Fraud
13-11-2017 18:05:50 5011 0000 0023 90 1.00 Unknown N/A N/A no UNKNOWN 45 05 0 Unassigned Not Fraud
13-11-2017 18:30:30 5011 0000 0023 90 1.00 Unknown N/A N/A no UNKNOWN 45 05 0 Unassigned Not Fraud
14-11-2017 11:15:58 5011 0000 0023 90 1.00 Unknown N/A N/A no UNKNOWN 45 05 0 Unassigned Not Fraud
14-11-2017 19:25:58 5011 0000 0023 90 1.00 Unknown N/A N/A no UNKNOWN 45 05 0 Unassigned Not Fraud
15-11-2017 10:44:53 5011 0000 0023 90 1.00 Unknown N/A N/A no UNKNOWN 45 05 0 Unassigned Not Fraud
15-11-2017 15:30:14 5011 0000 0023 90 1.00 Unknown N/A N/A no UNKNOWN 45 05 0 Unassigned Not Fraud
16-11-2017 10:11:39 5011 0000 0023 90 1.00 Unknown N/A N/A no UNKNOWN 45 05 0 Unassigned Not Fraud
17-11-2017 10:56:42 5011 0000 0023 90 1.00 Unknown N/A N/A no UNKNOWN 45 05 0 Unassigned Not Fraud'

2018-07-05 17:08:03 - [MESSAGE][PASSED] - Text of object 'Object Repository/TC_24_AM/Cust_Details' is: '11-11-2017 16:39:35 5011 0000 0023 90 1.00 Unknown N/A N/A no UNKNOWN 45 05 0 Unassigned Not Fraud
13-11-2017 13:39:21 5011 0000 0023 90 1.00 Unknown N/A N/A no UNKNOWN 45 05 0 Unassigned Not Fraud
13-11-2017 18:05:50 5011 0000 0023 90 1.00 Unknown N/A N/A no UNKNOWN 45 05 0 Unassigned Not Fraud
13-11-2017 18:30:30 5011 0000 0023 90 1.00 Unknown N/A N/A no UNKNOWN 45 05 0 Unassigned Not Fraud
14-11-2017 11:15:58 5011 0000 0023 90 1.00 Unknown N/A N/A no UNKNOWN 45 05 0 Unassigned Not Fraud
14-11-2017 19:25:58 5011 0000 0023 90 1.00 Unknown N/A N/A no UNKNOWN 45 05 0 Unassigned Not Fraud
15-11-2017 10:44:53 5011 0000 0023 90 1.00 Unknown N/A N/A no UNKNOWN 45 05 0 Unassigned Not Fraud
15-11-2017 15:30:14 5011 0000 0023 90 1.00 Unknown N/A N/A no UNKNOWN 45 05 0 Unassigned Not Fraud
16-11-2017 10:11:39 5011 0000 0023 90 1.00 Unknown N/A N/A no UNKNOWN 45 05 0 Unassigned Not Fraud
17-11-2017 10:56:42 5011 0000 0023 90 1.00 Unknown N/A N/A no UNKNOWN 45 05 0 Unassigned Not Fraud'

2018-07-05 17:08:03 - [TEST_STEP][PASSED] - comment: Advance Search through Response Code is sucesfull

2018-07-05 17:08:03 - [TEST_STEP][PASSED] - Statement - Resp_code = com.kms.katalon.core.webui.keyword.WebUiBuiltInKeywords.takeScreenshot(): Taking screenshot successfully

2018-07-05 17:08:04 - [MESSAGE][PASSED] - Taking screenshot successfully
[[ATTACHMENT|C:\\Users\\ankur.jain\\Katalon Studio\\Feedzai_Automation\\Reports\\New Suite\\20180705_170547\\1530790683959.png]]

2018-07-05 17:08:04 - [TEST_STEP][PASSED] - verifyElementText: Actual text and expected text of test object 'Object Repository/TC_24_AM/RespCode_Valid' are matched.

2018-07-05 17:08:04 - [MESSAGE][PASSED] - Actual text and expected text of test object 'Object Repository/TC_24_AM/RespCode_Valid' are matched.

2018-07-05 17:08:04 - [TEST_STEP][PASSED] - refresh: Refresh successfully

2018-07-05 17:08:05 - [MESSAGE][PASSED] - Refresh successfully

2018-07-05 17:08:05 - [TEST_STEP][PASSED] - delay: Delayed 12 second(s)

2018-07-05 17:08:17 - [MESSAGE][PASSED] - Delayed 12 second(s)]]></system-out>
         <system-err><![CDATA[]]></system-err>
      </testcase>
      <testcase name="Test Cases/Alert Manager Test Cases/Alert Manager_Search Screen/TC33_Validate Advance search through Hashed card pan" classname="Test Cases/Alert Manager Test Cases/Alert Manager_Search Screen/TC33_Validate Advance search through Hashed card pan" status="PASSED">
         <system-out><![CDATA[2018-07-05 17:08:17 - [TEST_CASE][PASSED] - Test Cases/Alert Manager Test Cases/Alert Manager_Search Screen/TC33_Validate Advance search through Hashed card pan: Test Cases/Alert Manager Test Cases/Alert Manager_Search Screen/TC33_Validate Advance search through Hashed card pan

2018-07-05 17:08:18 - [TEST_STEP][PASSED] - clearText: Text of object 'Object Repository/TC_24_AM/Date_input' is cleared

2018-07-05 17:08:23 - [MESSAGE][PASSED] - Text of object 'Object Repository/TC_24_AM/Date_input' is cleared

2018-07-05 17:08:23 - [TEST_STEP][PASSED] - click: Object: 'Object Repository/TC_24_AM/Done_Button' is clicked on

2018-07-05 17:08:24 - [MESSAGE][PASSED] - Object: 'Object Repository/TC_24_AM/Done_Button' is clicked on

2018-07-05 17:08:24 - [TEST_STEP][PASSED] - delay: Delayed 2 second(s)

2018-07-05 17:08:26 - [MESSAGE][PASSED] - Delayed 2 second(s)

2018-07-05 17:08:26 - [TEST_STEP][PASSED] - click: Object: 'Object Repository/TC_24_AM/button_Advanced Search' is clicked on

2018-07-05 17:08:26 - [MESSAGE][PASSED] - Object: 'Object Repository/TC_24_AM/button_Advanced Search' is clicked on

2018-07-05 17:08:26 - [TEST_STEP][PASSED] - delay: Delayed 2 second(s)

2018-07-05 17:08:28 - [MESSAGE][PASSED] - Delayed 2 second(s)

2018-07-05 17:08:28 - [TEST_STEP][PASSED] - click: Object: 'Object Repository/TC_24_AM/Click_HashPan' is clicked on

2018-07-05 17:08:29 - [MESSAGE][PASSED] - Object: 'Object Repository/TC_24_AM/Click_HashPan' is clicked on

2018-07-05 17:08:29 - [TEST_STEP][PASSED] - setText: Text 'Vi7ef8PcDBbitHDUrIX1-UvUbOz5Fij1fLesdenEeMc' is set on object 'Object Repository/TC_24_AM/Input_hashpan'

2018-07-05 17:08:30 - [MESSAGE][PASSED] - Text 'Vi7ef8PcDBbitHDUrIX1-UvUbOz5Fij1fLesdenEeMc' is set on object 'Object Repository/TC_24_AM/Input_hashpan'

2018-07-05 17:08:30 - [TEST_STEP][PASSED] - delay: Delayed 2 second(s)

2018-07-05 17:08:32 - [MESSAGE][PASSED] - Delayed 2 second(s)

2018-07-05 17:08:32 - [TEST_STEP][PASSED] - sendKeys: Keys 'ENTER + ' sent to object: 'Object Repository/TC_24_AM/Input_hashpan'

2018-07-05 17:08:33 - [MESSAGE][PASSED] - Keys 'ENTER + ' sent to object: 'Object Repository/TC_24_AM/Input_hashpan'

2018-07-05 17:08:33 - [TEST_STEP][PASSED] - delay: Delayed 2 second(s)

2018-07-05 17:08:35 - [MESSAGE][PASSED] - Delayed 2 second(s)

2018-07-05 17:08:35 - [TEST_STEP][PASSED] - click: Object: 'Object Repository/TC_24_AM/button_Search' is clicked on

2018-07-05 17:08:35 - [MESSAGE][PASSED] - Object: 'Object Repository/TC_24_AM/button_Search' is clicked on

2018-07-05 17:08:35 - [TEST_STEP][PASSED] - getText: Text of object 'Object Repository/TC_24_AM/Cust_Details' is: '09-02-2018 12:23:39 4018 59XX XXXX 5712 100.00 1100021618 N/A N/A no BIW 14 00 1 Customer Pending
09-02-2018 12:33:20 2812 3202 0242 8609 1,000.00 1100021618 1100021618 N/A no LMW 28 00 0 Unassigned Not Fraud
09-02-2018 12:38:50 4018 59XX XXXX 5712 100.00 1100021618 N/A N/A no BIW 14 05 1 Customer Pending
13-02-2018 15:57:08 4018 59XX XXXX 5712 150.00 1100021618 N/A N/A no BIW 14 00 1 Customer Pending
14-02-2018 10:21:24 4018 59XX XXXX 5712 223.33 1100021618 N/A N/A no BIW 14 00 1 Customer Pending
14-02-2018 12:54:18 4018 59XX XXXX 5712 100.00 1100021618 N/A N/A no BIW 14 05 1 Ignored Not Fraud
15-02-2018 10:21:48 4018 59XX XXXX 5712 100.00 1100021618 N/A N/A no BIW 14 00 1 Customer Pending
15-02-2018 10:25:17 4018 59XX XXXX 5712 10.00 1100021618 N/A N/A no BIW 14 00 1 Customer Pending
15-02-2018 10:28:21 4018 59XX XXXX 5712 150.00 1100021618 N/A N/A no BIW 14 00 1 Customer Pending
16-02-2018 14:40:06 4018 59XX XXXX 5712 100.00 1100021618 N/A N/A no BIW 14 00 1 Customer Pending'

2018-07-05 17:08:42 - [MESSAGE][PASSED] - Text of object 'Object Repository/TC_24_AM/Cust_Details' is: '09-02-2018 12:23:39 4018 59XX XXXX 5712 100.00 1100021618 N/A N/A no BIW 14 00 1 Customer Pending
09-02-2018 12:33:20 2812 3202 0242 8609 1,000.00 1100021618 1100021618 N/A no LMW 28 00 0 Unassigned Not Fraud
09-02-2018 12:38:50 4018 59XX XXXX 5712 100.00 1100021618 N/A N/A no BIW 14 05 1 Customer Pending
13-02-2018 15:57:08 4018 59XX XXXX 5712 150.00 1100021618 N/A N/A no BIW 14 00 1 Customer Pending
14-02-2018 10:21:24 4018 59XX XXXX 5712 223.33 1100021618 N/A N/A no BIW 14 00 1 Customer Pending
14-02-2018 12:54:18 4018 59XX XXXX 5712 100.00 1100021618 N/A N/A no BIW 14 05 1 Ignored Not Fraud
15-02-2018 10:21:48 4018 59XX XXXX 5712 100.00 1100021618 N/A N/A no BIW 14 00 1 Customer Pending
15-02-2018 10:25:17 4018 59XX XXXX 5712 10.00 1100021618 N/A N/A no BIW 14 00 1 Customer Pending
15-02-2018 10:28:21 4018 59XX XXXX 5712 150.00 1100021618 N/A N/A no BIW 14 00 1 Customer Pending
16-02-2018 14:40:06 4018 59XX XXXX 5712 100.00 1100021618 N/A N/A no BIW 14 00 1 Customer Pending'

2018-07-05 17:08:42 - [TEST_STEP][PASSED] - comment: Advance search through Hash Card is sucesfull

2018-07-05 17:08:42 - [TEST_STEP][PASSED] - Statement - Hash_Card = com.kms.katalon.core.webui.keyword.WebUiBuiltInKeywords.takeScreenshot(): Taking screenshot successfully

2018-07-05 17:08:43 - [MESSAGE][PASSED] - Taking screenshot successfully
[[ATTACHMENT|C:\\Users\\ankur.jain\\Katalon Studio\\Feedzai_Automation\\Reports\\New Suite\\20180705_170547\\1530790722583.png]]

2018-07-05 17:08:43 - [TEST_STEP][PASSED] - click: Object: 'Object Repository/TC_24_AM/Trans_Details' is clicked on

2018-07-05 17:08:43 - [MESSAGE][PASSED] - Object: 'Object Repository/TC_24_AM/Trans_Details' is clicked on

2018-07-05 17:08:43 - [TEST_STEP][PASSED] - verifyElementText: Actual text and expected text of test object 'Object Repository/TC_24_AM/Hash_Cad_Valid' are matched.

2018-07-05 17:08:44 - [MESSAGE][PASSED] - Actual text and expected text of test object 'Object Repository/TC_24_AM/Hash_Cad_Valid' are matched.

2018-07-05 17:08:44 - [TEST_STEP][PASSED] - refresh: Refresh successfully

2018-07-05 17:08:45 - [MESSAGE][PASSED] - Refresh successfully

2018-07-05 17:08:45 - [TEST_STEP][PASSED] - delay: Delayed 12 second(s)

2018-07-05 17:08:57 - [MESSAGE][PASSED] - Delayed 12 second(s)]]></system-out>
         <system-err><![CDATA[]]></system-err>
      </testcase>
      <system-out><![CDATA[2018-07-05 17:05:57 - [TEST_SUITE][PASSED] - New Suite: Test Cases/Alert Manager Test Cases/Alert Manager_Search Screen/TC33_Validate Advance search through Hashed card pan]]></system-out>
      <system-err><![CDATA[]]></system-err>
   </testsuite>
</testsuites>
