<?xml version="1.0" encoding="UTF-8"?>
<testsuites name="Pulse_Test Case Suite" time="59" tests="5" failures="0" errors="0">
   <testsuite name="Pulse_Test Case Suite" tests="5" failures="0" errors="0" time="59" timestamp="2018-07-02 14:53:16" hostname="Ankur.Jain - LT0021232.in.ril.com" id="Test Suites/Pulse_Test Case Suite">
      <properties>
         <property name="deviceName" value=""/>
         <property name="devicePlatform" value=""/>
         <property name="logFolder" value="C:\\Users\\ankur.jain\\Katalon Studio\\Feedzai_Automation\\Reports\\Pulse_Test Case Suite\\20180702_145311"/>
         <property name="logFiles" value="C:\\Users\\ankur.jain\\Katalon Studio\\Feedzai_Automation\\Reports\\Pulse_Test Case Suite\\20180702_145311\\execution0.log"/>
         <property name="attachments" value=""/>
         <property name="hostName" value="Ankur.Jain - LT0021232.in.ril.com"/>
         <property name="os" value="Windows 7 64bit"/>
         <property name="katalonVersion" value="5.4.2.1"/>
         <property name="browser" value="Chrome 67.0.3396.99"/>
         <property name="hostAddress" value="10.50.88.74"/>
         <property name="sessionId" value="7e4776b278964806207d41ff8d1b71f2"/>
         <property name="seleniumVersion" value="3.7.1"/>
         <property name="proxyInformation" value="ProxyInformation{proxyOption=NO_PROXY, proxyServerType=HTTP, password=, proxyServerAddress=, proxyServerPort=0}"/>
         <property name="platform" value="Windows 7"/>
      </properties>
      <testcase name="Test Cases/Login Test Case/Login_Pulse" classname="Test Cases/Login Test Case/Login_Pulse" status="PASSED">
         <system-out><![CDATA[2018-07-02 14:53:17 - [TEST_CASE][PASSED] - Test Cases/Login Test Case/Login_Pulse: Test Cases/Login Test Case/Login_Pulse

2018-07-02 14:53:19 - [TEST_STEP][PASSED] - openBrowser: Browser is opened with url: ''

2018-07-02 14:53:28 - [MESSAGE][PASSED] - Browser is opened with url: ''

2018-07-02 14:53:28 - [TEST_STEP][PASSED] - maximizeWindow: Current window maximized

2018-07-02 14:53:29 - [MESSAGE][PASSED] - Current window maximized

2018-07-02 14:53:29 - [TEST_STEP][PASSED] - navigateToUrl: Navigate to 'https://10.130.236.50/pulseviews/management/#apps/reliance/dataconfiguration' successfully

2018-07-02 14:53:32 - [MESSAGE][PASSED] - Navigate to 'https://10.130.236.50/pulseviews/management/#apps/reliance/dataconfiguration' successfully

2018-07-02 14:53:32 - [TEST_STEP][PASSED] - setText: Text 'Ankur.Jain' is set on object 'Object Repository/Pulse_Login/input'

2018-07-02 14:53:40 - [MESSAGE][PASSED] - Text 'Ankur.Jain' is set on object 'Object Repository/Pulse_Login/input'

2018-07-02 14:53:40 - [TEST_STEP][PASSED] - setText: Text 'Word02Pass' is set on object 'Object Repository/Pulse_Login/input_1'

2018-07-02 14:53:41 - [MESSAGE][PASSED] - Text 'Word02Pass' is set on object 'Object Repository/Pulse_Login/input_1'

2018-07-02 14:53:41 - [TEST_STEP][PASSED] - click: Object: 'Object Repository/Pulse_Login/button_Sign In' is clicked on

2018-07-02 14:53:41 - [MESSAGE][PASSED] - Object: 'Object Repository/Pulse_Login/button_Sign In' is clicked on]]></system-out>
         <system-err><![CDATA[]]></system-err>
      </testcase>
      <testcase name="Test Cases/Pulse_Test Case/TC_01 Pulse Application HealthCheck" classname="Test Cases/Pulse_Test Case/TC_01 Pulse Application HealthCheck" status="PASSED">
         <system-out><![CDATA[2018-07-02 14:53:41 - [TEST_CASE][PASSED] - Test Cases/Pulse_Test Case/TC_01 Pulse Application HealthCheck: Test Cases/Pulse_Test Case/TC_01 Pulse Application HealthCheck

2018-07-02 14:53:42 - [TEST_STEP][PASSED] - click: Object: 'Object Repository/Pulse_Login/i_icon-tab-application-32' is clicked on

2018-07-02 14:53:47 - [MESSAGE][PASSED] - Object: 'Object Repository/Pulse_Login/i_icon-tab-application-32' is clicked on

2018-07-02 14:53:47 - [TEST_STEP][PASSED] - getAttribute: Attribute '' of object 'Object Repository/Pulse_Login/button_fdz-js-apps-toggle-stat' is: 'null'

2018-07-02 14:53:47 - [MESSAGE][PASSED] - Attribute '' of object 'Object Repository/Pulse_Login/button_fdz-js-apps-toggle-stat' is: 'null'

2018-07-02 14:53:47 - [TEST_STEP][PASSED] - getText: Text of object 'Object Repository/Pulse_Login/button_fdz-js-apps-toggle-stat' is: ''

2018-07-02 14:53:48 - [MESSAGE][PASSED] - Text of object 'Object Repository/Pulse_Login/button_fdz-js-apps-toggle-stat' is: '']]></system-out>
         <system-err><![CDATA[]]></system-err>
      </testcase>
      <testcase name="Test Cases/Pulse_Test Case/TC_02 Pulse Version check" classname="Test Cases/Pulse_Test Case/TC_02 Pulse Version check" status="PASSED">
         <system-out><![CDATA[2018-07-02 14:53:48 - [TEST_CASE][PASSED] - Test Cases/Pulse_Test Case/TC_02 Pulse Version check: Test Cases/Pulse_Test Case/TC_02 Pulse Version check

2018-07-02 14:53:48 - [TEST_STEP][PASSED] - click: Object: 'Object Repository/Pulse_Login/span_Reliance (Fraud)' is clicked on

2018-07-02 14:53:49 - [MESSAGE][PASSED] - Object: 'Object Repository/Pulse_Login/span_Reliance (Fraud)' is clicked on

2018-07-02 14:53:49 - [TEST_STEP][PASSED] - verifyElementText: Actual text and expected text of test object 'Object Repository/Pulse_Login/span_15.1' are matched.

2018-07-02 14:53:49 - [MESSAGE][PASSED] - Actual text and expected text of test object 'Object Repository/Pulse_Login/span_15.1' are matched.]]></system-out>
         <system-err><![CDATA[]]></system-err>
      </testcase>
      <testcase name="Test Cases/Pulse_Test Case/TC_03_Pulse Distribution job execution status" classname="Test Cases/Pulse_Test Case/TC_03_Pulse Distribution job execution status" status="PASSED">
         <system-out><![CDATA[2018-07-02 14:53:49 - [TEST_CASE][PASSED] - Test Cases/Pulse_Test Case/TC_03_Pulse Distribution job execution status: Test Cases/Pulse_Test Case/TC_03_Pulse Distribution job execution status

2018-07-02 14:53:50 - [TEST_STEP][PASSED] - click: Object: 'Object Repository/TC_03/i_fa fa-chevron-down' is clicked on

2018-07-02 14:53:50 - [MESSAGE][PASSED] - Object: 'Object Repository/TC_03/i_fa fa-chevron-down' is clicked on

2018-07-02 14:53:50 - [TEST_STEP][PASSED] - click: Object: 'Object Repository/TC_03/i_icon-tab-jobs-32' is clicked on

2018-07-02 14:53:51 - [MESSAGE][PASSED] - Object: 'Object Repository/TC_03/i_icon-tab-jobs-32' is clicked on

2018-07-02 14:53:51 - [TEST_STEP][PASSED] - click: Object: 'Object Repository/TC_03/a_Reliance Profile Generation' is clicked on

2018-07-02 14:53:53 - [MESSAGE][PASSED] - Object: 'Object Repository/TC_03/a_Reliance Profile Generation' is clicked on

2018-07-02 14:53:53 - [TEST_STEP][PASSED] - verifyElementText: Actual text and expected text of test object 'Object Repository/TC_03/span_Finished' are matched.

2018-07-02 14:53:56 - [MESSAGE][PASSED] - Actual text and expected text of test object 'Object Repository/TC_03/span_Finished' are matched.

2018-07-02 14:53:56 - [TEST_STEP][PASSED] - click: Object: 'Object Repository/TC_03/div_a minute (Monday July 2 20' is clicked on

2018-07-02 14:53:56 - [MESSAGE][PASSED] - Object: 'Object Repository/TC_03/div_a minute (Monday July 2 20' is clicked on

2018-07-02 14:53:56 - [TEST_STEP][PASSED] - click: Object: 'Object Repository/TC_03/span_Data Configuration' is clicked on

2018-07-02 14:53:57 - [MESSAGE][PASSED] - Object: 'Object Repository/TC_03/span_Data Configuration' is clicked on]]></system-out>
         <system-err><![CDATA[]]></system-err>
      </testcase>
      <testcase name="Test Cases/Pulse_Test Case/TC_04 Enable Time Machine" classname="Test Cases/Pulse_Test Case/TC_04 Enable Time Machine" status="PASSED">
         <system-out><![CDATA[2018-07-02 14:53:57 - [TEST_CASE][PASSED] - Test Cases/Pulse_Test Case/TC_04 Enable Time Machine: Test Cases/Pulse_Test Case/TC_04 Enable Time Machine

2018-07-02 14:53:58 - [TEST_STEP][PASSED] - scrollToElement: Scroll to object 'Object Repository/TC_04/button_2' successfully

2018-07-02 14:53:58 - [MESSAGE][WARNING] - Timeout '0' is invalid. Using default page load timeout: '30'

2018-07-02 14:53:58 - [MESSAGE][PASSED] - Scroll to object 'Object Repository/TC_04/button_2' successfully

2018-07-02 14:53:58 - [TEST_STEP][PASSED] - click: Object: 'Object Repository/TC_04/button_2' is clicked on

2018-07-02 14:53:59 - [MESSAGE][PASSED] - Object: 'Object Repository/TC_04/button_2' is clicked on

2018-07-02 14:53:59 - [TEST_STEP][PASSED] - click: Object: 'Object Repository/TC_04/a_FIS Input Adapter' is clicked on

2018-07-02 14:54:01 - [MESSAGE][PASSED] - Object: 'Object Repository/TC_04/a_FIS Input Adapter' is clicked on

2018-07-02 14:54:01 - [TEST_STEP][PASSED] - scrollToElement: Scroll to object 'Object Repository/TC_04/div_true' successfully

2018-07-02 14:54:01 - [MESSAGE][WARNING] - Timeout '0' is invalid. Using default page load timeout: '30'

2018-07-02 14:54:05 - [MESSAGE][PASSED] - Scroll to object 'Object Repository/TC_04/div_true' successfully

2018-07-02 14:54:05 - [TEST_STEP][PASSED] - click: Object: 'Object Repository/TC_04/div_true' is clicked on

2018-07-02 14:54:06 - [MESSAGE][PASSED] - Object: 'Object Repository/TC_04/div_true' is clicked on

2018-07-02 14:54:06 - [TEST_STEP][PASSED] - setText: Text 'true' is set on object 'Object Repository/TC_04/input_conf_value'

2018-07-02 14:54:06 - [MESSAGE][PASSED] - Text 'true' is set on object 'Object Repository/TC_04/input_conf_value'

2018-07-02 14:54:06 - [TEST_STEP][PASSED] - click: Object: 'Object Repository/TC_04/i_fa fa-check-circle-o fa-colo' is clicked on

2018-07-02 14:54:06 - [MESSAGE][PASSED] - Object: 'Object Repository/TC_04/i_fa fa-check-circle-o fa-colo' is clicked on

2018-07-02 14:54:07 - [TEST_STEP][PASSED] - scrollToElement: Scroll to object 'Object Repository/TC_04/a_Save' successfully

2018-07-02 14:54:07 - [MESSAGE][WARNING] - Timeout '0' is invalid. Using default page load timeout: '30'

2018-07-02 14:54:07 - [MESSAGE][PASSED] - Scroll to object 'Object Repository/TC_04/a_Save' successfully

2018-07-02 14:54:07 - [TEST_STEP][PASSED] - click: Object: 'Object Repository/TC_04/a_Save' is clicked on

2018-07-02 14:54:08 - [MESSAGE][PASSED] - Object: 'Object Repository/TC_04/a_Save' is clicked on

2018-07-02 14:54:08 - [TEST_STEP][PASSED] - scrollToElement: Scroll to object 'Object Repository/TC_04/Logout' successfully

2018-07-02 14:54:09 - [MESSAGE][WARNING] - Timeout '0' is invalid. Using default page load timeout: '30'

2018-07-02 14:54:09 - [MESSAGE][PASSED] - Scroll to object 'Object Repository/TC_04/Logout' successfully

2018-07-02 14:54:09 - [TEST_STEP][PASSED] - click: Object: 'Object Repository/TC_04/Logout' is clicked on

2018-07-02 14:54:09 - [MESSAGE][PASSED] - Object: 'Object Repository/TC_04/Logout' is clicked on

2018-07-02 14:54:09 - [TEST_STEP][PASSED] - delay: Delayed 3 second(s)

2018-07-02 14:54:12 - [MESSAGE][PASSED] - Delayed 3 second(s)

2018-07-02 14:54:12 - [TEST_STEP][PASSED] - click: Object: 'Object Repository/TC_04/a_Logout' is clicked on

2018-07-02 14:54:14 - [MESSAGE][PASSED] - Object: 'Object Repository/TC_04/a_Logout' is clicked on

2018-07-02 14:54:14 - [TEST_STEP][PASSED] - closeBrowser: Browser is closed

2018-07-02 14:54:16 - [MESSAGE][PASSED] - Browser is closed]]></system-out>
         <system-err><![CDATA[]]></system-err>
      </testcase>
      <system-out><![CDATA[2018-07-02 14:53:16 - [TEST_SUITE][PASSED] - Pulse_Test Case Suite: Test Cases/Pulse_Test Case/TC_04 Enable Time Machine]]></system-out>
      <system-err><![CDATA[]]></system-err>
   </testsuite>
</testsuites>
