<?xml version="1.0" encoding="UTF-8"?>
<testsuites name="New Suite" time="145" tests="3" failures="0" errors="0">
   <testsuite name="New Suite" tests="3" failures="0" errors="0" time="145" timestamp="2018-07-05 18:06:55" hostname="Ankur.Jain - LT0021232" id="Test Suites/New Suite">
      <properties>
         <property name="deviceName" value=""/>
         <property name="devicePlatform" value=""/>
         <property name="logFolder" value="C:\\Users\\ankur.jain\\Katalon Studio\\Feedzai_Automation\\Reports\\New Suite\\20180705_180646"/>
         <property name="logFiles" value="C:\\Users\\ankur.jain\\Katalon Studio\\Feedzai_Automation\\Reports\\New Suite\\20180705_180646\\execution0.log"/>
         <property name="attachments" value="C:\\Users\\ankur.jain\\Katalon Studio\\Feedzai_Automation\\Reports\\New Suite\\20180705_180646\\1530794270450.png, C:\\Users\\ankur.jain\\Katalon Studio\\Feedzai_Automation\\Reports\\New Suite\\20180705_180646\\1530794303694.png, C:\\Users\\ankur.jain\\Katalon Studio\\Feedzai_Automation\\Reports\\New Suite\\20180705_180646\\1530794344537.png"/>
         <property name="hostName" value="Ankur.Jain - LT0021232"/>
         <property name="os" value="Windows 7 64bit"/>
         <property name="katalonVersion" value="5.4.2.1"/>
         <property name="browser" value="Chrome 67.0.3396.99"/>
         <property name="hostAddress" value="10.50.88.74"/>
         <property name="sessionId" value="03120839d1164d68f4e1e764b3ec3c09"/>
         <property name="seleniumVersion" value="3.7.1"/>
         <property name="proxyInformation" value="ProxyInformation{proxyOption=NO_PROXY, proxyServerType=HTTP, password=, proxyServerAddress=, proxyServerPort=0}"/>
         <property name="platform" value="Windows 7"/>
      </properties>
      <testcase name="Test Cases/Alert Manager Test Cases/Alert Manager_Search Screen/TC24_Validate Advance search through customer id" classname="Test Cases/Alert Manager Test Cases/Alert Manager_Search Screen/TC24_Validate Advance search through customer id" status="PASSED">
         <system-out><![CDATA[2018-07-05 18:06:56 - [TEST_CASE][PASSED] - Test Cases/Alert Manager Test Cases/Alert Manager_Search Screen/TC24_Validate Advance search through customer id: Test Cases/Alert Manager Test Cases/Alert Manager_Search Screen/TC24_Validate Advance search through customer id

2018-07-05 18:06:57 - [TEST_STEP][PASSED] - openBrowser: Browser is opened with url: ''

2018-07-05 18:07:16 - [MESSAGE][PASSED] - Browser is opened with url: ''

2018-07-05 18:07:16 - [TEST_STEP][PASSED] - navigateToUrl: Navigate to 'https://10.130.236.51/#login' successfully

2018-07-05 18:07:19 - [MESSAGE][PASSED] - Navigate to 'https://10.130.236.51/#login' successfully

2018-07-05 18:07:19 - [TEST_STEP][PASSED] - maximizeWindow: Current window maximized

2018-07-05 18:07:20 - [MESSAGE][PASSED] - Current window maximized

2018-07-05 18:07:20 - [TEST_STEP][PASSED] - setText: Text 'Ankur.Jain' is set on object 'Object Repository/TC_24_36 AM/input'

2018-07-05 18:07:35 - [MESSAGE][PASSED] - Text 'Ankur.Jain' is set on object 'Object Repository/TC_24_36 AM/input'

2018-07-05 18:07:35 - [TEST_STEP][PASSED] - setText: Text 'Word02Pass' is set on object 'Object Repository/TC_24_36 AM/input_1'

2018-07-05 18:07:35 - [MESSAGE][PASSED] - Text 'Word02Pass' is set on object 'Object Repository/TC_24_36 AM/input_1'

2018-07-05 18:07:35 - [TEST_STEP][PASSED] - sendKeys: Keys 'ENTER + ' sent to object: 'Object Repository/TC_24_36 AM/input_1'

2018-07-05 18:07:35 - [MESSAGE][PASSED] - Keys 'ENTER + ' sent to object: 'Object Repository/TC_24_36 AM/input_1'

2018-07-05 18:07:35 - [TEST_STEP][PASSED] - click: Object: 'Object Repository/TC_24_36 AM/span_Search' is clicked on

2018-07-05 18:07:36 - [MESSAGE][PASSED] - Object: 'Object Repository/TC_24_36 AM/span_Search' is clicked on

2018-07-05 18:07:36 - [TEST_STEP][PASSED] - clearText: Text of object 'Object Repository/TC_24_36 AM/Date_input' is cleared

2018-07-05 18:07:37 - [MESSAGE][PASSED] - Text of object 'Object Repository/TC_24_36 AM/Date_input' is cleared

2018-07-05 18:07:37 - [TEST_STEP][PASSED] - click: Object: 'Object Repository/TC_24_36 AM/Done_Button' is clicked on

2018-07-05 18:07:37 - [MESSAGE][PASSED] - Object: 'Object Repository/TC_24_36 AM/Done_Button' is clicked on

2018-07-05 18:07:37 - [TEST_STEP][PASSED] - delay: Delayed 2 second(s)

2018-07-05 18:07:39 - [MESSAGE][PASSED] - Delayed 2 second(s)

2018-07-05 18:07:39 - [TEST_STEP][PASSED] - click: Object: 'Object Repository/TC_24_36 AM/button_Advanced Search' is clicked on

2018-07-05 18:07:40 - [MESSAGE][PASSED] - Object: 'Object Repository/TC_24_36 AM/button_Advanced Search' is clicked on

2018-07-05 18:07:40 - [TEST_STEP][PASSED] - click: Object: 'Object Repository/TC_24_36 AM/ul_Customer Id' is clicked on

2018-07-05 18:07:40 - [MESSAGE][PASSED] - Object: 'Object Repository/TC_24_36 AM/ul_Customer Id' is clicked on

2018-07-05 18:07:40 - [TEST_STEP][PASSED] - setText: Text '1100243850' is set on object 'Object Repository/TC_24_36 AM/input_s2id_autogen7'

2018-07-05 18:07:43 - [MESSAGE][PASSED] - Text '1100243850' is set on object 'Object Repository/TC_24_36 AM/input_s2id_autogen7'

2018-07-05 18:07:43 - [TEST_STEP][PASSED] - delay: Delayed 2 second(s)

2018-07-05 18:07:45 - [MESSAGE][PASSED] - Delayed 2 second(s)

2018-07-05 18:07:45 - [TEST_STEP][PASSED] - sendKeys: Keys 'ENTER + ' sent to object: 'Object Repository/TC_24_36 AM/input_s2id_autogen7'

2018-07-05 18:07:45 - [MESSAGE][PASSED] - Keys 'ENTER + ' sent to object: 'Object Repository/TC_24_36 AM/input_s2id_autogen7'

2018-07-05 18:07:45 - [TEST_STEP][PASSED] - delay: Delayed 2 second(s)

2018-07-05 18:07:47 - [MESSAGE][PASSED] - Delayed 2 second(s)

2018-07-05 18:07:47 - [TEST_STEP][PASSED] - click: Object: 'Object Repository/TC_24_36 AM/button_Search' is clicked on

2018-07-05 18:07:48 - [MESSAGE][PASSED] - Object: 'Object Repository/TC_24_36 AM/button_Search' is clicked on

2018-07-05 18:07:48 - [TEST_STEP][PASSED] - getText: Text of object 'Object Repository/TC_24_36 AM/Cust_Details' is: '15-05-2018 15:18:53 2812 3206 0077 6096 1,000.00 1100243850 1100243850 N/A no LMW 28 00 0 Unassigned Not Fraud
15-05-2018 15:21:59 2812 3206 0077 6096 5.00 1100243850 N/A 5999 no WPP 0 00 0 Unassigned Not Fraud
15-05-2018 15:23:34 2812 3206 0077 6096 6.00 1100243850 N/A 5999 no WPP 0 00 0 Unassigned Not Fraud
15-05-2018 15:24:40 2812 3206 0077 6096 4.00 1100243850 N/A 5999 no WPP 0 00 0 Unassigned Not Fraud
15-05-2018 15:25:57 2812 3200 0000 0000 1.00 1100243850 N/A 5999 no WPP 0 05 1 Customer Pending
15-05-2018 15:33:13 2812 3206 0077 6096 6.00 1100243850 1100243850 5999 no WRO 20 00 0 Unassigned Not Fraud
15-05-2018 15:35:00 2812 3206 0077 6096 6.00 1100243850 N/A 5999 no WPP 0 00 0 Unassigned Not Fraud
15-05-2018 15:36:21 2812 3200 0000 0000 1.00 1100243850 N/A 5999 no WPP 0 05 1 Customer Pending
15-06-2018 12:35:16 NA 2.00 1100243850 N/A 5999 no WPP 0 05 0 Unassigned Not Fraud
15-06-2018 12:38:04 1000 00XX XXXX 3645 2.00 1100243850 N/A 5999 no WPP 0 00 1 Unassigned Pending'

2018-07-05 18:07:50 - [MESSAGE][PASSED] - Text of object 'Object Repository/TC_24_36 AM/Cust_Details' is: '15-05-2018 15:18:53 2812 3206 0077 6096 1,000.00 1100243850 1100243850 N/A no LMW 28 00 0 Unassigned Not Fraud
15-05-2018 15:21:59 2812 3206 0077 6096 5.00 1100243850 N/A 5999 no WPP 0 00 0 Unassigned Not Fraud
15-05-2018 15:23:34 2812 3206 0077 6096 6.00 1100243850 N/A 5999 no WPP 0 00 0 Unassigned Not Fraud
15-05-2018 15:24:40 2812 3206 0077 6096 4.00 1100243850 N/A 5999 no WPP 0 00 0 Unassigned Not Fraud
15-05-2018 15:25:57 2812 3200 0000 0000 1.00 1100243850 N/A 5999 no WPP 0 05 1 Customer Pending
15-05-2018 15:33:13 2812 3206 0077 6096 6.00 1100243850 1100243850 5999 no WRO 20 00 0 Unassigned Not Fraud
15-05-2018 15:35:00 2812 3206 0077 6096 6.00 1100243850 N/A 5999 no WPP 0 00 0 Unassigned Not Fraud
15-05-2018 15:36:21 2812 3200 0000 0000 1.00 1100243850 N/A 5999 no WPP 0 05 1 Customer Pending
15-06-2018 12:35:16 NA 2.00 1100243850 N/A 5999 no WPP 0 05 0 Unassigned Not Fraud
15-06-2018 12:38:04 1000 00XX XXXX 3645 2.00 1100243850 N/A 5999 no WPP 0 00 1 Unassigned Pending'

2018-07-05 18:07:50 - [TEST_STEP][PASSED] - comment: Customer Details Displayed

2018-07-05 18:07:50 - [TEST_STEP][PASSED] - Statement - Customer_Details = com.kms.katalon.core.webui.keyword.WebUiBuiltInKeywords.takeScreenshot(): Taking screenshot successfully

2018-07-05 18:07:51 - [MESSAGE][PASSED] - Taking screenshot successfully
[[ATTACHMENT|C:\\Users\\ankur.jain\\Katalon Studio\\Feedzai_Automation\\Reports\\New Suite\\20180705_180646\\1530794270450.png]]

2018-07-05 18:07:51 - [TEST_STEP][PASSED] - verifyElementText: Actual text and expected text of test object 'Object Repository/TC_24_36 AM/Cust_id_Validation' are matched.

2018-07-05 18:07:51 - [MESSAGE][PASSED] - Actual text and expected text of test object 'Object Repository/TC_24_36 AM/Cust_id_Validation' are matched.

2018-07-05 18:07:51 - [TEST_STEP][PASSED] - refresh: Refresh successfully

2018-07-05 18:07:51 - [MESSAGE][PASSED] - Refresh successfully

2018-07-05 18:07:51 - [TEST_STEP][PASSED] - delay: Delayed 12 second(s)

2018-07-05 18:08:03 - [MESSAGE][PASSED] - Delayed 12 second(s)]]></system-out>
         <system-err><![CDATA[]]></system-err>
      </testcase>
      <testcase name="Test Cases/Alert Manager Test Cases/Alert Manager_Search Screen/TC35_Validate Advance search through Sender pan or Card pan" classname="Test Cases/Alert Manager Test Cases/Alert Manager_Search Screen/TC35_Validate Advance search through Sender pan or Card pan" status="PASSED">
         <system-out><![CDATA[2018-07-05 18:08:03 - [TEST_CASE][PASSED] - Test Cases/Alert Manager Test Cases/Alert Manager_Search Screen/TC35_Validate Advance search through Sender pan or Card pan: Test Cases/Alert Manager Test Cases/Alert Manager_Search Screen/TC35_Validate Advance search through Sender pan or Card pan

2018-07-05 18:08:04 - [TEST_STEP][PASSED] - clearText: Text of object 'Object Repository/TC_24_36 AM/Date_input' is cleared

2018-07-05 18:08:12 - [MESSAGE][PASSED] - Text of object 'Object Repository/TC_24_36 AM/Date_input' is cleared

2018-07-05 18:08:12 - [TEST_STEP][PASSED] - click: Object: 'Object Repository/TC_24_36 AM/Done_Button' is clicked on

2018-07-05 18:08:12 - [MESSAGE][PASSED] - Object: 'Object Repository/TC_24_36 AM/Done_Button' is clicked on

2018-07-05 18:08:12 - [TEST_STEP][PASSED] - delay: Delayed 2 second(s)

2018-07-05 18:08:14 - [MESSAGE][PASSED] - Delayed 2 second(s)

2018-07-05 18:08:14 - [TEST_STEP][PASSED] - click: Object: 'Object Repository/TC_24_36 AM/button_Advanced Search' is clicked on

2018-07-05 18:08:14 - [MESSAGE][PASSED] - Object: 'Object Repository/TC_24_36 AM/button_Advanced Search' is clicked on

2018-07-05 18:08:14 - [TEST_STEP][PASSED] - delay: Delayed 2 second(s)

2018-07-05 18:08:16 - [MESSAGE][PASSED] - Delayed 2 second(s)

2018-07-05 18:08:16 - [TEST_STEP][PASSED] - click: Object: 'Object Repository/TC_24_36 AM/ClickSenderPAN' is clicked on

2018-07-05 18:08:17 - [MESSAGE][PASSED] - Object: 'Object Repository/TC_24_36 AM/ClickSenderPAN' is clicked on

2018-07-05 18:08:17 - [TEST_STEP][PASSED] - setText: Text '2812 3200 0885 0253' is set on object 'Object Repository/TC_24_36 AM/input_SenderPAN'

2018-07-05 18:08:18 - [MESSAGE][PASSED] - Text '2812 3200 0885 0253' is set on object 'Object Repository/TC_24_36 AM/input_SenderPAN'

2018-07-05 18:08:18 - [TEST_STEP][PASSED] - delay: Delayed 2 second(s)

2018-07-05 18:08:20 - [MESSAGE][PASSED] - Delayed 2 second(s)

2018-07-05 18:08:20 - [TEST_STEP][PASSED] - sendKeys: Keys 'ENTER + ' sent to object: 'Object Repository/TC_24_36 AM/input_SenderPAN'

2018-07-05 18:08:20 - [MESSAGE][PASSED] - Keys 'ENTER + ' sent to object: 'Object Repository/TC_24_36 AM/input_SenderPAN'

2018-07-05 18:08:20 - [TEST_STEP][PASSED] - delay: Delayed 2 second(s)

2018-07-05 18:08:22 - [MESSAGE][PASSED] - Delayed 2 second(s)

2018-07-05 18:08:22 - [TEST_STEP][PASSED] - click: Object: 'Object Repository/TC_24_36 AM/button_Search' is clicked on

2018-07-05 18:08:22 - [MESSAGE][PASSED] - Object: 'Object Repository/TC_24_36 AM/button_Search' is clicked on

2018-07-05 18:08:23 - [TEST_STEP][PASSED] - getText: Text of object 'Object Repository/TC_24_36 AM/Cust_Details' is: '11-11-2016 13:18:13 2812 3200 0885 0253 1.00 1100020952 1100020952 N/A no PDW 47 00 0 Unassigned Not Fraud
11-11-2016 14:48:41 2812 3200 0885 0253 2.00 1100020952 458954868243860574 N/A no NFW 41 00 0 Unassigned Not Fraud
11-11-2016 14:54:09 2812 3200 0885 0253 2.00 1100020952 1100020952 N/A no PDW 47 00 0 Unassigned Not Fraud
11-11-2016 14:56:45 2812 3200 0885 0253 2.00 1100020952 100001000020055 8220 no BPC 0 00 0 Unassigned Not Fraud
11-11-2016 14:57:20 2812 3200 0885 0253 2.00 1100020952 100001000020055 8220 no BPC 0 00 0 Unassigned Not Fraud'

2018-07-05 18:08:23 - [MESSAGE][PASSED] - Text of object 'Object Repository/TC_24_36 AM/Cust_Details' is: '11-11-2016 13:18:13 2812 3200 0885 0253 1.00 1100020952 1100020952 N/A no PDW 47 00 0 Unassigned Not Fraud
11-11-2016 14:48:41 2812 3200 0885 0253 2.00 1100020952 458954868243860574 N/A no NFW 41 00 0 Unassigned Not Fraud
11-11-2016 14:54:09 2812 3200 0885 0253 2.00 1100020952 1100020952 N/A no PDW 47 00 0 Unassigned Not Fraud
11-11-2016 14:56:45 2812 3200 0885 0253 2.00 1100020952 100001000020055 8220 no BPC 0 00 0 Unassigned Not Fraud
11-11-2016 14:57:20 2812 3200 0885 0253 2.00 1100020952 100001000020055 8220 no BPC 0 00 0 Unassigned Not Fraud'

2018-07-05 18:08:23 - [TEST_STEP][PASSED] - comment: Advance search through Sender PAN card is sucesfull

2018-07-05 18:08:23 - [TEST_STEP][PASSED] - Statement - Customer_App_id = com.kms.katalon.core.webui.keyword.WebUiBuiltInKeywords.takeScreenshot(): Taking screenshot successfully

2018-07-05 18:08:24 - [MESSAGE][PASSED] - Taking screenshot successfully
[[ATTACHMENT|C:\\Users\\ankur.jain\\Katalon Studio\\Feedzai_Automation\\Reports\\New Suite\\20180705_180646\\1530794303694.png]]

2018-07-05 18:08:24 - [TEST_STEP][PASSED] - click: Object: 'Object Repository/TC_24_36 AM/Trans_Details' is clicked on

2018-07-05 18:08:24 - [MESSAGE][PASSED] - Object: 'Object Repository/TC_24_36 AM/Trans_Details' is clicked on

2018-07-05 18:08:24 - [TEST_STEP][PASSED] - verifyElementText: Actual text and expected text of test object 'Object Repository/TC_24_36 AM/Sender_Pan_Valid' are matched.

2018-07-05 18:08:25 - [MESSAGE][PASSED] - Actual text and expected text of test object 'Object Repository/TC_24_36 AM/Sender_Pan_Valid' are matched.

2018-07-05 18:08:25 - [TEST_STEP][PASSED] - refresh: Refresh successfully

2018-07-05 18:08:26 - [MESSAGE][PASSED] - Refresh successfully

2018-07-05 18:08:26 - [TEST_STEP][PASSED] - delay: Delayed 20 second(s)

2018-07-05 18:08:46 - [MESSAGE][PASSED] - Delayed 20 second(s)]]></system-out>
         <system-err><![CDATA[]]></system-err>
      </testcase>
      <testcase name="Test Cases/Alert Manager Test Cases/Alert Manager_Search Screen/TC36_Validate Advance search through Card bin" classname="Test Cases/Alert Manager Test Cases/Alert Manager_Search Screen/TC36_Validate Advance search through Card bin" status="PASSED">
         <system-out><![CDATA[2018-07-05 18:08:46 - [TEST_CASE][PASSED] - Test Cases/Alert Manager Test Cases/Alert Manager_Search Screen/TC36_Validate Advance search through Card bin: Test Cases/Alert Manager Test Cases/Alert Manager_Search Screen/TC36_Validate Advance search through Card bin

2018-07-05 18:08:46 - [TEST_STEP][PASSED] - clearText: Text of object 'Object Repository/TC_24_36 AM/Date_input' is cleared

2018-07-05 18:08:51 - [MESSAGE][PASSED] - Text of object 'Object Repository/TC_24_36 AM/Date_input' is cleared

2018-07-05 18:08:51 - [TEST_STEP][PASSED] - click: Object: 'Object Repository/TC_24_36 AM/Done_Button' is clicked on

2018-07-05 18:08:51 - [MESSAGE][PASSED] - Object: 'Object Repository/TC_24_36 AM/Done_Button' is clicked on

2018-07-05 18:08:51 - [TEST_STEP][PASSED] - delay: Delayed 2 second(s)

2018-07-05 18:08:53 - [MESSAGE][PASSED] - Delayed 2 second(s)

2018-07-05 18:08:53 - [TEST_STEP][PASSED] - click: Object: 'Object Repository/TC_24_36 AM/button_Advanced Search' is clicked on

2018-07-05 18:08:53 - [MESSAGE][PASSED] - Object: 'Object Repository/TC_24_36 AM/button_Advanced Search' is clicked on

2018-07-05 18:08:53 - [TEST_STEP][PASSED] - delay: Delayed 2 second(s)

2018-07-05 18:08:56 - [MESSAGE][PASSED] - Delayed 2 second(s)

2018-07-05 18:08:56 - [TEST_STEP][PASSED] - click: Object: 'Object Repository/TC_24_36 AM/Click_CardBin' is clicked on

2018-07-05 18:08:56 - [MESSAGE][PASSED] - Object: 'Object Repository/TC_24_36 AM/Click_CardBin' is clicked on

2018-07-05 18:08:56 - [TEST_STEP][PASSED] - setText: Text '281232' is set on object 'Object Repository/TC_24_36 AM/Input_CardBin'

2018-07-05 18:08:57 - [MESSAGE][PASSED] - Text '281232' is set on object 'Object Repository/TC_24_36 AM/Input_CardBin'

2018-07-05 18:08:57 - [TEST_STEP][PASSED] - delay: Delayed 2 second(s)

2018-07-05 18:08:59 - [MESSAGE][PASSED] - Delayed 2 second(s)

2018-07-05 18:08:59 - [TEST_STEP][PASSED] - sendKeys: Keys 'ENTER + ' sent to object: 'Object Repository/TC_24_36 AM/Input_CardBin'

2018-07-05 18:08:59 - [MESSAGE][PASSED] - Keys 'ENTER + ' sent to object: 'Object Repository/TC_24_36 AM/Input_CardBin'

2018-07-05 18:08:59 - [TEST_STEP][PASSED] - delay: Delayed 2 second(s)

2018-07-05 18:09:01 - [MESSAGE][PASSED] - Delayed 2 second(s)

2018-07-05 18:09:01 - [TEST_STEP][PASSED] - click: Object: 'Object Repository/TC_24_36 AM/button_Search' is clicked on

2018-07-05 18:09:02 - [MESSAGE][PASSED] - Object: 'Object Repository/TC_24_36 AM/button_Search' is clicked on

2018-07-05 18:09:02 - [TEST_STEP][PASSED] - getText: Text of object 'Object Repository/TC_24_36 AM/Cust_Details' is: '29-09-2016 15:13:09 2812 3200 2706 9398 1.00 1100006770 N/A 5999 no WPP 0 00 2 Unassigned Not Fraud
29-09-2016 15:13:26 2812 3203 4979 3840 0.01 1100020885 100001000020193 5045 no BPC 0 00 0 Unassigned Fraud
01-10-2016 15:43:47 2812 3204 3261 1412 2,000.00 1100020949 1100020949 N/A no LMW 28 00 1 Unassigned Not Fraud
01-10-2016 16:39:15 2812 3204 3261 1412 1,100.00 1100020949 085592220394 N/A no NFW 41 05 1 Unassigned Not Fraud
03-10-2016 12:41:05 2812 3202 5265 8477 100.00 1100006008 1100006008 N/A no LMW 28 00 1 Unassigned Not Fraud'

2018-07-05 18:09:04 - [MESSAGE][PASSED] - Text of object 'Object Repository/TC_24_36 AM/Cust_Details' is: '29-09-2016 15:13:09 2812 3200 2706 9398 1.00 1100006770 N/A 5999 no WPP 0 00 2 Unassigned Not Fraud
29-09-2016 15:13:26 2812 3203 4979 3840 0.01 1100020885 100001000020193 5045 no BPC 0 00 0 Unassigned Fraud
01-10-2016 15:43:47 2812 3204 3261 1412 2,000.00 1100020949 1100020949 N/A no LMW 28 00 1 Unassigned Not Fraud
01-10-2016 16:39:15 2812 3204 3261 1412 1,100.00 1100020949 085592220394 N/A no NFW 41 05 1 Unassigned Not Fraud
03-10-2016 12:41:05 2812 3202 5265 8477 100.00 1100006008 1100006008 N/A no LMW 28 00 1 Unassigned Not Fraud'

2018-07-05 18:09:04 - [TEST_STEP][PASSED] - comment: Advance search through Card Bin is sucesfull

2018-07-05 18:09:04 - [TEST_STEP][PASSED] - Statement - Card_Bin_Search = com.kms.katalon.core.webui.keyword.WebUiBuiltInKeywords.takeScreenshot(): Taking screenshot successfully

2018-07-05 18:09:05 - [MESSAGE][PASSED] - Taking screenshot successfully
[[ATTACHMENT|C:\\Users\\ankur.jain\\Katalon Studio\\Feedzai_Automation\\Reports\\New Suite\\20180705_180646\\1530794344537.png]]

2018-07-05 18:09:05 - [TEST_STEP][PASSED] - click: Object: 'Object Repository/TC_24_36 AM/Trans_Details' is clicked on

2018-07-05 18:09:05 - [MESSAGE][PASSED] - Object: 'Object Repository/TC_24_36 AM/Trans_Details' is clicked on

2018-07-05 18:09:05 - [TEST_STEP][PASSED] - verifyElementText: Actual text and expected text of test object 'Object Repository/TC_24_36 AM/CardBin_Validation' are matched.

2018-07-05 18:09:06 - [MESSAGE][PASSED] - Actual text and expected text of test object 'Object Repository/TC_24_36 AM/CardBin_Validation' are matched.

2018-07-05 18:09:06 - [TEST_STEP][PASSED] - refresh: Refresh successfully

2018-07-05 18:09:06 - [MESSAGE][PASSED] - Refresh successfully

2018-07-05 18:09:06 - [TEST_STEP][PASSED] - delay: Delayed 12 second(s)

2018-07-05 18:09:18 - [MESSAGE][PASSED] - Delayed 12 second(s)]]></system-out>
         <system-err><![CDATA[]]></system-err>
      </testcase>
      <system-out><![CDATA[2018-07-05 18:06:55 - [TEST_SUITE][PASSED] - New Suite: Test Cases/Alert Manager Test Cases/Alert Manager_Search Screen/TC36_Validate Advance search through Card bin]]></system-out>
      <system-err><![CDATA[]]></system-err>
   </testsuite>
</testsuites>
