<?xml version="1.0" encoding="UTF-8"?>
<testsuites name="AM_Test Suite" time="184" tests="9" failures="0" errors="0">
   <testsuite name="AM_Test Suite" tests="9" failures="0" errors="0" time="184" timestamp="2018-07-03 15:28:09" hostname="Ankur.Jain - LT0021232" id="Test Suites/AM_Test Suite">
      <properties>
         <property name="deviceName" value=""/>
         <property name="devicePlatform" value=""/>
         <property name="logFolder" value="C:\\Users\\ankur.jain\\Katalon Studio\\Feedzai_Automation\\Reports\\AM_Test Suite\\20180703_152800"/>
         <property name="logFiles" value="C:\\Users\\ankur.jain\\Katalon Studio\\Feedzai_Automation\\Reports\\AM_Test Suite\\20180703_152800\\execution0.log"/>
         <property name="attachments" value=""/>
         <property name="hostName" value="Ankur.Jain - LT0021232"/>
         <property name="os" value="Windows 7 64bit"/>
         <property name="katalonVersion" value="5.4.2.1"/>
         <property name="browser" value="Chrome 67.0.3396.99"/>
         <property name="hostAddress" value="10.50.88.74"/>
         <property name="sessionId" value="659ec843912488eb1119923ba190d36a"/>
         <property name="seleniumVersion" value="3.7.1"/>
         <property name="proxyInformation" value="ProxyInformation{proxyOption=NO_PROXY, proxyServerType=HTTP, password=, proxyServerAddress=, proxyServerPort=0}"/>
         <property name="platform" value="Windows 7"/>
      </properties>
      <testcase name="Test Cases/Alert Manager Test Cases/Alert Manager_Login" classname="Test Cases/Alert Manager Test Cases/Alert Manager_Login" status="PASSED">
         <system-out><![CDATA[2018-07-03 15:28:10 - [TEST_CASE][PASSED] - Test Cases/Alert Manager Test Cases/Alert Manager_Login: Test Cases/Alert Manager Test Cases/Alert Manager_Login

2018-07-03 15:28:11 - [TEST_STEP][PASSED] - openBrowser: Browser is opened with url: ''

2018-07-03 15:28:19 - [MESSAGE][PASSED] - Browser is opened with url: ''

2018-07-03 15:28:19 - [TEST_STEP][PASSED] - maximizeWindow: Current window maximized

2018-07-03 15:28:20 - [MESSAGE][PASSED] - Current window maximized

2018-07-03 15:28:20 - [TEST_STEP][PASSED] - navigateToUrl: Navigate to 'https://10.130.236.51/#login' successfully

2018-07-03 15:28:25 - [MESSAGE][PASSED] - Navigate to 'https://10.130.236.51/#login' successfully

2018-07-03 15:28:25 - [TEST_STEP][PASSED] - delay: Delayed 20 second(s)

2018-07-03 15:28:45 - [MESSAGE][PASSED] - Delayed 20 second(s)

2018-07-03 15:28:45 - [TEST_STEP][PASSED] - setText: Text 'Ankur.Jain' is set on object 'Object Repository/TC_01-03_AM/input'

2018-07-03 15:28:47 - [MESSAGE][PASSED] - Text 'Ankur.Jain' is set on object 'Object Repository/TC_01-03_AM/input'

2018-07-03 15:28:47 - [TEST_STEP][PASSED] - setText: Text 'Word02Pass' is set on object 'Object Repository/TC_01-03_AM/input_1'

2018-07-03 15:28:48 - [MESSAGE][PASSED] - Text 'Word02Pass' is set on object 'Object Repository/TC_01-03_AM/input_1'

2018-07-03 15:28:48 - [TEST_STEP][PASSED] - click: Object: 'Object Repository/TC_01-03_AM/button_Sign In' is clicked on

2018-07-03 15:28:48 - [MESSAGE][PASSED] - Object: 'Object Repository/TC_01-03_AM/button_Sign In' is clicked on

2018-07-03 15:28:48 - [TEST_STEP][PASSED] - delay: Delayed 2 second(s)

2018-07-03 15:28:50 - [MESSAGE][PASSED] - Delayed 2 second(s)]]></system-out>
         <system-err><![CDATA[]]></system-err>
      </testcase>
      <testcase name="Test Cases/Alert Manager Test Cases/Alert Manager_View Alert/TC01_Mark Alert Not Fraud" classname="Test Cases/Alert Manager Test Cases/Alert Manager_View Alert/TC01_Mark Alert Not Fraud" status="PASSED">
         <system-out><![CDATA[2018-07-03 15:28:50 - [TEST_CASE][PASSED] - Test Cases/Alert Manager Test Cases/Alert Manager_View Alert/TC01_Mark Alert Not Fraud: Test Cases/Alert Manager Test Cases/Alert Manager_View Alert/TC01_Mark Alert Not Fraud

2018-07-03 15:28:51 - [TEST_STEP][PASSED] - click: Object: 'Object Repository/TC_01-03_AM/a_Merchant' is clicked on

2018-07-03 15:28:51 - [MESSAGE][PASSED] - Object: 'Object Repository/TC_01-03_AM/a_Merchant' is clicked on

2018-07-03 15:28:51 - [TEST_STEP][PASSED] - click: Object: 'Object Repository/TC_01-03_AM/a_Alerts' is clicked on

2018-07-03 15:28:51 - [MESSAGE][PASSED] - Object: 'Object Repository/TC_01-03_AM/a_Alerts' is clicked on

2018-07-03 15:28:51 - [TEST_STEP][PASSED] - click: Object: 'Object Repository/TC_01-03_AM/i_glyphicon glyphicon-ok' is clicked on

2018-07-03 15:29:00 - [MESSAGE][PASSED] - Object: 'Object Repository/TC_01-03_AM/i_glyphicon glyphicon-ok' is clicked on

2018-07-03 15:29:00 - [TEST_STEP][PASSED] - setText: Text 'ok' is set on object 'Object Repository/TC_01-03_AM/textarea_observation'

2018-07-03 15:29:01 - [MESSAGE][PASSED] - Text 'ok' is set on object 'Object Repository/TC_01-03_AM/textarea_observation'

2018-07-03 15:29:01 - [TEST_STEP][PASSED] - click: Object: 'Object Repository/TC_01-03_AM/button_Not Fraud' is clicked on

2018-07-03 15:29:02 - [MESSAGE][PASSED] - Object: 'Object Repository/TC_01-03_AM/button_Not Fraud' is clicked on

2018-07-03 15:29:02 - [TEST_STEP][PASSED] - delay: Delayed 10 second(s)

2018-07-03 15:29:12 - [MESSAGE][PASSED] - Delayed 10 second(s)]]></system-out>
         <system-err><![CDATA[]]></system-err>
      </testcase>
      <testcase name="Test Cases/Alert Manager Test Cases/Alert Manager_View Alert/TC02_Mark Alert Fraud" classname="Test Cases/Alert Manager Test Cases/Alert Manager_View Alert/TC02_Mark Alert Fraud" status="PASSED">
         <system-out><![CDATA[2018-07-03 15:29:12 - [TEST_CASE][PASSED] - Test Cases/Alert Manager Test Cases/Alert Manager_View Alert/TC02_Mark Alert Fraud: Test Cases/Alert Manager Test Cases/Alert Manager_View Alert/TC02_Mark Alert Fraud

2018-07-03 15:29:12 - [TEST_STEP][PASSED] - click: Object: 'Object Repository/TC_01-03_AM/i_glyphicon glyphicon-remove' is clicked on

2018-07-03 15:29:13 - [MESSAGE][PASSED] - Object: 'Object Repository/TC_01-03_AM/i_glyphicon glyphicon-remove' is clicked on

2018-07-03 15:29:13 - [TEST_STEP][PASSED] - setText: Text 'fraud' is set on object 'Object Repository/TC_01-03_AM/textarea_observation'

2018-07-03 15:29:13 - [MESSAGE][PASSED] - Text 'fraud' is set on object 'Object Repository/TC_01-03_AM/textarea_observation'

2018-07-03 15:29:13 - [TEST_STEP][PASSED] - click: Object: 'Object Repository/TC_01-03_AM/button_Fraud' is clicked on

2018-07-03 15:29:13 - [MESSAGE][PASSED] - Object: 'Object Repository/TC_01-03_AM/button_Fraud' is clicked on

2018-07-03 15:29:13 - [TEST_STEP][PASSED] - delay: Delayed 10 second(s)

2018-07-03 15:29:23 - [MESSAGE][PASSED] - Delayed 10 second(s)]]></system-out>
         <system-err><![CDATA[]]></system-err>
      </testcase>
      <testcase name="Test Cases/Alert Manager Test Cases/Alert Manager_View Alert/TC03_Mark Alert Suspicious" classname="Test Cases/Alert Manager Test Cases/Alert Manager_View Alert/TC03_Mark Alert Suspicious" status="PASSED">
         <system-out><![CDATA[2018-07-03 15:29:23 - [TEST_CASE][PASSED] - Test Cases/Alert Manager Test Cases/Alert Manager_View Alert/TC03_Mark Alert Suspicious: Test Cases/Alert Manager Test Cases/Alert Manager_View Alert/TC03_Mark Alert Suspicious

2018-07-03 15:29:24 - [TEST_STEP][PASSED] - click: Object: 'Object Repository/TC_01-03_AM/i_glyphicon glyphicon-fire' is clicked on

2018-07-03 15:29:24 - [MESSAGE][PASSED] - Object: 'Object Repository/TC_01-03_AM/i_glyphicon glyphicon-fire' is clicked on

2018-07-03 15:29:24 - [TEST_STEP][PASSED] - setText: Text 'suspious' is set on object 'Object Repository/TC_01-03_AM/textarea_observation'

2018-07-03 15:29:25 - [MESSAGE][PASSED] - Text 'suspious' is set on object 'Object Repository/TC_01-03_AM/textarea_observation'

2018-07-03 15:29:25 - [TEST_STEP][PASSED] - delay: Delayed 3 second(s)

2018-07-03 15:29:28 - [MESSAGE][PASSED] - Delayed 3 second(s)

2018-07-03 15:29:28 - [TEST_STEP][PASSED] - click: Object: 'Object Repository/TC_04_Pulse/div_select2-drop-mask' is clicked on

2018-07-03 15:29:29 - [MESSAGE][PASSED] - Object: 'Object Repository/TC_04_Pulse/div_select2-drop-mask' is clicked on

2018-07-03 15:29:29 - [TEST_STEP][PASSED] - setText: Text 'Testing' is set on object 'Object Repository/TC_04_Pulse/Obj1'

2018-07-03 15:29:29 - [MESSAGE][PASSED] - Text 'Testing' is set on object 'Object Repository/TC_04_Pulse/Obj1'

2018-07-03 15:29:29 - [TEST_STEP][PASSED] - delay: Delayed 3 second(s)

2018-07-03 15:29:32 - [MESSAGE][PASSED] - Delayed 3 second(s)

2018-07-03 15:29:32 - [TEST_STEP][PASSED] - sendKeys: Keys 'ENTER + ' sent to object: 'Object Repository/TC_04_Pulse/Obj1'

2018-07-03 15:29:33 - [MESSAGE][PASSED] - Keys 'ENTER + ' sent to object: 'Object Repository/TC_04_Pulse/Obj1'

2018-07-03 15:29:33 - [TEST_STEP][PASSED] - click: Object: 'Object Repository/TC_04_Pulse/button_Suspicious' is clicked on

2018-07-03 15:29:33 - [MESSAGE][PASSED] - Object: 'Object Repository/TC_04_Pulse/button_Suspicious' is clicked on

2018-07-03 15:29:33 - [TEST_STEP][PASSED] - delay: Delayed 3 second(s)

2018-07-03 15:29:36 - [MESSAGE][PASSED] - Delayed 3 second(s)]]></system-out>
         <system-err><![CDATA[]]></system-err>
      </testcase>
      <testcase name="Test Cases/Alert Manager Test Cases/Alert Manager_View Trans Details/TC05_MARK Transaction  FRAUD" classname="Test Cases/Alert Manager Test Cases/Alert Manager_View Trans Details/TC05_MARK Transaction  FRAUD" status="PASSED">
         <system-out><![CDATA[2018-07-03 15:29:36 - [TEST_CASE][PASSED] - Test Cases/Alert Manager Test Cases/Alert Manager_View Trans Details/TC05_MARK Transaction  FRAUD: Test Cases/Alert Manager Test Cases/Alert Manager_View Trans Details/TC05_MARK Transaction  FRAUD

2018-07-03 15:29:37 - [TEST_STEP][PASSED] - click: Object: 'Object Repository/TC05-07_AM/a_Merchant' is clicked on

2018-07-03 15:29:37 - [MESSAGE][PASSED] - Object: 'Object Repository/TC05-07_AM/a_Merchant' is clicked on

2018-07-03 15:29:37 - [TEST_STEP][PASSED] - click: Object: 'Object Repository/TC05-07_AM/span_Alerts' is clicked on

2018-07-03 15:29:37 - [MESSAGE][PASSED] - Object: 'Object Repository/TC05-07_AM/span_Alerts' is clicked on

2018-07-03 15:29:37 - [TEST_STEP][PASSED] - click: Object: 'Object Repository/TC05-07_AM/i_glyphicon glyphicon-eye-open' is clicked on

2018-07-03 15:29:46 - [MESSAGE][PASSED] - Object: 'Object Repository/TC05-07_AM/i_glyphicon glyphicon-eye-open' is clicked on

2018-07-03 15:29:46 - [TEST_STEP][PASSED] - delay: Delayed 2 second(s)

2018-07-03 15:29:48 - [MESSAGE][PASSED] - Delayed 2 second(s)

2018-07-03 15:29:48 - [TEST_STEP][PASSED] - click: Object: 'Object Repository/TC05-07_AM/button_Fraud' is clicked on

2018-07-03 15:29:49 - [MESSAGE][PASSED] - Object: 'Object Repository/TC05-07_AM/button_Fraud' is clicked on

2018-07-03 15:29:49 - [TEST_STEP][PASSED] - delay: Delayed 3 second(s)

2018-07-03 15:29:52 - [MESSAGE][PASSED] - Delayed 3 second(s)

2018-07-03 15:29:52 - [TEST_STEP][PASSED] - setText: Text 'Fraud' is set on object 'Object Repository/TC05-07_AM/textarea_observation'

2018-07-03 15:29:52 - [MESSAGE][PASSED] - Text 'Fraud' is set on object 'Object Repository/TC05-07_AM/textarea_observation'

2018-07-03 15:29:52 - [TEST_STEP][PASSED] - click: Object: 'Object Repository/TC05-07_AM/button_Fraud_1' is clicked on

2018-07-03 15:29:52 - [MESSAGE][PASSED] - Object: 'Object Repository/TC05-07_AM/button_Fraud_1' is clicked on

2018-07-03 15:29:52 - [TEST_STEP][PASSED] - delay: Delayed 3 second(s)

2018-07-03 15:29:55 - [MESSAGE][PASSED] - Delayed 3 second(s)

2018-07-03 15:29:55 - [TEST_STEP][PASSED] - verifyElementText: Actual text and expected text of test object 'Object Repository/TC05-07_AM/Status_Fraud' are matched.

2018-07-03 15:29:56 - [MESSAGE][PASSED] - Actual text and expected text of test object 'Object Repository/TC05-07_AM/Status_Fraud' are matched.

2018-07-03 15:29:56 - [TEST_STEP][PASSED] - delay: Delayed 2 second(s)

2018-07-03 15:29:58 - [MESSAGE][PASSED] - Delayed 2 second(s)]]></system-out>
         <system-err><![CDATA[]]></system-err>
      </testcase>
      <testcase name="Test Cases/Alert Manager Test Cases/Alert Manager_View Trans Details/TC06_Mark Transaction as NOT Fraud" classname="Test Cases/Alert Manager Test Cases/Alert Manager_View Trans Details/TC06_Mark Transaction as NOT Fraud" status="PASSED">
         <system-out><![CDATA[2018-07-03 15:29:58 - [TEST_CASE][PASSED] - Test Cases/Alert Manager Test Cases/Alert Manager_View Trans Details/TC06_Mark Transaction as NOT Fraud: Test Cases/Alert Manager Test Cases/Alert Manager_View Trans Details/TC06_Mark Transaction as NOT Fraud

2018-07-03 15:29:58 - [TEST_STEP][PASSED] - click: Object: 'Object Repository/TC05-07_AM/a_Merchant' is clicked on

2018-07-03 15:29:59 - [MESSAGE][PASSED] - Object: 'Object Repository/TC05-07_AM/a_Merchant' is clicked on

2018-07-03 15:29:59 - [TEST_STEP][PASSED] - click: Object: 'Object Repository/TC05-07_AM/span_Alerts' is clicked on

2018-07-03 15:29:59 - [MESSAGE][PASSED] - Object: 'Object Repository/TC05-07_AM/span_Alerts' is clicked on

2018-07-03 15:29:59 - [TEST_STEP][PASSED] - delay: Delayed 2 second(s)

2018-07-03 15:30:01 - [MESSAGE][PASSED] - Delayed 2 second(s)

2018-07-03 15:30:01 - [TEST_STEP][PASSED] - click: Object: 'Object Repository/TC05-07_AM/i_glyphicon glyphicon-eye-open' is clicked on

2018-07-03 15:30:09 - [MESSAGE][PASSED] - Object: 'Object Repository/TC05-07_AM/i_glyphicon glyphicon-eye-open' is clicked on

2018-07-03 15:30:09 - [TEST_STEP][PASSED] - delay: Delayed 2 second(s)

2018-07-03 15:30:11 - [MESSAGE][PASSED] - Delayed 2 second(s)

2018-07-03 15:30:11 - [TEST_STEP][PASSED] - click: Object: 'Object Repository/TC05-07_AM/button_Not Fraud' is clicked on

2018-07-03 15:30:12 - [MESSAGE][PASSED] - Object: 'Object Repository/TC05-07_AM/button_Not Fraud' is clicked on

2018-07-03 15:30:12 - [TEST_STEP][PASSED] - delay: Delayed 3 second(s)

2018-07-03 15:30:15 - [MESSAGE][PASSED] - Delayed 3 second(s)

2018-07-03 15:30:15 - [TEST_STEP][PASSED] - setText: Text 'Not Fraud' is set on object 'Object Repository/TC05-07_AM/textarea_observation'

2018-07-03 15:30:15 - [MESSAGE][PASSED] - Text 'Not Fraud' is set on object 'Object Repository/TC05-07_AM/textarea_observation'

2018-07-03 15:30:15 - [TEST_STEP][PASSED] - delay: Delayed 2 second(s)

2018-07-03 15:30:17 - [MESSAGE][PASSED] - Delayed 2 second(s)

2018-07-03 15:30:17 - [TEST_STEP][PASSED] - click: Object: 'Object Repository/TC05-07_AM/button_Not Fraud_1' is clicked on

2018-07-03 15:30:18 - [MESSAGE][PASSED] - Object: 'Object Repository/TC05-07_AM/button_Not Fraud_1' is clicked on

2018-07-03 15:30:18 - [TEST_STEP][PASSED] - delay: Delayed 2 second(s)

2018-07-03 15:30:20 - [MESSAGE][PASSED] - Delayed 2 second(s)

2018-07-03 15:30:20 - [TEST_STEP][PASSED] - verifyElementText: Actual text and expected text of test object 'Object Repository/TC05-07_AM/Status_Not Fraud' are matched.

2018-07-03 15:30:20 - [MESSAGE][PASSED] - Actual text and expected text of test object 'Object Repository/TC05-07_AM/Status_Not Fraud' are matched.]]></system-out>
         <system-err><![CDATA[]]></system-err>
      </testcase>
      <testcase name="Test Cases/Alert Manager Test Cases/Alert Manager_View Trans Details/TC07_Mark Transaction Suspicious" classname="Test Cases/Alert Manager Test Cases/Alert Manager_View Trans Details/TC07_Mark Transaction Suspicious" status="PASSED">
         <system-out><![CDATA[2018-07-03 15:30:20 - [TEST_CASE][PASSED] - Test Cases/Alert Manager Test Cases/Alert Manager_View Trans Details/TC07_Mark Transaction Suspicious: Test Cases/Alert Manager Test Cases/Alert Manager_View Trans Details/TC07_Mark Transaction Suspicious

2018-07-03 15:30:20 - [TEST_STEP][PASSED] - click: Object: 'Object Repository/TC05-07_AM/a_Merchant' is clicked on

2018-07-03 15:30:21 - [MESSAGE][PASSED] - Object: 'Object Repository/TC05-07_AM/a_Merchant' is clicked on

2018-07-03 15:30:21 - [TEST_STEP][PASSED] - click: Object: 'Object Repository/TC05-07_AM/span_Alerts' is clicked on

2018-07-03 15:30:21 - [MESSAGE][PASSED] - Object: 'Object Repository/TC05-07_AM/span_Alerts' is clicked on

2018-07-03 15:30:21 - [TEST_STEP][PASSED] - click: Object: 'Object Repository/TC05-07_AM/i_glyphicon glyphicon-eye-open' is clicked on

2018-07-03 15:30:33 - [MESSAGE][PASSED] - Object: 'Object Repository/TC05-07_AM/i_glyphicon glyphicon-eye-open' is clicked on

2018-07-03 15:30:33 - [TEST_STEP][PASSED] - delay: Delayed 2 second(s)

2018-07-03 15:30:35 - [MESSAGE][PASSED] - Delayed 2 second(s)

2018-07-03 15:30:35 - [TEST_STEP][PASSED] - click: Object: 'Object Repository/TC05-07_AM/button_Suspicious' is clicked on

2018-07-03 15:30:35 - [MESSAGE][PASSED] - Object: 'Object Repository/TC05-07_AM/button_Suspicious' is clicked on

2018-07-03 15:30:35 - [TEST_STEP][PASSED] - delay: Delayed 2 second(s)

2018-07-03 15:30:37 - [MESSAGE][PASSED] - Delayed 2 second(s)

2018-07-03 15:30:37 - [TEST_STEP][PASSED] - setText: Text 'Suspious' is set on object 'Object Repository/TC05-07_AM/textarea_observation'

2018-07-03 15:30:38 - [MESSAGE][PASSED] - Text 'Suspious' is set on object 'Object Repository/TC05-07_AM/textarea_observation'

2018-07-03 15:30:38 - [TEST_STEP][PASSED] - delay: Delayed 2 second(s)

2018-07-03 15:30:40 - [MESSAGE][PASSED] - Delayed 2 second(s)

2018-07-03 15:30:40 - [TEST_STEP][PASSED] - click: Object: 'Object Repository/TC_04_Pulse/button_Suspicious' is clicked on

2018-07-03 15:30:40 - [MESSAGE][PASSED] - Object: 'Object Repository/TC_04_Pulse/button_Suspicious' is clicked on

2018-07-03 15:30:40 - [TEST_STEP][PASSED] - delay: Delayed 2 second(s)

2018-07-03 15:30:42 - [MESSAGE][PASSED] - Delayed 2 second(s)

2018-07-03 15:30:42 - [TEST_STEP][PASSED] - verifyElementText: Actual text and expected text of test object 'Object Repository/TC05-07_AM/Status_Suspious' are matched.

2018-07-03 15:30:43 - [MESSAGE][PASSED] - Actual text and expected text of test object 'Object Repository/TC05-07_AM/Status_Suspious' are matched.

2018-07-03 15:30:43 - [TEST_STEP][PASSED] - delay: Delayed 2 second(s)

2018-07-03 15:30:45 - [MESSAGE][PASSED] - Delayed 2 second(s)]]></system-out>
         <system-err><![CDATA[]]></system-err>
      </testcase>
      <testcase name="Test Cases/Alert Manager Test Cases/AM_Customer Search Home Screen/TC08_Customer Search through mobile number" classname="Test Cases/Alert Manager Test Cases/AM_Customer Search Home Screen/TC08_Customer Search through mobile number" status="PASSED">
         <system-out><![CDATA[2018-07-03 15:30:45 - [TEST_CASE][PASSED] - Test Cases/Alert Manager Test Cases/AM_Customer Search Home Screen/TC08_Customer Search through mobile number: Test Cases/Alert Manager Test Cases/AM_Customer Search Home Screen/TC08_Customer Search through mobile number

2018-07-03 15:30:45 - [TEST_STEP][PASSED] - click: Object: 'Object Repository/TC08_AM/a_Customer' is clicked on

2018-07-03 15:30:46 - [MESSAGE][PASSED] - Object: 'Object Repository/TC08_AM/a_Customer' is clicked on

2018-07-03 15:30:46 - [TEST_STEP][PASSED] - delay: Delayed 2 second(s)

2018-07-03 15:30:48 - [MESSAGE][PASSED] - Delayed 2 second(s)

2018-07-03 15:30:48 - [TEST_STEP][PASSED] - setText: Text '+919860606030' is set on object 'Object Repository/TC08_AM/span_Customer'

2018-07-03 15:30:49 - [MESSAGE][PASSED] - Text '+919860606030' is set on object 'Object Repository/TC08_AM/span_Customer'

2018-07-03 15:30:49 - [TEST_STEP][PASSED] - delay: Delayed 2 second(s)

2018-07-03 15:30:51 - [MESSAGE][PASSED] - Delayed 2 second(s)

2018-07-03 15:30:51 - [TEST_STEP][PASSED] - setText: Text 'ENTER + ' is set on object 'Object Repository/TC08_AM/span_Customer'

2018-07-03 15:30:51 - [MESSAGE][PASSED] - Text 'ENTER + ' is set on object 'Object Repository/TC08_AM/span_Customer'

2018-07-03 15:30:51 - [TEST_STEP][PASSED] - delay: Delayed 5 second(s)

2018-07-03 15:30:56 - [MESSAGE][PASSED] - Delayed 5 second(s)

2018-07-03 15:30:56 - [TEST_STEP][PASSED] - verifyElementText: Actual text and expected text of test object 'Object Repository/TC08_AM/div_919860606030' are matched.

2018-07-03 15:30:57 - [MESSAGE][PASSED] - Actual text and expected text of test object 'Object Repository/TC08_AM/div_919860606030' are matched.

2018-07-03 15:30:57 - [TEST_STEP][PASSED] - delay: Delayed 2 second(s)

2018-07-03 15:30:59 - [MESSAGE][PASSED] - Delayed 2 second(s)]]></system-out>
         <system-err><![CDATA[]]></system-err>
      </testcase>
      <testcase name="Test Cases/Alert Manager Test Cases/AM_Customer Search Home Screen/TC09_Customer Search through Customer ID" classname="Test Cases/Alert Manager Test Cases/AM_Customer Search Home Screen/TC09_Customer Search through Customer ID" status="PASSED">
         <system-out><![CDATA[2018-07-03 15:30:59 - [TEST_CASE][PASSED] - Test Cases/Alert Manager Test Cases/AM_Customer Search Home Screen/TC09_Customer Search through Customer ID: Test Cases/Alert Manager Test Cases/AM_Customer Search Home Screen/TC09_Customer Search through Customer ID

2018-07-03 15:30:59 - [TEST_STEP][PASSED] - click: Object: 'Object Repository/TC08_AM/a_Customer' is clicked on

2018-07-03 15:30:59 - [MESSAGE][PASSED] - Object: 'Object Repository/TC08_AM/a_Customer' is clicked on

2018-07-03 15:30:59 - [TEST_STEP][PASSED] - delay: Delayed 2 second(s)

2018-07-03 15:31:01 - [MESSAGE][PASSED] - Delayed 2 second(s)

2018-07-03 15:31:01 - [TEST_STEP][PASSED] - setText: Text '1100231482' is set on object 'Object Repository/TC08_AM/span_Customer'

2018-07-03 15:31:02 - [MESSAGE][PASSED] - Text '1100231482' is set on object 'Object Repository/TC08_AM/span_Customer'

2018-07-03 15:31:02 - [TEST_STEP][PASSED] - delay: Delayed 2 second(s)

2018-07-03 15:31:04 - [MESSAGE][PASSED] - Delayed 2 second(s)

2018-07-03 15:31:04 - [TEST_STEP][PASSED] - setText: Text 'ENTER + ' is set on object 'Object Repository/TC08_AM/span_Customer'

2018-07-03 15:31:04 - [MESSAGE][PASSED] - Text 'ENTER + ' is set on object 'Object Repository/TC08_AM/span_Customer'

2018-07-03 15:31:04 - [TEST_STEP][PASSED] - delay: Delayed 5 second(s)

2018-07-03 15:31:09 - [MESSAGE][PASSED] - Delayed 5 second(s)

2018-07-03 15:31:09 - [TEST_STEP][PASSED] - verifyElementText: Actual text and expected text of test object 'Object Repository/TC08_AM/div_1100231482' are matched.

2018-07-03 15:31:10 - [MESSAGE][PASSED] - Actual text and expected text of test object 'Object Repository/TC08_AM/div_1100231482' are matched.

2018-07-03 15:31:10 - [TEST_STEP][PASSED] - delay: Delayed 2 second(s)

2018-07-03 15:31:12 - [MESSAGE][PASSED] - Delayed 2 second(s)]]></system-out>
         <system-err><![CDATA[]]></system-err>
      </testcase>
      <system-out><![CDATA[2018-07-03 15:28:09 - [TEST_SUITE][PASSED] - AM_Test Suite: Test Cases/Alert Manager Test Cases/AM_Customer Search Home Screen/TC09_Customer Search through Customer ID]]></system-out>
      <system-err><![CDATA[]]></system-err>
   </testsuite>
</testsuites>
