<?xml version="1.0" encoding="UTF-8"?>
<testsuites name="New Suite" time="136" tests="2" failures="1" errors="0">
   <testsuite name="New Suite" tests="2" failures="1" errors="0" time="136" timestamp="2018-07-05 18:03:46" hostname="Ankur.Jain - LT0021232" id="Test Suites/New Suite">
      <properties>
         <property name="deviceName" value=""/>
         <property name="devicePlatform" value=""/>
         <property name="logFolder" value="C:\\Users\\ankur.jain\\Katalon Studio\\Feedzai_Automation\\Reports\\New Suite\\20180705_180337"/>
         <property name="logFiles" value="C:\\Users\\ankur.jain\\Katalon Studio\\Feedzai_Automation\\Reports\\New Suite\\20180705_180337\\execution0.log"/>
         <property name="attachments" value="C:\\Users\\ankur.jain\\Katalon Studio\\Feedzai_Automation\\Reports\\New Suite\\20180705_180337\\1530794075483.png, C:\\Users\\ankur.jain\\Katalon Studio\\Feedzai_Automation\\Reports\\New Suite\\20180705_180337\\1530794110452.png, C:\\Users\\ankur.jain\\Katalon Studio\\Feedzai_Automation\\Reports\\New Suite\\20180705_180337\\1530794160273.png"/>
         <property name="hostName" value="Ankur.Jain - LT0021232"/>
         <property name="os" value="Windows 7 64bit"/>
         <property name="katalonVersion" value="5.4.2.1"/>
         <property name="browser" value="Chrome 67.0.3396.99"/>
         <property name="hostAddress" value="10.50.88.74"/>
         <property name="sessionId" value="3fedd67b371c8d8930fff8d30005541f"/>
         <property name="seleniumVersion" value="3.7.1"/>
         <property name="proxyInformation" value="ProxyInformation{proxyOption=NO_PROXY, proxyServerType=HTTP, password=, proxyServerAddress=, proxyServerPort=0}"/>
         <property name="platform" value="Windows 7"/>
      </properties>
      <testcase name="Test Cases/Alert Manager Test Cases/Alert Manager_Search Screen/TC24_Validate Advance search through customer id" classname="Test Cases/Alert Manager Test Cases/Alert Manager_Search Screen/TC24_Validate Advance search through customer id" status="PASSED">
         <system-out><![CDATA[2018-07-05 18:03:47 - [TEST_CASE][PASSED] - Test Cases/Alert Manager Test Cases/Alert Manager_Search Screen/TC24_Validate Advance search through customer id: Test Cases/Alert Manager Test Cases/Alert Manager_Search Screen/TC24_Validate Advance search through customer id

2018-07-05 18:03:48 - [TEST_STEP][PASSED] - openBrowser: Browser is opened with url: ''

2018-07-05 18:03:56 - [MESSAGE][PASSED] - Browser is opened with url: ''

2018-07-05 18:03:56 - [TEST_STEP][PASSED] - navigateToUrl: Navigate to 'https://10.130.236.51/#login' successfully

2018-07-05 18:04:00 - [MESSAGE][PASSED] - Navigate to 'https://10.130.236.51/#login' successfully

2018-07-05 18:04:00 - [TEST_STEP][PASSED] - maximizeWindow: Current window maximized

2018-07-05 18:04:01 - [MESSAGE][PASSED] - Current window maximized

2018-07-05 18:04:01 - [TEST_STEP][PASSED] - setText: Text 'Ankur.Jain' is set on object 'Object Repository/TC_24_36 AM/input'

2018-07-05 18:04:15 - [MESSAGE][PASSED] - Text 'Ankur.Jain' is set on object 'Object Repository/TC_24_36 AM/input'

2018-07-05 18:04:15 - [TEST_STEP][PASSED] - setText: Text 'Word02Pass' is set on object 'Object Repository/TC_24_36 AM/input_1'

2018-07-05 18:04:16 - [MESSAGE][PASSED] - Text 'Word02Pass' is set on object 'Object Repository/TC_24_36 AM/input_1'

2018-07-05 18:04:16 - [TEST_STEP][PASSED] - sendKeys: Keys 'ENTER + ' sent to object: 'Object Repository/TC_24_36 AM/input_1'

2018-07-05 18:04:16 - [MESSAGE][PASSED] - Keys 'ENTER + ' sent to object: 'Object Repository/TC_24_36 AM/input_1'

2018-07-05 18:04:16 - [TEST_STEP][PASSED] - click: Object: 'Object Repository/TC_24_36 AM/span_Search' is clicked on

2018-07-05 18:04:17 - [MESSAGE][PASSED] - Object: 'Object Repository/TC_24_36 AM/span_Search' is clicked on

2018-07-05 18:04:17 - [TEST_STEP][PASSED] - clearText: Text of object 'Object Repository/TC_24_36 AM/Date_input' is cleared

2018-07-05 18:04:17 - [MESSAGE][PASSED] - Text of object 'Object Repository/TC_24_36 AM/Date_input' is cleared

2018-07-05 18:04:17 - [TEST_STEP][PASSED] - click: Object: 'Object Repository/TC_24_36 AM/Done_Button' is clicked on

2018-07-05 18:04:18 - [MESSAGE][PASSED] - Object: 'Object Repository/TC_24_36 AM/Done_Button' is clicked on

2018-07-05 18:04:18 - [TEST_STEP][PASSED] - delay: Delayed 2 second(s)

2018-07-05 18:04:20 - [MESSAGE][PASSED] - Delayed 2 second(s)

2018-07-05 18:04:20 - [TEST_STEP][PASSED] - click: Object: 'Object Repository/TC_24_36 AM/button_Advanced Search' is clicked on

2018-07-05 18:04:20 - [MESSAGE][PASSED] - Object: 'Object Repository/TC_24_36 AM/button_Advanced Search' is clicked on

2018-07-05 18:04:20 - [TEST_STEP][PASSED] - click: Object: 'Object Repository/TC_24_36 AM/ul_Customer Id' is clicked on

2018-07-05 18:04:21 - [MESSAGE][PASSED] - Object: 'Object Repository/TC_24_36 AM/ul_Customer Id' is clicked on

2018-07-05 18:04:21 - [TEST_STEP][PASSED] - setText: Text '1100243850' is set on object 'Object Repository/TC_24_36 AM/input_s2id_autogen7'

2018-07-05 18:04:28 - [MESSAGE][PASSED] - Text '1100243850' is set on object 'Object Repository/TC_24_36 AM/input_s2id_autogen7'

2018-07-05 18:04:28 - [TEST_STEP][PASSED] - delay: Delayed 2 second(s)

2018-07-05 18:04:30 - [MESSAGE][PASSED] - Delayed 2 second(s)

2018-07-05 18:04:30 - [TEST_STEP][PASSED] - sendKeys: Keys 'ENTER + ' sent to object: 'Object Repository/TC_24_36 AM/input_s2id_autogen7'

2018-07-05 18:04:31 - [MESSAGE][PASSED] - Keys 'ENTER + ' sent to object: 'Object Repository/TC_24_36 AM/input_s2id_autogen7'

2018-07-05 18:04:31 - [TEST_STEP][PASSED] - delay: Delayed 2 second(s)

2018-07-05 18:04:33 - [MESSAGE][PASSED] - Delayed 2 second(s)

2018-07-05 18:04:33 - [TEST_STEP][PASSED] - click: Object: 'Object Repository/TC_24_36 AM/button_Search' is clicked on

2018-07-05 18:04:33 - [MESSAGE][PASSED] - Object: 'Object Repository/TC_24_36 AM/button_Search' is clicked on

2018-07-05 18:04:33 - [TEST_STEP][PASSED] - getText: Text of object 'Object Repository/TC_24_36 AM/Cust_Details' is: '15-05-2018 15:18:53 2812 3206 0077 6096 1,000.00 1100243850 1100243850 N/A no LMW 28 00 0 Unassigned Not Fraud
15-05-2018 15:21:59 2812 3206 0077 6096 5.00 1100243850 N/A 5999 no WPP 0 00 0 Unassigned Not Fraud
15-05-2018 15:23:34 2812 3206 0077 6096 6.00 1100243850 N/A 5999 no WPP 0 00 0 Unassigned Not Fraud
15-05-2018 15:24:40 2812 3206 0077 6096 4.00 1100243850 N/A 5999 no WPP 0 00 0 Unassigned Not Fraud
15-05-2018 15:25:57 2812 3200 0000 0000 1.00 1100243850 N/A 5999 no WPP 0 05 1 Customer Pending
15-05-2018 15:33:13 2812 3206 0077 6096 6.00 1100243850 1100243850 5999 no WRO 20 00 0 Unassigned Not Fraud
15-05-2018 15:35:00 2812 3206 0077 6096 6.00 1100243850 N/A 5999 no WPP 0 00 0 Unassigned Not Fraud
15-05-2018 15:36:21 2812 3200 0000 0000 1.00 1100243850 N/A 5999 no WPP 0 05 1 Customer Pending
15-06-2018 12:35:16 NA 2.00 1100243850 N/A 5999 no WPP 0 05 0 Unassigned Not Fraud
15-06-2018 12:38:04 1000 00XX XXXX 3645 2.00 1100243850 N/A 5999 no WPP 0 00 1 Unassigned Pending'

2018-07-05 18:04:35 - [MESSAGE][PASSED] - Text of object 'Object Repository/TC_24_36 AM/Cust_Details' is: '15-05-2018 15:18:53 2812 3206 0077 6096 1,000.00 1100243850 1100243850 N/A no LMW 28 00 0 Unassigned Not Fraud
15-05-2018 15:21:59 2812 3206 0077 6096 5.00 1100243850 N/A 5999 no WPP 0 00 0 Unassigned Not Fraud
15-05-2018 15:23:34 2812 3206 0077 6096 6.00 1100243850 N/A 5999 no WPP 0 00 0 Unassigned Not Fraud
15-05-2018 15:24:40 2812 3206 0077 6096 4.00 1100243850 N/A 5999 no WPP 0 00 0 Unassigned Not Fraud
15-05-2018 15:25:57 2812 3200 0000 0000 1.00 1100243850 N/A 5999 no WPP 0 05 1 Customer Pending
15-05-2018 15:33:13 2812 3206 0077 6096 6.00 1100243850 1100243850 5999 no WRO 20 00 0 Unassigned Not Fraud
15-05-2018 15:35:00 2812 3206 0077 6096 6.00 1100243850 N/A 5999 no WPP 0 00 0 Unassigned Not Fraud
15-05-2018 15:36:21 2812 3200 0000 0000 1.00 1100243850 N/A 5999 no WPP 0 05 1 Customer Pending
15-06-2018 12:35:16 NA 2.00 1100243850 N/A 5999 no WPP 0 05 0 Unassigned Not Fraud
15-06-2018 12:38:04 1000 00XX XXXX 3645 2.00 1100243850 N/A 5999 no WPP 0 00 1 Unassigned Pending'

2018-07-05 18:04:35 - [TEST_STEP][PASSED] - comment: Customer Details Displayed

2018-07-05 18:04:35 - [TEST_STEP][PASSED] - Statement - Customer_Details = com.kms.katalon.core.webui.keyword.WebUiBuiltInKeywords.takeScreenshot(): Taking screenshot successfully

2018-07-05 18:04:36 - [MESSAGE][PASSED] - Taking screenshot successfully
[[ATTACHMENT|C:\\Users\\ankur.jain\\Katalon Studio\\Feedzai_Automation\\Reports\\New Suite\\20180705_180337\\1530794075483.png]]

2018-07-05 18:04:36 - [TEST_STEP][PASSED] - verifyElementText: Actual text and expected text of test object 'Object Repository/TC_24_36 AM/Cust_id_Validation' are matched.

2018-07-05 18:04:36 - [MESSAGE][PASSED] - Actual text and expected text of test object 'Object Repository/TC_24_36 AM/Cust_id_Validation' are matched.

2018-07-05 18:04:36 - [TEST_STEP][PASSED] - refresh: Refresh successfully

2018-07-05 18:04:37 - [MESSAGE][PASSED] - Refresh successfully

2018-07-05 18:04:37 - [TEST_STEP][PASSED] - delay: Delayed 12 second(s)

2018-07-05 18:04:49 - [MESSAGE][PASSED] - Delayed 12 second(s)]]></system-out>
         <system-err><![CDATA[]]></system-err>
      </testcase>
      <testcase name="Test Cases/Alert Manager Test Cases/Alert Manager_Search Screen/TC35_Validate Advance search through Sender pan or Card pan" classname="Test Cases/Alert Manager Test Cases/Alert Manager_Search Screen/TC35_Validate Advance search through Sender pan or Card pan" status="PASSED">
         <system-out><![CDATA[2018-07-05 18:04:49 - [TEST_CASE][PASSED] - Test Cases/Alert Manager Test Cases/Alert Manager_Search Screen/TC35_Validate Advance search through Sender pan or Card pan: Test Cases/Alert Manager Test Cases/Alert Manager_Search Screen/TC35_Validate Advance search through Sender pan or Card pan

2018-07-05 18:04:50 - [TEST_STEP][PASSED] - clearText: Text of object 'Object Repository/TC_24_36 AM/Date_input' is cleared

2018-07-05 18:04:56 - [MESSAGE][PASSED] - Text of object 'Object Repository/TC_24_36 AM/Date_input' is cleared

2018-07-05 18:04:56 - [TEST_STEP][PASSED] - click: Object: 'Object Repository/TC_24_36 AM/Done_Button' is clicked on

2018-07-05 18:04:57 - [MESSAGE][PASSED] - Object: 'Object Repository/TC_24_36 AM/Done_Button' is clicked on

2018-07-05 18:04:57 - [TEST_STEP][PASSED] - delay: Delayed 2 second(s)

2018-07-05 18:04:59 - [MESSAGE][PASSED] - Delayed 2 second(s)

2018-07-05 18:04:59 - [TEST_STEP][PASSED] - click: Object: 'Object Repository/TC_24_36 AM/button_Advanced Search' is clicked on

2018-07-05 18:05:00 - [MESSAGE][PASSED] - Object: 'Object Repository/TC_24_36 AM/button_Advanced Search' is clicked on

2018-07-05 18:05:00 - [TEST_STEP][PASSED] - delay: Delayed 2 second(s)

2018-07-05 18:05:02 - [MESSAGE][PASSED] - Delayed 2 second(s)

2018-07-05 18:05:02 - [TEST_STEP][PASSED] - click: Object: 'Object Repository/TC_24_36 AM/ClickSenderPAN' is clicked on

2018-07-05 18:05:02 - [MESSAGE][PASSED] - Object: 'Object Repository/TC_24_36 AM/ClickSenderPAN' is clicked on

2018-07-05 18:05:02 - [TEST_STEP][PASSED] - setText: Text '2812 3200 0885 0253' is set on object 'Object Repository/TC_24_36 AM/input_SenderPAN'

2018-07-05 18:05:05 - [MESSAGE][PASSED] - Text '2812 3200 0885 0253' is set on object 'Object Repository/TC_24_36 AM/input_SenderPAN'

2018-07-05 18:05:05 - [TEST_STEP][PASSED] - delay: Delayed 2 second(s)

2018-07-05 18:05:07 - [MESSAGE][PASSED] - Delayed 2 second(s)

2018-07-05 18:05:07 - [TEST_STEP][PASSED] - sendKeys: Keys 'ENTER + ' sent to object: 'Object Repository/TC_24_36 AM/input_SenderPAN'

2018-07-05 18:05:07 - [MESSAGE][PASSED] - Keys 'ENTER + ' sent to object: 'Object Repository/TC_24_36 AM/input_SenderPAN'

2018-07-05 18:05:07 - [TEST_STEP][PASSED] - delay: Delayed 2 second(s)

2018-07-05 18:05:09 - [MESSAGE][PASSED] - Delayed 2 second(s)

2018-07-05 18:05:09 - [TEST_STEP][PASSED] - click: Object: 'Object Repository/TC_24_36 AM/button_Search' is clicked on

2018-07-05 18:05:09 - [MESSAGE][PASSED] - Object: 'Object Repository/TC_24_36 AM/button_Search' is clicked on

2018-07-05 18:05:09 - [TEST_STEP][PASSED] - getText: Text of object 'Object Repository/TC_24_36 AM/Cust_Details' is: '11-11-2016 13:18:13 2812 3200 0885 0253 1.00 1100020952 1100020952 N/A no PDW 47 00 0 Unassigned Not Fraud
11-11-2016 14:48:41 2812 3200 0885 0253 2.00 1100020952 458954868243860574 N/A no NFW 41 00 0 Unassigned Not Fraud
11-11-2016 14:54:09 2812 3200 0885 0253 2.00 1100020952 1100020952 N/A no PDW 47 00 0 Unassigned Not Fraud
11-11-2016 14:56:45 2812 3200 0885 0253 2.00 1100020952 100001000020055 8220 no BPC 0 00 0 Unassigned Not Fraud
11-11-2016 14:57:20 2812 3200 0885 0253 2.00 1100020952 100001000020055 8220 no BPC 0 00 0 Unassigned Not Fraud'

2018-07-05 18:05:10 - [MESSAGE][PASSED] - Text of object 'Object Repository/TC_24_36 AM/Cust_Details' is: '11-11-2016 13:18:13 2812 3200 0885 0253 1.00 1100020952 1100020952 N/A no PDW 47 00 0 Unassigned Not Fraud
11-11-2016 14:48:41 2812 3200 0885 0253 2.00 1100020952 458954868243860574 N/A no NFW 41 00 0 Unassigned Not Fraud
11-11-2016 14:54:09 2812 3200 0885 0253 2.00 1100020952 1100020952 N/A no PDW 47 00 0 Unassigned Not Fraud
11-11-2016 14:56:45 2812 3200 0885 0253 2.00 1100020952 100001000020055 8220 no BPC 0 00 0 Unassigned Not Fraud
11-11-2016 14:57:20 2812 3200 0885 0253 2.00 1100020952 100001000020055 8220 no BPC 0 00 0 Unassigned Not Fraud'

2018-07-05 18:05:10 - [TEST_STEP][PASSED] - comment: Advance search through Sender PAN card is sucesfull

2018-07-05 18:05:10 - [TEST_STEP][PASSED] - Statement - Customer_App_id = com.kms.katalon.core.webui.keyword.WebUiBuiltInKeywords.takeScreenshot(): Taking screenshot successfully

2018-07-05 18:05:11 - [MESSAGE][PASSED] - Taking screenshot successfully
[[ATTACHMENT|C:\\Users\\ankur.jain\\Katalon Studio\\Feedzai_Automation\\Reports\\New Suite\\20180705_180337\\1530794110452.png]]

2018-07-05 18:05:11 - [TEST_STEP][PASSED] - click: Object: 'Object Repository/TC_24_36 AM/Trans_Details' is clicked on

2018-07-05 18:05:11 - [MESSAGE][PASSED] - Object: 'Object Repository/TC_24_36 AM/Trans_Details' is clicked on

2018-07-05 18:05:11 - [TEST_STEP][PASSED] - verifyElementText: Actual text and expected text of test object 'Object Repository/TC_24_36 AM/Sender_Pan_Valid' are matched.

2018-07-05 18:05:12 - [MESSAGE][PASSED] - Actual text and expected text of test object 'Object Repository/TC_24_36 AM/Sender_Pan_Valid' are matched.

2018-07-05 18:05:12 - [TEST_STEP][PASSED] - refresh: Refresh successfully

2018-07-05 18:05:12 - [MESSAGE][PASSED] - Refresh successfully

2018-07-05 18:05:12 - [TEST_STEP][PASSED] - delay: Delayed 12 second(s)

2018-07-05 18:05:24 - [MESSAGE][PASSED] - Delayed 12 second(s)]]></system-out>
         <system-err><![CDATA[]]></system-err>
      </testcase>
      <testcase name="Test Cases/Alert Manager Test Cases/Alert Manager_Search Screen/TC36_Validate Advance search through Card bin" classname="Test Cases/Alert Manager Test Cases/Alert Manager_Search Screen/TC36_Validate Advance search through Card bin" status="FAILED">
         <failure type="FAILED" message="Unable to clear text of object 'Object Repository/TC_24_36 AM/Date_input' (Root cause: com.kms.katalon.core.webui.exception.WebElementNotFoundException: Web element with id: 'Object Repository/TC_24_36 AM/Date_input' located by 'By.xpath: //input[@id='fdz-form-date-time']' not found)"/>
         <system-out><![CDATA[2018-07-05 18:05:25 - [TEST_CASE][FAILED] - Test Cases/Alert Manager Test Cases/Alert Manager_Search Screen/TC36_Validate Advance search through Card bin: Test Cases/Alert Manager Test Cases/Alert Manager_Search Screen/TC36_Validate Advance search through Card bin FAILED because (of) Unable to clear text of object 'Object Repository/TC_24_36 AM/Date_input' (Root cause: com.kms.katalon.core.webui.exception.WebElementNotFoundException: Web element with id: 'Object Repository/TC_24_36 AM/Date_input' located by 'By.xpath: //input[@id='fdz-form-date-time']' not found)

2018-07-05 18:05:25 - [TEST_STEP][FAILED] - clearText: Unable to clear text of object 'Object Repository/TC_24_36 AM/Date_input' (Root cause: com.kms.katalon.core.webui.exception.WebElementNotFoundException: Web element with id: 'Object Repository/TC_24_36 AM/Date_input' located by 'By.xpath: //input[@id='fdz-form-date-time']' not found)

2018-07-05 18:06:01 - [MESSAGE][FAILED] - Unable to clear text of object 'Object Repository/TC_24_36 AM/Date_input' (Root cause: com.kms.katalon.core.webui.exception.WebElementNotFoundException: Web element with id: 'Object Repository/TC_24_36 AM/Date_input' located by 'By.xpath: //input[@id='fdz-form-date-time']' not found)
[[ATTACHMENT|C:\\Users\\ankur.jain\\Katalon Studio\\Feedzai_Automation\\Reports\\New Suite\\20180705_180337\\1530794160273.png]]]]></system-out>
         <system-err><![CDATA[2018-07-05 18:05:25 - [TEST_CASE][FAILED] - Test Cases/Alert Manager Test Cases/Alert Manager_Search Screen/TC36_Validate Advance search through Card bin: Test Cases/Alert Manager Test Cases/Alert Manager_Search Screen/TC36_Validate Advance search through Card bin FAILED because (of) Unable to clear text of object 'Object Repository/TC_24_36 AM/Date_input' (Root cause: com.kms.katalon.core.webui.exception.WebElementNotFoundException: Web element with id: 'Object Repository/TC_24_36 AM/Date_input' located by 'By.xpath: //input[@id='fdz-form-date-time']' not found)]]></system-err>
      </testcase>
      <system-out><![CDATA[2018-07-05 18:03:46 - [TEST_SUITE][FAILED] - New Suite: Test Cases/Alert Manager Test Cases/Alert Manager_Search Screen/TC36_Validate Advance search through Card bin FAILED because (of) Unable to clear text of object 'Object Repository/TC_24_36 AM/Date_input' (Root cause: com.kms.katalon.core.webui.exception.WebElementNotFoundException: Web element with id: 'Object Repository/TC_24_36 AM/Date_input' located by 'By.xpath: //input[@id='fdz-form-date-time']' not found)]]></system-out>
      <system-err><![CDATA[2018-07-05 18:03:46 - [TEST_SUITE][FAILED] - New Suite: Test Cases/Alert Manager Test Cases/Alert Manager_Search Screen/TC36_Validate Advance search through Card bin FAILED because (of) Unable to clear text of object 'Object Repository/TC_24_36 AM/Date_input' (Root cause: com.kms.katalon.core.webui.exception.WebElementNotFoundException: Web element with id: 'Object Repository/TC_24_36 AM/Date_input' located by 'By.xpath: //input[@id='fdz-form-date-time']' not found)]]></system-err>
   </testsuite>
</testsuites>
