<?xml version="1.0" encoding="UTF-8"?>
<testsuites name="AM_Test Suite" time="114" tests="7" failures="0" errors="0">
   <testsuite name="AM_Test Suite" tests="7" failures="0" errors="0" time="114" timestamp="2018-07-03 17:13:21" hostname="Ankur.Jain - LT0021232" id="Test Suites/AM_Test Suite">
      <properties>
         <property name="deviceName" value=""/>
         <property name="devicePlatform" value=""/>
         <property name="logFolder" value="C:\\Users\\ankur.jain\\Katalon Studio\\Feedzai_Automation\\Reports\\AM_Test Suite\\20180703_171311"/>
         <property name="logFiles" value="C:\\Users\\ankur.jain\\Katalon Studio\\Feedzai_Automation\\Reports\\AM_Test Suite\\20180703_171311\\execution0.log"/>
         <property name="attachments" value=""/>
         <property name="hostName" value="Ankur.Jain - LT0021232"/>
         <property name="os" value="Windows 7 64bit"/>
         <property name="katalonVersion" value="5.4.2.1"/>
         <property name="browser" value="Chrome 67.0.3396.99"/>
         <property name="hostAddress" value="10.50.88.74"/>
         <property name="sessionId" value="e9207278c45963c241d3fcb365fa3fcd"/>
         <property name="seleniumVersion" value="3.7.1"/>
         <property name="proxyInformation" value="ProxyInformation{proxyOption=NO_PROXY, proxyServerType=HTTP, password=, proxyServerAddress=, proxyServerPort=0}"/>
         <property name="platform" value="Windows 7"/>
      </properties>
      <testcase name="Test Cases/Alert Manager Test Cases/Alert Manager_Login" classname="Test Cases/Alert Manager Test Cases/Alert Manager_Login" status="PASSED">
         <system-out><![CDATA[2018-07-03 17:13:23 - [TEST_CASE][PASSED] - Test Cases/Alert Manager Test Cases/Alert Manager_Login: Test Cases/Alert Manager Test Cases/Alert Manager_Login

2018-07-03 17:13:24 - [TEST_STEP][PASSED] - openBrowser: Browser is opened with url: ''

2018-07-03 17:14:02 - [MESSAGE][PASSED] - Browser is opened with url: ''

2018-07-03 17:14:02 - [TEST_STEP][PASSED] - maximizeWindow: Current window maximized

2018-07-03 17:14:03 - [MESSAGE][PASSED] - Current window maximized

2018-07-03 17:14:03 - [TEST_STEP][PASSED] - navigateToUrl: Navigate to 'https://10.130.236.51/#login' successfully

2018-07-03 17:14:18 - [MESSAGE][PASSED] - Navigate to 'https://10.130.236.51/#login' successfully

2018-07-03 17:14:18 - [TEST_STEP][PASSED] - delay: Delayed 20 second(s)

2018-07-03 17:14:38 - [MESSAGE][PASSED] - Delayed 20 second(s)

2018-07-03 17:14:38 - [TEST_STEP][PASSED] - setText: Text 'Ankur.Jain' is set on object 'Object Repository/TC_01-03_AM/input'

2018-07-03 17:14:52 - [MESSAGE][PASSED] - Text 'Ankur.Jain' is set on object 'Object Repository/TC_01-03_AM/input'

2018-07-03 17:14:52 - [TEST_STEP][PASSED] - setText: Text 'Word02Pass' is set on object 'Object Repository/TC_01-03_AM/input_1'

2018-07-03 17:14:52 - [MESSAGE][PASSED] - Text 'Word02Pass' is set on object 'Object Repository/TC_01-03_AM/input_1'

2018-07-03 17:14:52 - [TEST_STEP][PASSED] - click: Object: 'Object Repository/TC_01-03_AM/button_Sign In' is clicked on

2018-07-03 17:14:52 - [MESSAGE][PASSED] - Object: 'Object Repository/TC_01-03_AM/button_Sign In' is clicked on

2018-07-03 17:14:52 - [TEST_STEP][PASSED] - delay: Delayed 2 second(s)

2018-07-03 17:14:55 - [MESSAGE][PASSED] - Delayed 2 second(s)]]></system-out>
         <system-err><![CDATA[]]></system-err>
      </testcase>
      <testcase name="Test Cases/Alert Manager Test Cases/AM_Customer Search Home Screen/TC09_Customer Search through Customer ID" classname="Test Cases/Alert Manager Test Cases/AM_Customer Search Home Screen/TC09_Customer Search through Customer ID" status="PASSED">
         <system-out><![CDATA[2018-07-03 17:14:55 - [TEST_CASE][PASSED] - Test Cases/Alert Manager Test Cases/AM_Customer Search Home Screen/TC09_Customer Search through Customer ID: Test Cases/Alert Manager Test Cases/AM_Customer Search Home Screen/TC09_Customer Search through Customer ID

2018-07-03 17:14:55 - [TEST_STEP][PASSED] - click: Object: 'Object Repository/TC08_AM/a_Customer' is clicked on

2018-07-03 17:14:56 - [MESSAGE][PASSED] - Object: 'Object Repository/TC08_AM/a_Customer' is clicked on

2018-07-03 17:14:56 - [TEST_STEP][PASSED] - delay: Delayed 2 second(s)

2018-07-03 17:14:58 - [MESSAGE][PASSED] - Delayed 2 second(s)

2018-07-03 17:14:58 - [TEST_STEP][PASSED] - setText: Text '1100231482' is set on object 'Object Repository/TC08_AM/span_Customer'

2018-07-03 17:14:58 - [MESSAGE][PASSED] - Text '1100231482' is set on object 'Object Repository/TC08_AM/span_Customer'

2018-07-03 17:14:58 - [TEST_STEP][PASSED] - delay: Delayed 2 second(s)

2018-07-03 17:15:00 - [MESSAGE][PASSED] - Delayed 2 second(s)

2018-07-03 17:15:00 - [TEST_STEP][PASSED] - setText: Text 'ENTER + ' is set on object 'Object Repository/TC08_AM/span_Customer'

2018-07-03 17:15:01 - [MESSAGE][PASSED] - Text 'ENTER + ' is set on object 'Object Repository/TC08_AM/span_Customer'

2018-07-03 17:15:01 - [TEST_STEP][PASSED] - delay: Delayed 5 second(s)

2018-07-03 17:15:06 - [MESSAGE][PASSED] - Delayed 5 second(s)

2018-07-03 17:15:06 - [TEST_STEP][PASSED] - verifyElementText: Actual text and expected text of test object 'Object Repository/TC08_AM/div_1100231482' are matched.

2018-07-03 17:15:06 - [MESSAGE][PASSED] - Actual text and expected text of test object 'Object Repository/TC08_AM/div_1100231482' are matched.

2018-07-03 17:15:06 - [TEST_STEP][PASSED] - delay: Delayed 2 second(s)

2018-07-03 17:15:08 - [MESSAGE][PASSED] - Delayed 2 second(s)]]></system-out>
         <system-err><![CDATA[]]></system-err>
      </testcase>
      <testcase name="Test Cases/Alert Manager Test Cases/AM_Customer Search Home Screen/TC10_Customer Detail Validation" classname="Test Cases/Alert Manager Test Cases/AM_Customer Search Home Screen/TC10_Customer Detail Validation" status="PASSED">
         <system-out><![CDATA[2018-07-03 17:15:08 - [TEST_CASE][PASSED] - Test Cases/Alert Manager Test Cases/AM_Customer Search Home Screen/TC10_Customer Detail Validation: Test Cases/Alert Manager Test Cases/AM_Customer Search Home Screen/TC10_Customer Detail Validation

2018-07-03 17:15:09 - [TEST_STEP][PASSED] - click: Object: 'Object Repository/TC08_AM/Cust_Detail' is clicked on

2018-07-03 17:15:09 - [MESSAGE][PASSED] - Object: 'Object Repository/TC08_AM/Cust_Detail' is clicked on

2018-07-03 17:15:09 - [TEST_STEP][PASSED] - Statement - text = com.kms.katalon.core.webui.keyword.WebUiBuiltInKeywords.getText(com.kms.katalon.core.testobject.ObjectRepository.findTestObject(TC08_AM/Cust_Detail)): Text of object 'Object Repository/TC08_AM/Cust_Detail' is: 'Customer Name
XXX RESHMA SHETTY
Customer ID
1100231482
Status
Active
Account Date
19-02-2018 (4 months ago)
Account Number
1000000000281488
KYC
Low
Account Upgrade Date
Unknown
Mobile Number
+919821370176
Email
Unknown
Customer App ID
420346fbb4ab3200_Samsung SM-G355H
Customer Jio Money ID
Unknown
Customer Risk
Unknown
PIN Area (Zip Code)
Unknown
Address'

2018-07-03 17:15:10 - [MESSAGE][PASSED] - Text of object 'Object Repository/TC08_AM/Cust_Detail' is: 'Customer Name
XXX RESHMA SHETTY
Customer ID
1100231482
Status
Active
Account Date
19-02-2018 (4 months ago)
Account Number
1000000000281488
KYC
Low
Account Upgrade Date
Unknown
Mobile Number
+919821370176
Email
Unknown
Customer App ID
420346fbb4ab3200_Samsung SM-G355H
Customer Jio Money ID
Unknown
Customer Risk
Unknown
PIN Area (Zip Code)
Unknown
Address'

2018-07-03 17:15:10 - [TEST_STEP][PASSED] - Statement - If (text.contains("1100231482")): Customer Details Matched

2018-07-03 17:15:10 - [TEST_STEP][PASSED] - comment: Customer Details Matched]]></system-out>
         <system-err><![CDATA[]]></system-err>
      </testcase>
      <testcase name="Test Cases/Alert Manager Test Cases/AM_Customer Search Home Screen/TC11_Transaction Density Validation" classname="Test Cases/Alert Manager Test Cases/AM_Customer Search Home Screen/TC11_Transaction Density Validation" status="PASSED">
         <system-out><![CDATA[2018-07-03 17:15:10 - [TEST_CASE][PASSED] - Test Cases/Alert Manager Test Cases/AM_Customer Search Home Screen/TC11_Transaction Density Validation: Test Cases/Alert Manager Test Cases/AM_Customer Search Home Screen/TC11_Transaction Density Validation

2018-07-03 17:15:10 - [TEST_STEP][PASSED] - click: Object: 'Object Repository/TC08_AM/Transcation Details' is clicked on

2018-07-03 17:15:11 - [MESSAGE][PASSED] - Object: 'Object Repository/TC08_AM/Transcation Details' is clicked on

2018-07-03 17:15:11 - [TEST_STEP][PASSED] - getText: Text of object 'Object Repository/TC08_AM/Transcation Details' is: 'Number of Transactions
18
Total Amount (₹)
2,107.00
Average Amount (₹)
117.06
Amount Std. Deviation (₹)
321.24'

2018-07-03 17:15:11 - [MESSAGE][PASSED] - Text of object 'Object Repository/TC08_AM/Transcation Details' is: 'Number of Transactions
18
Total Amount (₹)
2,107.00
Average Amount (₹)
117.06
Amount Std. Deviation (₹)
321.24'

2018-07-03 17:15:11 - [TEST_STEP][PASSED] - verifyElementPresent: Object 'Object Repository/TC08_AM/Transcation Details' is present

2018-07-03 17:15:11 - [MESSAGE][WARNING] - Timeout '0' is invalid. Using default page load timeout: '30'

2018-07-03 17:15:11 - [MESSAGE][PASSED] - Object 'Object Repository/TC08_AM/Transcation Details' is present]]></system-out>
         <system-err><![CDATA[]]></system-err>
      </testcase>
      <testcase name="Test Cases/Alert Manager Test Cases/AM_Customer Search Home Screen/TC12_Activity Period Validation" classname="Test Cases/Alert Manager Test Cases/AM_Customer Search Home Screen/TC12_Activity Period Validation" status="PASSED">
         <system-out><![CDATA[2018-07-03 17:15:11 - [TEST_CASE][PASSED] - Test Cases/Alert Manager Test Cases/AM_Customer Search Home Screen/TC12_Activity Period Validation: Test Cases/Alert Manager Test Cases/AM_Customer Search Home Screen/TC12_Activity Period Validation

2018-07-03 17:15:11 - [TEST_STEP][PASSED] - click: Object: 'Object Repository/TC08_AM/Activity_Period' is clicked on

2018-07-03 17:15:12 - [MESSAGE][PASSED] - Object: 'Object Repository/TC08_AM/Activity_Period' is clicked on

2018-07-03 17:15:12 - [TEST_STEP][PASSED] - getText: Text of object 'Object Repository/TC08_AM/Activity_Period' is: 'From
19-02-2018 11:25:40
To
01-03-2018 22:30:53
Period
10 days'

2018-07-03 17:15:12 - [MESSAGE][PASSED] - Text of object 'Object Repository/TC08_AM/Activity_Period' is: 'From
19-02-2018 11:25:40
To
01-03-2018 22:30:53
Period
10 days']]></system-out>
         <system-err><![CDATA[]]></system-err>
      </testcase>
      <testcase name="Test Cases/Alert Manager Test Cases/AM_Customer Search Home Screen/TC14_ Transactions Details Validation" classname="Test Cases/Alert Manager Test Cases/AM_Customer Search Home Screen/TC14_ Transactions Details Validation" status="PASSED">
         <system-out><![CDATA[2018-07-03 17:15:12 - [TEST_CASE][PASSED] - Test Cases/Alert Manager Test Cases/AM_Customer Search Home Screen/TC14_ Transactions Details Validation: Test Cases/Alert Manager Test Cases/AM_Customer Search Home Screen/TC14_ Transactions Details Validation

2018-07-03 17:15:13 - [TEST_STEP][PASSED] - click: Object: 'Object Repository/TC08_AM/Transcation Details' is clicked on

2018-07-03 17:15:13 - [MESSAGE][PASSED] - Object: 'Object Repository/TC08_AM/Transcation Details' is clicked on

2018-07-03 17:15:13 - [TEST_STEP][PASSED] - getText: Text of object 'Object Repository/TC08_AM/Transcation Details' is: 'Number of Transactions
18
Total Amount (₹)
2,107.00
Average Amount (₹)
117.06
Amount Std. Deviation (₹)
321.24'

2018-07-03 17:15:13 - [MESSAGE][PASSED] - Text of object 'Object Repository/TC08_AM/Transcation Details' is: 'Number of Transactions
18
Total Amount (₹)
2,107.00
Average Amount (₹)
117.06
Amount Std. Deviation (₹)
321.24']]></system-out>
         <system-err><![CDATA[]]></system-err>
      </testcase>
      <testcase name="Test Cases/Alert Manager Test Cases/AM_Customer Search Home Screen/TC14_Fraud Details Validation" classname="Test Cases/Alert Manager Test Cases/AM_Customer Search Home Screen/TC14_Fraud Details Validation" status="PASSED">
         <system-out><![CDATA[2018-07-03 17:15:13 - [TEST_CASE][PASSED] - Test Cases/Alert Manager Test Cases/AM_Customer Search Home Screen/TC14_Fraud Details Validation: Test Cases/Alert Manager Test Cases/AM_Customer Search Home Screen/TC14_Fraud Details Validation

2018-07-03 17:15:13 - [TEST_STEP][PASSED] - click: Object: 'Object Repository/TC08_AM/Fraud Details' is clicked on

2018-07-03 17:15:14 - [MESSAGE][PASSED] - Object: 'Object Repository/TC08_AM/Fraud Details' is clicked on

2018-07-03 17:15:14 - [TEST_STEP][PASSED] - getText: Text of object 'Object Repository/TC08_AM/Fraud Details' is: 'Number of Transactions
0
Amount (₹)
0.00
Average Amount (₹)
0.00
Amount Std. Deviation (₹)
0.00'

2018-07-03 17:15:14 - [MESSAGE][PASSED] - Text of object 'Object Repository/TC08_AM/Fraud Details' is: 'Number of Transactions
0
Amount (₹)
0.00
Average Amount (₹)
0.00
Amount Std. Deviation (₹)
0.00']]></system-out>
         <system-err><![CDATA[]]></system-err>
      </testcase>
      <system-out><![CDATA[2018-07-03 17:13:21 - [TEST_SUITE][PASSED] - AM_Test Suite: Test Cases/Alert Manager Test Cases/AM_Customer Search Home Screen/TC14_Fraud Details Validation]]></system-out>
      <system-err><![CDATA[]]></system-err>
   </testsuite>
</testsuites>
