<?xml version="1.0" encoding="UTF-8"?>
<testsuites name="AM_Test Suite" time="8979" tests="0" failures="46" errors="0">
   <testsuite name="AM_Test Suite" tests="0" failures="46" errors="0" time="8979" timestamp="2018-07-19 11:37:04" hostname="Ankur.Jain - LT0021232.in.ril.com" id="Test Suites/AM_Test Suite">
      <properties>
         <property name="deviceName" value=""/>
         <property name="devicePlatform" value=""/>
         <property name="logFolder" value="C:\\Users\\ankur.jain\\Katalon Studio\\Feedzai_Automation\\Reports\\AM_Test Suite\\20180719_113648"/>
         <property name="logFiles" value="C:\\Users\\ankur.jain\\Katalon Studio\\Feedzai_Automation\\Reports\\AM_Test Suite\\20180719_113648\\execution0.log"/>
         <property name="attachments" value="C:\\Users\\ankur.jain\\Katalon Studio\\Feedzai_Automation\\Reports\\AM_Test Suite\\20180719_113648\\1531980531870.png, C:\\Users\\ankur.jain\\Katalon Studio\\Feedzai_Automation\\Reports\\AM_Test Suite\\20180719_113648\\1531980568262.png, C:\\Users\\ankur.jain\\Katalon Studio\\Feedzai_Automation\\Reports\\AM_Test Suite\\20180719_113648\\1531980603791.png, C:\\Users\\ankur.jain\\Katalon Studio\\Feedzai_Automation\\Reports\\AM_Test Suite\\20180719_113648\\1531980641351.png, C:\\Users\\ankur.jain\\Katalon Studio\\Feedzai_Automation\\Reports\\AM_Test Suite\\20180719_113648\\1531980676758.png, C:\\Users\\ankur.jain\\Katalon Studio\\Feedzai_Automation\\Reports\\AM_Test Suite\\20180719_113648\\1531980712789.png, C:\\Users\\ankur.jain\\Katalon Studio\\Feedzai_Automation\\Reports\\AM_Test Suite\\20180719_113648\\1531980748423.png, C:\\Users\\ankur.jain\\Katalon Studio\\Feedzai_Automation\\Reports\\AM_Test Suite\\20180719_113648\\1531980783301.png, C:\\Users\\ankur.jain\\Katalon Studio\\Feedzai_Automation\\Reports\\AM_Test Suite\\20180719_113648\\1531980818342.png, C:\\Users\\ankur.jain\\Katalon Studio\\Feedzai_Automation\\Reports\\AM_Test Suite\\20180719_113648\\1531980854132.png, C:\\Users\\ankur.jain\\Katalon Studio\\Feedzai_Automation\\Reports\\AM_Test Suite\\20180719_113648\\1531980890254.png, C:\\Users\\ankur.jain\\Katalon Studio\\Feedzai_Automation\\Reports\\AM_Test Suite\\20180719_113648\\1531980925211.png, C:\\Users\\ankur.jain\\Katalon Studio\\Feedzai_Automation\\Reports\\AM_Test Suite\\20180719_113648\\1531980961682.png, C:\\Users\\ankur.jain\\Katalon Studio\\Feedzai_Automation\\Reports\\AM_Test Suite\\20180719_113648\\1531980997576.png, C:\\Users\\ankur.jain\\Katalon Studio\\Feedzai_Automation\\Reports\\AM_Test Suite\\20180719_113648\\1531981032832.png, C:\\Users\\ankur.jain\\Katalon Studio\\Feedzai_Automation\\Reports\\AM_Test Suite\\20180719_113648\\1531981071116.png, C:\\Users\\ankur.jain\\Katalon Studio\\Feedzai_Automation\\Reports\\AM_Test Suite\\20180719_113648\\1531981106143.png, C:\\Users\\ankur.jain\\Katalon Studio\\Feedzai_Automation\\Reports\\AM_Test Suite\\20180719_113648\\1531981144667.png, C:\\Users\\ankur.jain\\Katalon Studio\\Feedzai_Automation\\Reports\\AM_Test Suite\\20180719_113648\\1531981180354.png, C:\\Users\\ankur.jain\\Katalon Studio\\Feedzai_Automation\\Reports\\AM_Test Suite\\20180719_113648\\1531981216358.png, C:\\Users\\ankur.jain\\Katalon Studio\\Feedzai_Automation\\Reports\\AM_Test Suite\\20180719_113648\\1531981255698.png, C:\\Users\\ankur.jain\\Katalon Studio\\Feedzai_Automation\\Reports\\AM_Test Suite\\20180719_113648\\1531981290695.png, C:\\Users\\ankur.jain\\Katalon Studio\\Feedzai_Automation\\Reports\\AM_Test Suite\\20180719_113648\\1531981325917.png, C:\\Users\\ankur.jain\\Katalon Studio\\Feedzai_Automation\\Reports\\AM_Test Suite\\20180719_113648\\1531981363568.png, C:\\Users\\ankur.jain\\Katalon Studio\\Feedzai_Automation\\Reports\\AM_Test Suite\\20180719_113648\\1531981402421.png, C:\\Users\\ankur.jain\\Katalon Studio\\Feedzai_Automation\\Reports\\AM_Test Suite\\20180719_113648\\1531981437689.png, C:\\Users\\ankur.jain\\Katalon Studio\\Feedzai_Automation\\Reports\\AM_Test Suite\\20180719_113648\\1531981473420.png, C:\\Users\\ankur.jain\\Katalon Studio\\Feedzai_Automation\\Reports\\AM_Test Suite\\20180719_113648\\1531981512143.png, C:\\Users\\ankur.jain\\Katalon Studio\\Feedzai_Automation\\Reports\\AM_Test Suite\\20180719_113648\\1531981547696.png, C:\\Users\\ankur.jain\\Katalon Studio\\Feedzai_Automation\\Reports\\AM_Test Suite\\20180719_113648\\1531981584903.png, C:\\Users\\ankur.jain\\Katalon Studio\\Feedzai_Automation\\Reports\\AM_Test Suite\\20180719_113648\\1531981623172.png, C:\\Users\\ankur.jain\\Katalon Studio\\Feedzai_Automation\\Reports\\AM_Test Suite\\20180719_113648\\1531981660356.png, C:\\Users\\ankur.jain\\Katalon Studio\\Feedzai_Automation\\Reports\\AM_Test Suite\\20180719_113648\\1531981696497.png, C:\\Users\\ankur.jain\\Katalon Studio\\Feedzai_Automation\\Reports\\AM_Test Suite\\20180719_113648\\1531981732489.png, C:\\Users\\ankur.jain\\Katalon Studio\\Feedzai_Automation\\Reports\\AM_Test Suite\\20180719_113648\\1531981767035.png, C:\\Users\\ankur.jain\\Katalon Studio\\Feedzai_Automation\\Reports\\AM_Test Suite\\20180719_113648\\1531981801804.png, C:\\Users\\ankur.jain\\Katalon Studio\\Feedzai_Automation\\Reports\\AM_Test Suite\\20180719_113648\\1531981835822.png, C:\\Users\\ankur.jain\\Katalon Studio\\Feedzai_Automation\\Reports\\AM_Test Suite\\20180719_113648\\1531981872517.png, C:\\Users\\ankur.jain\\Katalon Studio\\Feedzai_Automation\\Reports\\AM_Test Suite\\20180719_113648\\1531981910178.png, C:\\Users\\ankur.jain\\Katalon Studio\\Feedzai_Automation\\Reports\\AM_Test Suite\\20180719_113648\\1531981947319.png, C:\\Users\\ankur.jain\\Katalon Studio\\Feedzai_Automation\\Reports\\AM_Test Suite\\20180719_113648\\1531981948163.png, C:\\Users\\ankur.jain\\Katalon Studio\\Feedzai_Automation\\Reports\\AM_Test Suite\\20180719_113648\\1531981985306.png, C:\\Users\\ankur.jain\\Katalon Studio\\Feedzai_Automation\\Reports\\AM_Test Suite\\20180719_113648\\1531982023163.png, C:\\Users\\ankur.jain\\Katalon Studio\\Feedzai_Automation\\Reports\\AM_Test Suite\\20180719_113648\\1531982061521.png, C:\\Users\\ankur.jain\\Katalon Studio\\Feedzai_Automation\\Reports\\AM_Test Suite\\20180719_113648\\1531982098733.png, C:\\Users\\ankur.jain\\Katalon Studio\\Feedzai_Automation\\Reports\\AM_Test Suite\\20180719_113648\\1531982138924.png, C:\\Users\\ankur.jain\\Katalon Studio\\Feedzai_Automation\\Reports\\AM_Test Suite\\20180719_113648\\1531982139373.png, C:\\Users\\ankur.jain\\Katalon Studio\\Feedzai_Automation\\Reports\\AM_Test Suite\\20180719_113648\\1531982176580.png, C:\\Users\\ankur.jain\\Katalon Studio\\Feedzai_Automation\\Reports\\AM_Test Suite\\20180719_113648\\1531982213701.png, C:\\Users\\ankur.jain\\Katalon Studio\\Feedzai_Automation\\Reports\\AM_Test Suite\\20180719_113648\\1531982250320.png, C:\\Users\\ankur.jain\\Katalon Studio\\Feedzai_Automation\\Reports\\AM_Test Suite\\20180719_113648\\1531982290737.png, C:\\Users\\ankur.jain\\Katalon Studio\\Feedzai_Automation\\Reports\\AM_Test Suite\\20180719_113648\\1531982328062.png, C:\\Users\\ankur.jain\\Katalon Studio\\Feedzai_Automation\\Reports\\AM_Test Suite\\20180719_113648\\1531982362977.png, C:\\Users\\ankur.jain\\Katalon Studio\\Feedzai_Automation\\Reports\\AM_Test Suite\\20180719_113648\\1531982398646.png, C:\\Users\\ankur.jain\\Katalon Studio\\Feedzai_Automation\\Reports\\AM_Test Suite\\20180719_113648\\1531982434009.png, C:\\Users\\ankur.jain\\Katalon Studio\\Feedzai_Automation\\Reports\\AM_Test Suite\\20180719_113648\\1531982468958.png, C:\\Users\\ankur.jain\\Katalon Studio\\Feedzai_Automation\\Reports\\AM_Test Suite\\20180719_113648\\1531982504370.png, C:\\Users\\ankur.jain\\Katalon Studio\\Feedzai_Automation\\Reports\\AM_Test Suite\\20180719_113648\\1531982540646.png, C:\\Users\\ankur.jain\\Katalon Studio\\Feedzai_Automation\\Reports\\AM_Test Suite\\20180719_113648\\1531982575684.png, C:\\Users\\ankur.jain\\Katalon Studio\\Feedzai_Automation\\Reports\\AM_Test Suite\\20180719_113648\\1531982610994.png, C:\\Users\\ankur.jain\\Katalon Studio\\Feedzai_Automation\\Reports\\AM_Test Suite\\20180719_113648\\1531982646011.png, C:\\Users\\ankur.jain\\Katalon Studio\\Feedzai_Automation\\Reports\\AM_Test Suite\\20180719_113648\\1531982680910.png, C:\\Users\\ankur.jain\\Katalon Studio\\Feedzai_Automation\\Reports\\AM_Test Suite\\20180719_113648\\1531982716551.png, C:\\Users\\ankur.jain\\Katalon Studio\\Feedzai_Automation\\Reports\\AM_Test Suite\\20180719_113648\\1531982751367.png, C:\\Users\\ankur.jain\\Katalon Studio\\Feedzai_Automation\\Reports\\AM_Test Suite\\20180719_113648\\1531982786310.png, C:\\Users\\ankur.jain\\Katalon Studio\\Feedzai_Automation\\Reports\\AM_Test Suite\\20180719_113648\\1531982826450.png, C:\\Users\\ankur.jain\\Katalon Studio\\Feedzai_Automation\\Reports\\AM_Test Suite\\20180719_113648\\1531982861541.png, C:\\Users\\ankur.jain\\Katalon Studio\\Feedzai_Automation\\Reports\\AM_Test Suite\\20180719_113648\\1531982896207.png, C:\\Users\\ankur.jain\\Katalon Studio\\Feedzai_Automation\\Reports\\AM_Test Suite\\20180719_113648\\1531982931414.png, C:\\Users\\ankur.jain\\Katalon Studio\\Feedzai_Automation\\Reports\\AM_Test Suite\\20180719_113648\\1531982966562.png, C:\\Users\\ankur.jain\\Katalon Studio\\Feedzai_Automation\\Reports\\AM_Test Suite\\20180719_113648\\1531983001533.png, C:\\Users\\ankur.jain\\Katalon Studio\\Feedzai_Automation\\Reports\\AM_Test Suite\\20180719_113648\\1531983036943.png, C:\\Users\\ankur.jain\\Katalon Studio\\Feedzai_Automation\\Reports\\AM_Test Suite\\20180719_113648\\1531983071798.png, C:\\Users\\ankur.jain\\Katalon Studio\\Feedzai_Automation\\Reports\\AM_Test Suite\\20180719_113648\\1531983072194.png, C:\\Users\\ankur.jain\\Katalon Studio\\Feedzai_Automation\\Reports\\AM_Test Suite\\20180719_113648\\1531983107556.png, C:\\Users\\ankur.jain\\Katalon Studio\\Feedzai_Automation\\Reports\\AM_Test Suite\\20180719_113648\\1531983144340.png, C:\\Users\\ankur.jain\\Katalon Studio\\Feedzai_Automation\\Reports\\AM_Test Suite\\20180719_113648\\1531983181415.png, C:\\Users\\ankur.jain\\Katalon Studio\\Feedzai_Automation\\Reports\\AM_Test Suite\\20180719_113648\\1531983218782.png, C:\\Users\\ankur.jain\\Katalon Studio\\Feedzai_Automation\\Reports\\AM_Test Suite\\20180719_113648\\1531983253542.png, C:\\Users\\ankur.jain\\Katalon Studio\\Feedzai_Automation\\Reports\\AM_Test Suite\\20180719_113648\\1531983288807.png, C:\\Users\\ankur.jain\\Katalon Studio\\Feedzai_Automation\\Reports\\AM_Test Suite\\20180719_113648\\1531983324410.png, C:\\Users\\ankur.jain\\Katalon Studio\\Feedzai_Automation\\Reports\\AM_Test Suite\\20180719_113648\\1531983359404.png, C:\\Users\\ankur.jain\\Katalon Studio\\Feedzai_Automation\\Reports\\AM_Test Suite\\20180719_113648\\1531983394253.png, C:\\Users\\ankur.jain\\Katalon Studio\\Feedzai_Automation\\Reports\\AM_Test Suite\\20180719_113648\\1531983428275.png, C:\\Users\\ankur.jain\\Katalon Studio\\Feedzai_Automation\\Reports\\AM_Test Suite\\20180719_113648\\1531983463068.png, C:\\Users\\ankur.jain\\Katalon Studio\\Feedzai_Automation\\Reports\\AM_Test Suite\\20180719_113648\\1531983465538.png, C:\\Users\\ankur.jain\\Katalon Studio\\Feedzai_Automation\\Reports\\AM_Test Suite\\20180719_113648\\1531983501228.png, C:\\Users\\ankur.jain\\Katalon Studio\\Feedzai_Automation\\Reports\\AM_Test Suite\\20180719_113648\\1531983538190.png, C:\\Users\\ankur.jain\\Katalon Studio\\Feedzai_Automation\\Reports\\AM_Test Suite\\20180719_113648\\1531983575298.png, C:\\Users\\ankur.jain\\Katalon Studio\\Feedzai_Automation\\Reports\\AM_Test Suite\\20180719_113648\\1531983612373.png, C:\\Users\\ankur.jain\\Katalon Studio\\Feedzai_Automation\\Reports\\AM_Test Suite\\20180719_113648\\1531983612763.png, C:\\Users\\ankur.jain\\Katalon Studio\\Feedzai_Automation\\Reports\\AM_Test Suite\\20180719_113648\\1531983648435.png, C:\\Users\\ankur.jain\\Katalon Studio\\Feedzai_Automation\\Reports\\AM_Test Suite\\20180719_113648\\1531983685384.png, C:\\Users\\ankur.jain\\Katalon Studio\\Feedzai_Automation\\Reports\\AM_Test Suite\\20180719_113648\\1531983728524.png, C:\\Users\\ankur.jain\\Katalon Studio\\Feedzai_Automation\\Reports\\AM_Test Suite\\20180719_113648\\1531983765366.png, C:\\Users\\ankur.jain\\Katalon Studio\\Feedzai_Automation\\Reports\\AM_Test Suite\\20180719_113648\\1531983800255.png, C:\\Users\\ankur.jain\\Katalon Studio\\Feedzai_Automation\\Reports\\AM_Test Suite\\20180719_113648\\1531983835290.png, C:\\Users\\ankur.jain\\Katalon Studio\\Feedzai_Automation\\Reports\\AM_Test Suite\\20180719_113648\\1531983870414.png, C:\\Users\\ankur.jain\\Katalon Studio\\Feedzai_Automation\\Reports\\AM_Test Suite\\20180719_113648\\1531983905611.png, C:\\Users\\ankur.jain\\Katalon Studio\\Feedzai_Automation\\Reports\\AM_Test Suite\\20180719_113648\\1531983940739.png, C:\\Users\\ankur.jain\\Katalon Studio\\Feedzai_Automation\\Reports\\AM_Test Suite\\20180719_113648\\1531983975997.png, C:\\Users\\ankur.jain\\Katalon Studio\\Feedzai_Automation\\Reports\\AM_Test Suite\\20180719_113648\\1531984011079.png, C:\\Users\\ankur.jain\\Katalon Studio\\Feedzai_Automation\\Reports\\AM_Test Suite\\20180719_113648\\1531984013641.png, C:\\Users\\ankur.jain\\Katalon Studio\\Feedzai_Automation\\Reports\\AM_Test Suite\\20180719_113648\\1531984049273.png, C:\\Users\\ankur.jain\\Katalon Studio\\Feedzai_Automation\\Reports\\AM_Test Suite\\20180719_113648\\1531984086557.png, C:\\Users\\ankur.jain\\Katalon Studio\\Feedzai_Automation\\Reports\\AM_Test Suite\\20180719_113648\\1531984086962.png, C:\\Users\\ankur.jain\\Katalon Studio\\Feedzai_Automation\\Reports\\AM_Test Suite\\20180719_113648\\1531984122207.png, C:\\Users\\ankur.jain\\Katalon Studio\\Feedzai_Automation\\Reports\\AM_Test Suite\\20180719_113648\\1531984157382.png, C:\\Users\\ankur.jain\\Katalon Studio\\Feedzai_Automation\\Reports\\AM_Test Suite\\20180719_113648\\1531984192146.png, C:\\Users\\ankur.jain\\Katalon Studio\\Feedzai_Automation\\Reports\\AM_Test Suite\\20180719_113648\\1531984229539.png, C:\\Users\\ankur.jain\\Katalon Studio\\Feedzai_Automation\\Reports\\AM_Test Suite\\20180719_113648\\1531984264392.png, C:\\Users\\ankur.jain\\Katalon Studio\\Feedzai_Automation\\Reports\\AM_Test Suite\\20180719_113648\\1531984299445.png, C:\\Users\\ankur.jain\\Katalon Studio\\Feedzai_Automation\\Reports\\AM_Test Suite\\20180719_113648\\1531984336664.png, C:\\Users\\ankur.jain\\Katalon Studio\\Feedzai_Automation\\Reports\\AM_Test Suite\\20180719_113648\\1531984373716.png, C:\\Users\\ankur.jain\\Katalon Studio\\Feedzai_Automation\\Reports\\AM_Test Suite\\20180719_113648\\1531984408962.png, C:\\Users\\ankur.jain\\Katalon Studio\\Feedzai_Automation\\Reports\\AM_Test Suite\\20180719_113648\\1531984409372.png, C:\\Users\\ankur.jain\\Katalon Studio\\Feedzai_Automation\\Reports\\AM_Test Suite\\20180719_113648\\1531984444166.png, C:\\Users\\ankur.jain\\Katalon Studio\\Feedzai_Automation\\Reports\\AM_Test Suite\\20180719_113648\\1531984493519.png, C:\\Users\\ankur.jain\\Katalon Studio\\Feedzai_Automation\\Reports\\AM_Test Suite\\20180719_113648\\1531984528271.png, C:\\Users\\ankur.jain\\Katalon Studio\\Feedzai_Automation\\Reports\\AM_Test Suite\\20180719_113648\\1531984567596.png, C:\\Users\\ankur.jain\\Katalon Studio\\Feedzai_Automation\\Reports\\AM_Test Suite\\20180719_113648\\1531984604722.png, C:\\Users\\ankur.jain\\Katalon Studio\\Feedzai_Automation\\Reports\\AM_Test Suite\\20180719_113648\\1531984639003.png, C:\\Users\\ankur.jain\\Katalon Studio\\Feedzai_Automation\\Reports\\AM_Test Suite\\20180719_113648\\1531984678591.png, C:\\Users\\ankur.jain\\Katalon Studio\\Feedzai_Automation\\Reports\\AM_Test Suite\\20180719_113648\\1531984718470.png, C:\\Users\\ankur.jain\\Katalon Studio\\Feedzai_Automation\\Reports\\AM_Test Suite\\20180719_113648\\1531984752712.png, C:\\Users\\ankur.jain\\Katalon Studio\\Feedzai_Automation\\Reports\\AM_Test Suite\\20180719_113648\\1531984787558.png, C:\\Users\\ankur.jain\\Katalon Studio\\Feedzai_Automation\\Reports\\AM_Test Suite\\20180719_113648\\1531984787961.png, C:\\Users\\ankur.jain\\Katalon Studio\\Feedzai_Automation\\Reports\\AM_Test Suite\\20180719_113648\\1531984828766.png, C:\\Users\\ankur.jain\\Katalon Studio\\Feedzai_Automation\\Reports\\AM_Test Suite\\20180719_113648\\1531984868835.png, C:\\Users\\ankur.jain\\Katalon Studio\\Feedzai_Automation\\Reports\\AM_Test Suite\\20180719_113648\\1531984909199.png, C:\\Users\\ankur.jain\\Katalon Studio\\Feedzai_Automation\\Reports\\AM_Test Suite\\20180719_113648\\1531984945212.png, C:\\Users\\ankur.jain\\Katalon Studio\\Feedzai_Automation\\Reports\\AM_Test Suite\\20180719_113648\\1531984978708.png, C:\\Users\\ankur.jain\\Katalon Studio\\Feedzai_Automation\\Reports\\AM_Test Suite\\20180719_113648\\1531985017612.png, C:\\Users\\ankur.jain\\Katalon Studio\\Feedzai_Automation\\Reports\\AM_Test Suite\\20180719_113648\\1531985061275.png, C:\\Users\\ankur.jain\\Katalon Studio\\Feedzai_Automation\\Reports\\AM_Test Suite\\20180719_113648\\1531985096207.png, C:\\Users\\ankur.jain\\Katalon Studio\\Feedzai_Automation\\Reports\\AM_Test Suite\\20180719_113648\\1531985131063.png, C:\\Users\\ankur.jain\\Katalon Studio\\Feedzai_Automation\\Reports\\AM_Test Suite\\20180719_113648\\1531985131467.png, C:\\Users\\ankur.jain\\Katalon Studio\\Feedzai_Automation\\Reports\\AM_Test Suite\\20180719_113648\\1531985172887.png, C:\\Users\\ankur.jain\\Katalon Studio\\Feedzai_Automation\\Reports\\AM_Test Suite\\20180719_113648\\1531985207213.png, C:\\Users\\ankur.jain\\Katalon Studio\\Feedzai_Automation\\Reports\\AM_Test Suite\\20180719_113648\\1531985246362.png, C:\\Users\\ankur.jain\\Katalon Studio\\Feedzai_Automation\\Reports\\AM_Test Suite\\20180719_113648\\1531985282144.png, C:\\Users\\ankur.jain\\Katalon Studio\\Feedzai_Automation\\Reports\\AM_Test Suite\\20180719_113648\\1531985316198.png, C:\\Users\\ankur.jain\\Katalon Studio\\Feedzai_Automation\\Reports\\AM_Test Suite\\20180719_113648\\1531985364948.png, C:\\Users\\ankur.jain\\Katalon Studio\\Feedzai_Automation\\Reports\\AM_Test Suite\\20180719_113648\\1531985409949.png, C:\\Users\\ankur.jain\\Katalon Studio\\Feedzai_Automation\\Reports\\AM_Test Suite\\20180719_113648\\1531985445068.png, C:\\Users\\ankur.jain\\Katalon Studio\\Feedzai_Automation\\Reports\\AM_Test Suite\\20180719_113648\\1531985445531.png, C:\\Users\\ankur.jain\\Katalon Studio\\Feedzai_Automation\\Reports\\AM_Test Suite\\20180719_113648\\1531985493278.png, C:\\Users\\ankur.jain\\Katalon Studio\\Feedzai_Automation\\Reports\\AM_Test Suite\\20180719_113648\\1531985530467.png, C:\\Users\\ankur.jain\\Katalon Studio\\Feedzai_Automation\\Reports\\AM_Test Suite\\20180719_113648\\1531985566934.png, C:\\Users\\ankur.jain\\Katalon Studio\\Feedzai_Automation\\Reports\\AM_Test Suite\\20180719_113648\\1531985601780.png, C:\\Users\\ankur.jain\\Katalon Studio\\Feedzai_Automation\\Reports\\AM_Test Suite\\20180719_113648\\1531985636830.png, C:\\Users\\ankur.jain\\Katalon Studio\\Feedzai_Automation\\Reports\\AM_Test Suite\\20180719_113648\\1531985674009.png, C:\\Users\\ankur.jain\\Katalon Studio\\Feedzai_Automation\\Reports\\AM_Test Suite\\20180719_113648\\1531985710987.png, C:\\Users\\ankur.jain\\Katalon Studio\\Feedzai_Automation\\Reports\\AM_Test Suite\\20180719_113648\\1531985746291.png, C:\\Users\\ankur.jain\\Katalon Studio\\Feedzai_Automation\\Reports\\AM_Test Suite\\20180719_113648\\1531985746758.png, C:\\Users\\ankur.jain\\Katalon Studio\\Feedzai_Automation\\Reports\\AM_Test Suite\\20180719_113648\\1531985781923.png, C:\\Users\\ankur.jain\\Katalon Studio\\Feedzai_Automation\\Reports\\AM_Test Suite\\20180719_113648\\1531985829466.png, C:\\Users\\ankur.jain\\Katalon Studio\\Feedzai_Automation\\Reports\\AM_Test Suite\\20180719_113648\\1531985864428.png, C:\\Users\\ankur.jain\\Katalon Studio\\Feedzai_Automation\\Reports\\AM_Test Suite\\20180719_113648\\1531985904563.png, C:\\Users\\ankur.jain\\Katalon Studio\\Feedzai_Automation\\Reports\\AM_Test Suite\\20180719_113648\\1531985941552.png, C:\\Users\\ankur.jain\\Katalon Studio\\Feedzai_Automation\\Reports\\AM_Test Suite\\20180719_113648\\1531985976584.png, C:\\Users\\ankur.jain\\Katalon Studio\\Feedzai_Automation\\Reports\\AM_Test Suite\\20180719_113648\\1531986023725.png, C:\\Users\\ankur.jain\\Katalon Studio\\Feedzai_Automation\\Reports\\AM_Test Suite\\20180719_113648\\1531986062901.png, C:\\Users\\ankur.jain\\Katalon Studio\\Feedzai_Automation\\Reports\\AM_Test Suite\\20180719_113648\\1531986097861.png, C:\\Users\\ankur.jain\\Katalon Studio\\Feedzai_Automation\\Reports\\AM_Test Suite\\20180719_113648\\1531986132901.png, C:\\Users\\ankur.jain\\Katalon Studio\\Feedzai_Automation\\Reports\\AM_Test Suite\\20180719_113648\\1531986133372.png, C:\\Users\\ankur.jain\\Katalon Studio\\Feedzai_Automation\\Reports\\AM_Test Suite\\20180719_113648\\1531986174931.png, C:\\Users\\ankur.jain\\Katalon Studio\\Feedzai_Automation\\Reports\\AM_Test Suite\\20180719_113648\\1531986209616.png, C:\\Users\\ankur.jain\\Katalon Studio\\Feedzai_Automation\\Reports\\AM_Test Suite\\20180719_113648\\1531986246585.png, C:\\Users\\ankur.jain\\Katalon Studio\\Feedzai_Automation\\Reports\\AM_Test Suite\\20180719_113648\\1531986281631.png, C:\\Users\\ankur.jain\\Katalon Studio\\Feedzai_Automation\\Reports\\AM_Test Suite\\20180719_113648\\1531986316339.png, C:\\Users\\ankur.jain\\Katalon Studio\\Feedzai_Automation\\Reports\\AM_Test Suite\\20180719_113648\\1531986353406.png, C:\\Users\\ankur.jain\\Katalon Studio\\Feedzai_Automation\\Reports\\AM_Test Suite\\20180719_113648\\1531986390263.png, C:\\Users\\ankur.jain\\Katalon Studio\\Feedzai_Automation\\Reports\\AM_Test Suite\\20180719_113648\\1531986425356.png, C:\\Users\\ankur.jain\\Katalon Studio\\Feedzai_Automation\\Reports\\AM_Test Suite\\20180719_113648\\1531986461070.png, C:\\Users\\ankur.jain\\Katalon Studio\\Feedzai_Automation\\Reports\\AM_Test Suite\\20180719_113648\\1531986496062.png, C:\\Users\\ankur.jain\\Katalon Studio\\Feedzai_Automation\\Reports\\AM_Test Suite\\20180719_113648\\1531986533093.png, C:\\Users\\ankur.jain\\Katalon Studio\\Feedzai_Automation\\Reports\\AM_Test Suite\\20180719_113648\\1531986568129.png, C:\\Users\\ankur.jain\\Katalon Studio\\Feedzai_Automation\\Reports\\AM_Test Suite\\20180719_113648\\1531986602804.png, C:\\Users\\ankur.jain\\Katalon Studio\\Feedzai_Automation\\Reports\\AM_Test Suite\\20180719_113648\\1531986639802.png, C:\\Users\\ankur.jain\\Katalon Studio\\Feedzai_Automation\\Reports\\AM_Test Suite\\20180719_113648\\1531986676831.png, C:\\Users\\ankur.jain\\Katalon Studio\\Feedzai_Automation\\Reports\\AM_Test Suite\\20180719_113648\\1531986710028.png, C:\\Users\\ankur.jain\\Katalon Studio\\Feedzai_Automation\\Reports\\AM_Test Suite\\20180719_113648\\1531986710402.png, C:\\Users\\ankur.jain\\Katalon Studio\\Feedzai_Automation\\Reports\\AM_Test Suite\\20180719_113648\\1531986743244.png, C:\\Users\\ankur.jain\\Katalon Studio\\Feedzai_Automation\\Reports\\AM_Test Suite\\20180719_113648\\1531986788298.png, C:\\Users\\ankur.jain\\Katalon Studio\\Feedzai_Automation\\Reports\\AM_Test Suite\\20180719_113648\\1531986820038.png, C:\\Users\\ankur.jain\\Katalon Studio\\Feedzai_Automation\\Reports\\AM_Test Suite\\20180719_113648\\1531986854173.png, C:\\Users\\ankur.jain\\Katalon Studio\\Feedzai_Automation\\Reports\\AM_Test Suite\\20180719_113648\\1531986886876.png, C:\\Users\\ankur.jain\\Katalon Studio\\Feedzai_Automation\\Reports\\AM_Test Suite\\20180719_113648\\1531986920310.png, C:\\Users\\ankur.jain\\Katalon Studio\\Feedzai_Automation\\Reports\\AM_Test Suite\\20180719_113648\\1531986955952.png, C:\\Users\\ankur.jain\\Katalon Studio\\Feedzai_Automation\\Reports\\AM_Test Suite\\20180719_113648\\1531986994185.png, C:\\Users\\ankur.jain\\Katalon Studio\\Feedzai_Automation\\Reports\\AM_Test Suite\\20180719_113648\\1531987027972.png, C:\\Users\\ankur.jain\\Katalon Studio\\Feedzai_Automation\\Reports\\AM_Test Suite\\20180719_113648\\1531987028351.png, C:\\Users\\ankur.jain\\Katalon Studio\\Feedzai_Automation\\Reports\\AM_Test Suite\\20180719_113648\\1531987061892.png, C:\\Users\\ankur.jain\\Katalon Studio\\Feedzai_Automation\\Reports\\AM_Test Suite\\20180719_113648\\1531987108242.png, C:\\Users\\ankur.jain\\Katalon Studio\\Feedzai_Automation\\Reports\\AM_Test Suite\\20180719_113648\\1531987143789.png, C:\\Users\\ankur.jain\\Katalon Studio\\Feedzai_Automation\\Reports\\AM_Test Suite\\20180719_113648\\1531987181439.png, C:\\Users\\ankur.jain\\Katalon Studio\\Feedzai_Automation\\Reports\\AM_Test Suite\\20180719_113648\\1531987217342.png, C:\\Users\\ankur.jain\\Katalon Studio\\Feedzai_Automation\\Reports\\AM_Test Suite\\20180719_113648\\1531987251329.png, C:\\Users\\ankur.jain\\Katalon Studio\\Feedzai_Automation\\Reports\\AM_Test Suite\\20180719_113648\\1531987287063.png, C:\\Users\\ankur.jain\\Katalon Studio\\Feedzai_Automation\\Reports\\AM_Test Suite\\20180719_113648\\1531987322869.png, C:\\Users\\ankur.jain\\Katalon Studio\\Feedzai_Automation\\Reports\\AM_Test Suite\\20180719_113648\\1531987355705.png, C:\\Users\\ankur.jain\\Katalon Studio\\Feedzai_Automation\\Reports\\AM_Test Suite\\20180719_113648\\1531987356044.png, C:\\Users\\ankur.jain\\Katalon Studio\\Feedzai_Automation\\Reports\\AM_Test Suite\\20180719_113648\\1531987389138.png, C:\\Users\\ankur.jain\\Katalon Studio\\Feedzai_Automation\\Reports\\AM_Test Suite\\20180719_113648\\1531987422892.png, C:\\Users\\ankur.jain\\Katalon Studio\\Feedzai_Automation\\Reports\\AM_Test Suite\\20180719_113648\\1531987471889.png, C:\\Users\\ankur.jain\\Katalon Studio\\Feedzai_Automation\\Reports\\AM_Test Suite\\20180719_113648\\1531987505437.png, C:\\Users\\ankur.jain\\Katalon Studio\\Feedzai_Automation\\Reports\\AM_Test Suite\\20180719_113648\\1531987541103.png, C:\\Users\\ankur.jain\\Katalon Studio\\Feedzai_Automation\\Reports\\AM_Test Suite\\20180719_113648\\1531987576765.png, C:\\Users\\ankur.jain\\Katalon Studio\\Feedzai_Automation\\Reports\\AM_Test Suite\\20180719_113648\\1531987610540.png, C:\\Users\\ankur.jain\\Katalon Studio\\Feedzai_Automation\\Reports\\AM_Test Suite\\20180719_113648\\1531987646173.png, C:\\Users\\ankur.jain\\Katalon Studio\\Feedzai_Automation\\Reports\\AM_Test Suite\\20180719_113648\\1531987681789.png, C:\\Users\\ankur.jain\\Katalon Studio\\Feedzai_Automation\\Reports\\AM_Test Suite\\20180719_113648\\1531987715501.png, C:\\Users\\ankur.jain\\Katalon Studio\\Feedzai_Automation\\Reports\\AM_Test Suite\\20180719_113648\\1531987715881.png, C:\\Users\\ankur.jain\\Katalon Studio\\Feedzai_Automation\\Reports\\AM_Test Suite\\20180719_113648\\1531987749464.png, C:\\Users\\ankur.jain\\Katalon Studio\\Feedzai_Automation\\Reports\\AM_Test Suite\\20180719_113648\\1531987783255.png, C:\\Users\\ankur.jain\\Katalon Studio\\Feedzai_Automation\\Reports\\AM_Test Suite\\20180719_113648\\1531987829696.png, C:\\Users\\ankur.jain\\Katalon Studio\\Feedzai_Automation\\Reports\\AM_Test Suite\\20180719_113648\\1531987862622.png, C:\\Users\\ankur.jain\\Katalon Studio\\Feedzai_Automation\\Reports\\AM_Test Suite\\20180719_113648\\1531987897236.png, C:\\Users\\ankur.jain\\Katalon Studio\\Feedzai_Automation\\Reports\\AM_Test Suite\\20180719_113648\\1531987931650.png, C:\\Users\\ankur.jain\\Katalon Studio\\Feedzai_Automation\\Reports\\AM_Test Suite\\20180719_113648\\1531987964181.png, C:\\Users\\ankur.jain\\Katalon Studio\\Feedzai_Automation\\Reports\\AM_Test Suite\\20180719_113648\\1531987998690.png, C:\\Users\\ankur.jain\\Katalon Studio\\Feedzai_Automation\\Reports\\AM_Test Suite\\20180719_113648\\1531988033144.png, C:\\Users\\ankur.jain\\Katalon Studio\\Feedzai_Automation\\Reports\\AM_Test Suite\\20180719_113648\\1531988065006.png, C:\\Users\\ankur.jain\\Katalon Studio\\Feedzai_Automation\\Reports\\AM_Test Suite\\20180719_113648\\1531988065361.png, C:\\Users\\ankur.jain\\Katalon Studio\\Feedzai_Automation\\Reports\\AM_Test Suite\\20180719_113648\\1531988097414.png, C:\\Users\\ankur.jain\\Katalon Studio\\Feedzai_Automation\\Reports\\AM_Test Suite\\20180719_113648\\1531988129418.png, C:\\Users\\ankur.jain\\Katalon Studio\\Feedzai_Automation\\Reports\\AM_Test Suite\\20180719_113648\\1531988174666.png, C:\\Users\\ankur.jain\\Katalon Studio\\Feedzai_Automation\\Reports\\AM_Test Suite\\20180719_113648\\1531988206527.png, C:\\Users\\ankur.jain\\Katalon Studio\\Feedzai_Automation\\Reports\\AM_Test Suite\\20180719_113648\\1531988240383.png, C:\\Users\\ankur.jain\\Katalon Studio\\Feedzai_Automation\\Reports\\AM_Test Suite\\20180719_113648\\1531988274292.png, C:\\Users\\ankur.jain\\Katalon Studio\\Feedzai_Automation\\Reports\\AM_Test Suite\\20180719_113648\\1531988306202.png, C:\\Users\\ankur.jain\\Katalon Studio\\Feedzai_Automation\\Reports\\AM_Test Suite\\20180719_113648\\1531988341103.png, C:\\Users\\ankur.jain\\Katalon Studio\\Feedzai_Automation\\Reports\\AM_Test Suite\\20180719_113648\\1531988375714.png, C:\\Users\\ankur.jain\\Katalon Studio\\Feedzai_Automation\\Reports\\AM_Test Suite\\20180719_113648\\1531988408251.png, C:\\Users\\ankur.jain\\Katalon Studio\\Feedzai_Automation\\Reports\\AM_Test Suite\\20180719_113648\\1531988408592.png, C:\\Users\\ankur.jain\\Katalon Studio\\Feedzai_Automation\\Reports\\AM_Test Suite\\20180719_113648\\1531988440688.png, C:\\Users\\ankur.jain\\Katalon Studio\\Feedzai_Automation\\Reports\\AM_Test Suite\\20180719_113648\\1531988473207.png, C:\\Users\\ankur.jain\\Katalon Studio\\Feedzai_Automation\\Reports\\AM_Test Suite\\20180719_113648\\1531988518417.png, C:\\Users\\ankur.jain\\Katalon Studio\\Feedzai_Automation\\Reports\\AM_Test Suite\\20180719_113648\\1531988551217.png, C:\\Users\\ankur.jain\\Katalon Studio\\Feedzai_Automation\\Reports\\AM_Test Suite\\20180719_113648\\1531988583816.png, C:\\Users\\ankur.jain\\Katalon Studio\\Feedzai_Automation\\Reports\\AM_Test Suite\\20180719_113648\\1531988618815.png, C:\\Users\\ankur.jain\\Katalon Studio\\Feedzai_Automation\\Reports\\AM_Test Suite\\20180719_113648\\1531988653048.png, C:\\Users\\ankur.jain\\Katalon Studio\\Feedzai_Automation\\Reports\\AM_Test Suite\\20180719_113648\\1531988685964.png, C:\\Users\\ankur.jain\\Katalon Studio\\Feedzai_Automation\\Reports\\AM_Test Suite\\20180719_113648\\1531988718965.png, C:\\Users\\ankur.jain\\Katalon Studio\\Feedzai_Automation\\Reports\\AM_Test Suite\\20180719_113648\\1531988719298.png, C:\\Users\\ankur.jain\\Katalon Studio\\Feedzai_Automation\\Reports\\AM_Test Suite\\20180719_113648\\1531988752956.png, C:\\Users\\ankur.jain\\Katalon Studio\\Feedzai_Automation\\Reports\\AM_Test Suite\\20180719_113648\\1531988786273.png, C:\\Users\\ankur.jain\\Katalon Studio\\Feedzai_Automation\\Reports\\AM_Test Suite\\20180719_113648\\1531988819432.png, C:\\Users\\ankur.jain\\Katalon Studio\\Feedzai_Automation\\Reports\\AM_Test Suite\\20180719_113648\\1531988855923.png, C:\\Users\\ankur.jain\\Katalon Studio\\Feedzai_Automation\\Reports\\AM_Test Suite\\20180719_113648\\1531988889775.png, C:\\Users\\ankur.jain\\Katalon Studio\\Feedzai_Automation\\Reports\\AM_Test Suite\\20180719_113648\\1531988890242.png, C:\\Users\\ankur.jain\\Katalon Studio\\Feedzai_Automation\\Reports\\AM_Test Suite\\20180719_113648\\1531988924383.png, C:\\Users\\ankur.jain\\Katalon Studio\\Feedzai_Automation\\Reports\\AM_Test Suite\\20180719_113648\\1531988924720.png, C:\\Users\\ankur.jain\\Katalon Studio\\Feedzai_Automation\\Reports\\AM_Test Suite\\20180719_113648\\1531988958694.png, C:\\Users\\ankur.jain\\Katalon Studio\\Feedzai_Automation\\Reports\\AM_Test Suite\\20180719_113648\\1531988992659.png, C:\\Users\\ankur.jain\\Katalon Studio\\Feedzai_Automation\\Reports\\AM_Test Suite\\20180719_113648\\1531989026513.png, C:\\Users\\ankur.jain\\Katalon Studio\\Feedzai_Automation\\Reports\\AM_Test Suite\\20180719_113648\\1531989060637.png, C:\\Users\\ankur.jain\\Katalon Studio\\Feedzai_Automation\\Reports\\AM_Test Suite\\20180719_113648\\1531989094496.png, C:\\Users\\ankur.jain\\Katalon Studio\\Feedzai_Automation\\Reports\\AM_Test Suite\\20180719_113648\\1531989128625.png, C:\\Users\\ankur.jain\\Katalon Studio\\Feedzai_Automation\\Reports\\AM_Test Suite\\20180719_113648\\1531989162111.png, C:\\Users\\ankur.jain\\Katalon Studio\\Feedzai_Automation\\Reports\\AM_Test Suite\\20180719_113648\\1531989194998.png, C:\\Users\\ankur.jain\\Katalon Studio\\Feedzai_Automation\\Reports\\AM_Test Suite\\20180719_113648\\1531989228578.png, C:\\Users\\ankur.jain\\Katalon Studio\\Feedzai_Automation\\Reports\\AM_Test Suite\\20180719_113648\\1531989262501.png, C:\\Users\\ankur.jain\\Katalon Studio\\Feedzai_Automation\\Reports\\AM_Test Suite\\20180719_113648\\1531989296162.png, C:\\Users\\ankur.jain\\Katalon Studio\\Feedzai_Automation\\Reports\\AM_Test Suite\\20180719_113648\\1531989329762.png, C:\\Users\\ankur.jain\\Katalon Studio\\Feedzai_Automation\\Reports\\AM_Test Suite\\20180719_113648\\1531989366484.png, C:\\Users\\ankur.jain\\Katalon Studio\\Feedzai_Automation\\Reports\\AM_Test Suite\\20180719_113648\\1531989400075.png"/>
         <property name="hostName" value="Ankur.Jain - LT0021232.in.ril.com"/>
         <property name="os" value="Windows 7 64bit"/>
         <property name="katalonVersion" value="5.4.2.1"/>
         <property name="browser" value="Chrome 67.0.3396.99"/>
         <property name="hostAddress" value="10.51.174.49"/>
         <property name="sessionId" value="e7ddf65cafe62e828d73583bd95fac79"/>
         <property name="seleniumVersion" value="3.7.1"/>
         <property name="proxyInformation" value="ProxyInformation{proxyOption=NO_PROXY, proxyServerType=HTTP, password=, proxyServerAddress=, proxyServerPort=0}"/>
         <property name="platform" value="Windows 7"/>
      </properties>
      <testcase name="Test Cases/Alert Manager Test Cases/Alert Manager_Login" classname="Test Cases/Alert Manager Test Cases/Alert Manager_Login" status="FAILED">
         <failure type="FAILED" message="Unable to set text 'Ankur.Jain' of object 'Object Repository/TC_01-03_AM/input' (Root cause: com.kms.katalon.core.webui.exception.WebElementNotFoundException: Web element with id: 'Object Repository/TC_01-03_AM/input' located by 'By.xpath: //input[@type = 'text' and @placeholder = 'Username']' not found)"/>
         <system-out><![CDATA[2018-07-19 11:37:05 - [TEST_CASE][FAILED] - Test Cases/Alert Manager Test Cases/Alert Manager_Login: Test Cases/Alert Manager Test Cases/Alert Manager_Login FAILED because (of) Unable to set text 'Ankur.Jain' of object 'Object Repository/TC_01-03_AM/input' (Root cause: com.kms.katalon.core.webui.exception.WebElementNotFoundException: Web element with id: 'Object Repository/TC_01-03_AM/input' located by 'By.xpath: //input[@type = 'text' and @placeholder = 'Username']' not found)

2018-07-19 11:37:06 - [TEST_STEP][PASSED] - openBrowser: Browser is opened with url: ''

2018-07-19 11:37:24 - [MESSAGE][PASSED] - Browser is opened with url: ''

2018-07-19 11:37:24 - [TEST_STEP][PASSED] - maximizeWindow: Current window maximized

2018-07-19 11:37:25 - [MESSAGE][PASSED] - Current window maximized

2018-07-19 11:37:25 - [TEST_STEP][PASSED] - navigateToUrl: Navigate to 'https://10.130.236.51/#login' successfully

2018-07-19 11:37:56 - [MESSAGE][PASSED] - Navigate to 'https://10.130.236.51/#login' successfully

2018-07-19 11:37:56 - [TEST_STEP][PASSED] - delay: Delayed 20 second(s)

2018-07-19 11:38:16 - [MESSAGE][PASSED] - Delayed 20 second(s)

2018-07-19 11:38:16 - [TEST_STEP][FAILED] - setText: Unable to set text 'Ankur.Jain' of object 'Object Repository/TC_01-03_AM/input' (Root cause: com.kms.katalon.core.webui.exception.WebElementNotFoundException: Web element with id: 'Object Repository/TC_01-03_AM/input' located by 'By.xpath: //input[@type = 'text' and @placeholder = 'Username']' not found)

2018-07-19 11:38:53 - [MESSAGE][FAILED] - Unable to set text 'Ankur.Jain' of object 'Object Repository/TC_01-03_AM/input' (Root cause: com.kms.katalon.core.webui.exception.WebElementNotFoundException: Web element with id: 'Object Repository/TC_01-03_AM/input' located by 'By.xpath: //input[@type = 'text' and @placeholder = 'Username']' not found)
[[ATTACHMENT|C:\\Users\\ankur.jain\\Katalon Studio\\Feedzai_Automation\\Reports\\AM_Test Suite\\20180719_113648\\1531980531870.png]]

2018-07-19 11:38:53 - [TEST_STEP][FAILED] - setText: Unable to set text 'Word03Pass' of object 'Object Repository/TC_01-03_AM/input_1' (Root cause: com.kms.katalon.core.webui.exception.WebElementNotFoundException: Web element with id: 'Object Repository/TC_01-03_AM/input_1' located by 'By.xpath: //input[@type = 'password' and @placeholder = 'Password']' not found)

2018-07-19 11:39:28 - [MESSAGE][FAILED] - Unable to set text 'Word03Pass' of object 'Object Repository/TC_01-03_AM/input_1' (Root cause: com.kms.katalon.core.webui.exception.WebElementNotFoundException: Web element with id: 'Object Repository/TC_01-03_AM/input_1' located by 'By.xpath: //input[@type = 'password' and @placeholder = 'Password']' not found)
[[ATTACHMENT|C:\\Users\\ankur.jain\\Katalon Studio\\Feedzai_Automation\\Reports\\AM_Test Suite\\20180719_113648\\1531980568262.png]]

2018-07-19 11:39:28 - [TEST_STEP][FAILED] - click: Unable to click on object 'Object Repository/TC_01-03_AM/button_Sign In' (Root cause: com.kms.katalon.core.webui.exception.WebElementNotFoundException: Web element with id: 'Object Repository/TC_01-03_AM/button_Sign In' located by 'By.xpath: //button[@type = 'submit' and (text() = 'Sign In' or . = 'Sign In')]' not found)

2018-07-19 11:40:04 - [MESSAGE][FAILED] - Unable to click on object 'Object Repository/TC_01-03_AM/button_Sign In' (Root cause: com.kms.katalon.core.webui.exception.WebElementNotFoundException: Web element with id: 'Object Repository/TC_01-03_AM/button_Sign In' located by 'By.xpath: //button[@type = 'submit' and (text() = 'Sign In' or . = 'Sign In')]' not found)
[[ATTACHMENT|C:\\Users\\ankur.jain\\Katalon Studio\\Feedzai_Automation\\Reports\\AM_Test Suite\\20180719_113648\\1531980603791.png]]

2018-07-19 11:40:04 - [TEST_STEP][PASSED] - delay: Delayed 2 second(s)

2018-07-19 11:40:06 - [MESSAGE][PASSED] - Delayed 2 second(s)

2018-07-19 11:40:06 - [TEST_STEP][PASSED] - comment: Alert Manager Login Sucesfully]]></system-out>
         <system-err><![CDATA[2018-07-19 11:37:05 - [TEST_CASE][FAILED] - Test Cases/Alert Manager Test Cases/Alert Manager_Login: Test Cases/Alert Manager Test Cases/Alert Manager_Login FAILED because (of) Unable to set text 'Ankur.Jain' of object 'Object Repository/TC_01-03_AM/input' (Root cause: com.kms.katalon.core.webui.exception.WebElementNotFoundException: Web element with id: 'Object Repository/TC_01-03_AM/input' located by 'By.xpath: //input[@type = 'text' and @placeholder = 'Username']' not found)]]></system-err>
      </testcase>
      <testcase name="Test Cases/Alert Manager Test Cases/Alert Manager_View Alert/TC01_Mark Alert Not Fraud" classname="Test Cases/Alert Manager Test Cases/Alert Manager_View Alert/TC01_Mark Alert Not Fraud" status="FAILED">
         <failure type="FAILED" message="Unable to click on object 'Object Repository/TC_01-03_AM/a_Merchant' (Root cause: com.kms.katalon.core.webui.exception.WebElementNotFoundException: Web element with id: 'Object Repository/TC_01-03_AM/a_Merchant' located by 'By.xpath: //a[@href = '#merchant' and (text() = 'Merchant' or . = 'Merchant')]' not found)"/>
         <system-out><![CDATA[2018-07-19 11:40:06 - [TEST_CASE][FAILED] - Test Cases/Alert Manager Test Cases/Alert Manager_View Alert/TC01_Mark Alert Not Fraud: Test Cases/Alert Manager Test Cases/Alert Manager_View Alert/TC01_Mark Alert Not Fraud FAILED because (of) Unable to click on object 'Object Repository/TC_01-03_AM/a_Merchant' (Root cause: com.kms.katalon.core.webui.exception.WebElementNotFoundException: Web element with id: 'Object Repository/TC_01-03_AM/a_Merchant' located by 'By.xpath: //a[@href = '#merchant' and (text() = 'Merchant' or . = 'Merchant')]' not found)

2018-07-19 11:40:07 - [TEST_STEP][FAILED] - click: Unable to click on object 'Object Repository/TC_01-03_AM/a_Merchant' (Root cause: com.kms.katalon.core.webui.exception.WebElementNotFoundException: Web element with id: 'Object Repository/TC_01-03_AM/a_Merchant' located by 'By.xpath: //a[@href = '#merchant' and (text() = 'Merchant' or . = 'Merchant')]' not found)

2018-07-19 11:40:42 - [MESSAGE][FAILED] - Unable to click on object 'Object Repository/TC_01-03_AM/a_Merchant' (Root cause: com.kms.katalon.core.webui.exception.WebElementNotFoundException: Web element with id: 'Object Repository/TC_01-03_AM/a_Merchant' located by 'By.xpath: //a[@href = '#merchant' and (text() = 'Merchant' or . = 'Merchant')]' not found)
[[ATTACHMENT|C:\\Users\\ankur.jain\\Katalon Studio\\Feedzai_Automation\\Reports\\AM_Test Suite\\20180719_113648\\1531980641351.png]]

2018-07-19 11:40:42 - [TEST_STEP][FAILED] - click: Unable to click on object 'Object Repository/TC_01-03_AM/a_Alerts' (Root cause: com.kms.katalon.core.webui.exception.WebElementNotFoundException: Web element with id: 'Object Repository/TC_01-03_AM/a_Alerts' located by 'By.xpath: //a[@href = '#alerts' and (text() = '
                    
                    Alerts
                ' or . = '
                    
                    Alerts
                ')]' not found)

2018-07-19 11:41:18 - [MESSAGE][FAILED] - Unable to click on object 'Object Repository/TC_01-03_AM/a_Alerts' (Root cause: com.kms.katalon.core.webui.exception.WebElementNotFoundException: Web element with id: 'Object Repository/TC_01-03_AM/a_Alerts' located by 'By.xpath: //a[@href = '#alerts' and (text() = '
                    
                    Alerts
                ' or . = '
                    
                    Alerts
                ')]' not found)
[[ATTACHMENT|C:\\Users\\ankur.jain\\Katalon Studio\\Feedzai_Automation\\Reports\\AM_Test Suite\\20180719_113648\\1531980676758.png]]

2018-07-19 11:41:18 - [TEST_STEP][FAILED] - click: Unable to click on object 'Object Repository/TC_01-03_AM/i_glyphicon glyphicon-ok' (Root cause: com.kms.katalon.core.webui.exception.WebElementNotFoundException: Web element with id: 'Object Repository/TC_01-03_AM/i_glyphicon glyphicon-ok' located by 'By.xpath: //i[@class = 'glyphicon glyphicon-ok']' not found)

2018-07-19 11:41:53 - [MESSAGE][FAILED] - Unable to click on object 'Object Repository/TC_01-03_AM/i_glyphicon glyphicon-ok' (Root cause: com.kms.katalon.core.webui.exception.WebElementNotFoundException: Web element with id: 'Object Repository/TC_01-03_AM/i_glyphicon glyphicon-ok' located by 'By.xpath: //i[@class = 'glyphicon glyphicon-ok']' not found)
[[ATTACHMENT|C:\\Users\\ankur.jain\\Katalon Studio\\Feedzai_Automation\\Reports\\AM_Test Suite\\20180719_113648\\1531980712789.png]]

2018-07-19 11:41:53 - [TEST_STEP][FAILED] - setText: Unable to set text 'Not Fraud' of object 'Object Repository/TC_01-03_AM/textarea_observation' (Root cause: com.kms.katalon.core.webui.exception.WebElementNotFoundException: Web element with id: 'Object Repository/TC_01-03_AM/textarea_observation' located by 'By.xpath: /html[1]/body[@class="modal-open"]/div[@class="modal fade fdz-js-alerts-modal-box in"]/div[@class="modal-dialog"]/div[@class="modal-content"]/div[@class="modal-body"]/div[@class="form-group fdz-js-observation-field"]/textarea[@class="form-control"][count(. | //textarea[@name = 'observation' and @placeholder = 'Enter observation.']) = count(//textarea[@name = 'observation' and @placeholder = 'Enter observation.'])]' not found)

2018-07-19 11:42:28 - [MESSAGE][FAILED] - Unable to set text 'Not Fraud' of object 'Object Repository/TC_01-03_AM/textarea_observation' (Root cause: com.kms.katalon.core.webui.exception.WebElementNotFoundException: Web element with id: 'Object Repository/TC_01-03_AM/textarea_observation' located by 'By.xpath: /html[1]/body[@class="modal-open"]/div[@class="modal fade fdz-js-alerts-modal-box in"]/div[@class="modal-dialog"]/div[@class="modal-content"]/div[@class="modal-body"]/div[@class="form-group fdz-js-observation-field"]/textarea[@class="form-control"][count(. | //textarea[@name = 'observation' and @placeholder = 'Enter observation.']) = count(//textarea[@name = 'observation' and @placeholder = 'Enter observation.'])]' not found)
[[ATTACHMENT|C:\\Users\\ankur.jain\\Katalon Studio\\Feedzai_Automation\\Reports\\AM_Test Suite\\20180719_113648\\1531980748423.png]]

2018-07-19 11:42:29 - [TEST_STEP][FAILED] - click: Unable to click on object 'Object Repository/TC_01-03_AM/button_Not Fraud' (Root cause: com.kms.katalon.core.webui.exception.WebElementNotFoundException: Web element with id: 'Object Repository/TC_01-03_AM/button_Not Fraud' located by 'By.xpath: //button[@type = 'button' and (text() = 'Not Fraud' or . = 'Not Fraud')]' not found)

2018-07-19 11:43:03 - [MESSAGE][FAILED] - Unable to click on object 'Object Repository/TC_01-03_AM/button_Not Fraud' (Root cause: com.kms.katalon.core.webui.exception.WebElementNotFoundException: Web element with id: 'Object Repository/TC_01-03_AM/button_Not Fraud' located by 'By.xpath: //button[@type = 'button' and (text() = 'Not Fraud' or . = 'Not Fraud')]' not found)
[[ATTACHMENT|C:\\Users\\ankur.jain\\Katalon Studio\\Feedzai_Automation\\Reports\\AM_Test Suite\\20180719_113648\\1531980783301.png]]

2018-07-19 11:43:03 - [TEST_STEP][FAILED] - Statement - text = com.kms.katalon.core.webui.keyword.WebUiBuiltInKeywords.getText(com.kms.katalon.core.testobject.ObjectRepository.findTestObject(TC_01-03_AM/Sucess Message)): Unable to get text of object 'Object Repository/TC_01-03_AM/Sucess Message' (Root cause: com.kms.katalon.core.webui.exception.WebElementNotFoundException: Web element with id: 'Object Repository/TC_01-03_AM/Sucess Message' located by 'By.xpath: /html/body/div[1]/div[1]/div[3]' not found)

2018-07-19 11:43:38 - [MESSAGE][FAILED] - Unable to get text of object 'Object Repository/TC_01-03_AM/Sucess Message' (Root cause: com.kms.katalon.core.webui.exception.WebElementNotFoundException: Web element with id: 'Object Repository/TC_01-03_AM/Sucess Message' located by 'By.xpath: /html/body/div[1]/div[1]/div[3]' not found)
[[ATTACHMENT|C:\\Users\\ankur.jain\\Katalon Studio\\Feedzai_Automation\\Reports\\AM_Test Suite\\20180719_113648\\1531980818342.png]]

2018-07-19 11:43:38 - [TEST_STEP][PASSED] - Statement - If (text.contains("Not Fraud")): null]]></system-out>
         <system-err><![CDATA[2018-07-19 11:40:06 - [TEST_CASE][FAILED] - Test Cases/Alert Manager Test Cases/Alert Manager_View Alert/TC01_Mark Alert Not Fraud: Test Cases/Alert Manager Test Cases/Alert Manager_View Alert/TC01_Mark Alert Not Fraud FAILED because (of) Unable to click on object 'Object Repository/TC_01-03_AM/a_Merchant' (Root cause: com.kms.katalon.core.webui.exception.WebElementNotFoundException: Web element with id: 'Object Repository/TC_01-03_AM/a_Merchant' located by 'By.xpath: //a[@href = '#merchant' and (text() = 'Merchant' or . = 'Merchant')]' not found)]]></system-err>
      </testcase>
      <testcase name="Test Cases/Alert Manager Test Cases/Alert Manager_View Alert/TC02_Mark Alert Fraud" classname="Test Cases/Alert Manager Test Cases/Alert Manager_View Alert/TC02_Mark Alert Fraud" status="FAILED">
         <failure type="FAILED" message="Unable to click on object 'Object Repository/TC_01-03_AM/i_glyphicon glyphicon-remove' (Root cause: com.kms.katalon.core.webui.exception.WebElementNotFoundException: Web element with id: 'Object Repository/TC_01-03_AM/i_glyphicon glyphicon-remove' located by 'By.xpath: //i[@class = 'glyphicon glyphicon-remove']' not found)"/>
         <system-out><![CDATA[2018-07-19 11:43:38 - [TEST_CASE][FAILED] - Test Cases/Alert Manager Test Cases/Alert Manager_View Alert/TC02_Mark Alert Fraud: Test Cases/Alert Manager Test Cases/Alert Manager_View Alert/TC02_Mark Alert Fraud FAILED because (of) Unable to click on object 'Object Repository/TC_01-03_AM/i_glyphicon glyphicon-remove' (Root cause: com.kms.katalon.core.webui.exception.WebElementNotFoundException: Web element with id: 'Object Repository/TC_01-03_AM/i_glyphicon glyphicon-remove' located by 'By.xpath: //i[@class = 'glyphicon glyphicon-remove']' not found)

2018-07-19 11:43:39 - [TEST_STEP][FAILED] - click: Unable to click on object 'Object Repository/TC_01-03_AM/i_glyphicon glyphicon-remove' (Root cause: com.kms.katalon.core.webui.exception.WebElementNotFoundException: Web element with id: 'Object Repository/TC_01-03_AM/i_glyphicon glyphicon-remove' located by 'By.xpath: //i[@class = 'glyphicon glyphicon-remove']' not found)

2018-07-19 11:44:14 - [MESSAGE][FAILED] - Unable to click on object 'Object Repository/TC_01-03_AM/i_glyphicon glyphicon-remove' (Root cause: com.kms.katalon.core.webui.exception.WebElementNotFoundException: Web element with id: 'Object Repository/TC_01-03_AM/i_glyphicon glyphicon-remove' located by 'By.xpath: //i[@class = 'glyphicon glyphicon-remove']' not found)
[[ATTACHMENT|C:\\Users\\ankur.jain\\Katalon Studio\\Feedzai_Automation\\Reports\\AM_Test Suite\\20180719_113648\\1531980854132.png]]

2018-07-19 11:44:14 - [TEST_STEP][FAILED] - setText: Unable to set text 'fraud' of object 'Object Repository/TC_01-03_AM/textarea_observation' (Root cause: com.kms.katalon.core.webui.exception.WebElementNotFoundException: Web element with id: 'Object Repository/TC_01-03_AM/textarea_observation' located by 'By.xpath: /html[1]/body[@class="modal-open"]/div[@class="modal fade fdz-js-alerts-modal-box in"]/div[@class="modal-dialog"]/div[@class="modal-content"]/div[@class="modal-body"]/div[@class="form-group fdz-js-observation-field"]/textarea[@class="form-control"][count(. | //textarea[@name = 'observation' and @placeholder = 'Enter observation.']) = count(//textarea[@name = 'observation' and @placeholder = 'Enter observation.'])]' not found)

2018-07-19 11:44:50 - [MESSAGE][FAILED] - Unable to set text 'fraud' of object 'Object Repository/TC_01-03_AM/textarea_observation' (Root cause: com.kms.katalon.core.webui.exception.WebElementNotFoundException: Web element with id: 'Object Repository/TC_01-03_AM/textarea_observation' located by 'By.xpath: /html[1]/body[@class="modal-open"]/div[@class="modal fade fdz-js-alerts-modal-box in"]/div[@class="modal-dialog"]/div[@class="modal-content"]/div[@class="modal-body"]/div[@class="form-group fdz-js-observation-field"]/textarea[@class="form-control"][count(. | //textarea[@name = 'observation' and @placeholder = 'Enter observation.']) = count(//textarea[@name = 'observation' and @placeholder = 'Enter observation.'])]' not found)
[[ATTACHMENT|C:\\Users\\ankur.jain\\Katalon Studio\\Feedzai_Automation\\Reports\\AM_Test Suite\\20180719_113648\\1531980890254.png]]

2018-07-19 11:44:50 - [TEST_STEP][FAILED] - click: Unable to click on object 'Object Repository/TC_01-03_AM/button_Fraud' (Root cause: com.kms.katalon.core.webui.exception.WebElementNotFoundException: Web element with id: 'Object Repository/TC_01-03_AM/button_Fraud' located by 'By.xpath: //button[@type = 'button' and (text() = 'Fraud' or . = 'Fraud')]' not found)

2018-07-19 11:45:25 - [MESSAGE][FAILED] - Unable to click on object 'Object Repository/TC_01-03_AM/button_Fraud' (Root cause: com.kms.katalon.core.webui.exception.WebElementNotFoundException: Web element with id: 'Object Repository/TC_01-03_AM/button_Fraud' located by 'By.xpath: //button[@type = 'button' and (text() = 'Fraud' or . = 'Fraud')]' not found)
[[ATTACHMENT|C:\\Users\\ankur.jain\\Katalon Studio\\Feedzai_Automation\\Reports\\AM_Test Suite\\20180719_113648\\1531980925211.png]]

2018-07-19 11:45:25 - [TEST_STEP][FAILED] - Statement - text = com.kms.katalon.core.webui.keyword.WebUiBuiltInKeywords.getText(com.kms.katalon.core.testobject.ObjectRepository.findTestObject(TC_01-03_AM/Sucess Message)): Unable to get text of object 'Object Repository/TC_01-03_AM/Sucess Message' (Root cause: com.kms.katalon.core.webui.exception.WebElementNotFoundException: Web element with id: 'Object Repository/TC_01-03_AM/Sucess Message' located by 'By.xpath: /html/body/div[1]/div[1]/div[3]' not found)

2018-07-19 11:46:02 - [MESSAGE][FAILED] - Unable to get text of object 'Object Repository/TC_01-03_AM/Sucess Message' (Root cause: com.kms.katalon.core.webui.exception.WebElementNotFoundException: Web element with id: 'Object Repository/TC_01-03_AM/Sucess Message' located by 'By.xpath: /html/body/div[1]/div[1]/div[3]' not found)
[[ATTACHMENT|C:\\Users\\ankur.jain\\Katalon Studio\\Feedzai_Automation\\Reports\\AM_Test Suite\\20180719_113648\\1531980961682.png]]

2018-07-19 11:46:02 - [TEST_STEP][PASSED] - Statement - If (text.contains("Fraud")): null]]></system-out>
         <system-err><![CDATA[2018-07-19 11:43:38 - [TEST_CASE][FAILED] - Test Cases/Alert Manager Test Cases/Alert Manager_View Alert/TC02_Mark Alert Fraud: Test Cases/Alert Manager Test Cases/Alert Manager_View Alert/TC02_Mark Alert Fraud FAILED because (of) Unable to click on object 'Object Repository/TC_01-03_AM/i_glyphicon glyphicon-remove' (Root cause: com.kms.katalon.core.webui.exception.WebElementNotFoundException: Web element with id: 'Object Repository/TC_01-03_AM/i_glyphicon glyphicon-remove' located by 'By.xpath: //i[@class = 'glyphicon glyphicon-remove']' not found)]]></system-err>
      </testcase>
      <testcase name="Test Cases/Alert Manager Test Cases/Alert Manager_View Alert/TC03_Mark Alert Suspicious" classname="Test Cases/Alert Manager Test Cases/Alert Manager_View Alert/TC03_Mark Alert Suspicious" status="FAILED">
         <failure type="FAILED" message="Unable to click on object 'Object Repository/TC_01-03_AM/i_glyphicon glyphicon-fire' (Root cause: com.kms.katalon.core.webui.exception.WebElementNotFoundException: Web element with id: 'Object Repository/TC_01-03_AM/i_glyphicon glyphicon-fire' located by 'By.xpath: //i[@class = 'glyphicon glyphicon-fire']' not found)"/>
         <system-out><![CDATA[2018-07-19 11:46:02 - [TEST_CASE][FAILED] - Test Cases/Alert Manager Test Cases/Alert Manager_View Alert/TC03_Mark Alert Suspicious: Test Cases/Alert Manager Test Cases/Alert Manager_View Alert/TC03_Mark Alert Suspicious FAILED because (of) Unable to click on object 'Object Repository/TC_01-03_AM/i_glyphicon glyphicon-fire' (Root cause: com.kms.katalon.core.webui.exception.WebElementNotFoundException: Web element with id: 'Object Repository/TC_01-03_AM/i_glyphicon glyphicon-fire' located by 'By.xpath: //i[@class = 'glyphicon glyphicon-fire']' not found)

2018-07-19 11:46:03 - [TEST_STEP][FAILED] - click: Unable to click on object 'Object Repository/TC_01-03_AM/i_glyphicon glyphicon-fire' (Root cause: com.kms.katalon.core.webui.exception.WebElementNotFoundException: Web element with id: 'Object Repository/TC_01-03_AM/i_glyphicon glyphicon-fire' located by 'By.xpath: //i[@class = 'glyphicon glyphicon-fire']' not found)

2018-07-19 11:46:38 - [MESSAGE][FAILED] - Unable to click on object 'Object Repository/TC_01-03_AM/i_glyphicon glyphicon-fire' (Root cause: com.kms.katalon.core.webui.exception.WebElementNotFoundException: Web element with id: 'Object Repository/TC_01-03_AM/i_glyphicon glyphicon-fire' located by 'By.xpath: //i[@class = 'glyphicon glyphicon-fire']' not found)
[[ATTACHMENT|C:\\Users\\ankur.jain\\Katalon Studio\\Feedzai_Automation\\Reports\\AM_Test Suite\\20180719_113648\\1531980997576.png]]

2018-07-19 11:46:38 - [TEST_STEP][FAILED] - setText: Unable to set text 'suspious' of object 'Object Repository/TC_01-03_AM/textarea_observation' (Root cause: com.kms.katalon.core.webui.exception.WebElementNotFoundException: Web element with id: 'Object Repository/TC_01-03_AM/textarea_observation' located by 'By.xpath: /html[1]/body[@class="modal-open"]/div[@class="modal fade fdz-js-alerts-modal-box in"]/div[@class="modal-dialog"]/div[@class="modal-content"]/div[@class="modal-body"]/div[@class="form-group fdz-js-observation-field"]/textarea[@class="form-control"][count(. | //textarea[@name = 'observation' and @placeholder = 'Enter observation.']) = count(//textarea[@name = 'observation' and @placeholder = 'Enter observation.'])]' not found)

2018-07-19 11:47:13 - [MESSAGE][FAILED] - Unable to set text 'suspious' of object 'Object Repository/TC_01-03_AM/textarea_observation' (Root cause: com.kms.katalon.core.webui.exception.WebElementNotFoundException: Web element with id: 'Object Repository/TC_01-03_AM/textarea_observation' located by 'By.xpath: /html[1]/body[@class="modal-open"]/div[@class="modal fade fdz-js-alerts-modal-box in"]/div[@class="modal-dialog"]/div[@class="modal-content"]/div[@class="modal-body"]/div[@class="form-group fdz-js-observation-field"]/textarea[@class="form-control"][count(. | //textarea[@name = 'observation' and @placeholder = 'Enter observation.']) = count(//textarea[@name = 'observation' and @placeholder = 'Enter observation.'])]' not found)
[[ATTACHMENT|C:\\Users\\ankur.jain\\Katalon Studio\\Feedzai_Automation\\Reports\\AM_Test Suite\\20180719_113648\\1531981032832.png]]

2018-07-19 11:47:13 - [TEST_STEP][PASSED] - delay: Delayed 3 second(s)

2018-07-19 11:47:16 - [MESSAGE][PASSED] - Delayed 3 second(s)

2018-07-19 11:47:16 - [TEST_STEP][FAILED] - click: Unable to click on object 'Object Repository/TC_04_Pulse/div_select2-drop-mask' (Root cause: com.kms.katalon.core.webui.exception.WebElementNotFoundException: Web element with id: 'Object Repository/TC_04_Pulse/div_select2-drop-mask' located by 'By.xpath: //b[@role='presentation']' not found)

2018-07-19 11:47:51 - [MESSAGE][FAILED] - Unable to click on object 'Object Repository/TC_04_Pulse/div_select2-drop-mask' (Root cause: com.kms.katalon.core.webui.exception.WebElementNotFoundException: Web element with id: 'Object Repository/TC_04_Pulse/div_select2-drop-mask' located by 'By.xpath: //b[@role='presentation']' not found)
[[ATTACHMENT|C:\\Users\\ankur.jain\\Katalon Studio\\Feedzai_Automation\\Reports\\AM_Test Suite\\20180719_113648\\1531981071116.png]]

2018-07-19 11:47:51 - [TEST_STEP][FAILED] - setText: Unable to set text 'Testing' of object 'Object Repository/TC_04_Pulse/Obj1' (Root cause: com.kms.katalon.core.webui.exception.WebElementNotFoundException: Web element with id: 'Object Repository/TC_04_Pulse/Obj1' located by 'By.xpath: //*[@id="s2id_autogen6_search"]' not found)

2018-07-19 11:48:26 - [MESSAGE][FAILED] - Unable to set text 'Testing' of object 'Object Repository/TC_04_Pulse/Obj1' (Root cause: com.kms.katalon.core.webui.exception.WebElementNotFoundException: Web element with id: 'Object Repository/TC_04_Pulse/Obj1' located by 'By.xpath: //*[@id="s2id_autogen6_search"]' not found)
[[ATTACHMENT|C:\\Users\\ankur.jain\\Katalon Studio\\Feedzai_Automation\\Reports\\AM_Test Suite\\20180719_113648\\1531981106143.png]]

2018-07-19 11:48:26 - [TEST_STEP][PASSED] - delay: Delayed 3 second(s)

2018-07-19 11:48:29 - [MESSAGE][PASSED] - Delayed 3 second(s)

2018-07-19 11:48:29 - [TEST_STEP][FAILED] - sendKeys: Unable to send keys '' to object 'Object Repository/TC_04_Pulse/Obj1' (Root cause: com.kms.katalon.core.webui.exception.WebElementNotFoundException: Web element with id: 'Object Repository/TC_04_Pulse/Obj1' located by 'By.xpath: //*[@id="s2id_autogen6_search"]' not found)

2018-07-19 11:49:05 - [MESSAGE][FAILED] - Unable to send keys '' to object 'Object Repository/TC_04_Pulse/Obj1' (Root cause: com.kms.katalon.core.webui.exception.WebElementNotFoundException: Web element with id: 'Object Repository/TC_04_Pulse/Obj1' located by 'By.xpath: //*[@id="s2id_autogen6_search"]' not found)
[[ATTACHMENT|C:\\Users\\ankur.jain\\Katalon Studio\\Feedzai_Automation\\Reports\\AM_Test Suite\\20180719_113648\\1531981144667.png]]

2018-07-19 11:49:05 - [TEST_STEP][FAILED] - click: Unable to click on object 'Object Repository/TC_04_Pulse/button_Suspicious' (Root cause: com.kms.katalon.core.webui.exception.WebElementNotFoundException: Web element with id: 'Object Repository/TC_04_Pulse/button_Suspicious' located by 'By.xpath: //button[@type = 'button' and (text() = 'Suspicious' or . = 'Suspicious')]' not found)

2018-07-19 11:49:42 - [MESSAGE][FAILED] - Unable to click on object 'Object Repository/TC_04_Pulse/button_Suspicious' (Root cause: com.kms.katalon.core.webui.exception.WebElementNotFoundException: Web element with id: 'Object Repository/TC_04_Pulse/button_Suspicious' located by 'By.xpath: //button[@type = 'button' and (text() = 'Suspicious' or . = 'Suspicious')]' not found)
[[ATTACHMENT|C:\\Users\\ankur.jain\\Katalon Studio\\Feedzai_Automation\\Reports\\AM_Test Suite\\20180719_113648\\1531981180354.png]]

2018-07-19 11:49:42 - [TEST_STEP][FAILED] - Statement - text = com.kms.katalon.core.webui.keyword.WebUiBuiltInKeywords.getText(com.kms.katalon.core.testobject.ObjectRepository.findTestObject(TC_01-03_AM/Sucess Message)): Unable to get text of object 'Object Repository/TC_01-03_AM/Sucess Message' (Root cause: com.kms.katalon.core.webui.exception.WebElementNotFoundException: Web element with id: 'Object Repository/TC_01-03_AM/Sucess Message' located by 'By.xpath: /html/body/div[1]/div[1]/div[3]' not found)

2018-07-19 11:50:18 - [MESSAGE][FAILED] - Unable to get text of object 'Object Repository/TC_01-03_AM/Sucess Message' (Root cause: com.kms.katalon.core.webui.exception.WebElementNotFoundException: Web element with id: 'Object Repository/TC_01-03_AM/Sucess Message' located by 'By.xpath: /html/body/div[1]/div[1]/div[3]' not found)
[[ATTACHMENT|C:\\Users\\ankur.jain\\Katalon Studio\\Feedzai_Automation\\Reports\\AM_Test Suite\\20180719_113648\\1531981216358.png]]

2018-07-19 11:50:18 - [TEST_STEP][PASSED] - Statement - If (text.contains("Suspicious")): null]]></system-out>
         <system-err><![CDATA[2018-07-19 11:46:02 - [TEST_CASE][FAILED] - Test Cases/Alert Manager Test Cases/Alert Manager_View Alert/TC03_Mark Alert Suspicious: Test Cases/Alert Manager Test Cases/Alert Manager_View Alert/TC03_Mark Alert Suspicious FAILED because (of) Unable to click on object 'Object Repository/TC_01-03_AM/i_glyphicon glyphicon-fire' (Root cause: com.kms.katalon.core.webui.exception.WebElementNotFoundException: Web element with id: 'Object Repository/TC_01-03_AM/i_glyphicon glyphicon-fire' located by 'By.xpath: //i[@class = 'glyphicon glyphicon-fire']' not found)]]></system-err>
      </testcase>
      <testcase name="Test Cases/Alert Manager Test Cases/Alert Manager_View Trans Details/TC05_MARK Transaction  FRAUD" classname="Test Cases/Alert Manager Test Cases/Alert Manager_View Trans Details/TC05_MARK Transaction  FRAUD" status="FAILED">
         <failure type="FAILED" message="Unable to click on object 'Object Repository/TC05-07_AM/a_Merchant' (Root cause: com.kms.katalon.core.webui.exception.WebElementNotFoundException: Web element with id: 'Object Repository/TC05-07_AM/a_Merchant' located by 'By.xpath: id(&quot;navbar&quot;)/ul[@class=&quot;nav navbar-nav navbar-right fdz-js-header&quot;]/li[3]/a[1][count(. | //a[@href = '#merchant' and (text() = 'Merchant' or . = 'Merchant')]) = count(//a[@href = '#merchant' and (text() = 'Merchant' or . = 'Merchant')])]' not found)"/>
         <system-out><![CDATA[2018-07-19 11:50:18 - [TEST_CASE][FAILED] - Test Cases/Alert Manager Test Cases/Alert Manager_View Trans Details/TC05_MARK Transaction  FRAUD: Test Cases/Alert Manager Test Cases/Alert Manager_View Trans Details/TC05_MARK Transaction  FRAUD FAILED because (of) Unable to click on object 'Object Repository/TC05-07_AM/a_Merchant' (Root cause: com.kms.katalon.core.webui.exception.WebElementNotFoundException: Web element with id: 'Object Repository/TC05-07_AM/a_Merchant' located by 'By.xpath: id("navbar")/ul[@class="nav navbar-nav navbar-right fdz-js-header"]/li[3]/a[1][count(. | //a[@href = '#merchant' and (text() = 'Merchant' or . = 'Merchant')]) = count(//a[@href = '#merchant' and (text() = 'Merchant' or . = 'Merchant')])]' not found)

2018-07-19 11:50:20 - [TEST_STEP][FAILED] - click: Unable to click on object 'Object Repository/TC05-07_AM/a_Merchant' (Root cause: com.kms.katalon.core.webui.exception.WebElementNotFoundException: Web element with id: 'Object Repository/TC05-07_AM/a_Merchant' located by 'By.xpath: id("navbar")/ul[@class="nav navbar-nav navbar-right fdz-js-header"]/li[3]/a[1][count(. | //a[@href = '#merchant' and (text() = 'Merchant' or . = 'Merchant')]) = count(//a[@href = '#merchant' and (text() = 'Merchant' or . = 'Merchant')])]' not found)

2018-07-19 11:50:56 - [MESSAGE][FAILED] - Unable to click on object 'Object Repository/TC05-07_AM/a_Merchant' (Root cause: com.kms.katalon.core.webui.exception.WebElementNotFoundException: Web element with id: 'Object Repository/TC05-07_AM/a_Merchant' located by 'By.xpath: id("navbar")/ul[@class="nav navbar-nav navbar-right fdz-js-header"]/li[3]/a[1][count(. | //a[@href = '#merchant' and (text() = 'Merchant' or . = 'Merchant')]) = count(//a[@href = '#merchant' and (text() = 'Merchant' or . = 'Merchant')])]' not found)
[[ATTACHMENT|C:\\Users\\ankur.jain\\Katalon Studio\\Feedzai_Automation\\Reports\\AM_Test Suite\\20180719_113648\\1531981255698.png]]

2018-07-19 11:50:56 - [TEST_STEP][FAILED] - click: Unable to click on object 'Object Repository/TC05-07_AM/span_Alerts' (Root cause: com.kms.katalon.core.webui.exception.WebElementNotFoundException: Web element with id: 'Object Repository/TC05-07_AM/span_Alerts' located by 'By.xpath: //span[(text() = 'Alerts' or . = 'Alerts')]' not found)

2018-07-19 11:51:31 - [MESSAGE][FAILED] - Unable to click on object 'Object Repository/TC05-07_AM/span_Alerts' (Root cause: com.kms.katalon.core.webui.exception.WebElementNotFoundException: Web element with id: 'Object Repository/TC05-07_AM/span_Alerts' located by 'By.xpath: //span[(text() = 'Alerts' or . = 'Alerts')]' not found)
[[ATTACHMENT|C:\\Users\\ankur.jain\\Katalon Studio\\Feedzai_Automation\\Reports\\AM_Test Suite\\20180719_113648\\1531981290695.png]]

2018-07-19 11:51:31 - [TEST_STEP][FAILED] - click: Unable to click on object 'Object Repository/TC05-07_AM/i_glyphicon glyphicon-eye-open' (Root cause: com.kms.katalon.core.webui.exception.WebElementNotFoundException: Web element with id: 'Object Repository/TC05-07_AM/i_glyphicon glyphicon-eye-open' located by 'By.xpath: //i[@class = 'glyphicon glyphicon-eye-open']' not found)

2018-07-19 11:52:06 - [MESSAGE][FAILED] - Unable to click on object 'Object Repository/TC05-07_AM/i_glyphicon glyphicon-eye-open' (Root cause: com.kms.katalon.core.webui.exception.WebElementNotFoundException: Web element with id: 'Object Repository/TC05-07_AM/i_glyphicon glyphicon-eye-open' located by 'By.xpath: //i[@class = 'glyphicon glyphicon-eye-open']' not found)
[[ATTACHMENT|C:\\Users\\ankur.jain\\Katalon Studio\\Feedzai_Automation\\Reports\\AM_Test Suite\\20180719_113648\\1531981325917.png]]

2018-07-19 11:52:06 - [TEST_STEP][PASSED] - delay: Delayed 2 second(s)

2018-07-19 11:52:08 - [MESSAGE][PASSED] - Delayed 2 second(s)

2018-07-19 11:52:08 - [TEST_STEP][FAILED] - click: Unable to click on object 'Object Repository/TC05-07_AM/button_Fraud' (Root cause: com.kms.katalon.core.webui.exception.WebElementNotFoundException: Web element with id: 'Object Repository/TC05-07_AM/button_Fraud' located by 'By.xpath: //button[@type = 'button' and @title = 'Mark as Fraud' and (text() = '
                
                Fraud
            ' or . = '
                
                Fraud
            ')]' not found)

2018-07-19 11:52:44 - [MESSAGE][FAILED] - Unable to click on object 'Object Repository/TC05-07_AM/button_Fraud' (Root cause: com.kms.katalon.core.webui.exception.WebElementNotFoundException: Web element with id: 'Object Repository/TC05-07_AM/button_Fraud' located by 'By.xpath: //button[@type = 'button' and @title = 'Mark as Fraud' and (text() = '
                
                Fraud
            ' or . = '
                
                Fraud
            ')]' not found)
[[ATTACHMENT|C:\\Users\\ankur.jain\\Katalon Studio\\Feedzai_Automation\\Reports\\AM_Test Suite\\20180719_113648\\1531981363568.png]]

2018-07-19 11:52:44 - [TEST_STEP][PASSED] - delay: Delayed 3 second(s)

2018-07-19 11:52:47 - [MESSAGE][PASSED] - Delayed 3 second(s)

2018-07-19 11:52:47 - [TEST_STEP][FAILED] - setText: Unable to set text 'Fraud' of object 'Object Repository/TC05-07_AM/textarea_observation' (Root cause: com.kms.katalon.core.webui.exception.WebElementNotFoundException: Web element with id: 'Object Repository/TC05-07_AM/textarea_observation' located by 'By.xpath: //textarea[@name = 'observation' and @placeholder = 'Enter observation.']' not found)

2018-07-19 11:53:22 - [MESSAGE][FAILED] - Unable to set text 'Fraud' of object 'Object Repository/TC05-07_AM/textarea_observation' (Root cause: com.kms.katalon.core.webui.exception.WebElementNotFoundException: Web element with id: 'Object Repository/TC05-07_AM/textarea_observation' located by 'By.xpath: //textarea[@name = 'observation' and @placeholder = 'Enter observation.']' not found)
[[ATTACHMENT|C:\\Users\\ankur.jain\\Katalon Studio\\Feedzai_Automation\\Reports\\AM_Test Suite\\20180719_113648\\1531981402421.png]]

2018-07-19 11:53:22 - [TEST_STEP][FAILED] - click: Unable to click on object 'Object Repository/TC05-07_AM/button_Fraud_1' (Root cause: com.kms.katalon.core.webui.exception.WebElementNotFoundException: Web element with id: 'Object Repository/TC05-07_AM/button_Fraud_1' located by 'By.xpath: //button[@type = 'button' and (text() = 'Fraud' or . = 'Fraud')]' not found)

2018-07-19 11:53:58 - [MESSAGE][FAILED] - Unable to click on object 'Object Repository/TC05-07_AM/button_Fraud_1' (Root cause: com.kms.katalon.core.webui.exception.WebElementNotFoundException: Web element with id: 'Object Repository/TC05-07_AM/button_Fraud_1' located by 'By.xpath: //button[@type = 'button' and (text() = 'Fraud' or . = 'Fraud')]' not found)
[[ATTACHMENT|C:\\Users\\ankur.jain\\Katalon Studio\\Feedzai_Automation\\Reports\\AM_Test Suite\\20180719_113648\\1531981437689.png]]

2018-07-19 11:53:58 - [TEST_STEP][FAILED] - Statement - text = com.kms.katalon.core.webui.keyword.WebUiBuiltInKeywords.getText(com.kms.katalon.core.testobject.ObjectRepository.findTestObject(TC_01-03_AM/Sucess Message)): Unable to get text of object 'Object Repository/TC_01-03_AM/Sucess Message' (Root cause: com.kms.katalon.core.webui.exception.WebElementNotFoundException: Web element with id: 'Object Repository/TC_01-03_AM/Sucess Message' located by 'By.xpath: /html/body/div[1]/div[1]/div[3]' not found)

2018-07-19 11:54:34 - [MESSAGE][FAILED] - Unable to get text of object 'Object Repository/TC_01-03_AM/Sucess Message' (Root cause: com.kms.katalon.core.webui.exception.WebElementNotFoundException: Web element with id: 'Object Repository/TC_01-03_AM/Sucess Message' located by 'By.xpath: /html/body/div[1]/div[1]/div[3]' not found)
[[ATTACHMENT|C:\\Users\\ankur.jain\\Katalon Studio\\Feedzai_Automation\\Reports\\AM_Test Suite\\20180719_113648\\1531981473420.png]]

2018-07-19 11:54:34 - [TEST_STEP][PASSED] - Statement - If (text.contains("Fraud")): null]]></system-out>
         <system-err><![CDATA[2018-07-19 11:50:18 - [TEST_CASE][FAILED] - Test Cases/Alert Manager Test Cases/Alert Manager_View Trans Details/TC05_MARK Transaction  FRAUD: Test Cases/Alert Manager Test Cases/Alert Manager_View Trans Details/TC05_MARK Transaction  FRAUD FAILED because (of) Unable to click on object 'Object Repository/TC05-07_AM/a_Merchant' (Root cause: com.kms.katalon.core.webui.exception.WebElementNotFoundException: Web element with id: 'Object Repository/TC05-07_AM/a_Merchant' located by 'By.xpath: id("navbar")/ul[@class="nav navbar-nav navbar-right fdz-js-header"]/li[3]/a[1][count(. | //a[@href = '#merchant' and (text() = 'Merchant' or . = 'Merchant')]) = count(//a[@href = '#merchant' and (text() = 'Merchant' or . = 'Merchant')])]' not found)]]></system-err>
      </testcase>
      <testcase name="Test Cases/Alert Manager Test Cases/Alert Manager_View Trans Details/TC06_Mark Transaction as NOT Fraud" classname="Test Cases/Alert Manager Test Cases/Alert Manager_View Trans Details/TC06_Mark Transaction as NOT Fraud" status="FAILED">
         <failure type="FAILED" message="Unable to click on object 'Object Repository/TC05-07_AM/a_Merchant' (Root cause: com.kms.katalon.core.webui.exception.WebElementNotFoundException: Web element with id: 'Object Repository/TC05-07_AM/a_Merchant' located by 'By.xpath: id(&quot;navbar&quot;)/ul[@class=&quot;nav navbar-nav navbar-right fdz-js-header&quot;]/li[3]/a[1][count(. | //a[@href = '#merchant' and (text() = 'Merchant' or . = 'Merchant')]) = count(//a[@href = '#merchant' and (text() = 'Merchant' or . = 'Merchant')])]' not found)"/>
         <system-out><![CDATA[2018-07-19 11:54:34 - [TEST_CASE][FAILED] - Test Cases/Alert Manager Test Cases/Alert Manager_View Trans Details/TC06_Mark Transaction as NOT Fraud: Test Cases/Alert Manager Test Cases/Alert Manager_View Trans Details/TC06_Mark Transaction as NOT Fraud FAILED because (of) Unable to click on object 'Object Repository/TC05-07_AM/a_Merchant' (Root cause: com.kms.katalon.core.webui.exception.WebElementNotFoundException: Web element with id: 'Object Repository/TC05-07_AM/a_Merchant' located by 'By.xpath: id("navbar")/ul[@class="nav navbar-nav navbar-right fdz-js-header"]/li[3]/a[1][count(. | //a[@href = '#merchant' and (text() = 'Merchant' or . = 'Merchant')]) = count(//a[@href = '#merchant' and (text() = 'Merchant' or . = 'Merchant')])]' not found)

2018-07-19 11:54:36 - [TEST_STEP][FAILED] - click: Unable to click on object 'Object Repository/TC05-07_AM/a_Merchant' (Root cause: com.kms.katalon.core.webui.exception.WebElementNotFoundException: Web element with id: 'Object Repository/TC05-07_AM/a_Merchant' located by 'By.xpath: id("navbar")/ul[@class="nav navbar-nav navbar-right fdz-js-header"]/li[3]/a[1][count(. | //a[@href = '#merchant' and (text() = 'Merchant' or . = 'Merchant')]) = count(//a[@href = '#merchant' and (text() = 'Merchant' or . = 'Merchant')])]' not found)

2018-07-19 11:55:12 - [MESSAGE][FAILED] - Unable to click on object 'Object Repository/TC05-07_AM/a_Merchant' (Root cause: com.kms.katalon.core.webui.exception.WebElementNotFoundException: Web element with id: 'Object Repository/TC05-07_AM/a_Merchant' located by 'By.xpath: id("navbar")/ul[@class="nav navbar-nav navbar-right fdz-js-header"]/li[3]/a[1][count(. | //a[@href = '#merchant' and (text() = 'Merchant' or . = 'Merchant')]) = count(//a[@href = '#merchant' and (text() = 'Merchant' or . = 'Merchant')])]' not found)
[[ATTACHMENT|C:\\Users\\ankur.jain\\Katalon Studio\\Feedzai_Automation\\Reports\\AM_Test Suite\\20180719_113648\\1531981512143.png]]

2018-07-19 11:55:12 - [TEST_STEP][FAILED] - click: Unable to click on object 'Object Repository/TC05-07_AM/span_Alerts' (Root cause: com.kms.katalon.core.webui.exception.WebElementNotFoundException: Web element with id: 'Object Repository/TC05-07_AM/span_Alerts' located by 'By.xpath: //span[(text() = 'Alerts' or . = 'Alerts')]' not found)

2018-07-19 11:55:48 - [MESSAGE][FAILED] - Unable to click on object 'Object Repository/TC05-07_AM/span_Alerts' (Root cause: com.kms.katalon.core.webui.exception.WebElementNotFoundException: Web element with id: 'Object Repository/TC05-07_AM/span_Alerts' located by 'By.xpath: //span[(text() = 'Alerts' or . = 'Alerts')]' not found)
[[ATTACHMENT|C:\\Users\\ankur.jain\\Katalon Studio\\Feedzai_Automation\\Reports\\AM_Test Suite\\20180719_113648\\1531981547696.png]]

2018-07-19 11:55:48 - [TEST_STEP][PASSED] - delay: Delayed 2 second(s)

2018-07-19 11:55:50 - [MESSAGE][PASSED] - Delayed 2 second(s)

2018-07-19 11:55:50 - [TEST_STEP][FAILED] - click: Unable to click on object 'Object Repository/TC05-07_AM/i_glyphicon glyphicon-eye-open' (Root cause: com.kms.katalon.core.webui.exception.WebElementNotFoundException: Web element with id: 'Object Repository/TC05-07_AM/i_glyphicon glyphicon-eye-open' located by 'By.xpath: //i[@class = 'glyphicon glyphicon-eye-open']' not found)

2018-07-19 11:56:25 - [MESSAGE][FAILED] - Unable to click on object 'Object Repository/TC05-07_AM/i_glyphicon glyphicon-eye-open' (Root cause: com.kms.katalon.core.webui.exception.WebElementNotFoundException: Web element with id: 'Object Repository/TC05-07_AM/i_glyphicon glyphicon-eye-open' located by 'By.xpath: //i[@class = 'glyphicon glyphicon-eye-open']' not found)
[[ATTACHMENT|C:\\Users\\ankur.jain\\Katalon Studio\\Feedzai_Automation\\Reports\\AM_Test Suite\\20180719_113648\\1531981584903.png]]

2018-07-19 11:56:25 - [TEST_STEP][PASSED] - delay: Delayed 2 second(s)

2018-07-19 11:56:27 - [MESSAGE][PASSED] - Delayed 2 second(s)

2018-07-19 11:56:27 - [TEST_STEP][FAILED] - click: Unable to click on object 'Object Repository/TC05-07_AM/button_Not Fraud' (Root cause: com.kms.katalon.core.webui.exception.WebElementNotFoundException: Web element with id: 'Object Repository/TC05-07_AM/button_Not Fraud' located by 'By.xpath: //button[@type = 'button' and @title = 'Mark as Not Fraud' and (text() = '
                
                Not Fraud
            ' or . = '
                
                Not Fraud
            ')]' not found)

2018-07-19 11:57:03 - [MESSAGE][FAILED] - Unable to click on object 'Object Repository/TC05-07_AM/button_Not Fraud' (Root cause: com.kms.katalon.core.webui.exception.WebElementNotFoundException: Web element with id: 'Object Repository/TC05-07_AM/button_Not Fraud' located by 'By.xpath: //button[@type = 'button' and @title = 'Mark as Not Fraud' and (text() = '
                
                Not Fraud
            ' or . = '
                
                Not Fraud
            ')]' not found)
[[ATTACHMENT|C:\\Users\\ankur.jain\\Katalon Studio\\Feedzai_Automation\\Reports\\AM_Test Suite\\20180719_113648\\1531981623172.png]]

2018-07-19 11:57:03 - [TEST_STEP][PASSED] - delay: Delayed 3 second(s)

2018-07-19 11:57:06 - [MESSAGE][PASSED] - Delayed 3 second(s)

2018-07-19 11:57:06 - [TEST_STEP][FAILED] - setText: Unable to set text 'Not Fraud' of object 'Object Repository/TC05-07_AM/textarea_observation' (Root cause: com.kms.katalon.core.webui.exception.WebElementNotFoundException: Web element with id: 'Object Repository/TC05-07_AM/textarea_observation' located by 'By.xpath: //textarea[@name = 'observation' and @placeholder = 'Enter observation.']' not found)

2018-07-19 11:57:41 - [MESSAGE][FAILED] - Unable to set text 'Not Fraud' of object 'Object Repository/TC05-07_AM/textarea_observation' (Root cause: com.kms.katalon.core.webui.exception.WebElementNotFoundException: Web element with id: 'Object Repository/TC05-07_AM/textarea_observation' located by 'By.xpath: //textarea[@name = 'observation' and @placeholder = 'Enter observation.']' not found)
[[ATTACHMENT|C:\\Users\\ankur.jain\\Katalon Studio\\Feedzai_Automation\\Reports\\AM_Test Suite\\20180719_113648\\1531981660356.png]]

2018-07-19 11:57:41 - [TEST_STEP][PASSED] - delay: Delayed 2 second(s)

2018-07-19 11:57:43 - [MESSAGE][PASSED] - Delayed 2 second(s)

2018-07-19 11:57:43 - [TEST_STEP][FAILED] - click: Unable to click on object 'Object Repository/TC05-07_AM/button_Not Fraud_1' (Root cause: com.kms.katalon.core.webui.exception.WebElementNotFoundException: Web element with id: 'Object Repository/TC05-07_AM/button_Not Fraud_1' located by 'By.xpath: //button[@type = 'button' and (text() = 'Not Fraud' or . = 'Not Fraud')]' not found)

2018-07-19 11:58:16 - [MESSAGE][FAILED] - Unable to click on object 'Object Repository/TC05-07_AM/button_Not Fraud_1' (Root cause: com.kms.katalon.core.webui.exception.WebElementNotFoundException: Web element with id: 'Object Repository/TC05-07_AM/button_Not Fraud_1' located by 'By.xpath: //button[@type = 'button' and (text() = 'Not Fraud' or . = 'Not Fraud')]' not found)
[[ATTACHMENT|C:\\Users\\ankur.jain\\Katalon Studio\\Feedzai_Automation\\Reports\\AM_Test Suite\\20180719_113648\\1531981696497.png]]

2018-07-19 11:58:16 - [TEST_STEP][PASSED] - comment: Transcation is Marked as Not Fraud

2018-07-19 11:58:16 - [TEST_STEP][PASSED] - delay: Delayed 2 second(s)

2018-07-19 11:58:18 - [MESSAGE][PASSED] - Delayed 2 second(s)

2018-07-19 11:58:18 - [TEST_STEP][FAILED] - verifyElementText: com.kms.katalon.core.webui.exception.WebElementNotFoundException: Web element with id: 'Object Repository/TC05-07_AM/Status_Not Fraud' located by 'By.xpath: //div[@class='text-success'][contains(text(),'Not Fraud')]' not found

2018-07-19 11:58:52 - [MESSAGE][FAILED] - com.kms.katalon.core.webui.exception.WebElementNotFoundException: Web element with id: 'Object Repository/TC05-07_AM/Status_Not Fraud' located by 'By.xpath: //div[@class='text-success'][contains(text(),'Not Fraud')]' not found
[[ATTACHMENT|C:\\Users\\ankur.jain\\Katalon Studio\\Feedzai_Automation\\Reports\\AM_Test Suite\\20180719_113648\\1531981732489.png]]

2018-07-19 11:58:52 - [TEST_STEP][PASSED] - comment: Transcation status is verifed]]></system-out>
         <system-err><![CDATA[2018-07-19 11:54:34 - [TEST_CASE][FAILED] - Test Cases/Alert Manager Test Cases/Alert Manager_View Trans Details/TC06_Mark Transaction as NOT Fraud: Test Cases/Alert Manager Test Cases/Alert Manager_View Trans Details/TC06_Mark Transaction as NOT Fraud FAILED because (of) Unable to click on object 'Object Repository/TC05-07_AM/a_Merchant' (Root cause: com.kms.katalon.core.webui.exception.WebElementNotFoundException: Web element with id: 'Object Repository/TC05-07_AM/a_Merchant' located by 'By.xpath: id("navbar")/ul[@class="nav navbar-nav navbar-right fdz-js-header"]/li[3]/a[1][count(. | //a[@href = '#merchant' and (text() = 'Merchant' or . = 'Merchant')]) = count(//a[@href = '#merchant' and (text() = 'Merchant' or . = 'Merchant')])]' not found)]]></system-err>
      </testcase>
      <testcase name="Test Cases/Alert Manager Test Cases/Alert Manager_View Trans Details/TC07_Mark Transaction Suspious" classname="Test Cases/Alert Manager Test Cases/Alert Manager_View Trans Details/TC07_Mark Transaction Suspious" status="FAILED">
         <failure type="FAILED" message="Unable to click on object 'Object Repository/TC05-07_AM/a_Merchant' (Root cause: com.kms.katalon.core.webui.exception.WebElementNotFoundException: Web element with id: 'Object Repository/TC05-07_AM/a_Merchant' located by 'By.xpath: id(&quot;navbar&quot;)/ul[@class=&quot;nav navbar-nav navbar-right fdz-js-header&quot;]/li[3]/a[1][count(. | //a[@href = '#merchant' and (text() = 'Merchant' or . = 'Merchant')]) = count(//a[@href = '#merchant' and (text() = 'Merchant' or . = 'Merchant')])]' not found)"/>
         <system-out><![CDATA[2018-07-19 11:58:52 - [TEST_CASE][FAILED] - Test Cases/Alert Manager Test Cases/Alert Manager_View Trans Details/TC07_Mark Transaction Suspious: Test Cases/Alert Manager Test Cases/Alert Manager_View Trans Details/TC07_Mark Transaction Suspious FAILED because (of) Unable to click on object 'Object Repository/TC05-07_AM/a_Merchant' (Root cause: com.kms.katalon.core.webui.exception.WebElementNotFoundException: Web element with id: 'Object Repository/TC05-07_AM/a_Merchant' located by 'By.xpath: id("navbar")/ul[@class="nav navbar-nav navbar-right fdz-js-header"]/li[3]/a[1][count(. | //a[@href = '#merchant' and (text() = 'Merchant' or . = 'Merchant')]) = count(//a[@href = '#merchant' and (text() = 'Merchant' or . = 'Merchant')])]' not found)

2018-07-19 11:58:53 - [TEST_STEP][FAILED] - click: Unable to click on object 'Object Repository/TC05-07_AM/a_Merchant' (Root cause: com.kms.katalon.core.webui.exception.WebElementNotFoundException: Web element with id: 'Object Repository/TC05-07_AM/a_Merchant' located by 'By.xpath: id("navbar")/ul[@class="nav navbar-nav navbar-right fdz-js-header"]/li[3]/a[1][count(. | //a[@href = '#merchant' and (text() = 'Merchant' or . = 'Merchant')]) = count(//a[@href = '#merchant' and (text() = 'Merchant' or . = 'Merchant')])]' not found)

2018-07-19 11:59:27 - [MESSAGE][FAILED] - Unable to click on object 'Object Repository/TC05-07_AM/a_Merchant' (Root cause: com.kms.katalon.core.webui.exception.WebElementNotFoundException: Web element with id: 'Object Repository/TC05-07_AM/a_Merchant' located by 'By.xpath: id("navbar")/ul[@class="nav navbar-nav navbar-right fdz-js-header"]/li[3]/a[1][count(. | //a[@href = '#merchant' and (text() = 'Merchant' or . = 'Merchant')]) = count(//a[@href = '#merchant' and (text() = 'Merchant' or . = 'Merchant')])]' not found)
[[ATTACHMENT|C:\\Users\\ankur.jain\\Katalon Studio\\Feedzai_Automation\\Reports\\AM_Test Suite\\20180719_113648\\1531981767035.png]]

2018-07-19 11:59:27 - [TEST_STEP][FAILED] - click: Unable to click on object 'Object Repository/TC05-07_AM/span_Alerts' (Root cause: com.kms.katalon.core.webui.exception.WebElementNotFoundException: Web element with id: 'Object Repository/TC05-07_AM/span_Alerts' located by 'By.xpath: //span[(text() = 'Alerts' or . = 'Alerts')]' not found)

2018-07-19 12:00:02 - [MESSAGE][FAILED] - Unable to click on object 'Object Repository/TC05-07_AM/span_Alerts' (Root cause: com.kms.katalon.core.webui.exception.WebElementNotFoundException: Web element with id: 'Object Repository/TC05-07_AM/span_Alerts' located by 'By.xpath: //span[(text() = 'Alerts' or . = 'Alerts')]' not found)
[[ATTACHMENT|C:\\Users\\ankur.jain\\Katalon Studio\\Feedzai_Automation\\Reports\\AM_Test Suite\\20180719_113648\\1531981801804.png]]

2018-07-19 12:00:02 - [TEST_STEP][FAILED] - click: Unable to click on object 'Object Repository/TC05-07_AM/i_glyphicon glyphicon-eye-open' (Root cause: com.kms.katalon.core.webui.exception.WebElementNotFoundException: Web element with id: 'Object Repository/TC05-07_AM/i_glyphicon glyphicon-eye-open' located by 'By.xpath: //i[@class = 'glyphicon glyphicon-eye-open']' not found)

2018-07-19 12:00:36 - [MESSAGE][FAILED] - Unable to click on object 'Object Repository/TC05-07_AM/i_glyphicon glyphicon-eye-open' (Root cause: com.kms.katalon.core.webui.exception.WebElementNotFoundException: Web element with id: 'Object Repository/TC05-07_AM/i_glyphicon glyphicon-eye-open' located by 'By.xpath: //i[@class = 'glyphicon glyphicon-eye-open']' not found)
[[ATTACHMENT|C:\\Users\\ankur.jain\\Katalon Studio\\Feedzai_Automation\\Reports\\AM_Test Suite\\20180719_113648\\1531981835822.png]]

2018-07-19 12:00:36 - [TEST_STEP][PASSED] - delay: Delayed 2 second(s)

2018-07-19 12:00:38 - [MESSAGE][PASSED] - Delayed 2 second(s)

2018-07-19 12:00:38 - [TEST_STEP][FAILED] - click: Unable to click on object 'Object Repository/TC05-07_AM/button_Suspicious' (Root cause: com.kms.katalon.core.webui.exception.WebElementNotFoundException: Web element with id: 'Object Repository/TC05-07_AM/button_Suspicious' located by 'By.xpath: //button[@type = 'button' and @title = 'Mark as Suspicious' and (text() = '
                
                Suspicious
            ' or . = '
                
                Suspicious
            ')]' not found)

2018-07-19 12:01:12 - [MESSAGE][FAILED] - Unable to click on object 'Object Repository/TC05-07_AM/button_Suspicious' (Root cause: com.kms.katalon.core.webui.exception.WebElementNotFoundException: Web element with id: 'Object Repository/TC05-07_AM/button_Suspicious' located by 'By.xpath: //button[@type = 'button' and @title = 'Mark as Suspicious' and (text() = '
                
                Suspicious
            ' or . = '
                
                Suspicious
            ')]' not found)
[[ATTACHMENT|C:\\Users\\ankur.jain\\Katalon Studio\\Feedzai_Automation\\Reports\\AM_Test Suite\\20180719_113648\\1531981872517.png]]

2018-07-19 12:01:12 - [TEST_STEP][PASSED] - delay: Delayed 2 second(s)

2018-07-19 12:01:14 - [MESSAGE][PASSED] - Delayed 2 second(s)

2018-07-19 12:01:14 - [TEST_STEP][FAILED] - setText: Unable to set text 'Suspious' of object 'Object Repository/TC05-07_AM/textarea_observation' (Root cause: com.kms.katalon.core.webui.exception.WebElementNotFoundException: Web element with id: 'Object Repository/TC05-07_AM/textarea_observation' located by 'By.xpath: //textarea[@name = 'observation' and @placeholder = 'Enter observation.']' not found)

2018-07-19 12:01:50 - [MESSAGE][FAILED] - Unable to set text 'Suspious' of object 'Object Repository/TC05-07_AM/textarea_observation' (Root cause: com.kms.katalon.core.webui.exception.WebElementNotFoundException: Web element with id: 'Object Repository/TC05-07_AM/textarea_observation' located by 'By.xpath: //textarea[@name = 'observation' and @placeholder = 'Enter observation.']' not found)
[[ATTACHMENT|C:\\Users\\ankur.jain\\Katalon Studio\\Feedzai_Automation\\Reports\\AM_Test Suite\\20180719_113648\\1531981910178.png]]

2018-07-19 12:01:50 - [TEST_STEP][PASSED] - delay: Delayed 2 second(s)

2018-07-19 12:01:52 - [MESSAGE][PASSED] - Delayed 2 second(s)

2018-07-19 12:01:52 - [TEST_STEP][FAILED] - click: Unable to click on object 'Object Repository/TC_04_Pulse/button_Suspicious' (Root cause: com.kms.katalon.core.webui.exception.WebElementNotFoundException: Web element with id: 'Object Repository/TC_04_Pulse/button_Suspicious' located by 'By.xpath: //button[@type = 'button' and (text() = 'Suspicious' or . = 'Suspicious')]' not found)

2018-07-19 12:02:27 - [MESSAGE][FAILED] - Unable to click on object 'Object Repository/TC_04_Pulse/button_Suspicious' (Root cause: com.kms.katalon.core.webui.exception.WebElementNotFoundException: Web element with id: 'Object Repository/TC_04_Pulse/button_Suspicious' located by 'By.xpath: //button[@type = 'button' and (text() = 'Suspicious' or . = 'Suspicious')]' not found)
[[ATTACHMENT|C:\\Users\\ankur.jain\\Katalon Studio\\Feedzai_Automation\\Reports\\AM_Test Suite\\20180719_113648\\1531981947319.png]]

2018-07-19 12:02:27 - [TEST_STEP][PASSED] - Statement - Transcation_Suspious = com.kms.katalon.core.webui.keyword.WebUiBuiltInKeywords.takeScreenshot(): Taking screenshot successfully

2018-07-19 12:02:28 - [MESSAGE][PASSED] - Taking screenshot successfully
[[ATTACHMENT|C:\\Users\\ankur.jain\\Katalon Studio\\Feedzai_Automation\\Reports\\AM_Test Suite\\20180719_113648\\1531981948163.png]]

2018-07-19 12:02:28 - [TEST_STEP][PASSED] - comment: Transcation is Marked as Suspious

2018-07-19 12:02:28 - [TEST_STEP][PASSED] - delay: Delayed 2 second(s)

2018-07-19 12:02:30 - [MESSAGE][PASSED] - Delayed 2 second(s)

2018-07-19 12:02:30 - [TEST_STEP][FAILED] - verifyElementText: com.kms.katalon.core.webui.exception.WebElementNotFoundException: Web element with id: 'Object Repository/TC05-07_AM/Status_Suspious' located by 'By.xpath: //div[@class='text-warning']' not found

2018-07-19 12:03:05 - [MESSAGE][FAILED] - com.kms.katalon.core.webui.exception.WebElementNotFoundException: Web element with id: 'Object Repository/TC05-07_AM/Status_Suspious' located by 'By.xpath: //div[@class='text-warning']' not found
[[ATTACHMENT|C:\\Users\\ankur.jain\\Katalon Studio\\Feedzai_Automation\\Reports\\AM_Test Suite\\20180719_113648\\1531981985306.png]]

2018-07-19 12:03:05 - [TEST_STEP][PASSED] - comment: Transation status is verifed

2018-07-19 12:03:05 - [TEST_STEP][PASSED] - delay: Delayed 2 second(s)

2018-07-19 12:03:07 - [MESSAGE][PASSED] - Delayed 2 second(s)]]></system-out>
         <system-err><![CDATA[2018-07-19 11:58:52 - [TEST_CASE][FAILED] - Test Cases/Alert Manager Test Cases/Alert Manager_View Trans Details/TC07_Mark Transaction Suspious: Test Cases/Alert Manager Test Cases/Alert Manager_View Trans Details/TC07_Mark Transaction Suspious FAILED because (of) Unable to click on object 'Object Repository/TC05-07_AM/a_Merchant' (Root cause: com.kms.katalon.core.webui.exception.WebElementNotFoundException: Web element with id: 'Object Repository/TC05-07_AM/a_Merchant' located by 'By.xpath: id("navbar")/ul[@class="nav navbar-nav navbar-right fdz-js-header"]/li[3]/a[1][count(. | //a[@href = '#merchant' and (text() = 'Merchant' or . = 'Merchant')]) = count(//a[@href = '#merchant' and (text() = 'Merchant' or . = 'Merchant')])]' not found)]]></system-err>
      </testcase>
      <testcase name="Test Cases/Alert Manager Test Cases/AM_Customer Search Home Screen/TC08_Customer Search through mobile number" classname="Test Cases/Alert Manager Test Cases/AM_Customer Search Home Screen/TC08_Customer Search through mobile number" status="FAILED">
         <failure type="FAILED" message="Unable to click on object 'Object Repository/TC08_18 AM/a_Customer' (Root cause: com.kms.katalon.core.webui.exception.WebElementNotFoundException: Web element with id: 'Object Repository/TC08_18 AM/a_Customer' located by 'By.xpath: //a[@href='#customer']' not found)"/>
         <system-out><![CDATA[2018-07-19 12:03:07 - [TEST_CASE][FAILED] - Test Cases/Alert Manager Test Cases/AM_Customer Search Home Screen/TC08_Customer Search through mobile number: Test Cases/Alert Manager Test Cases/AM_Customer Search Home Screen/TC08_Customer Search through mobile number FAILED because (of) Unable to click on object 'Object Repository/TC08_18 AM/a_Customer' (Root cause: com.kms.katalon.core.webui.exception.WebElementNotFoundException: Web element with id: 'Object Repository/TC08_18 AM/a_Customer' located by 'By.xpath: //a[@href='#customer']' not found)

2018-07-19 12:03:08 - [TEST_STEP][FAILED] - click: Unable to click on object 'Object Repository/TC08_18 AM/a_Customer' (Root cause: com.kms.katalon.core.webui.exception.WebElementNotFoundException: Web element with id: 'Object Repository/TC08_18 AM/a_Customer' located by 'By.xpath: //a[@href='#customer']' not found)

2018-07-19 12:03:43 - [MESSAGE][FAILED] - Unable to click on object 'Object Repository/TC08_18 AM/a_Customer' (Root cause: com.kms.katalon.core.webui.exception.WebElementNotFoundException: Web element with id: 'Object Repository/TC08_18 AM/a_Customer' located by 'By.xpath: //a[@href='#customer']' not found)
[[ATTACHMENT|C:\\Users\\ankur.jain\\Katalon Studio\\Feedzai_Automation\\Reports\\AM_Test Suite\\20180719_113648\\1531982023163.png]]

2018-07-19 12:03:43 - [TEST_STEP][PASSED] - delay: Delayed 2 second(s)

2018-07-19 12:03:45 - [MESSAGE][PASSED] - Delayed 2 second(s)

2018-07-19 12:03:45 - [TEST_STEP][FAILED] - setText: Unable to set text '+919860606030' of object 'Object Repository/TC08_18 AM/span_Customer' (Root cause: com.kms.katalon.core.webui.exception.WebElementNotFoundException: Web element with id: 'Object Repository/TC08_18 AM/span_Customer' located by 'By.xpath: //input[@type='text']' not found)

2018-07-19 12:04:21 - [MESSAGE][FAILED] - Unable to set text '+919860606030' of object 'Object Repository/TC08_18 AM/span_Customer' (Root cause: com.kms.katalon.core.webui.exception.WebElementNotFoundException: Web element with id: 'Object Repository/TC08_18 AM/span_Customer' located by 'By.xpath: //input[@type='text']' not found)
[[ATTACHMENT|C:\\Users\\ankur.jain\\Katalon Studio\\Feedzai_Automation\\Reports\\AM_Test Suite\\20180719_113648\\1531982061521.png]]

2018-07-19 12:04:21 - [TEST_STEP][PASSED] - delay: Delayed 2 second(s)

2018-07-19 12:04:23 - [MESSAGE][PASSED] - Delayed 2 second(s)

2018-07-19 12:04:23 - [TEST_STEP][FAILED] - setText: Unable to set text '' of object 'Object Repository/TC08_18 AM/span_Customer' (Root cause: com.kms.katalon.core.webui.exception.WebElementNotFoundException: Web element with id: 'Object Repository/TC08_18 AM/span_Customer' located by 'By.xpath: //input[@type='text']' not found)

2018-07-19 12:04:59 - [MESSAGE][FAILED] - Unable to set text '' of object 'Object Repository/TC08_18 AM/span_Customer' (Root cause: com.kms.katalon.core.webui.exception.WebElementNotFoundException: Web element with id: 'Object Repository/TC08_18 AM/span_Customer' located by 'By.xpath: //input[@type='text']' not found)
[[ATTACHMENT|C:\\Users\\ankur.jain\\Katalon Studio\\Feedzai_Automation\\Reports\\AM_Test Suite\\20180719_113648\\1531982098733.png]]

2018-07-19 12:04:59 - [TEST_STEP][PASSED] - delay: Delayed 5 second(s)

2018-07-19 12:05:04 - [MESSAGE][PASSED] - Delayed 5 second(s)

2018-07-19 12:05:04 - [TEST_STEP][FAILED] - verifyElementText: com.kms.katalon.core.webui.exception.WebElementNotFoundException: Web element with id: 'Object Repository/TC08_18 AM/div_919860606030' located by 'By.xpath: //div[@class='details-value'][contains(text(),'+919860606030')]' not found

2018-07-19 12:05:39 - [MESSAGE][FAILED] - com.kms.katalon.core.webui.exception.WebElementNotFoundException: Web element with id: 'Object Repository/TC08_18 AM/div_919860606030' located by 'By.xpath: //div[@class='details-value'][contains(text(),'+919860606030')]' not found
[[ATTACHMENT|C:\\Users\\ankur.jain\\Katalon Studio\\Feedzai_Automation\\Reports\\AM_Test Suite\\20180719_113648\\1531982138924.png]]

2018-07-19 12:05:39 - [TEST_STEP][PASSED] - comment: Customer Search through Mobile no is sucesfull

2018-07-19 12:05:39 - [TEST_STEP][PASSED] - Statement - CustomerSerach_MobileNo = com.kms.katalon.core.webui.keyword.WebUiBuiltInKeywords.takeScreenshot(): Taking screenshot successfully

2018-07-19 12:05:39 - [MESSAGE][PASSED] - Taking screenshot successfully
[[ATTACHMENT|C:\\Users\\ankur.jain\\Katalon Studio\\Feedzai_Automation\\Reports\\AM_Test Suite\\20180719_113648\\1531982139373.png]]

2018-07-19 12:05:39 - [TEST_STEP][PASSED] - delay: Delayed 2 second(s)

2018-07-19 12:05:41 - [MESSAGE][PASSED] - Delayed 2 second(s)]]></system-out>
         <system-err><![CDATA[2018-07-19 12:03:07 - [TEST_CASE][FAILED] - Test Cases/Alert Manager Test Cases/AM_Customer Search Home Screen/TC08_Customer Search through mobile number: Test Cases/Alert Manager Test Cases/AM_Customer Search Home Screen/TC08_Customer Search through mobile number FAILED because (of) Unable to click on object 'Object Repository/TC08_18 AM/a_Customer' (Root cause: com.kms.katalon.core.webui.exception.WebElementNotFoundException: Web element with id: 'Object Repository/TC08_18 AM/a_Customer' located by 'By.xpath: //a[@href='#customer']' not found)]]></system-err>
      </testcase>
      <testcase name="Test Cases/Alert Manager Test Cases/AM_Customer Search Home Screen/TC09_Customer Search through Customer ID" classname="Test Cases/Alert Manager Test Cases/AM_Customer Search Home Screen/TC09_Customer Search through Customer ID" status="FAILED">
         <failure type="FAILED" message="Unable to click on object 'Object Repository/TC08_18 AM/a_Customer' (Root cause: com.kms.katalon.core.webui.exception.WebElementNotFoundException: Web element with id: 'Object Repository/TC08_18 AM/a_Customer' located by 'By.xpath: //a[@href='#customer']' not found)"/>
         <system-out><![CDATA[2018-07-19 12:05:41 - [TEST_CASE][FAILED] - Test Cases/Alert Manager Test Cases/AM_Customer Search Home Screen/TC09_Customer Search through Customer ID: Test Cases/Alert Manager Test Cases/AM_Customer Search Home Screen/TC09_Customer Search through Customer ID FAILED because (of) Unable to click on object 'Object Repository/TC08_18 AM/a_Customer' (Root cause: com.kms.katalon.core.webui.exception.WebElementNotFoundException: Web element with id: 'Object Repository/TC08_18 AM/a_Customer' located by 'By.xpath: //a[@href='#customer']' not found)

2018-07-19 12:05:42 - [TEST_STEP][FAILED] - click: Unable to click on object 'Object Repository/TC08_18 AM/a_Customer' (Root cause: com.kms.katalon.core.webui.exception.WebElementNotFoundException: Web element with id: 'Object Repository/TC08_18 AM/a_Customer' located by 'By.xpath: //a[@href='#customer']' not found)

2018-07-19 12:06:16 - [MESSAGE][FAILED] - Unable to click on object 'Object Repository/TC08_18 AM/a_Customer' (Root cause: com.kms.katalon.core.webui.exception.WebElementNotFoundException: Web element with id: 'Object Repository/TC08_18 AM/a_Customer' located by 'By.xpath: //a[@href='#customer']' not found)
[[ATTACHMENT|C:\\Users\\ankur.jain\\Katalon Studio\\Feedzai_Automation\\Reports\\AM_Test Suite\\20180719_113648\\1531982176580.png]]

2018-07-19 12:06:16 - [TEST_STEP][PASSED] - delay: Delayed 2 second(s)

2018-07-19 12:06:18 - [MESSAGE][PASSED] - Delayed 2 second(s)

2018-07-19 12:06:18 - [TEST_STEP][FAILED] - setText: Unable to set text '1100231482' of object 'Object Repository/TC08_18 AM/span_Customer' (Root cause: com.kms.katalon.core.webui.exception.WebElementNotFoundException: Web element with id: 'Object Repository/TC08_18 AM/span_Customer' located by 'By.xpath: //input[@type='text']' not found)

2018-07-19 12:06:54 - [MESSAGE][FAILED] - Unable to set text '1100231482' of object 'Object Repository/TC08_18 AM/span_Customer' (Root cause: com.kms.katalon.core.webui.exception.WebElementNotFoundException: Web element with id: 'Object Repository/TC08_18 AM/span_Customer' located by 'By.xpath: //input[@type='text']' not found)
[[ATTACHMENT|C:\\Users\\ankur.jain\\Katalon Studio\\Feedzai_Automation\\Reports\\AM_Test Suite\\20180719_113648\\1531982213701.png]]

2018-07-19 12:06:54 - [TEST_STEP][PASSED] - delay: Delayed 2 second(s)

2018-07-19 12:06:56 - [MESSAGE][PASSED] - Delayed 2 second(s)

2018-07-19 12:06:56 - [TEST_STEP][FAILED] - setText: Unable to set text '' of object 'Object Repository/TC08_18 AM/span_Customer' (Root cause: com.kms.katalon.core.webui.exception.WebElementNotFoundException: Web element with id: 'Object Repository/TC08_18 AM/span_Customer' located by 'By.xpath: //input[@type='text']' not found)

2018-07-19 12:07:30 - [MESSAGE][FAILED] - Unable to set text '' of object 'Object Repository/TC08_18 AM/span_Customer' (Root cause: com.kms.katalon.core.webui.exception.WebElementNotFoundException: Web element with id: 'Object Repository/TC08_18 AM/span_Customer' located by 'By.xpath: //input[@type='text']' not found)
[[ATTACHMENT|C:\\Users\\ankur.jain\\Katalon Studio\\Feedzai_Automation\\Reports\\AM_Test Suite\\20180719_113648\\1531982250320.png]]

2018-07-19 12:07:30 - [TEST_STEP][PASSED] - delay: Delayed 5 second(s)

2018-07-19 12:07:35 - [MESSAGE][PASSED] - Delayed 5 second(s)

2018-07-19 12:07:35 - [TEST_STEP][FAILED] - verifyElementText: com.kms.katalon.core.webui.exception.WebElementNotFoundException: Web element with id: 'Object Repository/TC08_18 AM/div_1100231482' located by 'By.xpath: /html[1]/body[1]/div[@class="wrapper"]/div[@class="fdz-js-container fdz-css-container container"]/div[@class="fdz-js-customer-container fdz-css-customer-container"]/div[@class="row"]/div[@class="col-md-8 customer-details"]/div[@class="widget-wrapper"]/div[@class="widget-stage details"]/div[@class="row"]/div[@class="col-lg-4 col-md-4 col-sm-4 col-xs-12"]/div[@class="details-value"][count(. | //div[(text() = '1100231482' or . = '1100231482')]) = count(//div[(text() = '1100231482' or . = '1100231482')])]' not found

2018-07-19 12:08:11 - [MESSAGE][FAILED] - com.kms.katalon.core.webui.exception.WebElementNotFoundException: Web element with id: 'Object Repository/TC08_18 AM/div_1100231482' located by 'By.xpath: /html[1]/body[1]/div[@class="wrapper"]/div[@class="fdz-js-container fdz-css-container container"]/div[@class="fdz-js-customer-container fdz-css-customer-container"]/div[@class="row"]/div[@class="col-md-8 customer-details"]/div[@class="widget-wrapper"]/div[@class="widget-stage details"]/div[@class="row"]/div[@class="col-lg-4 col-md-4 col-sm-4 col-xs-12"]/div[@class="details-value"][count(. | //div[(text() = '1100231482' or . = '1100231482')]) = count(//div[(text() = '1100231482' or . = '1100231482')])]' not found
[[ATTACHMENT|C:\\Users\\ankur.jain\\Katalon Studio\\Feedzai_Automation\\Reports\\AM_Test Suite\\20180719_113648\\1531982290737.png]]

2018-07-19 12:08:11 - [TEST_STEP][PASSED] - comment: Customer Serach through id is sucesfull

2018-07-19 12:08:11 - [TEST_STEP][PASSED] - delay: Delayed 2 second(s)

2018-07-19 12:08:13 - [MESSAGE][PASSED] - Delayed 2 second(s)]]></system-out>
         <system-err><![CDATA[2018-07-19 12:05:41 - [TEST_CASE][FAILED] - Test Cases/Alert Manager Test Cases/AM_Customer Search Home Screen/TC09_Customer Search through Customer ID: Test Cases/Alert Manager Test Cases/AM_Customer Search Home Screen/TC09_Customer Search through Customer ID FAILED because (of) Unable to click on object 'Object Repository/TC08_18 AM/a_Customer' (Root cause: com.kms.katalon.core.webui.exception.WebElementNotFoundException: Web element with id: 'Object Repository/TC08_18 AM/a_Customer' located by 'By.xpath: //a[@href='#customer']' not found)]]></system-err>
      </testcase>
      <testcase name="Test Cases/Alert Manager Test Cases/AM_Customer Search Home Screen/TC10_Customer Detail Validation" classname="Test Cases/Alert Manager Test Cases/AM_Customer Search Home Screen/TC10_Customer Detail Validation" status="FAILED">
         <failure type="FAILED" message="Unable to click on object 'Object Repository/TC08_18 AM/Cust_Detail' (Root cause: com.kms.katalon.core.webui.exception.WebElementNotFoundException: Web element with id: 'Object Repository/TC08_18 AM/Cust_Detail' located by 'By.xpath: /html/body/div[1]/div[1]/div[2]/div[1]/div[1]/div[1]/div[2]' not found)"/>
         <system-out><![CDATA[2018-07-19 12:08:13 - [TEST_CASE][FAILED] - Test Cases/Alert Manager Test Cases/AM_Customer Search Home Screen/TC10_Customer Detail Validation: Test Cases/Alert Manager Test Cases/AM_Customer Search Home Screen/TC10_Customer Detail Validation FAILED because (of) Unable to click on object 'Object Repository/TC08_18 AM/Cust_Detail' (Root cause: com.kms.katalon.core.webui.exception.WebElementNotFoundException: Web element with id: 'Object Repository/TC08_18 AM/Cust_Detail' located by 'By.xpath: /html/body/div[1]/div[1]/div[2]/div[1]/div[1]/div[1]/div[2]' not found)

2018-07-19 12:08:13 - [TEST_STEP][FAILED] - click: Unable to click on object 'Object Repository/TC08_18 AM/Cust_Detail' (Root cause: com.kms.katalon.core.webui.exception.WebElementNotFoundException: Web element with id: 'Object Repository/TC08_18 AM/Cust_Detail' located by 'By.xpath: /html/body/div[1]/div[1]/div[2]/div[1]/div[1]/div[1]/div[2]' not found)

2018-07-19 12:08:48 - [MESSAGE][FAILED] - Unable to click on object 'Object Repository/TC08_18 AM/Cust_Detail' (Root cause: com.kms.katalon.core.webui.exception.WebElementNotFoundException: Web element with id: 'Object Repository/TC08_18 AM/Cust_Detail' located by 'By.xpath: /html/body/div[1]/div[1]/div[2]/div[1]/div[1]/div[1]/div[2]' not found)
[[ATTACHMENT|C:\\Users\\ankur.jain\\Katalon Studio\\Feedzai_Automation\\Reports\\AM_Test Suite\\20180719_113648\\1531982328062.png]]

2018-07-19 12:08:48 - [TEST_STEP][FAILED] - Statement - text = com.kms.katalon.core.webui.keyword.WebUiBuiltInKeywords.getText(com.kms.katalon.core.testobject.ObjectRepository.findTestObject(TC08_18 AM/Cust_Detail)): Unable to get text of object 'Object Repository/TC08_18 AM/Cust_Detail' (Root cause: com.kms.katalon.core.webui.exception.WebElementNotFoundException: Web element with id: 'Object Repository/TC08_18 AM/Cust_Detail' located by 'By.xpath: /html/body/div[1]/div[1]/div[2]/div[1]/div[1]/div[1]/div[2]' not found)

2018-07-19 12:09:23 - [MESSAGE][FAILED] - Unable to get text of object 'Object Repository/TC08_18 AM/Cust_Detail' (Root cause: com.kms.katalon.core.webui.exception.WebElementNotFoundException: Web element with id: 'Object Repository/TC08_18 AM/Cust_Detail' located by 'By.xpath: /html/body/div[1]/div[1]/div[2]/div[1]/div[1]/div[1]/div[2]' not found)
[[ATTACHMENT|C:\\Users\\ankur.jain\\Katalon Studio\\Feedzai_Automation\\Reports\\AM_Test Suite\\20180719_113648\\1531982362977.png]]

2018-07-19 12:09:23 - [TEST_STEP][PASSED] - Statement - If (text.contains("1100231482")): null]]></system-out>
         <system-err><![CDATA[2018-07-19 12:08:13 - [TEST_CASE][FAILED] - Test Cases/Alert Manager Test Cases/AM_Customer Search Home Screen/TC10_Customer Detail Validation: Test Cases/Alert Manager Test Cases/AM_Customer Search Home Screen/TC10_Customer Detail Validation FAILED because (of) Unable to click on object 'Object Repository/TC08_18 AM/Cust_Detail' (Root cause: com.kms.katalon.core.webui.exception.WebElementNotFoundException: Web element with id: 'Object Repository/TC08_18 AM/Cust_Detail' located by 'By.xpath: /html/body/div[1]/div[1]/div[2]/div[1]/div[1]/div[1]/div[2]' not found)]]></system-err>
      </testcase>
      <testcase name="Test Cases/Alert Manager Test Cases/AM_Customer Search Home Screen/TC11_Transaction Density Validation" classname="Test Cases/Alert Manager Test Cases/AM_Customer Search Home Screen/TC11_Transaction Density Validation" status="FAILED">
         <failure type="FAILED" message="Unable to click on object 'Object Repository/TC08_18 AM/Transcation Details' (Root cause: com.kms.katalon.core.webui.exception.WebElementNotFoundException: Web element with id: 'Object Repository/TC08_18 AM/Transcation Details' located by 'By.xpath: //html//div[@class='col-md-8 customer-details']/div[3]/div[2]' not found)"/>
         <system-out><![CDATA[2018-07-19 12:09:23 - [TEST_CASE][FAILED] - Test Cases/Alert Manager Test Cases/AM_Customer Search Home Screen/TC11_Transaction Density Validation: Test Cases/Alert Manager Test Cases/AM_Customer Search Home Screen/TC11_Transaction Density Validation FAILED because (of) Unable to click on object 'Object Repository/TC08_18 AM/Transcation Details' (Root cause: com.kms.katalon.core.webui.exception.WebElementNotFoundException: Web element with id: 'Object Repository/TC08_18 AM/Transcation Details' located by 'By.xpath: //html//div[@class='col-md-8 customer-details']/div[3]/div[2]' not found)

2018-07-19 12:09:23 - [TEST_STEP][FAILED] - click: Unable to click on object 'Object Repository/TC08_18 AM/Transcation Details' (Root cause: com.kms.katalon.core.webui.exception.WebElementNotFoundException: Web element with id: 'Object Repository/TC08_18 AM/Transcation Details' located by 'By.xpath: //html//div[@class='col-md-8 customer-details']/div[3]/div[2]' not found)

2018-07-19 12:09:59 - [MESSAGE][FAILED] - Unable to click on object 'Object Repository/TC08_18 AM/Transcation Details' (Root cause: com.kms.katalon.core.webui.exception.WebElementNotFoundException: Web element with id: 'Object Repository/TC08_18 AM/Transcation Details' located by 'By.xpath: //html//div[@class='col-md-8 customer-details']/div[3]/div[2]' not found)
[[ATTACHMENT|C:\\Users\\ankur.jain\\Katalon Studio\\Feedzai_Automation\\Reports\\AM_Test Suite\\20180719_113648\\1531982398646.png]]

2018-07-19 12:09:59 - [TEST_STEP][FAILED] - verifyElementPresent: com.kms.katalon.core.webui.exception.WebElementNotFoundException: Web element with id: 'Object Repository/TC08_18 AM/Transcation Details' located by 'By.xpath: //html//div[@class='col-md-8 customer-details']/div[3]/div[2]' not found

2018-07-19 12:09:59 - [MESSAGE][WARNING] - Timeout '0' is invalid. Using default page load timeout: '30'

2018-07-19 12:10:34 - [MESSAGE][FAILED] - com.kms.katalon.core.webui.exception.WebElementNotFoundException: Web element with id: 'Object Repository/TC08_18 AM/Transcation Details' located by 'By.xpath: //html//div[@class='col-md-8 customer-details']/div[3]/div[2]' not found
[[ATTACHMENT|C:\\Users\\ankur.jain\\Katalon Studio\\Feedzai_Automation\\Reports\\AM_Test Suite\\20180719_113648\\1531982434009.png]]

2018-07-19 12:10:34 - [TEST_STEP][FAILED] - getText: Unable to get text of object 'Object Repository/TC08_18 AM/Transcation Details' (Root cause: com.kms.katalon.core.webui.exception.WebElementNotFoundException: Web element with id: 'Object Repository/TC08_18 AM/Transcation Details' located by 'By.xpath: //html//div[@class='col-md-8 customer-details']/div[3]/div[2]' not found)

2018-07-19 12:11:09 - [MESSAGE][FAILED] - Unable to get text of object 'Object Repository/TC08_18 AM/Transcation Details' (Root cause: com.kms.katalon.core.webui.exception.WebElementNotFoundException: Web element with id: 'Object Repository/TC08_18 AM/Transcation Details' located by 'By.xpath: //html//div[@class='col-md-8 customer-details']/div[3]/div[2]' not found)
[[ATTACHMENT|C:\\Users\\ankur.jain\\Katalon Studio\\Feedzai_Automation\\Reports\\AM_Test Suite\\20180719_113648\\1531982468958.png]]]]></system-out>
         <system-err><![CDATA[2018-07-19 12:09:23 - [TEST_CASE][FAILED] - Test Cases/Alert Manager Test Cases/AM_Customer Search Home Screen/TC11_Transaction Density Validation: Test Cases/Alert Manager Test Cases/AM_Customer Search Home Screen/TC11_Transaction Density Validation FAILED because (of) Unable to click on object 'Object Repository/TC08_18 AM/Transcation Details' (Root cause: com.kms.katalon.core.webui.exception.WebElementNotFoundException: Web element with id: 'Object Repository/TC08_18 AM/Transcation Details' located by 'By.xpath: //html//div[@class='col-md-8 customer-details']/div[3]/div[2]' not found)]]></system-err>
      </testcase>
      <testcase name="Test Cases/Alert Manager Test Cases/AM_Customer Search Home Screen/TC12_Activity Period Validation" classname="Test Cases/Alert Manager Test Cases/AM_Customer Search Home Screen/TC12_Activity Period Validation" status="FAILED">
         <failure type="FAILED" message="Unable to click on object 'Object Repository/TC08_18 AM/Activity_Period' (Root cause: com.kms.katalon.core.webui.exception.WebElementNotFoundException: Web element with id: 'Object Repository/TC08_18 AM/Activity_Period' located by 'By.xpath: //html//div[@class='col-md-8 customer-details']/div[2]/div[2]' not found)"/>
         <system-out><![CDATA[2018-07-19 12:11:09 - [TEST_CASE][FAILED] - Test Cases/Alert Manager Test Cases/AM_Customer Search Home Screen/TC12_Activity Period Validation: Test Cases/Alert Manager Test Cases/AM_Customer Search Home Screen/TC12_Activity Period Validation FAILED because (of) Unable to click on object 'Object Repository/TC08_18 AM/Activity_Period' (Root cause: com.kms.katalon.core.webui.exception.WebElementNotFoundException: Web element with id: 'Object Repository/TC08_18 AM/Activity_Period' located by 'By.xpath: //html//div[@class='col-md-8 customer-details']/div[2]/div[2]' not found)

2018-07-19 12:11:09 - [TEST_STEP][FAILED] - click: Unable to click on object 'Object Repository/TC08_18 AM/Activity_Period' (Root cause: com.kms.katalon.core.webui.exception.WebElementNotFoundException: Web element with id: 'Object Repository/TC08_18 AM/Activity_Period' located by 'By.xpath: //html//div[@class='col-md-8 customer-details']/div[2]/div[2]' not found)

2018-07-19 12:11:44 - [MESSAGE][FAILED] - Unable to click on object 'Object Repository/TC08_18 AM/Activity_Period' (Root cause: com.kms.katalon.core.webui.exception.WebElementNotFoundException: Web element with id: 'Object Repository/TC08_18 AM/Activity_Period' located by 'By.xpath: //html//div[@class='col-md-8 customer-details']/div[2]/div[2]' not found)
[[ATTACHMENT|C:\\Users\\ankur.jain\\Katalon Studio\\Feedzai_Automation\\Reports\\AM_Test Suite\\20180719_113648\\1531982504370.png]]

2018-07-19 12:11:44 - [TEST_STEP][FAILED] - verifyElementPresent: com.kms.katalon.core.webui.exception.WebElementNotFoundException: Web element with id: 'Object Repository/TC08_18 AM/Activity_Period' located by 'By.xpath: //html//div[@class='col-md-8 customer-details']/div[2]/div[2]' not found

2018-07-19 12:11:44 - [MESSAGE][WARNING] - Timeout '0' is invalid. Using default page load timeout: '30'

2018-07-19 12:12:21 - [MESSAGE][FAILED] - com.kms.katalon.core.webui.exception.WebElementNotFoundException: Web element with id: 'Object Repository/TC08_18 AM/Activity_Period' located by 'By.xpath: //html//div[@class='col-md-8 customer-details']/div[2]/div[2]' not found
[[ATTACHMENT|C:\\Users\\ankur.jain\\Katalon Studio\\Feedzai_Automation\\Reports\\AM_Test Suite\\20180719_113648\\1531982540646.png]]

2018-07-19 12:12:21 - [TEST_STEP][FAILED] - getText: Unable to get text of object 'Object Repository/TC08_18 AM/Activity_Period' (Root cause: com.kms.katalon.core.webui.exception.WebElementNotFoundException: Web element with id: 'Object Repository/TC08_18 AM/Activity_Period' located by 'By.xpath: //html//div[@class='col-md-8 customer-details']/div[2]/div[2]' not found)

2018-07-19 12:12:56 - [MESSAGE][FAILED] - Unable to get text of object 'Object Repository/TC08_18 AM/Activity_Period' (Root cause: com.kms.katalon.core.webui.exception.WebElementNotFoundException: Web element with id: 'Object Repository/TC08_18 AM/Activity_Period' located by 'By.xpath: //html//div[@class='col-md-8 customer-details']/div[2]/div[2]' not found)
[[ATTACHMENT|C:\\Users\\ankur.jain\\Katalon Studio\\Feedzai_Automation\\Reports\\AM_Test Suite\\20180719_113648\\1531982575684.png]]]]></system-out>
         <system-err><![CDATA[2018-07-19 12:11:09 - [TEST_CASE][FAILED] - Test Cases/Alert Manager Test Cases/AM_Customer Search Home Screen/TC12_Activity Period Validation: Test Cases/Alert Manager Test Cases/AM_Customer Search Home Screen/TC12_Activity Period Validation FAILED because (of) Unable to click on object 'Object Repository/TC08_18 AM/Activity_Period' (Root cause: com.kms.katalon.core.webui.exception.WebElementNotFoundException: Web element with id: 'Object Repository/TC08_18 AM/Activity_Period' located by 'By.xpath: //html//div[@class='col-md-8 customer-details']/div[2]/div[2]' not found)]]></system-err>
      </testcase>
      <testcase name="Test Cases/Alert Manager Test Cases/AM_Customer Search Home Screen/TC13_ Transactions Details Validation" classname="Test Cases/Alert Manager Test Cases/AM_Customer Search Home Screen/TC13_ Transactions Details Validation" status="FAILED">
         <failure type="FAILED" message="Unable to click on object 'Object Repository/TC08_18 AM/Transcation Details' (Root cause: com.kms.katalon.core.webui.exception.WebElementNotFoundException: Web element with id: 'Object Repository/TC08_18 AM/Transcation Details' located by 'By.xpath: //html//div[@class='col-md-8 customer-details']/div[3]/div[2]' not found)"/>
         <system-out><![CDATA[2018-07-19 12:12:56 - [TEST_CASE][FAILED] - Test Cases/Alert Manager Test Cases/AM_Customer Search Home Screen/TC13_ Transactions Details Validation: Test Cases/Alert Manager Test Cases/AM_Customer Search Home Screen/TC13_ Transactions Details Validation FAILED because (of) Unable to click on object 'Object Repository/TC08_18 AM/Transcation Details' (Root cause: com.kms.katalon.core.webui.exception.WebElementNotFoundException: Web element with id: 'Object Repository/TC08_18 AM/Transcation Details' located by 'By.xpath: //html//div[@class='col-md-8 customer-details']/div[3]/div[2]' not found)

2018-07-19 12:12:56 - [TEST_STEP][FAILED] - click: Unable to click on object 'Object Repository/TC08_18 AM/Transcation Details' (Root cause: com.kms.katalon.core.webui.exception.WebElementNotFoundException: Web element with id: 'Object Repository/TC08_18 AM/Transcation Details' located by 'By.xpath: //html//div[@class='col-md-8 customer-details']/div[3]/div[2]' not found)

2018-07-19 12:13:31 - [MESSAGE][FAILED] - Unable to click on object 'Object Repository/TC08_18 AM/Transcation Details' (Root cause: com.kms.katalon.core.webui.exception.WebElementNotFoundException: Web element with id: 'Object Repository/TC08_18 AM/Transcation Details' located by 'By.xpath: //html//div[@class='col-md-8 customer-details']/div[3]/div[2]' not found)
[[ATTACHMENT|C:\\Users\\ankur.jain\\Katalon Studio\\Feedzai_Automation\\Reports\\AM_Test Suite\\20180719_113648\\1531982610994.png]]

2018-07-19 12:13:31 - [TEST_STEP][FAILED] - verifyElementPresent: com.kms.katalon.core.webui.exception.WebElementNotFoundException: Web element with id: 'Object Repository/TC08_18 AM/Transcation Details' located by 'By.xpath: //html//div[@class='col-md-8 customer-details']/div[3]/div[2]' not found

2018-07-19 12:13:31 - [MESSAGE][WARNING] - Timeout '0' is invalid. Using default page load timeout: '30'

2018-07-19 12:14:06 - [MESSAGE][FAILED] - com.kms.katalon.core.webui.exception.WebElementNotFoundException: Web element with id: 'Object Repository/TC08_18 AM/Transcation Details' located by 'By.xpath: //html//div[@class='col-md-8 customer-details']/div[3]/div[2]' not found
[[ATTACHMENT|C:\\Users\\ankur.jain\\Katalon Studio\\Feedzai_Automation\\Reports\\AM_Test Suite\\20180719_113648\\1531982646011.png]]

2018-07-19 12:14:06 - [TEST_STEP][FAILED] - getText: Unable to get text of object 'Object Repository/TC08_18 AM/Transcation Details' (Root cause: com.kms.katalon.core.webui.exception.WebElementNotFoundException: Web element with id: 'Object Repository/TC08_18 AM/Transcation Details' located by 'By.xpath: //html//div[@class='col-md-8 customer-details']/div[3]/div[2]' not found)

2018-07-19 12:14:41 - [MESSAGE][FAILED] - Unable to get text of object 'Object Repository/TC08_18 AM/Transcation Details' (Root cause: com.kms.katalon.core.webui.exception.WebElementNotFoundException: Web element with id: 'Object Repository/TC08_18 AM/Transcation Details' located by 'By.xpath: //html//div[@class='col-md-8 customer-details']/div[3]/div[2]' not found)
[[ATTACHMENT|C:\\Users\\ankur.jain\\Katalon Studio\\Feedzai_Automation\\Reports\\AM_Test Suite\\20180719_113648\\1531982680910.png]]]]></system-out>
         <system-err><![CDATA[2018-07-19 12:12:56 - [TEST_CASE][FAILED] - Test Cases/Alert Manager Test Cases/AM_Customer Search Home Screen/TC13_ Transactions Details Validation: Test Cases/Alert Manager Test Cases/AM_Customer Search Home Screen/TC13_ Transactions Details Validation FAILED because (of) Unable to click on object 'Object Repository/TC08_18 AM/Transcation Details' (Root cause: com.kms.katalon.core.webui.exception.WebElementNotFoundException: Web element with id: 'Object Repository/TC08_18 AM/Transcation Details' located by 'By.xpath: //html//div[@class='col-md-8 customer-details']/div[3]/div[2]' not found)]]></system-err>
      </testcase>
      <testcase name="Test Cases/Alert Manager Test Cases/AM_Customer Search Home Screen/TC14_Fraud Details Validation" classname="Test Cases/Alert Manager Test Cases/AM_Customer Search Home Screen/TC14_Fraud Details Validation" status="FAILED">
         <failure type="FAILED" message="Unable to click on object 'Object Repository/TC08_18 AM/Fraud Details' (Root cause: com.kms.katalon.core.webui.exception.WebElementNotFoundException: Web element with id: 'Object Repository/TC08_18 AM/Fraud Details' located by 'By.xpath: //div[@class='col-md-8 customer-details']//div[@class='widget-wrapper last-child']//div[@class='widget-stage details']' not found)"/>
         <system-out><![CDATA[2018-07-19 12:14:41 - [TEST_CASE][FAILED] - Test Cases/Alert Manager Test Cases/AM_Customer Search Home Screen/TC14_Fraud Details Validation: Test Cases/Alert Manager Test Cases/AM_Customer Search Home Screen/TC14_Fraud Details Validation FAILED because (of) Unable to click on object 'Object Repository/TC08_18 AM/Fraud Details' (Root cause: com.kms.katalon.core.webui.exception.WebElementNotFoundException: Web element with id: 'Object Repository/TC08_18 AM/Fraud Details' located by 'By.xpath: //div[@class='col-md-8 customer-details']//div[@class='widget-wrapper last-child']//div[@class='widget-stage details']' not found)

2018-07-19 12:14:41 - [TEST_STEP][FAILED] - click: Unable to click on object 'Object Repository/TC08_18 AM/Fraud Details' (Root cause: com.kms.katalon.core.webui.exception.WebElementNotFoundException: Web element with id: 'Object Repository/TC08_18 AM/Fraud Details' located by 'By.xpath: //div[@class='col-md-8 customer-details']//div[@class='widget-wrapper last-child']//div[@class='widget-stage details']' not found)

2018-07-19 12:15:16 - [MESSAGE][FAILED] - Unable to click on object 'Object Repository/TC08_18 AM/Fraud Details' (Root cause: com.kms.katalon.core.webui.exception.WebElementNotFoundException: Web element with id: 'Object Repository/TC08_18 AM/Fraud Details' located by 'By.xpath: //div[@class='col-md-8 customer-details']//div[@class='widget-wrapper last-child']//div[@class='widget-stage details']' not found)
[[ATTACHMENT|C:\\Users\\ankur.jain\\Katalon Studio\\Feedzai_Automation\\Reports\\AM_Test Suite\\20180719_113648\\1531982716551.png]]

2018-07-19 12:15:16 - [TEST_STEP][FAILED] - verifyElementPresent: com.kms.katalon.core.webui.exception.WebElementNotFoundException: Web element with id: 'Object Repository/TC08_18 AM/Fraud Details' located by 'By.xpath: //div[@class='col-md-8 customer-details']//div[@class='widget-wrapper last-child']//div[@class='widget-stage details']' not found

2018-07-19 12:15:17 - [MESSAGE][WARNING] - Timeout '0' is invalid. Using default page load timeout: '30'

2018-07-19 12:15:51 - [MESSAGE][FAILED] - com.kms.katalon.core.webui.exception.WebElementNotFoundException: Web element with id: 'Object Repository/TC08_18 AM/Fraud Details' located by 'By.xpath: //div[@class='col-md-8 customer-details']//div[@class='widget-wrapper last-child']//div[@class='widget-stage details']' not found
[[ATTACHMENT|C:\\Users\\ankur.jain\\Katalon Studio\\Feedzai_Automation\\Reports\\AM_Test Suite\\20180719_113648\\1531982751367.png]]

2018-07-19 12:15:51 - [TEST_STEP][FAILED] - getText: Unable to get text of object 'Object Repository/TC08_18 AM/Fraud Details' (Root cause: com.kms.katalon.core.webui.exception.WebElementNotFoundException: Web element with id: 'Object Repository/TC08_18 AM/Fraud Details' located by 'By.xpath: //div[@class='col-md-8 customer-details']//div[@class='widget-wrapper last-child']//div[@class='widget-stage details']' not found)

2018-07-19 12:16:26 - [MESSAGE][FAILED] - Unable to get text of object 'Object Repository/TC08_18 AM/Fraud Details' (Root cause: com.kms.katalon.core.webui.exception.WebElementNotFoundException: Web element with id: 'Object Repository/TC08_18 AM/Fraud Details' located by 'By.xpath: //div[@class='col-md-8 customer-details']//div[@class='widget-wrapper last-child']//div[@class='widget-stage details']' not found)
[[ATTACHMENT|C:\\Users\\ankur.jain\\Katalon Studio\\Feedzai_Automation\\Reports\\AM_Test Suite\\20180719_113648\\1531982786310.png]]]]></system-out>
         <system-err><![CDATA[2018-07-19 12:14:41 - [TEST_CASE][FAILED] - Test Cases/Alert Manager Test Cases/AM_Customer Search Home Screen/TC14_Fraud Details Validation: Test Cases/Alert Manager Test Cases/AM_Customer Search Home Screen/TC14_Fraud Details Validation FAILED because (of) Unable to click on object 'Object Repository/TC08_18 AM/Fraud Details' (Root cause: com.kms.katalon.core.webui.exception.WebElementNotFoundException: Web element with id: 'Object Repository/TC08_18 AM/Fraud Details' located by 'By.xpath: //div[@class='col-md-8 customer-details']//div[@class='widget-wrapper last-child']//div[@class='widget-stage details']' not found)]]></system-err>
      </testcase>
      <testcase name="Test Cases/Alert Manager Test Cases/AM_Customer Search Home Screen/TC15_Customer Transaction History" classname="Test Cases/Alert Manager Test Cases/AM_Customer Search Home Screen/TC15_Customer Transaction History" status="FAILED">
         <failure type="FAILED" message="Unable to click on object 'Object Repository/TC08_18 AM/Transcation history' (Root cause: com.kms.katalon.core.webui.exception.WebElementNotFoundException: Web element with id: 'Object Repository/TC08_18 AM/Transcation history' located by 'By.xpath: //table[@class='table fdz-table table-striped last-column-fit']' not found)"/>
         <system-out><![CDATA[2018-07-19 12:16:26 - [TEST_CASE][FAILED] - Test Cases/Alert Manager Test Cases/AM_Customer Search Home Screen/TC15_Customer Transaction History: Test Cases/Alert Manager Test Cases/AM_Customer Search Home Screen/TC15_Customer Transaction History FAILED because (of) Unable to click on object 'Object Repository/TC08_18 AM/Transcation history' (Root cause: com.kms.katalon.core.webui.exception.WebElementNotFoundException: Web element with id: 'Object Repository/TC08_18 AM/Transcation history' located by 'By.xpath: //table[@class='table fdz-table table-striped last-column-fit']' not found)

2018-07-19 12:16:32 - [TEST_STEP][FAILED] - click: Unable to click on object 'Object Repository/TC08_18 AM/Transcation history' (Root cause: com.kms.katalon.core.webui.exception.WebElementNotFoundException: Web element with id: 'Object Repository/TC08_18 AM/Transcation history' located by 'By.xpath: //table[@class='table fdz-table table-striped last-column-fit']' not found)

2018-07-19 12:17:06 - [MESSAGE][FAILED] - Unable to click on object 'Object Repository/TC08_18 AM/Transcation history' (Root cause: com.kms.katalon.core.webui.exception.WebElementNotFoundException: Web element with id: 'Object Repository/TC08_18 AM/Transcation history' located by 'By.xpath: //table[@class='table fdz-table table-striped last-column-fit']' not found)
[[ATTACHMENT|C:\\Users\\ankur.jain\\Katalon Studio\\Feedzai_Automation\\Reports\\AM_Test Suite\\20180719_113648\\1531982826450.png]]

2018-07-19 12:17:06 - [TEST_STEP][FAILED] - verifyElementPresent: com.kms.katalon.core.webui.exception.WebElementNotFoundException: Web element with id: 'Object Repository/TC08_18 AM/Transcation history' located by 'By.xpath: //table[@class='table fdz-table table-striped last-column-fit']' not found

2018-07-19 12:17:06 - [MESSAGE][WARNING] - Timeout '0' is invalid. Using default page load timeout: '30'

2018-07-19 12:17:41 - [MESSAGE][FAILED] - com.kms.katalon.core.webui.exception.WebElementNotFoundException: Web element with id: 'Object Repository/TC08_18 AM/Transcation history' located by 'By.xpath: //table[@class='table fdz-table table-striped last-column-fit']' not found
[[ATTACHMENT|C:\\Users\\ankur.jain\\Katalon Studio\\Feedzai_Automation\\Reports\\AM_Test Suite\\20180719_113648\\1531982861541.png]]

2018-07-19 12:17:41 - [TEST_STEP][FAILED] - getText: Unable to get text of object 'Object Repository/TC08_18 AM/Transcation history' (Root cause: com.kms.katalon.core.webui.exception.WebElementNotFoundException: Web element with id: 'Object Repository/TC08_18 AM/Transcation history' located by 'By.xpath: //table[@class='table fdz-table table-striped last-column-fit']' not found)

2018-07-19 12:18:16 - [MESSAGE][FAILED] - Unable to get text of object 'Object Repository/TC08_18 AM/Transcation history' (Root cause: com.kms.katalon.core.webui.exception.WebElementNotFoundException: Web element with id: 'Object Repository/TC08_18 AM/Transcation history' located by 'By.xpath: //table[@class='table fdz-table table-striped last-column-fit']' not found)
[[ATTACHMENT|C:\\Users\\ankur.jain\\Katalon Studio\\Feedzai_Automation\\Reports\\AM_Test Suite\\20180719_113648\\1531982896207.png]]]]></system-out>
         <system-err><![CDATA[2018-07-19 12:16:26 - [TEST_CASE][FAILED] - Test Cases/Alert Manager Test Cases/AM_Customer Search Home Screen/TC15_Customer Transaction History: Test Cases/Alert Manager Test Cases/AM_Customer Search Home Screen/TC15_Customer Transaction History FAILED because (of) Unable to click on object 'Object Repository/TC08_18 AM/Transcation history' (Root cause: com.kms.katalon.core.webui.exception.WebElementNotFoundException: Web element with id: 'Object Repository/TC08_18 AM/Transcation history' located by 'By.xpath: //table[@class='table fdz-table table-striped last-column-fit']' not found)]]></system-err>
      </testcase>
      <testcase name="Test Cases/Alert Manager Test Cases/AM_Customer Search Home Screen/TC17_Customer Transaction Statistics" classname="Test Cases/Alert Manager Test Cases/AM_Customer Search Home Screen/TC17_Customer Transaction Statistics" status="FAILED">
         <failure type="FAILED" message="Unable to click on object 'Object Repository/TC08_18 AM/Transcation Statics' (Root cause: com.kms.katalon.core.webui.exception.WebElementNotFoundException: Web element with id: 'Object Repository/TC08_18 AM/Transcation Statics' located by 'By.xpath: //div[@class='col-md-6 customer-transaction']//div[@class='widget-wrapper last-child']//div[@class='widget-stage details']' not found)"/>
         <system-out><![CDATA[2018-07-19 12:18:16 - [TEST_CASE][FAILED] - Test Cases/Alert Manager Test Cases/AM_Customer Search Home Screen/TC17_Customer Transaction Statistics: Test Cases/Alert Manager Test Cases/AM_Customer Search Home Screen/TC17_Customer Transaction Statistics FAILED because (of) Unable to click on object 'Object Repository/TC08_18 AM/Transcation Statics' (Root cause: com.kms.katalon.core.webui.exception.WebElementNotFoundException: Web element with id: 'Object Repository/TC08_18 AM/Transcation Statics' located by 'By.xpath: //div[@class='col-md-6 customer-transaction']//div[@class='widget-wrapper last-child']//div[@class='widget-stage details']' not found)

2018-07-19 12:18:17 - [TEST_STEP][FAILED] - click: Unable to click on object 'Object Repository/TC08_18 AM/Transcation Statics' (Root cause: com.kms.katalon.core.webui.exception.WebElementNotFoundException: Web element with id: 'Object Repository/TC08_18 AM/Transcation Statics' located by 'By.xpath: //div[@class='col-md-6 customer-transaction']//div[@class='widget-wrapper last-child']//div[@class='widget-stage details']' not found)

2018-07-19 12:18:51 - [MESSAGE][FAILED] - Unable to click on object 'Object Repository/TC08_18 AM/Transcation Statics' (Root cause: com.kms.katalon.core.webui.exception.WebElementNotFoundException: Web element with id: 'Object Repository/TC08_18 AM/Transcation Statics' located by 'By.xpath: //div[@class='col-md-6 customer-transaction']//div[@class='widget-wrapper last-child']//div[@class='widget-stage details']' not found)
[[ATTACHMENT|C:\\Users\\ankur.jain\\Katalon Studio\\Feedzai_Automation\\Reports\\AM_Test Suite\\20180719_113648\\1531982931414.png]]

2018-07-19 12:18:51 - [TEST_STEP][FAILED] - verifyElementPresent: com.kms.katalon.core.webui.exception.WebElementNotFoundException: Web element with id: 'Object Repository/TC08_18 AM/Transcation Statics' located by 'By.xpath: //div[@class='col-md-6 customer-transaction']//div[@class='widget-wrapper last-child']//div[@class='widget-stage details']' not found

2018-07-19 12:18:51 - [MESSAGE][WARNING] - Timeout '0' is invalid. Using default page load timeout: '30'

2018-07-19 12:19:26 - [MESSAGE][FAILED] - com.kms.katalon.core.webui.exception.WebElementNotFoundException: Web element with id: 'Object Repository/TC08_18 AM/Transcation Statics' located by 'By.xpath: //div[@class='col-md-6 customer-transaction']//div[@class='widget-wrapper last-child']//div[@class='widget-stage details']' not found
[[ATTACHMENT|C:\\Users\\ankur.jain\\Katalon Studio\\Feedzai_Automation\\Reports\\AM_Test Suite\\20180719_113648\\1531982966562.png]]

2018-07-19 12:19:26 - [TEST_STEP][FAILED] - getText: Unable to get text of object 'Object Repository/TC08_18 AM/Transcation Statics' (Root cause: com.kms.katalon.core.webui.exception.WebElementNotFoundException: Web element with id: 'Object Repository/TC08_18 AM/Transcation Statics' located by 'By.xpath: //div[@class='col-md-6 customer-transaction']//div[@class='widget-wrapper last-child']//div[@class='widget-stage details']' not found)

2018-07-19 12:20:01 - [MESSAGE][FAILED] - Unable to get text of object 'Object Repository/TC08_18 AM/Transcation Statics' (Root cause: com.kms.katalon.core.webui.exception.WebElementNotFoundException: Web element with id: 'Object Repository/TC08_18 AM/Transcation Statics' located by 'By.xpath: //div[@class='col-md-6 customer-transaction']//div[@class='widget-wrapper last-child']//div[@class='widget-stage details']' not found)
[[ATTACHMENT|C:\\Users\\ankur.jain\\Katalon Studio\\Feedzai_Automation\\Reports\\AM_Test Suite\\20180719_113648\\1531983001533.png]]]]></system-out>
         <system-err><![CDATA[2018-07-19 12:18:16 - [TEST_CASE][FAILED] - Test Cases/Alert Manager Test Cases/AM_Customer Search Home Screen/TC17_Customer Transaction Statistics: Test Cases/Alert Manager Test Cases/AM_Customer Search Home Screen/TC17_Customer Transaction Statistics FAILED because (of) Unable to click on object 'Object Repository/TC08_18 AM/Transcation Statics' (Root cause: com.kms.katalon.core.webui.exception.WebElementNotFoundException: Web element with id: 'Object Repository/TC08_18 AM/Transcation Statics' located by 'By.xpath: //div[@class='col-md-6 customer-transaction']//div[@class='widget-wrapper last-child']//div[@class='widget-stage details']' not found)]]></system-err>
      </testcase>
      <testcase name="Test Cases/Alert Manager Test Cases/AM_Customer Search Home Screen/TC18_Merchant Statistics in Customer tab Validation" classname="Test Cases/Alert Manager Test Cases/AM_Customer Search Home Screen/TC18_Merchant Statistics in Customer tab Validation" status="FAILED">
         <failure type="FAILED" message="Unable to click on object 'Object Repository/TC08_18 AM/Transcation Statics' (Root cause: com.kms.katalon.core.webui.exception.WebElementNotFoundException: Web element with id: 'Object Repository/TC08_18 AM/Transcation Statics' located by 'By.xpath: //div[@class='col-md-6 customer-transaction']//div[@class='widget-wrapper last-child']//div[@class='widget-stage details']' not found)"/>
         <system-out><![CDATA[2018-07-19 12:20:02 - [TEST_CASE][FAILED] - Test Cases/Alert Manager Test Cases/AM_Customer Search Home Screen/TC18_Merchant Statistics in Customer tab Validation: Test Cases/Alert Manager Test Cases/AM_Customer Search Home Screen/TC18_Merchant Statistics in Customer tab Validation FAILED because (of) Unable to click on object 'Object Repository/TC08_18 AM/Transcation Statics' (Root cause: com.kms.katalon.core.webui.exception.WebElementNotFoundException: Web element with id: 'Object Repository/TC08_18 AM/Transcation Statics' located by 'By.xpath: //div[@class='col-md-6 customer-transaction']//div[@class='widget-wrapper last-child']//div[@class='widget-stage details']' not found)

2018-07-19 12:20:02 - [TEST_STEP][FAILED] - click: Unable to click on object 'Object Repository/TC08_18 AM/Transcation Statics' (Root cause: com.kms.katalon.core.webui.exception.WebElementNotFoundException: Web element with id: 'Object Repository/TC08_18 AM/Transcation Statics' located by 'By.xpath: //div[@class='col-md-6 customer-transaction']//div[@class='widget-wrapper last-child']//div[@class='widget-stage details']' not found)

2018-07-19 12:20:37 - [MESSAGE][FAILED] - Unable to click on object 'Object Repository/TC08_18 AM/Transcation Statics' (Root cause: com.kms.katalon.core.webui.exception.WebElementNotFoundException: Web element with id: 'Object Repository/TC08_18 AM/Transcation Statics' located by 'By.xpath: //div[@class='col-md-6 customer-transaction']//div[@class='widget-wrapper last-child']//div[@class='widget-stage details']' not found)
[[ATTACHMENT|C:\\Users\\ankur.jain\\Katalon Studio\\Feedzai_Automation\\Reports\\AM_Test Suite\\20180719_113648\\1531983036943.png]]

2018-07-19 12:20:37 - [TEST_STEP][FAILED] - verifyElementVisible: Web element with id: 'Object Repository/TC08_18 AM/Transcation Statics' located by 'By.xpath: //div[@class='col-md-6 customer-transaction']//div[@class='widget-wrapper last-child']//div[@class='widget-stage details']' not found

2018-07-19 12:21:12 - [MESSAGE][FAILED] - Web element with id: 'Object Repository/TC08_18 AM/Transcation Statics' located by 'By.xpath: //div[@class='col-md-6 customer-transaction']//div[@class='widget-wrapper last-child']//div[@class='widget-stage details']' not found
[[ATTACHMENT|C:\\Users\\ankur.jain\\Katalon Studio\\Feedzai_Automation\\Reports\\AM_Test Suite\\20180719_113648\\1531983071798.png]]

2018-07-19 12:21:12 - [TEST_STEP][PASSED] - Statement - Customer_Search_id = com.kms.katalon.core.webui.keyword.WebUiBuiltInKeywords.takeScreenshot(): Taking screenshot successfully

2018-07-19 12:21:12 - [MESSAGE][PASSED] - Taking screenshot successfully
[[ATTACHMENT|C:\\Users\\ankur.jain\\Katalon Studio\\Feedzai_Automation\\Reports\\AM_Test Suite\\20180719_113648\\1531983072194.png]]]]></system-out>
         <system-err><![CDATA[2018-07-19 12:20:02 - [TEST_CASE][FAILED] - Test Cases/Alert Manager Test Cases/AM_Customer Search Home Screen/TC18_Merchant Statistics in Customer tab Validation: Test Cases/Alert Manager Test Cases/AM_Customer Search Home Screen/TC18_Merchant Statistics in Customer tab Validation FAILED because (of) Unable to click on object 'Object Repository/TC08_18 AM/Transcation Statics' (Root cause: com.kms.katalon.core.webui.exception.WebElementNotFoundException: Web element with id: 'Object Repository/TC08_18 AM/Transcation Statics' located by 'By.xpath: //div[@class='col-md-6 customer-transaction']//div[@class='widget-wrapper last-child']//div[@class='widget-stage details']' not found)]]></system-err>
      </testcase>
      <testcase name="Test Cases/Alert Manager Test Cases/AM_Merchant Search Home Screen/TC19_Validation of Enter MerchantNo" classname="Test Cases/Alert Manager Test Cases/AM_Merchant Search Home Screen/TC19_Validation of Enter MerchantNo" status="FAILED">
         <failure type="FAILED" message="Unable to click on object 'Object Repository/TC_19_20 AM/Merchant_icon' (Root cause: com.kms.katalon.core.webui.exception.WebElementNotFoundException: Web element with id: 'Object Repository/TC_19_20 AM/Merchant_icon' located by 'By.xpath: //*[@id=&quot;navbar&quot;]/ul/li[3]/a/span' not found)"/>
         <system-out><![CDATA[2018-07-19 12:21:12 - [TEST_CASE][FAILED] - Test Cases/Alert Manager Test Cases/AM_Merchant Search Home Screen/TC19_Validation of Enter MerchantNo: Test Cases/Alert Manager Test Cases/AM_Merchant Search Home Screen/TC19_Validation of Enter MerchantNo FAILED because (of) Unable to click on object 'Object Repository/TC_19_20 AM/Merchant_icon' (Root cause: com.kms.katalon.core.webui.exception.WebElementNotFoundException: Web element with id: 'Object Repository/TC_19_20 AM/Merchant_icon' located by 'By.xpath: //*[@id="navbar"]/ul/li[3]/a/span' not found)

2018-07-19 12:21:12 - [TEST_STEP][FAILED] - click: Unable to click on object 'Object Repository/TC_19_20 AM/Merchant_icon' (Root cause: com.kms.katalon.core.webui.exception.WebElementNotFoundException: Web element with id: 'Object Repository/TC_19_20 AM/Merchant_icon' located by 'By.xpath: //*[@id="navbar"]/ul/li[3]/a/span' not found)

2018-07-19 12:21:47 - [MESSAGE][FAILED] - Unable to click on object 'Object Repository/TC_19_20 AM/Merchant_icon' (Root cause: com.kms.katalon.core.webui.exception.WebElementNotFoundException: Web element with id: 'Object Repository/TC_19_20 AM/Merchant_icon' located by 'By.xpath: //*[@id="navbar"]/ul/li[3]/a/span' not found)
[[ATTACHMENT|C:\\Users\\ankur.jain\\Katalon Studio\\Feedzai_Automation\\Reports\\AM_Test Suite\\20180719_113648\\1531983107556.png]]

2018-07-19 12:21:47 - [TEST_STEP][PASSED] - delay: Delayed 2 second(s)

2018-07-19 12:21:49 - [MESSAGE][PASSED] - Delayed 2 second(s)

2018-07-19 12:21:49 - [TEST_STEP][FAILED] - setText: Unable to set text '+918899550000' of object 'Object Repository/TC_19_20 AM/Merchant_Inputbox' (Root cause: com.kms.katalon.core.webui.exception.WebElementNotFoundException: Web element with id: 'Object Repository/TC_19_20 AM/Merchant_Inputbox' located by 'By.xpath: //input[@type='text']' not found)

2018-07-19 12:22:24 - [MESSAGE][FAILED] - Unable to set text '+918899550000' of object 'Object Repository/TC_19_20 AM/Merchant_Inputbox' (Root cause: com.kms.katalon.core.webui.exception.WebElementNotFoundException: Web element with id: 'Object Repository/TC_19_20 AM/Merchant_Inputbox' located by 'By.xpath: //input[@type='text']' not found)
[[ATTACHMENT|C:\\Users\\ankur.jain\\Katalon Studio\\Feedzai_Automation\\Reports\\AM_Test Suite\\20180719_113648\\1531983144340.png]]

2018-07-19 12:22:24 - [TEST_STEP][PASSED] - delay: Delayed 2 second(s)

2018-07-19 12:22:26 - [MESSAGE][PASSED] - Delayed 2 second(s)

2018-07-19 12:22:26 - [TEST_STEP][FAILED] - setText: Unable to set text '' of object 'Object Repository/TC_19_20 AM/Merchant_Inputbox' (Root cause: com.kms.katalon.core.webui.exception.WebElementNotFoundException: Web element with id: 'Object Repository/TC_19_20 AM/Merchant_Inputbox' located by 'By.xpath: //input[@type='text']' not found)

2018-07-19 12:23:01 - [MESSAGE][FAILED] - Unable to set text '' of object 'Object Repository/TC_19_20 AM/Merchant_Inputbox' (Root cause: com.kms.katalon.core.webui.exception.WebElementNotFoundException: Web element with id: 'Object Repository/TC_19_20 AM/Merchant_Inputbox' located by 'By.xpath: //input[@type='text']' not found)
[[ATTACHMENT|C:\\Users\\ankur.jain\\Katalon Studio\\Feedzai_Automation\\Reports\\AM_Test Suite\\20180719_113648\\1531983181415.png]]

2018-07-19 12:23:01 - [TEST_STEP][PASSED] - delay: Delayed 2 second(s)

2018-07-19 12:23:03 - [MESSAGE][PASSED] - Delayed 2 second(s)

2018-07-19 12:23:03 - [TEST_STEP][FAILED] - verifyElementText: com.kms.katalon.core.webui.exception.WebElementNotFoundException: Web element with id: 'Object Repository/TC_19_20 AM/Merchant_MobileNo_Validation' located by 'By.xpath: //html//div[4]/div[1]/div[2]' not found

2018-07-19 12:23:39 - [MESSAGE][FAILED] - com.kms.katalon.core.webui.exception.WebElementNotFoundException: Web element with id: 'Object Repository/TC_19_20 AM/Merchant_MobileNo_Validation' located by 'By.xpath: //html//div[4]/div[1]/div[2]' not found
[[ATTACHMENT|C:\\Users\\ankur.jain\\Katalon Studio\\Feedzai_Automation\\Reports\\AM_Test Suite\\20180719_113648\\1531983218782.png]]

2018-07-19 12:23:39 - [TEST_STEP][FAILED] - getText: Unable to get text of object 'Object Repository/TC_19_20 AM/Merchant_Details' (Root cause: com.kms.katalon.core.webui.exception.WebElementNotFoundException: Web element with id: 'Object Repository/TC_19_20 AM/Merchant_Details' located by 'By.xpath: //html//div[@class='col-lg-8 col-md-8 col-sm-8 col-xs-8 merchant-details']/div[1]/div[2]' not found)

2018-07-19 12:24:14 - [MESSAGE][FAILED] - Unable to get text of object 'Object Repository/TC_19_20 AM/Merchant_Details' (Root cause: com.kms.katalon.core.webui.exception.WebElementNotFoundException: Web element with id: 'Object Repository/TC_19_20 AM/Merchant_Details' located by 'By.xpath: //html//div[@class='col-lg-8 col-md-8 col-sm-8 col-xs-8 merchant-details']/div[1]/div[2]' not found)
[[ATTACHMENT|C:\\Users\\ankur.jain\\Katalon Studio\\Feedzai_Automation\\Reports\\AM_Test Suite\\20180719_113648\\1531983253542.png]]

2018-07-19 12:24:14 - [TEST_STEP][FAILED] - verifyElementPresent: com.kms.katalon.core.webui.exception.WebElementNotFoundException: Web element with id: 'Object Repository/TC_19_20 AM/Merchant_Location' located by 'By.xpath: /html/body/div[1]/div[1]/div[2]/div[1]/div[2]/div/div[2]' not found

2018-07-19 12:24:14 - [MESSAGE][WARNING] - Timeout '0' is invalid. Using default page load timeout: '30'

2018-07-19 12:24:49 - [MESSAGE][FAILED] - com.kms.katalon.core.webui.exception.WebElementNotFoundException: Web element with id: 'Object Repository/TC_19_20 AM/Merchant_Location' located by 'By.xpath: /html/body/div[1]/div[1]/div[2]/div[1]/div[2]/div/div[2]' not found
[[ATTACHMENT|C:\\Users\\ankur.jain\\Katalon Studio\\Feedzai_Automation\\Reports\\AM_Test Suite\\20180719_113648\\1531983288807.png]]

2018-07-19 12:24:49 - [TEST_STEP][FAILED] - getText: Unable to get text of object 'Object Repository/TC_19_20 AM/Merchant_Activity Period' (Root cause: com.kms.katalon.core.webui.exception.WebElementNotFoundException: Web element with id: 'Object Repository/TC_19_20 AM/Merchant_Activity Period' located by 'By.xpath: //html//div[@class='col-lg-8 col-md-8 col-sm-8 col-xs-8 merchant-details']/div[2]/div[2]' not found)

2018-07-19 12:25:24 - [MESSAGE][FAILED] - Unable to get text of object 'Object Repository/TC_19_20 AM/Merchant_Activity Period' (Root cause: com.kms.katalon.core.webui.exception.WebElementNotFoundException: Web element with id: 'Object Repository/TC_19_20 AM/Merchant_Activity Period' located by 'By.xpath: //html//div[@class='col-lg-8 col-md-8 col-sm-8 col-xs-8 merchant-details']/div[2]/div[2]' not found)
[[ATTACHMENT|C:\\Users\\ankur.jain\\Katalon Studio\\Feedzai_Automation\\Reports\\AM_Test Suite\\20180719_113648\\1531983324410.png]]

2018-07-19 12:25:24 - [TEST_STEP][FAILED] - getText: Unable to get text of object 'Object Repository/TC_19_20 AM/Merchant_Trans Details' (Root cause: com.kms.katalon.core.webui.exception.WebElementNotFoundException: Web element with id: 'Object Repository/TC_19_20 AM/Merchant_Trans Details' located by 'By.xpath: //html//div[@class='col-lg-8 col-md-8 col-sm-8 col-xs-8 merchant-details']/div[3]/div[2]' not found)

2018-07-19 12:25:59 - [MESSAGE][FAILED] - Unable to get text of object 'Object Repository/TC_19_20 AM/Merchant_Trans Details' (Root cause: com.kms.katalon.core.webui.exception.WebElementNotFoundException: Web element with id: 'Object Repository/TC_19_20 AM/Merchant_Trans Details' located by 'By.xpath: //html//div[@class='col-lg-8 col-md-8 col-sm-8 col-xs-8 merchant-details']/div[3]/div[2]' not found)
[[ATTACHMENT|C:\\Users\\ankur.jain\\Katalon Studio\\Feedzai_Automation\\Reports\\AM_Test Suite\\20180719_113648\\1531983359404.png]]

2018-07-19 12:25:59 - [TEST_STEP][FAILED] - getText: Unable to get text of object 'Object Repository/TC_19_20 AM/Merchnat_Fraud Details' (Root cause: com.kms.katalon.core.webui.exception.WebElementNotFoundException: Web element with id: 'Object Repository/TC_19_20 AM/Merchnat_Fraud Details' located by 'By.xpath: //div[@class='col-lg-8 col-md-8 col-sm-8 col-xs-8 merchant-details']//div[@class='widget-wrapper last-child']//div[@class='widget-stage details']' not found)

2018-07-19 12:26:34 - [MESSAGE][FAILED] - Unable to get text of object 'Object Repository/TC_19_20 AM/Merchnat_Fraud Details' (Root cause: com.kms.katalon.core.webui.exception.WebElementNotFoundException: Web element with id: 'Object Repository/TC_19_20 AM/Merchnat_Fraud Details' located by 'By.xpath: //div[@class='col-lg-8 col-md-8 col-sm-8 col-xs-8 merchant-details']//div[@class='widget-wrapper last-child']//div[@class='widget-stage details']' not found)
[[ATTACHMENT|C:\\Users\\ankur.jain\\Katalon Studio\\Feedzai_Automation\\Reports\\AM_Test Suite\\20180719_113648\\1531983394253.png]]

2018-07-19 12:26:34 - [TEST_STEP][FAILED] - getText: Unable to get text of object 'Object Repository/TC_19_20 AM/Merchant_Transation History' (Root cause: com.kms.katalon.core.webui.exception.WebElementNotFoundException: Web element with id: 'Object Repository/TC_19_20 AM/Merchant_Transation History' located by 'By.xpath: //div[@class='widget-stage-overflow']' not found)

2018-07-19 12:27:08 - [MESSAGE][FAILED] - Unable to get text of object 'Object Repository/TC_19_20 AM/Merchant_Transation History' (Root cause: com.kms.katalon.core.webui.exception.WebElementNotFoundException: Web element with id: 'Object Repository/TC_19_20 AM/Merchant_Transation History' located by 'By.xpath: //div[@class='widget-stage-overflow']' not found)
[[ATTACHMENT|C:\\Users\\ankur.jain\\Katalon Studio\\Feedzai_Automation\\Reports\\AM_Test Suite\\20180719_113648\\1531983428275.png]]

2018-07-19 12:27:08 - [TEST_STEP][FAILED] - verifyElementPresent: com.kms.katalon.core.webui.exception.WebElementNotFoundException: Web element with id: 'Object Repository/TC_19_20 AM/Merchant_Trans Statistics' located by 'By.xpath: //div[@class='col-lg-6 col-md-6 col-sm-6 col-xs-6 merchant-transaction']//div[@class='widget-wrapper last-child']//div[@class='widget-stage details']' not found

2018-07-19 12:27:08 - [MESSAGE][WARNING] - Timeout '0' is invalid. Using default page load timeout: '30'

2018-07-19 12:27:43 - [MESSAGE][FAILED] - com.kms.katalon.core.webui.exception.WebElementNotFoundException: Web element with id: 'Object Repository/TC_19_20 AM/Merchant_Trans Statistics' located by 'By.xpath: //div[@class='col-lg-6 col-md-6 col-sm-6 col-xs-6 merchant-transaction']//div[@class='widget-wrapper last-child']//div[@class='widget-stage details']' not found
[[ATTACHMENT|C:\\Users\\ankur.jain\\Katalon Studio\\Feedzai_Automation\\Reports\\AM_Test Suite\\20180719_113648\\1531983463068.png]]

2018-07-19 12:27:43 - [TEST_STEP][PASSED] - delay: Delayed 2 second(s)

2018-07-19 12:27:45 - [MESSAGE][PASSED] - Delayed 2 second(s)

2018-07-19 12:27:45 - [TEST_STEP][PASSED] - comment: Merchant Search through Mobile No is validated

2018-07-19 12:27:45 - [TEST_STEP][PASSED] - Statement - Merchant_Search_id = com.kms.katalon.core.webui.keyword.WebUiBuiltInKeywords.takeScreenshot(): Taking screenshot successfully

2018-07-19 12:27:45 - [MESSAGE][PASSED] - Taking screenshot successfully
[[ATTACHMENT|C:\\Users\\ankur.jain\\Katalon Studio\\Feedzai_Automation\\Reports\\AM_Test Suite\\20180719_113648\\1531983465538.png]]]]></system-out>
         <system-err><![CDATA[2018-07-19 12:21:12 - [TEST_CASE][FAILED] - Test Cases/Alert Manager Test Cases/AM_Merchant Search Home Screen/TC19_Validation of Enter MerchantNo: Test Cases/Alert Manager Test Cases/AM_Merchant Search Home Screen/TC19_Validation of Enter MerchantNo FAILED because (of) Unable to click on object 'Object Repository/TC_19_20 AM/Merchant_icon' (Root cause: com.kms.katalon.core.webui.exception.WebElementNotFoundException: Web element with id: 'Object Repository/TC_19_20 AM/Merchant_icon' located by 'By.xpath: //*[@id="navbar"]/ul/li[3]/a/span' not found)]]></system-err>
      </testcase>
      <testcase name="Test Cases/Alert Manager Test Cases/AM_Merchant Search Home Screen/TC20_Validation of Enter Merchant MID" classname="Test Cases/Alert Manager Test Cases/AM_Merchant Search Home Screen/TC20_Validation of Enter Merchant MID" status="FAILED">
         <failure type="FAILED" message="Unable to click on object 'Object Repository/TC_19_20 AM/Merchant_icon' (Root cause: com.kms.katalon.core.webui.exception.WebElementNotFoundException: Web element with id: 'Object Repository/TC_19_20 AM/Merchant_icon' located by 'By.xpath: //*[@id=&quot;navbar&quot;]/ul/li[3]/a/span' not found)"/>
         <system-out><![CDATA[2018-07-19 12:27:45 - [TEST_CASE][FAILED] - Test Cases/Alert Manager Test Cases/AM_Merchant Search Home Screen/TC20_Validation of Enter Merchant MID: Test Cases/Alert Manager Test Cases/AM_Merchant Search Home Screen/TC20_Validation of Enter Merchant MID FAILED because (of) Unable to click on object 'Object Repository/TC_19_20 AM/Merchant_icon' (Root cause: com.kms.katalon.core.webui.exception.WebElementNotFoundException: Web element with id: 'Object Repository/TC_19_20 AM/Merchant_icon' located by 'By.xpath: //*[@id="navbar"]/ul/li[3]/a/span' not found)

2018-07-19 12:27:46 - [TEST_STEP][FAILED] - click: Unable to click on object 'Object Repository/TC_19_20 AM/Merchant_icon' (Root cause: com.kms.katalon.core.webui.exception.WebElementNotFoundException: Web element with id: 'Object Repository/TC_19_20 AM/Merchant_icon' located by 'By.xpath: //*[@id="navbar"]/ul/li[3]/a/span' not found)

2018-07-19 12:28:21 - [MESSAGE][FAILED] - Unable to click on object 'Object Repository/TC_19_20 AM/Merchant_icon' (Root cause: com.kms.katalon.core.webui.exception.WebElementNotFoundException: Web element with id: 'Object Repository/TC_19_20 AM/Merchant_icon' located by 'By.xpath: //*[@id="navbar"]/ul/li[3]/a/span' not found)
[[ATTACHMENT|C:\\Users\\ankur.jain\\Katalon Studio\\Feedzai_Automation\\Reports\\AM_Test Suite\\20180719_113648\\1531983501228.png]]

2018-07-19 12:28:21 - [TEST_STEP][PASSED] - delay: Delayed 2 second(s)

2018-07-19 12:28:23 - [MESSAGE][PASSED] - Delayed 2 second(s)

2018-07-19 12:28:23 - [TEST_STEP][FAILED] - setText: Unable to set text '100001000127962' of object 'Object Repository/TC_19_20 AM/Merchant_Inputbox' (Root cause: com.kms.katalon.core.webui.exception.WebElementNotFoundException: Web element with id: 'Object Repository/TC_19_20 AM/Merchant_Inputbox' located by 'By.xpath: //input[@type='text']' not found)

2018-07-19 12:28:58 - [MESSAGE][FAILED] - Unable to set text '100001000127962' of object 'Object Repository/TC_19_20 AM/Merchant_Inputbox' (Root cause: com.kms.katalon.core.webui.exception.WebElementNotFoundException: Web element with id: 'Object Repository/TC_19_20 AM/Merchant_Inputbox' located by 'By.xpath: //input[@type='text']' not found)
[[ATTACHMENT|C:\\Users\\ankur.jain\\Katalon Studio\\Feedzai_Automation\\Reports\\AM_Test Suite\\20180719_113648\\1531983538190.png]]

2018-07-19 12:28:58 - [TEST_STEP][PASSED] - delay: Delayed 2 second(s)

2018-07-19 12:29:00 - [MESSAGE][PASSED] - Delayed 2 second(s)

2018-07-19 12:29:00 - [TEST_STEP][FAILED] - setText: Unable to set text '' of object 'Object Repository/TC_19_20 AM/Merchant_Inputbox' (Root cause: com.kms.katalon.core.webui.exception.WebElementNotFoundException: Web element with id: 'Object Repository/TC_19_20 AM/Merchant_Inputbox' located by 'By.xpath: //input[@type='text']' not found)

2018-07-19 12:29:35 - [MESSAGE][FAILED] - Unable to set text '' of object 'Object Repository/TC_19_20 AM/Merchant_Inputbox' (Root cause: com.kms.katalon.core.webui.exception.WebElementNotFoundException: Web element with id: 'Object Repository/TC_19_20 AM/Merchant_Inputbox' located by 'By.xpath: //input[@type='text']' not found)
[[ATTACHMENT|C:\\Users\\ankur.jain\\Katalon Studio\\Feedzai_Automation\\Reports\\AM_Test Suite\\20180719_113648\\1531983575298.png]]

2018-07-19 12:29:35 - [TEST_STEP][PASSED] - delay: Delayed 2 second(s)

2018-07-19 12:29:37 - [MESSAGE][PASSED] - Delayed 2 second(s)

2018-07-19 12:29:37 - [TEST_STEP][FAILED] - verifyElementText: com.kms.katalon.core.webui.exception.WebElementNotFoundException: Web element with id: 'Object Repository/TC_19_20 AM/Merchant_id_Validation' located by 'By.xpath: //div[@class='details-value'][contains(text(),'100001000127962')]' not found

2018-07-19 12:30:12 - [MESSAGE][FAILED] - com.kms.katalon.core.webui.exception.WebElementNotFoundException: Web element with id: 'Object Repository/TC_19_20 AM/Merchant_id_Validation' located by 'By.xpath: //div[@class='details-value'][contains(text(),'100001000127962')]' not found
[[ATTACHMENT|C:\\Users\\ankur.jain\\Katalon Studio\\Feedzai_Automation\\Reports\\AM_Test Suite\\20180719_113648\\1531983612373.png]]

2018-07-19 12:30:12 - [TEST_STEP][PASSED] - comment: Merchant Search through id is validated

2018-07-19 12:30:12 - [TEST_STEP][PASSED] - Statement - Merchant_Search_id = com.kms.katalon.core.webui.keyword.WebUiBuiltInKeywords.takeScreenshot(): Taking screenshot successfully

2018-07-19 12:30:13 - [MESSAGE][PASSED] - Taking screenshot successfully
[[ATTACHMENT|C:\\Users\\ankur.jain\\Katalon Studio\\Feedzai_Automation\\Reports\\AM_Test Suite\\20180719_113648\\1531983612763.png]]]]></system-out>
         <system-err><![CDATA[2018-07-19 12:27:45 - [TEST_CASE][FAILED] - Test Cases/Alert Manager Test Cases/AM_Merchant Search Home Screen/TC20_Validation of Enter Merchant MID: Test Cases/Alert Manager Test Cases/AM_Merchant Search Home Screen/TC20_Validation of Enter Merchant MID FAILED because (of) Unable to click on object 'Object Repository/TC_19_20 AM/Merchant_icon' (Root cause: com.kms.katalon.core.webui.exception.WebElementNotFoundException: Web element with id: 'Object Repository/TC_19_20 AM/Merchant_icon' located by 'By.xpath: //*[@id="navbar"]/ul/li[3]/a/span' not found)]]></system-err>
      </testcase>
      <testcase name="Test Cases/Alert Manager Test Cases/AM_Agent Search/TC21_Validation of Agent Search" classname="Test Cases/Alert Manager Test Cases/AM_Agent Search/TC21_Validation of Agent Search" status="FAILED">
         <failure type="FAILED" message="Unable to click on object 'Object Repository/TC_21_AM/Agent_Icon' (Root cause: com.kms.katalon.core.webui.exception.WebElementNotFoundException: Web element with id: 'Object Repository/TC_21_AM/Agent_Icon' located by 'By.xpath: //span[contains(text(),'Agent')]' not found)"/>
         <system-out><![CDATA[2018-07-19 12:30:13 - [TEST_CASE][FAILED] - Test Cases/Alert Manager Test Cases/AM_Agent Search/TC21_Validation of Agent Search: Test Cases/Alert Manager Test Cases/AM_Agent Search/TC21_Validation of Agent Search FAILED because (of) Unable to click on object 'Object Repository/TC_21_AM/Agent_Icon' (Root cause: com.kms.katalon.core.webui.exception.WebElementNotFoundException: Web element with id: 'Object Repository/TC_21_AM/Agent_Icon' located by 'By.xpath: //span[contains(text(),'Agent')]' not found)

2018-07-19 12:30:13 - [TEST_STEP][FAILED] - click: Unable to click on object 'Object Repository/TC_21_AM/Agent_Icon' (Root cause: com.kms.katalon.core.webui.exception.WebElementNotFoundException: Web element with id: 'Object Repository/TC_21_AM/Agent_Icon' located by 'By.xpath: //span[contains(text(),'Agent')]' not found)

2018-07-19 12:30:48 - [MESSAGE][FAILED] - Unable to click on object 'Object Repository/TC_21_AM/Agent_Icon' (Root cause: com.kms.katalon.core.webui.exception.WebElementNotFoundException: Web element with id: 'Object Repository/TC_21_AM/Agent_Icon' located by 'By.xpath: //span[contains(text(),'Agent')]' not found)
[[ATTACHMENT|C:\\Users\\ankur.jain\\Katalon Studio\\Feedzai_Automation\\Reports\\AM_Test Suite\\20180719_113648\\1531983648435.png]]

2018-07-19 12:30:48 - [TEST_STEP][PASSED] - delay: Delayed 2 second(s)

2018-07-19 12:30:50 - [MESSAGE][PASSED] - Delayed 2 second(s)

2018-07-19 12:30:50 - [TEST_STEP][FAILED] - setText: Unable to set text '1000002151' of object 'Object Repository/TC_21_AM/Agent_Search' (Root cause: com.kms.katalon.core.webui.exception.WebElementNotFoundException: Web element with id: 'Object Repository/TC_21_AM/Agent_Search' located by 'By.xpath: //input[@type='text']' not found)

2018-07-19 12:31:25 - [MESSAGE][FAILED] - Unable to set text '1000002151' of object 'Object Repository/TC_21_AM/Agent_Search' (Root cause: com.kms.katalon.core.webui.exception.WebElementNotFoundException: Web element with id: 'Object Repository/TC_21_AM/Agent_Search' located by 'By.xpath: //input[@type='text']' not found)
[[ATTACHMENT|C:\\Users\\ankur.jain\\Katalon Studio\\Feedzai_Automation\\Reports\\AM_Test Suite\\20180719_113648\\1531983685384.png]]

2018-07-19 12:31:25 - [TEST_STEP][PASSED] - delay: Delayed 9 second(s)

2018-07-19 12:31:34 - [MESSAGE][PASSED] - Delayed 9 second(s)

2018-07-19 12:31:34 - [TEST_STEP][FAILED] - setText: Unable to set text '' of object 'Object Repository/TC_21_AM/Agent_Search' (Root cause: com.kms.katalon.core.webui.exception.WebElementNotFoundException: Web element with id: 'Object Repository/TC_21_AM/Agent_Search' located by 'By.xpath: //input[@type='text']' not found)

2018-07-19 12:32:08 - [MESSAGE][FAILED] - Unable to set text '' of object 'Object Repository/TC_21_AM/Agent_Search' (Root cause: com.kms.katalon.core.webui.exception.WebElementNotFoundException: Web element with id: 'Object Repository/TC_21_AM/Agent_Search' located by 'By.xpath: //input[@type='text']' not found)
[[ATTACHMENT|C:\\Users\\ankur.jain\\Katalon Studio\\Feedzai_Automation\\Reports\\AM_Test Suite\\20180719_113648\\1531983728524.png]]

2018-07-19 12:32:08 - [TEST_STEP][PASSED] - delay: Delayed 2 second(s)

2018-07-19 12:32:10 - [MESSAGE][PASSED] - Delayed 2 second(s)

2018-07-19 12:32:10 - [TEST_STEP][FAILED] - verifyElementText: com.kms.katalon.core.webui.exception.WebElementNotFoundException: Web element with id: 'Object Repository/TC_21_AM/Agent_id_Validation' located by 'By.xpath: //div[@class='details-value'][contains(text(),'1000002151')]' not found

2018-07-19 12:32:45 - [MESSAGE][FAILED] - com.kms.katalon.core.webui.exception.WebElementNotFoundException: Web element with id: 'Object Repository/TC_21_AM/Agent_id_Validation' located by 'By.xpath: //div[@class='details-value'][contains(text(),'1000002151')]' not found
[[ATTACHMENT|C:\\Users\\ankur.jain\\Katalon Studio\\Feedzai_Automation\\Reports\\AM_Test Suite\\20180719_113648\\1531983765366.png]]

2018-07-19 12:32:45 - [TEST_STEP][FAILED] - getText: Unable to get text of object 'Object Repository/TC_21_AM/Agent_Details' (Root cause: com.kms.katalon.core.webui.exception.WebElementNotFoundException: Web element with id: 'Object Repository/TC_21_AM/Agent_Details' located by 'By.xpath: //html//div[@class='col-lg-8 col-md-8 col-sm-8 col-xs-8 agent-details']/div[1]/div[2]' not found)

2018-07-19 12:33:20 - [MESSAGE][FAILED] - Unable to get text of object 'Object Repository/TC_21_AM/Agent_Details' (Root cause: com.kms.katalon.core.webui.exception.WebElementNotFoundException: Web element with id: 'Object Repository/TC_21_AM/Agent_Details' located by 'By.xpath: //html//div[@class='col-lg-8 col-md-8 col-sm-8 col-xs-8 agent-details']/div[1]/div[2]' not found)
[[ATTACHMENT|C:\\Users\\ankur.jain\\Katalon Studio\\Feedzai_Automation\\Reports\\AM_Test Suite\\20180719_113648\\1531983800255.png]]

2018-07-19 12:33:20 - [TEST_STEP][FAILED] - verifyElementPresent: com.kms.katalon.core.webui.exception.WebElementNotFoundException: Web element with id: 'Object Repository/TC_21_AM/Agent_Location' located by 'By.xpath: /html/body/div[1]/div[1]/div[2]/div[1]/div[2]/div/div[2]' not found

2018-07-19 12:33:20 - [MESSAGE][WARNING] - Timeout '0' is invalid. Using default page load timeout: '30'

2018-07-19 12:33:55 - [MESSAGE][FAILED] - com.kms.katalon.core.webui.exception.WebElementNotFoundException: Web element with id: 'Object Repository/TC_21_AM/Agent_Location' located by 'By.xpath: /html/body/div[1]/div[1]/div[2]/div[1]/div[2]/div/div[2]' not found
[[ATTACHMENT|C:\\Users\\ankur.jain\\Katalon Studio\\Feedzai_Automation\\Reports\\AM_Test Suite\\20180719_113648\\1531983835290.png]]

2018-07-19 12:33:55 - [TEST_STEP][FAILED] - getText: Unable to get text of object 'Object Repository/TC_21_AM/Agent_Activity Period' (Root cause: com.kms.katalon.core.webui.exception.WebElementNotFoundException: Web element with id: 'Object Repository/TC_21_AM/Agent_Activity Period' located by 'By.xpath: //html//div[@class='col-lg-8 col-md-8 col-sm-8 col-xs-8 agent-details']/div[2]/div[2]' not found)

2018-07-19 12:34:30 - [MESSAGE][FAILED] - Unable to get text of object 'Object Repository/TC_21_AM/Agent_Activity Period' (Root cause: com.kms.katalon.core.webui.exception.WebElementNotFoundException: Web element with id: 'Object Repository/TC_21_AM/Agent_Activity Period' located by 'By.xpath: //html//div[@class='col-lg-8 col-md-8 col-sm-8 col-xs-8 agent-details']/div[2]/div[2]' not found)
[[ATTACHMENT|C:\\Users\\ankur.jain\\Katalon Studio\\Feedzai_Automation\\Reports\\AM_Test Suite\\20180719_113648\\1531983870414.png]]

2018-07-19 12:34:30 - [TEST_STEP][FAILED] - getText: Unable to get text of object 'Object Repository/TC_21_AM/Agent_Trans Details' (Root cause: com.kms.katalon.core.webui.exception.WebElementNotFoundException: Web element with id: 'Object Repository/TC_21_AM/Agent_Trans Details' located by 'By.xpath: //html//div[@class='col-lg-8 col-md-8 col-sm-8 col-xs-8 agent-details']/div[3]/div[2]' not found)

2018-07-19 12:35:05 - [MESSAGE][FAILED] - Unable to get text of object 'Object Repository/TC_21_AM/Agent_Trans Details' (Root cause: com.kms.katalon.core.webui.exception.WebElementNotFoundException: Web element with id: 'Object Repository/TC_21_AM/Agent_Trans Details' located by 'By.xpath: //html//div[@class='col-lg-8 col-md-8 col-sm-8 col-xs-8 agent-details']/div[3]/div[2]' not found)
[[ATTACHMENT|C:\\Users\\ankur.jain\\Katalon Studio\\Feedzai_Automation\\Reports\\AM_Test Suite\\20180719_113648\\1531983905611.png]]

2018-07-19 12:35:05 - [TEST_STEP][FAILED] - getText: Unable to get text of object 'Object Repository/TC_21_AM/Agent_Fraud Details' (Root cause: com.kms.katalon.core.webui.exception.WebElementNotFoundException: Web element with id: 'Object Repository/TC_21_AM/Agent_Fraud Details' located by 'By.xpath: //div[@class='col-lg-8 col-md-8 col-sm-8 col-xs-8 agent-details']//div[@class='widget-wrapper last-child']//div[@class='widget-stage details']' not found)

2018-07-19 12:35:41 - [MESSAGE][FAILED] - Unable to get text of object 'Object Repository/TC_21_AM/Agent_Fraud Details' (Root cause: com.kms.katalon.core.webui.exception.WebElementNotFoundException: Web element with id: 'Object Repository/TC_21_AM/Agent_Fraud Details' located by 'By.xpath: //div[@class='col-lg-8 col-md-8 col-sm-8 col-xs-8 agent-details']//div[@class='widget-wrapper last-child']//div[@class='widget-stage details']' not found)
[[ATTACHMENT|C:\\Users\\ankur.jain\\Katalon Studio\\Feedzai_Automation\\Reports\\AM_Test Suite\\20180719_113648\\1531983940739.png]]

2018-07-19 12:35:41 - [TEST_STEP][FAILED] - getText: Unable to get text of object 'Object Repository/TC_21_AM/Agent_Trans History' (Root cause: com.kms.katalon.core.webui.exception.WebElementNotFoundException: Web element with id: 'Object Repository/TC_21_AM/Agent_Trans History' located by 'By.xpath: //div[@class='widget-stage-overflow']' not found)

2018-07-19 12:36:16 - [MESSAGE][FAILED] - Unable to get text of object 'Object Repository/TC_21_AM/Agent_Trans History' (Root cause: com.kms.katalon.core.webui.exception.WebElementNotFoundException: Web element with id: 'Object Repository/TC_21_AM/Agent_Trans History' located by 'By.xpath: //div[@class='widget-stage-overflow']' not found)
[[ATTACHMENT|C:\\Users\\ankur.jain\\Katalon Studio\\Feedzai_Automation\\Reports\\AM_Test Suite\\20180719_113648\\1531983975997.png]]

2018-07-19 12:36:16 - [TEST_STEP][FAILED] - verifyElementPresent: com.kms.katalon.core.webui.exception.WebElementNotFoundException: Web element with id: 'Object Repository/TC_21_AM/Agent_Transcation Stats' located by 'By.xpath: //div[@class='col-lg-6 col-md-6 col-sm-6 col-xs-6 fdz-js-load-money-statistics']//div[@class='widget-wrapper last-child']//div[@class='widget-stage details']' not found

2018-07-19 12:36:16 - [MESSAGE][WARNING] - Timeout '0' is invalid. Using default page load timeout: '30'

2018-07-19 12:36:51 - [MESSAGE][FAILED] - com.kms.katalon.core.webui.exception.WebElementNotFoundException: Web element with id: 'Object Repository/TC_21_AM/Agent_Transcation Stats' located by 'By.xpath: //div[@class='col-lg-6 col-md-6 col-sm-6 col-xs-6 fdz-js-load-money-statistics']//div[@class='widget-wrapper last-child']//div[@class='widget-stage details']' not found
[[ATTACHMENT|C:\\Users\\ankur.jain\\Katalon Studio\\Feedzai_Automation\\Reports\\AM_Test Suite\\20180719_113648\\1531984011079.png]]

2018-07-19 12:36:51 - [TEST_STEP][PASSED] - delay: Delayed 2 second(s)

2018-07-19 12:36:53 - [MESSAGE][PASSED] - Delayed 2 second(s)

2018-07-19 12:36:53 - [TEST_STEP][PASSED] - comment: Agent Search through id is validated

2018-07-19 12:36:53 - [TEST_STEP][PASSED] - Statement - Agent_Search_id = com.kms.katalon.core.webui.keyword.WebUiBuiltInKeywords.takeScreenshot(): Taking screenshot successfully

2018-07-19 12:36:54 - [MESSAGE][PASSED] - Taking screenshot successfully
[[ATTACHMENT|C:\\Users\\ankur.jain\\Katalon Studio\\Feedzai_Automation\\Reports\\AM_Test Suite\\20180719_113648\\1531984013641.png]]]]></system-out>
         <system-err><![CDATA[2018-07-19 12:30:13 - [TEST_CASE][FAILED] - Test Cases/Alert Manager Test Cases/AM_Agent Search/TC21_Validation of Agent Search: Test Cases/Alert Manager Test Cases/AM_Agent Search/TC21_Validation of Agent Search FAILED because (of) Unable to click on object 'Object Repository/TC_21_AM/Agent_Icon' (Root cause: com.kms.katalon.core.webui.exception.WebElementNotFoundException: Web element with id: 'Object Repository/TC_21_AM/Agent_Icon' located by 'By.xpath: //span[contains(text(),'Agent')]' not found)]]></system-err>
      </testcase>
      <testcase name="Test Cases/Alert Manager Test Cases/Alert Manager_Reports/TC23_Validation of Reports" classname="Test Cases/Alert Manager Test Cases/Alert Manager_Reports/TC23_Validation of Reports" status="FAILED">
         <failure type="FAILED" message="Unable to click on object 'Object Repository/TC_23_AM/Report_Icon' (Root cause: com.kms.katalon.core.webui.exception.WebElementNotFoundException: Web element with id: 'Object Repository/TC_23_AM/Report_Icon' located by 'By.xpath: //span[contains(text(),'Reports')]' not found)"/>
         <system-out><![CDATA[2018-07-19 12:36:54 - [TEST_CASE][FAILED] - Test Cases/Alert Manager Test Cases/Alert Manager_Reports/TC23_Validation of Reports: Test Cases/Alert Manager Test Cases/Alert Manager_Reports/TC23_Validation of Reports FAILED because (of) Unable to click on object 'Object Repository/TC_23_AM/Report_Icon' (Root cause: com.kms.katalon.core.webui.exception.WebElementNotFoundException: Web element with id: 'Object Repository/TC_23_AM/Report_Icon' located by 'By.xpath: //span[contains(text(),'Reports')]' not found)

2018-07-19 12:36:54 - [TEST_STEP][FAILED] - click: Unable to click on object 'Object Repository/TC_23_AM/Report_Icon' (Root cause: com.kms.katalon.core.webui.exception.WebElementNotFoundException: Web element with id: 'Object Repository/TC_23_AM/Report_Icon' located by 'By.xpath: //span[contains(text(),'Reports')]' not found)

2018-07-19 12:37:29 - [MESSAGE][FAILED] - Unable to click on object 'Object Repository/TC_23_AM/Report_Icon' (Root cause: com.kms.katalon.core.webui.exception.WebElementNotFoundException: Web element with id: 'Object Repository/TC_23_AM/Report_Icon' located by 'By.xpath: //span[contains(text(),'Reports')]' not found)
[[ATTACHMENT|C:\\Users\\ankur.jain\\Katalon Studio\\Feedzai_Automation\\Reports\\AM_Test Suite\\20180719_113648\\1531984049273.png]]

2018-07-19 12:37:29 - [TEST_STEP][PASSED] - delay: Delayed 2 second(s)

2018-07-19 12:37:31 - [MESSAGE][PASSED] - Delayed 2 second(s)

2018-07-19 12:37:31 - [TEST_STEP][FAILED] - click: Unable to click on object 'Object Repository/TC_23_AM/Click_excel' (Root cause: com.kms.katalon.core.webui.exception.WebElementNotFoundException: Web element with id: 'Object Repository/TC_23_AM/Click_excel' located by 'By.xpath: /html/body/div[1]/div[1]/div[3]/div/div[2]/div/div/table/tbody/tr[1]/td[5]/a[1]' not found)

2018-07-19 12:38:06 - [MESSAGE][FAILED] - Unable to click on object 'Object Repository/TC_23_AM/Click_excel' (Root cause: com.kms.katalon.core.webui.exception.WebElementNotFoundException: Web element with id: 'Object Repository/TC_23_AM/Click_excel' located by 'By.xpath: /html/body/div[1]/div[1]/div[3]/div/div[2]/div/div/table/tbody/tr[1]/td[5]/a[1]' not found)
[[ATTACHMENT|C:\\Users\\ankur.jain\\Katalon Studio\\Feedzai_Automation\\Reports\\AM_Test Suite\\20180719_113648\\1531984086557.png]]

2018-07-19 12:38:06 - [TEST_STEP][PASSED] - Statement - Report_Download = com.kms.katalon.core.webui.keyword.WebUiBuiltInKeywords.takeScreenshot(): Taking screenshot successfully

2018-07-19 12:38:07 - [MESSAGE][PASSED] - Taking screenshot successfully
[[ATTACHMENT|C:\\Users\\ankur.jain\\Katalon Studio\\Feedzai_Automation\\Reports\\AM_Test Suite\\20180719_113648\\1531984086962.png]]

2018-07-19 12:38:07 - [TEST_STEP][PASSED] - comment: Report downloaded sucesfully]]></system-out>
         <system-err><![CDATA[2018-07-19 12:36:54 - [TEST_CASE][FAILED] - Test Cases/Alert Manager Test Cases/Alert Manager_Reports/TC23_Validation of Reports: Test Cases/Alert Manager Test Cases/Alert Manager_Reports/TC23_Validation of Reports FAILED because (of) Unable to click on object 'Object Repository/TC_23_AM/Report_Icon' (Root cause: com.kms.katalon.core.webui.exception.WebElementNotFoundException: Web element with id: 'Object Repository/TC_23_AM/Report_Icon' located by 'By.xpath: //span[contains(text(),'Reports')]' not found)]]></system-err>
      </testcase>
      <testcase name="Test Cases/Alert Manager Test Cases/Alert Manager_Search Screen/TC24_Validate Advance search through customer id" classname="Test Cases/Alert Manager Test Cases/Alert Manager_Search Screen/TC24_Validate Advance search through customer id" status="FAILED">
         <failure type="FAILED" message="Unable to click on object 'Object Repository/TC_24_36 AM/span_Search' (Root cause: com.kms.katalon.core.webui.exception.WebElementNotFoundException: Web element with id: 'Object Repository/TC_24_36 AM/span_Search' located by 'By.xpath: //span[(text() = 'Search' or . = 'Search')]' not found)"/>
         <system-out><![CDATA[2018-07-19 12:38:07 - [TEST_CASE][FAILED] - Test Cases/Alert Manager Test Cases/Alert Manager_Search Screen/TC24_Validate Advance search through customer id: Test Cases/Alert Manager Test Cases/Alert Manager_Search Screen/TC24_Validate Advance search through customer id FAILED because (of) Unable to click on object 'Object Repository/TC_24_36 AM/span_Search' (Root cause: com.kms.katalon.core.webui.exception.WebElementNotFoundException: Web element with id: 'Object Repository/TC_24_36 AM/span_Search' located by 'By.xpath: //span[(text() = 'Search' or . = 'Search')]' not found)

2018-07-19 12:38:07 - [TEST_STEP][NOT_RUN] - openBrowser: NOT_RUN: openBrowser

2018-07-19 12:38:07 - [MESSAGE][NOT_RUN] - NOT_RUN: openBrowser

2018-07-19 12:38:07 - [TEST_STEP][NOT_RUN] - navigateToUrl: NOT_RUN: navigateToUrl

2018-07-19 12:38:07 - [MESSAGE][NOT_RUN] - NOT_RUN: navigateToUrl

2018-07-19 12:38:07 - [TEST_STEP][NOT_RUN] - maximizeWindow: NOT_RUN: maximizeWindow

2018-07-19 12:38:07 - [MESSAGE][NOT_RUN] - NOT_RUN: maximizeWindow

2018-07-19 12:38:07 - [TEST_STEP][NOT_RUN] - setText: NOT_RUN: setText

2018-07-19 12:38:07 - [MESSAGE][NOT_RUN] - NOT_RUN: setText

2018-07-19 12:38:07 - [TEST_STEP][NOT_RUN] - setText: NOT_RUN: setText

2018-07-19 12:38:07 - [MESSAGE][NOT_RUN] - NOT_RUN: setText

2018-07-19 12:38:07 - [TEST_STEP][NOT_RUN] - sendKeys: NOT_RUN: sendKeys

2018-07-19 12:38:07 - [MESSAGE][NOT_RUN] - NOT_RUN: sendKeys

2018-07-19 12:38:07 - [TEST_STEP][FAILED] - click: Unable to click on object 'Object Repository/TC_24_36 AM/span_Search' (Root cause: com.kms.katalon.core.webui.exception.WebElementNotFoundException: Web element with id: 'Object Repository/TC_24_36 AM/span_Search' located by 'By.xpath: //span[(text() = 'Search' or . = 'Search')]' not found)

2018-07-19 12:38:42 - [MESSAGE][FAILED] - Unable to click on object 'Object Repository/TC_24_36 AM/span_Search' (Root cause: com.kms.katalon.core.webui.exception.WebElementNotFoundException: Web element with id: 'Object Repository/TC_24_36 AM/span_Search' located by 'By.xpath: //span[(text() = 'Search' or . = 'Search')]' not found)
[[ATTACHMENT|C:\\Users\\ankur.jain\\Katalon Studio\\Feedzai_Automation\\Reports\\AM_Test Suite\\20180719_113648\\1531984122207.png]]

2018-07-19 12:38:42 - [TEST_STEP][FAILED] - clearText: Unable to clear text of object 'Object Repository/TC_24_36 AM/Date_input' (Root cause: com.kms.katalon.core.webui.exception.WebElementNotFoundException: Web element with id: 'Object Repository/TC_24_36 AM/Date_input' located by 'By.xpath: //input[@id='fdz-form-date-time']' not found)

2018-07-19 12:39:17 - [MESSAGE][FAILED] - Unable to clear text of object 'Object Repository/TC_24_36 AM/Date_input' (Root cause: com.kms.katalon.core.webui.exception.WebElementNotFoundException: Web element with id: 'Object Repository/TC_24_36 AM/Date_input' located by 'By.xpath: //input[@id='fdz-form-date-time']' not found)
[[ATTACHMENT|C:\\Users\\ankur.jain\\Katalon Studio\\Feedzai_Automation\\Reports\\AM_Test Suite\\20180719_113648\\1531984157382.png]]

2018-07-19 12:39:17 - [TEST_STEP][FAILED] - click: Unable to click on object 'Object Repository/TC_24_36 AM/Done_Button' (Root cause: com.kms.katalon.core.webui.exception.WebElementNotFoundException: Web element with id: 'Object Repository/TC_24_36 AM/Done_Button' located by 'By.xpath: //button[@type='button'][contains(text(),'Done')]' not found)

2018-07-19 12:39:52 - [MESSAGE][FAILED] - Unable to click on object 'Object Repository/TC_24_36 AM/Done_Button' (Root cause: com.kms.katalon.core.webui.exception.WebElementNotFoundException: Web element with id: 'Object Repository/TC_24_36 AM/Done_Button' located by 'By.xpath: //button[@type='button'][contains(text(),'Done')]' not found)
[[ATTACHMENT|C:\\Users\\ankur.jain\\Katalon Studio\\Feedzai_Automation\\Reports\\AM_Test Suite\\20180719_113648\\1531984192146.png]]

2018-07-19 12:39:52 - [TEST_STEP][PASSED] - delay: Delayed 2 second(s)

2018-07-19 12:39:54 - [MESSAGE][PASSED] - Delayed 2 second(s)

2018-07-19 12:39:54 - [TEST_STEP][FAILED] - click: Unable to click on object 'Object Repository/TC_24_36 AM/button_Advanced Search' (Root cause: com.kms.katalon.core.webui.exception.WebElementNotFoundException: Web element with id: 'Object Repository/TC_24_36 AM/button_Advanced Search' located by 'By.xpath: //button[@type = 'button' and (text() = '
            
             Advanced Search
        ' or . = '
            
             Advanced Search
        ')]' not found)

2018-07-19 12:40:29 - [MESSAGE][FAILED] - Unable to click on object 'Object Repository/TC_24_36 AM/button_Advanced Search' (Root cause: com.kms.katalon.core.webui.exception.WebElementNotFoundException: Web element with id: 'Object Repository/TC_24_36 AM/button_Advanced Search' located by 'By.xpath: //button[@type = 'button' and (text() = '
            
             Advanced Search
        ' or . = '
            
             Advanced Search
        ')]' not found)
[[ATTACHMENT|C:\\Users\\ankur.jain\\Katalon Studio\\Feedzai_Automation\\Reports\\AM_Test Suite\\20180719_113648\\1531984229539.png]]

2018-07-19 12:40:29 - [TEST_STEP][FAILED] - click: Unable to click on object 'Object Repository/TC_24_36 AM/ul_Customer Id' (Root cause: com.kms.katalon.core.webui.exception.WebElementNotFoundException: Web element with id: 'Object Repository/TC_24_36 AM/ul_Customer Id' located by 'By.xpath: //div[@id='s2id_fdz-form-customer-id']' not found)

2018-07-19 12:41:04 - [MESSAGE][FAILED] - Unable to click on object 'Object Repository/TC_24_36 AM/ul_Customer Id' (Root cause: com.kms.katalon.core.webui.exception.WebElementNotFoundException: Web element with id: 'Object Repository/TC_24_36 AM/ul_Customer Id' located by 'By.xpath: //div[@id='s2id_fdz-form-customer-id']' not found)
[[ATTACHMENT|C:\\Users\\ankur.jain\\Katalon Studio\\Feedzai_Automation\\Reports\\AM_Test Suite\\20180719_113648\\1531984264392.png]]

2018-07-19 12:41:04 - [TEST_STEP][FAILED] - setText: Unable to set text '1100243850' of object 'Object Repository/TC_24_36 AM/input_s2id_autogen7' (Root cause: com.kms.katalon.core.webui.exception.WebElementNotFoundException: Web element with id: 'Object Repository/TC_24_36 AM/input_s2id_autogen7' located by 'By.xpath: //div[@id='s2id_fdz-form-customer-id']//input[1]' not found)

2018-07-19 12:41:39 - [MESSAGE][FAILED] - Unable to set text '1100243850' of object 'Object Repository/TC_24_36 AM/input_s2id_autogen7' (Root cause: com.kms.katalon.core.webui.exception.WebElementNotFoundException: Web element with id: 'Object Repository/TC_24_36 AM/input_s2id_autogen7' located by 'By.xpath: //div[@id='s2id_fdz-form-customer-id']//input[1]' not found)
[[ATTACHMENT|C:\\Users\\ankur.jain\\Katalon Studio\\Feedzai_Automation\\Reports\\AM_Test Suite\\20180719_113648\\1531984299445.png]]

2018-07-19 12:41:39 - [TEST_STEP][PASSED] - delay: Delayed 2 second(s)

2018-07-19 12:41:41 - [MESSAGE][PASSED] - Delayed 2 second(s)

2018-07-19 12:41:41 - [TEST_STEP][FAILED] - sendKeys: Unable to send keys '' to object 'Object Repository/TC_24_36 AM/input_s2id_autogen7' (Root cause: com.kms.katalon.core.webui.exception.WebElementNotFoundException: Web element with id: 'Object Repository/TC_24_36 AM/input_s2id_autogen7' located by 'By.xpath: //div[@id='s2id_fdz-form-customer-id']//input[1]' not found)

2018-07-19 12:42:17 - [MESSAGE][FAILED] - Unable to send keys '' to object 'Object Repository/TC_24_36 AM/input_s2id_autogen7' (Root cause: com.kms.katalon.core.webui.exception.WebElementNotFoundException: Web element with id: 'Object Repository/TC_24_36 AM/input_s2id_autogen7' located by 'By.xpath: //div[@id='s2id_fdz-form-customer-id']//input[1]' not found)
[[ATTACHMENT|C:\\Users\\ankur.jain\\Katalon Studio\\Feedzai_Automation\\Reports\\AM_Test Suite\\20180719_113648\\1531984336664.png]]

2018-07-19 12:42:17 - [TEST_STEP][PASSED] - delay: Delayed 2 second(s)

2018-07-19 12:42:19 - [MESSAGE][PASSED] - Delayed 2 second(s)

2018-07-19 12:42:19 - [TEST_STEP][FAILED] - click: Unable to click on object 'Object Repository/TC_24_36 AM/button_Search' (Root cause: com.kms.katalon.core.webui.exception.WebElementNotFoundException: Web element with id: 'Object Repository/TC_24_36 AM/button_Search' located by 'By.xpath: //button[@type='submit']' not found)

2018-07-19 12:42:54 - [MESSAGE][FAILED] - Unable to click on object 'Object Repository/TC_24_36 AM/button_Search' (Root cause: com.kms.katalon.core.webui.exception.WebElementNotFoundException: Web element with id: 'Object Repository/TC_24_36 AM/button_Search' located by 'By.xpath: //button[@type='submit']' not found)
[[ATTACHMENT|C:\\Users\\ankur.jain\\Katalon Studio\\Feedzai_Automation\\Reports\\AM_Test Suite\\20180719_113648\\1531984373716.png]]

2018-07-19 12:42:54 - [TEST_STEP][FAILED] - getText: Unable to get text of object 'Object Repository/TC_24_36 AM/Cust_Details' (Root cause: com.kms.katalon.core.webui.exception.WebElementNotFoundException: Web element with id: 'Object Repository/TC_24_36 AM/Cust_Details' located by 'By.xpath: //tbody[@style='opacity: 1;']' not found)

2018-07-19 12:43:29 - [MESSAGE][FAILED] - Unable to get text of object 'Object Repository/TC_24_36 AM/Cust_Details' (Root cause: com.kms.katalon.core.webui.exception.WebElementNotFoundException: Web element with id: 'Object Repository/TC_24_36 AM/Cust_Details' located by 'By.xpath: //tbody[@style='opacity: 1;']' not found)
[[ATTACHMENT|C:\\Users\\ankur.jain\\Katalon Studio\\Feedzai_Automation\\Reports\\AM_Test Suite\\20180719_113648\\1531984408962.png]]

2018-07-19 12:43:29 - [TEST_STEP][PASSED] - comment: Customer Details Displayed

2018-07-19 12:43:29 - [TEST_STEP][PASSED] - Statement - Customer_Details = com.kms.katalon.core.webui.keyword.WebUiBuiltInKeywords.takeScreenshot(): Taking screenshot successfully

2018-07-19 12:43:29 - [MESSAGE][PASSED] - Taking screenshot successfully
[[ATTACHMENT|C:\\Users\\ankur.jain\\Katalon Studio\\Feedzai_Automation\\Reports\\AM_Test Suite\\20180719_113648\\1531984409372.png]]

2018-07-19 12:43:29 - [TEST_STEP][FAILED] - verifyElementText: com.kms.katalon.core.webui.exception.WebElementNotFoundException: Web element with id: 'Object Repository/TC_24_36 AM/Cust_id_Validation' located by 'By.xpath: /html/body/div[1]/div[1]/div[2]/div/div/div[2]/div[2]/div[2]/table/tbody/tr[1]/td[5]/a/abbr' not found

2018-07-19 12:44:04 - [MESSAGE][FAILED] - com.kms.katalon.core.webui.exception.WebElementNotFoundException: Web element with id: 'Object Repository/TC_24_36 AM/Cust_id_Validation' located by 'By.xpath: /html/body/div[1]/div[1]/div[2]/div/div/div[2]/div[2]/div[2]/table/tbody/tr[1]/td[5]/a/abbr' not found
[[ATTACHMENT|C:\\Users\\ankur.jain\\Katalon Studio\\Feedzai_Automation\\Reports\\AM_Test Suite\\20180719_113648\\1531984444166.png]]

2018-07-19 12:44:04 - [TEST_STEP][PASSED] - refresh: Refresh successfully

2018-07-19 12:44:06 - [MESSAGE][PASSED] - Refresh successfully

2018-07-19 12:44:06 - [TEST_STEP][PASSED] - delay: Delayed 12 second(s)

2018-07-19 12:44:18 - [MESSAGE][PASSED] - Delayed 12 second(s)]]></system-out>
         <system-err><![CDATA[2018-07-19 12:38:07 - [TEST_CASE][FAILED] - Test Cases/Alert Manager Test Cases/Alert Manager_Search Screen/TC24_Validate Advance search through customer id: Test Cases/Alert Manager Test Cases/Alert Manager_Search Screen/TC24_Validate Advance search through customer id FAILED because (of) Unable to click on object 'Object Repository/TC_24_36 AM/span_Search' (Root cause: com.kms.katalon.core.webui.exception.WebElementNotFoundException: Web element with id: 'Object Repository/TC_24_36 AM/span_Search' located by 'By.xpath: //span[(text() = 'Search' or . = 'Search')]' not found)]]></system-err>
      </testcase>
      <testcase name="Test Cases/Alert Manager Test Cases/Alert Manager_Search Screen/TC25_Validate Advance search through Merchant id" classname="Test Cases/Alert Manager Test Cases/Alert Manager_Search Screen/TC25_Validate Advance search through Merchant id" status="FAILED">
         <failure type="FAILED" message="Unable to clear text of object 'Object Repository/TC_24_36 AM/Date_input' (Root cause: com.kms.katalon.core.webui.exception.WebElementNotFoundException: Web element with id: 'Object Repository/TC_24_36 AM/Date_input' located by 'By.xpath: //input[@id='fdz-form-date-time']' not found)"/>
         <system-out><![CDATA[2018-07-19 12:44:18 - [TEST_CASE][FAILED] - Test Cases/Alert Manager Test Cases/Alert Manager_Search Screen/TC25_Validate Advance search through Merchant id: Test Cases/Alert Manager Test Cases/Alert Manager_Search Screen/TC25_Validate Advance search through Merchant id FAILED because (of) Unable to clear text of object 'Object Repository/TC_24_36 AM/Date_input' (Root cause: com.kms.katalon.core.webui.exception.WebElementNotFoundException: Web element with id: 'Object Repository/TC_24_36 AM/Date_input' located by 'By.xpath: //input[@id='fdz-form-date-time']' not found)

2018-07-19 12:44:19 - [TEST_STEP][FAILED] - clearText: Unable to clear text of object 'Object Repository/TC_24_36 AM/Date_input' (Root cause: com.kms.katalon.core.webui.exception.WebElementNotFoundException: Web element with id: 'Object Repository/TC_24_36 AM/Date_input' located by 'By.xpath: //input[@id='fdz-form-date-time']' not found)

2018-07-19 12:44:53 - [MESSAGE][FAILED] - Unable to clear text of object 'Object Repository/TC_24_36 AM/Date_input' (Root cause: com.kms.katalon.core.webui.exception.WebElementNotFoundException: Web element with id: 'Object Repository/TC_24_36 AM/Date_input' located by 'By.xpath: //input[@id='fdz-form-date-time']' not found)
[[ATTACHMENT|C:\\Users\\ankur.jain\\Katalon Studio\\Feedzai_Automation\\Reports\\AM_Test Suite\\20180719_113648\\1531984493519.png]]

2018-07-19 12:44:53 - [TEST_STEP][FAILED] - click: Unable to click on object 'Object Repository/TC_24_36 AM/Done_Button' (Root cause: com.kms.katalon.core.webui.exception.WebElementNotFoundException: Web element with id: 'Object Repository/TC_24_36 AM/Done_Button' located by 'By.xpath: //button[@type='button'][contains(text(),'Done')]' not found)

2018-07-19 12:45:28 - [MESSAGE][FAILED] - Unable to click on object 'Object Repository/TC_24_36 AM/Done_Button' (Root cause: com.kms.katalon.core.webui.exception.WebElementNotFoundException: Web element with id: 'Object Repository/TC_24_36 AM/Done_Button' located by 'By.xpath: //button[@type='button'][contains(text(),'Done')]' not found)
[[ATTACHMENT|C:\\Users\\ankur.jain\\Katalon Studio\\Feedzai_Automation\\Reports\\AM_Test Suite\\20180719_113648\\1531984528271.png]]

2018-07-19 12:45:28 - [TEST_STEP][PASSED] - delay: Delayed 5 second(s)

2018-07-19 12:45:33 - [MESSAGE][PASSED] - Delayed 5 second(s)

2018-07-19 12:45:33 - [TEST_STEP][FAILED] - click: Unable to click on object 'Object Repository/TC_24_36 AM/button_Advanced Search' (Root cause: com.kms.katalon.core.webui.exception.WebElementNotFoundException: Web element with id: 'Object Repository/TC_24_36 AM/button_Advanced Search' located by 'By.xpath: //button[@type = 'button' and (text() = '
            
             Advanced Search
        ' or . = '
            
             Advanced Search
        ')]' not found)

2018-07-19 12:46:08 - [MESSAGE][FAILED] - Unable to click on object 'Object Repository/TC_24_36 AM/button_Advanced Search' (Root cause: com.kms.katalon.core.webui.exception.WebElementNotFoundException: Web element with id: 'Object Repository/TC_24_36 AM/button_Advanced Search' located by 'By.xpath: //button[@type = 'button' and (text() = '
            
             Advanced Search
        ' or . = '
            
             Advanced Search
        ')]' not found)
[[ATTACHMENT|C:\\Users\\ankur.jain\\Katalon Studio\\Feedzai_Automation\\Reports\\AM_Test Suite\\20180719_113648\\1531984567596.png]]

2018-07-19 12:46:08 - [TEST_STEP][PASSED] - delay: Delayed 2 second(s)

2018-07-19 12:46:10 - [MESSAGE][PASSED] - Delayed 2 second(s)

2018-07-19 12:46:10 - [TEST_STEP][FAILED] - click: Unable to click on object 'Object Repository/TC_24_36 AM/Merchant_Input' (Root cause: com.kms.katalon.core.webui.exception.WebElementNotFoundException: Web element with id: 'Object Repository/TC_24_36 AM/Merchant_Input' located by 'By.xpath: //div[@id='s2id_fdz-form-merchant-id']' not found)

2018-07-19 12:46:45 - [MESSAGE][FAILED] - Unable to click on object 'Object Repository/TC_24_36 AM/Merchant_Input' (Root cause: com.kms.katalon.core.webui.exception.WebElementNotFoundException: Web element with id: 'Object Repository/TC_24_36 AM/Merchant_Input' located by 'By.xpath: //div[@id='s2id_fdz-form-merchant-id']' not found)
[[ATTACHMENT|C:\\Users\\ankur.jain\\Katalon Studio\\Feedzai_Automation\\Reports\\AM_Test Suite\\20180719_113648\\1531984604722.png]]

2018-07-19 12:46:45 - [TEST_STEP][FAILED] - setText: Unable to set text '100001000021019' of object 'Object Repository/TC_24_36 AM/Input_MerId' (Root cause: com.kms.katalon.core.webui.exception.WebElementNotFoundException: Web element with id: 'Object Repository/TC_24_36 AM/Input_MerId' located by 'By.xpath: //div[@id='s2id_fdz-form-merchant-id']//input[1]' not found)

2018-07-19 12:47:19 - [MESSAGE][FAILED] - Unable to set text '100001000021019' of object 'Object Repository/TC_24_36 AM/Input_MerId' (Root cause: com.kms.katalon.core.webui.exception.WebElementNotFoundException: Web element with id: 'Object Repository/TC_24_36 AM/Input_MerId' located by 'By.xpath: //div[@id='s2id_fdz-form-merchant-id']//input[1]' not found)
[[ATTACHMENT|C:\\Users\\ankur.jain\\Katalon Studio\\Feedzai_Automation\\Reports\\AM_Test Suite\\20180719_113648\\1531984639003.png]]

2018-07-19 12:47:19 - [TEST_STEP][PASSED] - delay: Delayed 5 second(s)

2018-07-19 12:47:24 - [MESSAGE][PASSED] - Delayed 5 second(s)

2018-07-19 12:47:24 - [TEST_STEP][FAILED] - sendKeys: Unable to send keys '' to object 'Object Repository/TC_24_36 AM/Input_MerId' (Root cause: com.kms.katalon.core.webui.exception.WebElementNotFoundException: Web element with id: 'Object Repository/TC_24_36 AM/Input_MerId' located by 'By.xpath: //div[@id='s2id_fdz-form-merchant-id']//input[1]' not found)

2018-07-19 12:47:59 - [MESSAGE][FAILED] - Unable to send keys '' to object 'Object Repository/TC_24_36 AM/Input_MerId' (Root cause: com.kms.katalon.core.webui.exception.WebElementNotFoundException: Web element with id: 'Object Repository/TC_24_36 AM/Input_MerId' located by 'By.xpath: //div[@id='s2id_fdz-form-merchant-id']//input[1]' not found)
[[ATTACHMENT|C:\\Users\\ankur.jain\\Katalon Studio\\Feedzai_Automation\\Reports\\AM_Test Suite\\20180719_113648\\1531984678591.png]]

2018-07-19 12:47:59 - [TEST_STEP][PASSED] - delay: Delayed 5 second(s)

2018-07-19 12:48:04 - [MESSAGE][PASSED] - Delayed 5 second(s)

2018-07-19 12:48:04 - [TEST_STEP][FAILED] - click: Unable to click on object 'Object Repository/TC_24_36 AM/button_Search' (Root cause: com.kms.katalon.core.webui.exception.WebElementNotFoundException: Web element with id: 'Object Repository/TC_24_36 AM/button_Search' located by 'By.xpath: //button[@type='submit']' not found)

2018-07-19 12:48:38 - [MESSAGE][FAILED] - Unable to click on object 'Object Repository/TC_24_36 AM/button_Search' (Root cause: com.kms.katalon.core.webui.exception.WebElementNotFoundException: Web element with id: 'Object Repository/TC_24_36 AM/button_Search' located by 'By.xpath: //button[@type='submit']' not found)
[[ATTACHMENT|C:\\Users\\ankur.jain\\Katalon Studio\\Feedzai_Automation\\Reports\\AM_Test Suite\\20180719_113648\\1531984718470.png]]

2018-07-19 12:48:38 - [TEST_STEP][FAILED] - getText: Unable to get text of object 'Object Repository/TC_24_36 AM/Cust_Details' (Root cause: com.kms.katalon.core.webui.exception.WebElementNotFoundException: Web element with id: 'Object Repository/TC_24_36 AM/Cust_Details' located by 'By.xpath: //tbody[@style='opacity: 1;']' not found)

2018-07-19 12:49:13 - [MESSAGE][FAILED] - Unable to get text of object 'Object Repository/TC_24_36 AM/Cust_Details' (Root cause: com.kms.katalon.core.webui.exception.WebElementNotFoundException: Web element with id: 'Object Repository/TC_24_36 AM/Cust_Details' located by 'By.xpath: //tbody[@style='opacity: 1;']' not found)
[[ATTACHMENT|C:\\Users\\ankur.jain\\Katalon Studio\\Feedzai_Automation\\Reports\\AM_Test Suite\\20180719_113648\\1531984752712.png]]

2018-07-19 12:49:13 - [TEST_STEP][PASSED] - comment: Merchant id Details Displayed

2018-07-19 12:49:13 - [TEST_STEP][FAILED] - verifyElementText: com.kms.katalon.core.webui.exception.WebElementNotFoundException: Web element with id: 'Object Repository/TC_24_36 AM/Mer_id_Valid' located by 'By.xpath: /html/body/div[1]/div[1]/div[2]/div/div/div[2]/div[2]/div[2]/table/tbody/tr[1]/td[6]/span' not found

2018-07-19 12:49:47 - [MESSAGE][FAILED] - com.kms.katalon.core.webui.exception.WebElementNotFoundException: Web element with id: 'Object Repository/TC_24_36 AM/Mer_id_Valid' located by 'By.xpath: /html/body/div[1]/div[1]/div[2]/div/div/div[2]/div[2]/div[2]/table/tbody/tr[1]/td[6]/span' not found
[[ATTACHMENT|C:\\Users\\ankur.jain\\Katalon Studio\\Feedzai_Automation\\Reports\\AM_Test Suite\\20180719_113648\\1531984787558.png]]

2018-07-19 12:49:47 - [TEST_STEP][PASSED] - Statement - Merchant_Details = com.kms.katalon.core.webui.keyword.WebUiBuiltInKeywords.takeScreenshot(): Taking screenshot successfully

2018-07-19 12:49:48 - [MESSAGE][PASSED] - Taking screenshot successfully
[[ATTACHMENT|C:\\Users\\ankur.jain\\Katalon Studio\\Feedzai_Automation\\Reports\\AM_Test Suite\\20180719_113648\\1531984787961.png]]

2018-07-19 12:49:48 - [TEST_STEP][PASSED] - refresh: Refresh successfully

2018-07-19 12:49:48 - [MESSAGE][PASSED] - Refresh successfully

2018-07-19 12:49:48 - [TEST_STEP][PASSED] - delay: Delayed 6 second(s)

2018-07-19 12:49:54 - [MESSAGE][PASSED] - Delayed 6 second(s)]]></system-out>
         <system-err><![CDATA[2018-07-19 12:44:18 - [TEST_CASE][FAILED] - Test Cases/Alert Manager Test Cases/Alert Manager_Search Screen/TC25_Validate Advance search through Merchant id: Test Cases/Alert Manager Test Cases/Alert Manager_Search Screen/TC25_Validate Advance search through Merchant id FAILED because (of) Unable to clear text of object 'Object Repository/TC_24_36 AM/Date_input' (Root cause: com.kms.katalon.core.webui.exception.WebElementNotFoundException: Web element with id: 'Object Repository/TC_24_36 AM/Date_input' located by 'By.xpath: //input[@id='fdz-form-date-time']' not found)]]></system-err>
      </testcase>
      <testcase name="Test Cases/Alert Manager Test Cases/Alert Manager_Search Screen/TC26_Validate Advance search through channel" classname="Test Cases/Alert Manager Test Cases/Alert Manager_Search Screen/TC26_Validate Advance search through channel" status="FAILED">
         <failure type="FAILED" message="Unable to clear text of object 'Object Repository/TC_24_36 AM/Date_input' (Root cause: com.kms.katalon.core.webui.exception.WebElementNotFoundException: Web element with id: 'Object Repository/TC_24_36 AM/Date_input' located by 'By.xpath: //input[@id='fdz-form-date-time']' not found)"/>
         <system-out><![CDATA[2018-07-19 12:49:54 - [TEST_CASE][FAILED] - Test Cases/Alert Manager Test Cases/Alert Manager_Search Screen/TC26_Validate Advance search through channel: Test Cases/Alert Manager Test Cases/Alert Manager_Search Screen/TC26_Validate Advance search through channel FAILED because (of) Unable to clear text of object 'Object Repository/TC_24_36 AM/Date_input' (Root cause: com.kms.katalon.core.webui.exception.WebElementNotFoundException: Web element with id: 'Object Repository/TC_24_36 AM/Date_input' located by 'By.xpath: //input[@id='fdz-form-date-time']' not found)

2018-07-19 12:49:54 - [TEST_STEP][FAILED] - clearText: Unable to clear text of object 'Object Repository/TC_24_36 AM/Date_input' (Root cause: com.kms.katalon.core.webui.exception.WebElementNotFoundException: Web element with id: 'Object Repository/TC_24_36 AM/Date_input' located by 'By.xpath: //input[@id='fdz-form-date-time']' not found)

2018-07-19 12:50:29 - [MESSAGE][FAILED] - Unable to clear text of object 'Object Repository/TC_24_36 AM/Date_input' (Root cause: com.kms.katalon.core.webui.exception.WebElementNotFoundException: Web element with id: 'Object Repository/TC_24_36 AM/Date_input' located by 'By.xpath: //input[@id='fdz-form-date-time']' not found)
[[ATTACHMENT|C:\\Users\\ankur.jain\\Katalon Studio\\Feedzai_Automation\\Reports\\AM_Test Suite\\20180719_113648\\1531984828766.png]]

2018-07-19 12:50:29 - [TEST_STEP][PASSED] - delay: Delayed 5 second(s)

2018-07-19 12:50:34 - [MESSAGE][PASSED] - Delayed 5 second(s)

2018-07-19 12:50:34 - [TEST_STEP][FAILED] - click: Unable to click on object 'Object Repository/TC_24_36 AM/Done_Button' (Root cause: com.kms.katalon.core.webui.exception.WebElementNotFoundException: Web element with id: 'Object Repository/TC_24_36 AM/Done_Button' located by 'By.xpath: //button[@type='button'][contains(text(),'Done')]' not found)

2018-07-19 12:51:09 - [MESSAGE][FAILED] - Unable to click on object 'Object Repository/TC_24_36 AM/Done_Button' (Root cause: com.kms.katalon.core.webui.exception.WebElementNotFoundException: Web element with id: 'Object Repository/TC_24_36 AM/Done_Button' located by 'By.xpath: //button[@type='button'][contains(text(),'Done')]' not found)
[[ATTACHMENT|C:\\Users\\ankur.jain\\Katalon Studio\\Feedzai_Automation\\Reports\\AM_Test Suite\\20180719_113648\\1531984868835.png]]

2018-07-19 12:51:09 - [TEST_STEP][PASSED] - delay: Delayed 5 second(s)

2018-07-19 12:51:14 - [MESSAGE][PASSED] - Delayed 5 second(s)

2018-07-19 12:51:14 - [TEST_STEP][FAILED] - click: Unable to click on object 'Object Repository/TC_24_36 AM/button_Advanced Search' (Root cause: com.kms.katalon.core.webui.exception.WebElementNotFoundException: Web element with id: 'Object Repository/TC_24_36 AM/button_Advanced Search' located by 'By.xpath: //button[@type = 'button' and (text() = '
            
             Advanced Search
        ' or . = '
            
             Advanced Search
        ')]' not found)

2018-07-19 12:51:49 - [MESSAGE][FAILED] - Unable to click on object 'Object Repository/TC_24_36 AM/button_Advanced Search' (Root cause: com.kms.katalon.core.webui.exception.WebElementNotFoundException: Web element with id: 'Object Repository/TC_24_36 AM/button_Advanced Search' located by 'By.xpath: //button[@type = 'button' and (text() = '
            
             Advanced Search
        ' or . = '
            
             Advanced Search
        ')]' not found)
[[ATTACHMENT|C:\\Users\\ankur.jain\\Katalon Studio\\Feedzai_Automation\\Reports\\AM_Test Suite\\20180719_113648\\1531984909199.png]]

2018-07-19 12:51:49 - [TEST_STEP][PASSED] - delay: Delayed 2 second(s)

2018-07-19 12:51:51 - [MESSAGE][PASSED] - Delayed 2 second(s)

2018-07-19 12:51:51 - [TEST_STEP][FAILED] - click: Unable to click on object 'Object Repository/TC_24_36 AM/Chaneel_Click' (Root cause: com.kms.katalon.core.webui.exception.WebElementNotFoundException: Web element with id: 'Object Repository/TC_24_36 AM/Chaneel_Click' located by 'By.xpath: //div[@id='s2id_fdz-form-channel']' not found)

2018-07-19 12:52:25 - [MESSAGE][FAILED] - Unable to click on object 'Object Repository/TC_24_36 AM/Chaneel_Click' (Root cause: com.kms.katalon.core.webui.exception.WebElementNotFoundException: Web element with id: 'Object Repository/TC_24_36 AM/Chaneel_Click' located by 'By.xpath: //div[@id='s2id_fdz-form-channel']' not found)
[[ATTACHMENT|C:\\Users\\ankur.jain\\Katalon Studio\\Feedzai_Automation\\Reports\\AM_Test Suite\\20180719_113648\\1531984945212.png]]

2018-07-19 12:52:25 - [TEST_STEP][FAILED] - setText: Unable to set text 'P2M' of object 'Object Repository/TC_24_36 AM/Channel_Input' (Root cause: com.kms.katalon.core.webui.exception.WebElementNotFoundException: Web element with id: 'Object Repository/TC_24_36 AM/Channel_Input' located by 'By.xpath: //div[@id='s2id_fdz-form-channel']//input[1]' not found)

2018-07-19 12:52:59 - [MESSAGE][FAILED] - Unable to set text 'P2M' of object 'Object Repository/TC_24_36 AM/Channel_Input' (Root cause: com.kms.katalon.core.webui.exception.WebElementNotFoundException: Web element with id: 'Object Repository/TC_24_36 AM/Channel_Input' located by 'By.xpath: //div[@id='s2id_fdz-form-channel']//input[1]' not found)
[[ATTACHMENT|C:\\Users\\ankur.jain\\Katalon Studio\\Feedzai_Automation\\Reports\\AM_Test Suite\\20180719_113648\\1531984978708.png]]

2018-07-19 12:52:59 - [TEST_STEP][PASSED] - delay: Delayed 5 second(s)

2018-07-19 12:53:04 - [MESSAGE][PASSED] - Delayed 5 second(s)

2018-07-19 12:53:04 - [TEST_STEP][FAILED] - sendKeys: Unable to send keys '' to object 'Object Repository/TC_24_36 AM/Channel_Input' (Root cause: com.kms.katalon.core.webui.exception.WebElementNotFoundException: Web element with id: 'Object Repository/TC_24_36 AM/Channel_Input' located by 'By.xpath: //div[@id='s2id_fdz-form-channel']//input[1]' not found)

2018-07-19 12:53:38 - [MESSAGE][FAILED] - Unable to send keys '' to object 'Object Repository/TC_24_36 AM/Channel_Input' (Root cause: com.kms.katalon.core.webui.exception.WebElementNotFoundException: Web element with id: 'Object Repository/TC_24_36 AM/Channel_Input' located by 'By.xpath: //div[@id='s2id_fdz-form-channel']//input[1]' not found)
[[ATTACHMENT|C:\\Users\\ankur.jain\\Katalon Studio\\Feedzai_Automation\\Reports\\AM_Test Suite\\20180719_113648\\1531985017612.png]]

2018-07-19 12:53:38 - [TEST_STEP][PASSED] - delay: Delayed 9 second(s)

2018-07-19 12:53:47 - [MESSAGE][PASSED] - Delayed 9 second(s)

2018-07-19 12:53:47 - [TEST_STEP][FAILED] - click: Unable to click on object 'Object Repository/TC_24_36 AM/button_Search' (Root cause: com.kms.katalon.core.webui.exception.WebElementNotFoundException: Web element with id: 'Object Repository/TC_24_36 AM/button_Search' located by 'By.xpath: //button[@type='submit']' not found)

2018-07-19 12:54:21 - [MESSAGE][FAILED] - Unable to click on object 'Object Repository/TC_24_36 AM/button_Search' (Root cause: com.kms.katalon.core.webui.exception.WebElementNotFoundException: Web element with id: 'Object Repository/TC_24_36 AM/button_Search' located by 'By.xpath: //button[@type='submit']' not found)
[[ATTACHMENT|C:\\Users\\ankur.jain\\Katalon Studio\\Feedzai_Automation\\Reports\\AM_Test Suite\\20180719_113648\\1531985061275.png]]

2018-07-19 12:54:21 - [TEST_STEP][FAILED] - getText: Unable to get text of object 'Object Repository/TC_24_36 AM/Cust_Details' (Root cause: com.kms.katalon.core.webui.exception.WebElementNotFoundException: Web element with id: 'Object Repository/TC_24_36 AM/Cust_Details' located by 'By.xpath: //tbody[@style='opacity: 1;']' not found)

2018-07-19 12:54:56 - [MESSAGE][FAILED] - Unable to get text of object 'Object Repository/TC_24_36 AM/Cust_Details' (Root cause: com.kms.katalon.core.webui.exception.WebElementNotFoundException: Web element with id: 'Object Repository/TC_24_36 AM/Cust_Details' located by 'By.xpath: //tbody[@style='opacity: 1;']' not found)
[[ATTACHMENT|C:\\Users\\ankur.jain\\Katalon Studio\\Feedzai_Automation\\Reports\\AM_Test Suite\\20180719_113648\\1531985096207.png]]

2018-07-19 12:54:56 - [TEST_STEP][PASSED] - comment: P2M Details Displayed

2018-07-19 12:54:56 - [TEST_STEP][FAILED] - verifyElementText: com.kms.katalon.core.webui.exception.WebElementNotFoundException: Web element with id: 'Object Repository/TC_24_36 AM/Chaneel_id_Valid' located by 'By.xpath: /html/body/div[1]/div[1]/div[2]/div/div/div[2]/div[2]/div[2]/table/tbody/tr[1]/td[9]/abbr' not found

2018-07-19 12:55:31 - [MESSAGE][FAILED] - com.kms.katalon.core.webui.exception.WebElementNotFoundException: Web element with id: 'Object Repository/TC_24_36 AM/Chaneel_id_Valid' located by 'By.xpath: /html/body/div[1]/div[1]/div[2]/div/div/div[2]/div[2]/div[2]/table/tbody/tr[1]/td[9]/abbr' not found
[[ATTACHMENT|C:\\Users\\ankur.jain\\Katalon Studio\\Feedzai_Automation\\Reports\\AM_Test Suite\\20180719_113648\\1531985131063.png]]

2018-07-19 12:55:31 - [TEST_STEP][PASSED] - Statement - Chaneel_Details = com.kms.katalon.core.webui.keyword.WebUiBuiltInKeywords.takeScreenshot(): Taking screenshot successfully

2018-07-19 12:55:31 - [MESSAGE][PASSED] - Taking screenshot successfully
[[ATTACHMENT|C:\\Users\\ankur.jain\\Katalon Studio\\Feedzai_Automation\\Reports\\AM_Test Suite\\20180719_113648\\1531985131467.png]]

2018-07-19 12:55:31 - [TEST_STEP][PASSED] - refresh: Refresh successfully

2018-07-19 12:55:31 - [MESSAGE][PASSED] - Refresh successfully

2018-07-19 12:55:31 - [TEST_STEP][PASSED] - delay: Delayed 6 second(s)

2018-07-19 12:55:37 - [MESSAGE][PASSED] - Delayed 6 second(s)]]></system-out>
         <system-err><![CDATA[2018-07-19 12:49:54 - [TEST_CASE][FAILED] - Test Cases/Alert Manager Test Cases/Alert Manager_Search Screen/TC26_Validate Advance search through channel: Test Cases/Alert Manager Test Cases/Alert Manager_Search Screen/TC26_Validate Advance search through channel FAILED because (of) Unable to clear text of object 'Object Repository/TC_24_36 AM/Date_input' (Root cause: com.kms.katalon.core.webui.exception.WebElementNotFoundException: Web element with id: 'Object Repository/TC_24_36 AM/Date_input' located by 'By.xpath: //input[@id='fdz-form-date-time']' not found)]]></system-err>
      </testcase>
      <testcase name="Test Cases/Alert Manager Test Cases/Alert Manager_Search Screen/TC27_Validate Advance search through Agent Id" classname="Test Cases/Alert Manager Test Cases/Alert Manager_Search Screen/TC27_Validate Advance search through Agent Id" status="FAILED">
         <failure type="FAILED" message="Unable to clear text of object 'Object Repository/TC_24_36 AM/Date_input' (Root cause: com.kms.katalon.core.webui.exception.WebElementNotFoundException: Web element with id: 'Object Repository/TC_24_36 AM/Date_input' located by 'By.xpath: //input[@id='fdz-form-date-time']' not found)"/>
         <system-out><![CDATA[2018-07-19 12:55:37 - [TEST_CASE][FAILED] - Test Cases/Alert Manager Test Cases/Alert Manager_Search Screen/TC27_Validate Advance search through Agent Id: Test Cases/Alert Manager Test Cases/Alert Manager_Search Screen/TC27_Validate Advance search through Agent Id FAILED because (of) Unable to clear text of object 'Object Repository/TC_24_36 AM/Date_input' (Root cause: com.kms.katalon.core.webui.exception.WebElementNotFoundException: Web element with id: 'Object Repository/TC_24_36 AM/Date_input' located by 'By.xpath: //input[@id='fdz-form-date-time']' not found)

2018-07-19 12:55:38 - [TEST_STEP][FAILED] - clearText: Unable to clear text of object 'Object Repository/TC_24_36 AM/Date_input' (Root cause: com.kms.katalon.core.webui.exception.WebElementNotFoundException: Web element with id: 'Object Repository/TC_24_36 AM/Date_input' located by 'By.xpath: //input[@id='fdz-form-date-time']' not found)

2018-07-19 12:56:13 - [MESSAGE][FAILED] - Unable to clear text of object 'Object Repository/TC_24_36 AM/Date_input' (Root cause: com.kms.katalon.core.webui.exception.WebElementNotFoundException: Web element with id: 'Object Repository/TC_24_36 AM/Date_input' located by 'By.xpath: //input[@id='fdz-form-date-time']' not found)
[[ATTACHMENT|C:\\Users\\ankur.jain\\Katalon Studio\\Feedzai_Automation\\Reports\\AM_Test Suite\\20180719_113648\\1531985172887.png]]

2018-07-19 12:56:13 - [TEST_STEP][FAILED] - click: Unable to click on object 'Object Repository/TC_24_36 AM/Done_Button' (Root cause: com.kms.katalon.core.webui.exception.WebElementNotFoundException: Web element with id: 'Object Repository/TC_24_36 AM/Done_Button' located by 'By.xpath: //button[@type='button'][contains(text(),'Done')]' not found)

2018-07-19 12:56:47 - [MESSAGE][FAILED] - Unable to click on object 'Object Repository/TC_24_36 AM/Done_Button' (Root cause: com.kms.katalon.core.webui.exception.WebElementNotFoundException: Web element with id: 'Object Repository/TC_24_36 AM/Done_Button' located by 'By.xpath: //button[@type='button'][contains(text(),'Done')]' not found)
[[ATTACHMENT|C:\\Users\\ankur.jain\\Katalon Studio\\Feedzai_Automation\\Reports\\AM_Test Suite\\20180719_113648\\1531985207213.png]]

2018-07-19 12:56:47 - [TEST_STEP][PASSED] - delay: Delayed 5 second(s)

2018-07-19 12:56:52 - [MESSAGE][PASSED] - Delayed 5 second(s)

2018-07-19 12:56:52 - [TEST_STEP][FAILED] - click: Unable to click on object 'Object Repository/TC_24_36 AM/button_Advanced Search' (Root cause: com.kms.katalon.core.webui.exception.WebElementNotFoundException: Web element with id: 'Object Repository/TC_24_36 AM/button_Advanced Search' located by 'By.xpath: //button[@type = 'button' and (text() = '
            
             Advanced Search
        ' or . = '
            
             Advanced Search
        ')]' not found)

2018-07-19 12:57:26 - [MESSAGE][FAILED] - Unable to click on object 'Object Repository/TC_24_36 AM/button_Advanced Search' (Root cause: com.kms.katalon.core.webui.exception.WebElementNotFoundException: Web element with id: 'Object Repository/TC_24_36 AM/button_Advanced Search' located by 'By.xpath: //button[@type = 'button' and (text() = '
            
             Advanced Search
        ' or . = '
            
             Advanced Search
        ')]' not found)
[[ATTACHMENT|C:\\Users\\ankur.jain\\Katalon Studio\\Feedzai_Automation\\Reports\\AM_Test Suite\\20180719_113648\\1531985246362.png]]

2018-07-19 12:57:26 - [TEST_STEP][PASSED] - delay: Delayed 2 second(s)

2018-07-19 12:57:28 - [MESSAGE][PASSED] - Delayed 2 second(s)

2018-07-19 12:57:28 - [TEST_STEP][FAILED] - click: Unable to click on object 'Object Repository/TC_24_36 AM/AgentId_Click' (Root cause: com.kms.katalon.core.webui.exception.WebElementNotFoundException: Web element with id: 'Object Repository/TC_24_36 AM/AgentId_Click' located by 'By.xpath: //div[@id='s2id_fdz-form-agent_id']' not found)

2018-07-19 12:58:02 - [MESSAGE][FAILED] - Unable to click on object 'Object Repository/TC_24_36 AM/AgentId_Click' (Root cause: com.kms.katalon.core.webui.exception.WebElementNotFoundException: Web element with id: 'Object Repository/TC_24_36 AM/AgentId_Click' located by 'By.xpath: //div[@id='s2id_fdz-form-agent_id']' not found)
[[ATTACHMENT|C:\\Users\\ankur.jain\\Katalon Studio\\Feedzai_Automation\\Reports\\AM_Test Suite\\20180719_113648\\1531985282144.png]]

2018-07-19 12:58:02 - [TEST_STEP][FAILED] - setText: Unable to set text '1000005844' of object 'Object Repository/TC_24_36 AM/AgentId_Input' (Root cause: com.kms.katalon.core.webui.exception.WebElementNotFoundException: Web element with id: 'Object Repository/TC_24_36 AM/AgentId_Input' located by 'By.xpath: //div[@id='s2id_fdz-form-agent_id']//input[1]' not found)

2018-07-19 12:58:36 - [MESSAGE][FAILED] - Unable to set text '1000005844' of object 'Object Repository/TC_24_36 AM/AgentId_Input' (Root cause: com.kms.katalon.core.webui.exception.WebElementNotFoundException: Web element with id: 'Object Repository/TC_24_36 AM/AgentId_Input' located by 'By.xpath: //div[@id='s2id_fdz-form-agent_id']//input[1]' not found)
[[ATTACHMENT|C:\\Users\\ankur.jain\\Katalon Studio\\Feedzai_Automation\\Reports\\AM_Test Suite\\20180719_113648\\1531985316198.png]]

2018-07-19 12:58:36 - [TEST_STEP][PASSED] - delay: Delayed 15 second(s)

2018-07-19 12:58:51 - [MESSAGE][PASSED] - Delayed 15 second(s)

2018-07-19 12:58:51 - [TEST_STEP][FAILED] - sendKeys: Unable to send keys '' to object 'Object Repository/TC_24_36 AM/AgentId_Input' (Root cause: com.kms.katalon.core.webui.exception.WebElementNotFoundException: Web element with id: 'Object Repository/TC_24_36 AM/AgentId_Input' located by 'By.xpath: //div[@id='s2id_fdz-form-agent_id']//input[1]' not found)

2018-07-19 12:59:25 - [MESSAGE][FAILED] - Unable to send keys '' to object 'Object Repository/TC_24_36 AM/AgentId_Input' (Root cause: com.kms.katalon.core.webui.exception.WebElementNotFoundException: Web element with id: 'Object Repository/TC_24_36 AM/AgentId_Input' located by 'By.xpath: //div[@id='s2id_fdz-form-agent_id']//input[1]' not found)
[[ATTACHMENT|C:\\Users\\ankur.jain\\Katalon Studio\\Feedzai_Automation\\Reports\\AM_Test Suite\\20180719_113648\\1531985364948.png]]

2018-07-19 12:59:25 - [TEST_STEP][PASSED] - delay: Delayed 10 second(s)

2018-07-19 12:59:35 - [MESSAGE][PASSED] - Delayed 10 second(s)

2018-07-19 12:59:35 - [TEST_STEP][FAILED] - click: Unable to click on object 'Object Repository/TC_24_36 AM/button_Search' (Root cause: com.kms.katalon.core.webui.exception.WebElementNotFoundException: Web element with id: 'Object Repository/TC_24_36 AM/button_Search' located by 'By.xpath: //button[@type='submit']' not found)

2018-07-19 13:00:10 - [MESSAGE][FAILED] - Unable to click on object 'Object Repository/TC_24_36 AM/button_Search' (Root cause: com.kms.katalon.core.webui.exception.WebElementNotFoundException: Web element with id: 'Object Repository/TC_24_36 AM/button_Search' located by 'By.xpath: //button[@type='submit']' not found)
[[ATTACHMENT|C:\\Users\\ankur.jain\\Katalon Studio\\Feedzai_Automation\\Reports\\AM_Test Suite\\20180719_113648\\1531985409949.png]]

2018-07-19 13:00:10 - [TEST_STEP][FAILED] - getText: Unable to get text of object 'Object Repository/TC_24_36 AM/Cust_Details' (Root cause: com.kms.katalon.core.webui.exception.WebElementNotFoundException: Web element with id: 'Object Repository/TC_24_36 AM/Cust_Details' located by 'By.xpath: //tbody[@style='opacity: 1;']' not found)

2018-07-19 13:00:45 - [MESSAGE][FAILED] - Unable to get text of object 'Object Repository/TC_24_36 AM/Cust_Details' (Root cause: com.kms.katalon.core.webui.exception.WebElementNotFoundException: Web element with id: 'Object Repository/TC_24_36 AM/Cust_Details' located by 'By.xpath: //tbody[@style='opacity: 1;']' not found)
[[ATTACHMENT|C:\\Users\\ankur.jain\\Katalon Studio\\Feedzai_Automation\\Reports\\AM_Test Suite\\20180719_113648\\1531985445068.png]]

2018-07-19 13:00:45 - [TEST_STEP][PASSED] - comment: Agent Details Displayed

2018-07-19 13:00:45 - [TEST_STEP][PASSED] - Statement - Agent_Details = com.kms.katalon.core.webui.keyword.WebUiBuiltInKeywords.takeScreenshot(): Taking screenshot successfully

2018-07-19 13:00:45 - [MESSAGE][PASSED] - Taking screenshot successfully
[[ATTACHMENT|C:\\Users\\ankur.jain\\Katalon Studio\\Feedzai_Automation\\Reports\\AM_Test Suite\\20180719_113648\\1531985445531.png]]

2018-07-19 13:00:45 - [TEST_STEP][PASSED] - refresh: Refresh successfully

2018-07-19 13:00:45 - [MESSAGE][PASSED] - Refresh successfully

2018-07-19 13:00:45 - [TEST_STEP][PASSED] - delay: Delayed 12 second(s)

2018-07-19 13:00:57 - [MESSAGE][PASSED] - Delayed 12 second(s)]]></system-out>
         <system-err><![CDATA[2018-07-19 12:55:37 - [TEST_CASE][FAILED] - Test Cases/Alert Manager Test Cases/Alert Manager_Search Screen/TC27_Validate Advance search through Agent Id: Test Cases/Alert Manager Test Cases/Alert Manager_Search Screen/TC27_Validate Advance search through Agent Id FAILED because (of) Unable to clear text of object 'Object Repository/TC_24_36 AM/Date_input' (Root cause: com.kms.katalon.core.webui.exception.WebElementNotFoundException: Web element with id: 'Object Repository/TC_24_36 AM/Date_input' located by 'By.xpath: //input[@id='fdz-form-date-time']' not found)]]></system-err>
      </testcase>
      <testcase name="Test Cases/Alert Manager Test Cases/Alert Manager_Search Screen/TC28_Validate Advance search through customer phone number" classname="Test Cases/Alert Manager Test Cases/Alert Manager_Search Screen/TC28_Validate Advance search through customer phone number" status="FAILED">
         <failure type="FAILED" message="Unable to clear text of object 'Object Repository/TC_24_36 AM/Date_input' (Root cause: com.kms.katalon.core.webui.exception.WebElementNotFoundException: Web element with id: 'Object Repository/TC_24_36 AM/Date_input' located by 'By.xpath: //input[@id='fdz-form-date-time']' not found)"/>
         <system-out><![CDATA[2018-07-19 13:00:58 - [TEST_CASE][FAILED] - Test Cases/Alert Manager Test Cases/Alert Manager_Search Screen/TC28_Validate Advance search through customer phone number: Test Cases/Alert Manager Test Cases/Alert Manager_Search Screen/TC28_Validate Advance search through customer phone number FAILED because (of) Unable to clear text of object 'Object Repository/TC_24_36 AM/Date_input' (Root cause: com.kms.katalon.core.webui.exception.WebElementNotFoundException: Web element with id: 'Object Repository/TC_24_36 AM/Date_input' located by 'By.xpath: //input[@id='fdz-form-date-time']' not found)

2018-07-19 13:00:58 - [TEST_STEP][FAILED] - clearText: Unable to clear text of object 'Object Repository/TC_24_36 AM/Date_input' (Root cause: com.kms.katalon.core.webui.exception.WebElementNotFoundException: Web element with id: 'Object Repository/TC_24_36 AM/Date_input' located by 'By.xpath: //input[@id='fdz-form-date-time']' not found)

2018-07-19 13:01:33 - [MESSAGE][FAILED] - Unable to clear text of object 'Object Repository/TC_24_36 AM/Date_input' (Root cause: com.kms.katalon.core.webui.exception.WebElementNotFoundException: Web element with id: 'Object Repository/TC_24_36 AM/Date_input' located by 'By.xpath: //input[@id='fdz-form-date-time']' not found)
[[ATTACHMENT|C:\\Users\\ankur.jain\\Katalon Studio\\Feedzai_Automation\\Reports\\AM_Test Suite\\20180719_113648\\1531985493278.png]]

2018-07-19 13:01:33 - [TEST_STEP][PASSED] - delay: Delayed 2 second(s)

2018-07-19 13:01:35 - [MESSAGE][PASSED] - Delayed 2 second(s)

2018-07-19 13:01:35 - [TEST_STEP][FAILED] - click: Unable to click on object 'Object Repository/TC_24_36 AM/Done_Button' (Root cause: com.kms.katalon.core.webui.exception.WebElementNotFoundException: Web element with id: 'Object Repository/TC_24_36 AM/Done_Button' located by 'By.xpath: //button[@type='button'][contains(text(),'Done')]' not found)

2018-07-19 13:02:10 - [MESSAGE][FAILED] - Unable to click on object 'Object Repository/TC_24_36 AM/Done_Button' (Root cause: com.kms.katalon.core.webui.exception.WebElementNotFoundException: Web element with id: 'Object Repository/TC_24_36 AM/Done_Button' located by 'By.xpath: //button[@type='button'][contains(text(),'Done')]' not found)
[[ATTACHMENT|C:\\Users\\ankur.jain\\Katalon Studio\\Feedzai_Automation\\Reports\\AM_Test Suite\\20180719_113648\\1531985530467.png]]

2018-07-19 13:02:10 - [TEST_STEP][PASSED] - delay: Delayed 2 second(s)

2018-07-19 13:02:12 - [MESSAGE][PASSED] - Delayed 2 second(s)

2018-07-19 13:02:12 - [TEST_STEP][FAILED] - click: Unable to click on object 'Object Repository/TC_24_36 AM/button_Advanced Search' (Root cause: com.kms.katalon.core.webui.exception.WebElementNotFoundException: Web element with id: 'Object Repository/TC_24_36 AM/button_Advanced Search' located by 'By.xpath: //button[@type = 'button' and (text() = '
            
             Advanced Search
        ' or . = '
            
             Advanced Search
        ')]' not found)

2018-07-19 13:02:47 - [MESSAGE][FAILED] - Unable to click on object 'Object Repository/TC_24_36 AM/button_Advanced Search' (Root cause: com.kms.katalon.core.webui.exception.WebElementNotFoundException: Web element with id: 'Object Repository/TC_24_36 AM/button_Advanced Search' located by 'By.xpath: //button[@type = 'button' and (text() = '
            
             Advanced Search
        ' or . = '
            
             Advanced Search
        ')]' not found)
[[ATTACHMENT|C:\\Users\\ankur.jain\\Katalon Studio\\Feedzai_Automation\\Reports\\AM_Test Suite\\20180719_113648\\1531985566934.png]]

2018-07-19 13:02:47 - [TEST_STEP][FAILED] - click: Unable to click on object 'Object Repository/TC_24_36 AM/ul_Customer Id' (Root cause: com.kms.katalon.core.webui.exception.WebElementNotFoundException: Web element with id: 'Object Repository/TC_24_36 AM/ul_Customer Id' located by 'By.xpath: //div[@id='s2id_fdz-form-customer-id']' not found)

2018-07-19 13:03:22 - [MESSAGE][FAILED] - Unable to click on object 'Object Repository/TC_24_36 AM/ul_Customer Id' (Root cause: com.kms.katalon.core.webui.exception.WebElementNotFoundException: Web element with id: 'Object Repository/TC_24_36 AM/ul_Customer Id' located by 'By.xpath: //div[@id='s2id_fdz-form-customer-id']' not found)
[[ATTACHMENT|C:\\Users\\ankur.jain\\Katalon Studio\\Feedzai_Automation\\Reports\\AM_Test Suite\\20180719_113648\\1531985601780.png]]

2018-07-19 13:03:22 - [TEST_STEP][FAILED] - setText: Unable to set text '+919967676767' of object 'Object Repository/TC_24_36 AM/input_s2id_autogen7' (Root cause: com.kms.katalon.core.webui.exception.WebElementNotFoundException: Web element with id: 'Object Repository/TC_24_36 AM/input_s2id_autogen7' located by 'By.xpath: //div[@id='s2id_fdz-form-customer-id']//input[1]' not found)

2018-07-19 13:03:57 - [MESSAGE][FAILED] - Unable to set text '+919967676767' of object 'Object Repository/TC_24_36 AM/input_s2id_autogen7' (Root cause: com.kms.katalon.core.webui.exception.WebElementNotFoundException: Web element with id: 'Object Repository/TC_24_36 AM/input_s2id_autogen7' located by 'By.xpath: //div[@id='s2id_fdz-form-customer-id']//input[1]' not found)
[[ATTACHMENT|C:\\Users\\ankur.jain\\Katalon Studio\\Feedzai_Automation\\Reports\\AM_Test Suite\\20180719_113648\\1531985636830.png]]

2018-07-19 13:03:57 - [TEST_STEP][PASSED] - delay: Delayed 2 second(s)

2018-07-19 13:03:59 - [MESSAGE][PASSED] - Delayed 2 second(s)

2018-07-19 13:03:59 - [TEST_STEP][FAILED] - sendKeys: Unable to send keys '' to object 'Object Repository/TC_24_36 AM/input_s2id_autogen7' (Root cause: com.kms.katalon.core.webui.exception.WebElementNotFoundException: Web element with id: 'Object Repository/TC_24_36 AM/input_s2id_autogen7' located by 'By.xpath: //div[@id='s2id_fdz-form-customer-id']//input[1]' not found)

2018-07-19 13:04:34 - [MESSAGE][FAILED] - Unable to send keys '' to object 'Object Repository/TC_24_36 AM/input_s2id_autogen7' (Root cause: com.kms.katalon.core.webui.exception.WebElementNotFoundException: Web element with id: 'Object Repository/TC_24_36 AM/input_s2id_autogen7' located by 'By.xpath: //div[@id='s2id_fdz-form-customer-id']//input[1]' not found)
[[ATTACHMENT|C:\\Users\\ankur.jain\\Katalon Studio\\Feedzai_Automation\\Reports\\AM_Test Suite\\20180719_113648\\1531985674009.png]]

2018-07-19 13:04:34 - [TEST_STEP][PASSED] - delay: Delayed 2 second(s)

2018-07-19 13:04:36 - [MESSAGE][PASSED] - Delayed 2 second(s)

2018-07-19 13:04:36 - [TEST_STEP][FAILED] - click: Unable to click on object 'Object Repository/TC_24_36 AM/button_Search' (Root cause: com.kms.katalon.core.webui.exception.WebElementNotFoundException: Web element with id: 'Object Repository/TC_24_36 AM/button_Search' located by 'By.xpath: //button[@type='submit']' not found)

2018-07-19 13:05:11 - [MESSAGE][FAILED] - Unable to click on object 'Object Repository/TC_24_36 AM/button_Search' (Root cause: com.kms.katalon.core.webui.exception.WebElementNotFoundException: Web element with id: 'Object Repository/TC_24_36 AM/button_Search' located by 'By.xpath: //button[@type='submit']' not found)
[[ATTACHMENT|C:\\Users\\ankur.jain\\Katalon Studio\\Feedzai_Automation\\Reports\\AM_Test Suite\\20180719_113648\\1531985710987.png]]

2018-07-19 13:05:11 - [TEST_STEP][FAILED] - getText: Unable to get text of object 'Object Repository/TC_24_36 AM/Cust_Details' (Root cause: com.kms.katalon.core.webui.exception.WebElementNotFoundException: Web element with id: 'Object Repository/TC_24_36 AM/Cust_Details' located by 'By.xpath: //tbody[@style='opacity: 1;']' not found)

2018-07-19 13:05:46 - [MESSAGE][FAILED] - Unable to get text of object 'Object Repository/TC_24_36 AM/Cust_Details' (Root cause: com.kms.katalon.core.webui.exception.WebElementNotFoundException: Web element with id: 'Object Repository/TC_24_36 AM/Cust_Details' located by 'By.xpath: //tbody[@style='opacity: 1;']' not found)
[[ATTACHMENT|C:\\Users\\ankur.jain\\Katalon Studio\\Feedzai_Automation\\Reports\\AM_Test Suite\\20180719_113648\\1531985746291.png]]

2018-07-19 13:05:46 - [TEST_STEP][PASSED] - comment: Customer Details through phone no is Displayed

2018-07-19 13:05:46 - [TEST_STEP][PASSED] - Statement - Customer_Details_phone = com.kms.katalon.core.webui.keyword.WebUiBuiltInKeywords.takeScreenshot(): Taking screenshot successfully

2018-07-19 13:05:47 - [MESSAGE][PASSED] - Taking screenshot successfully
[[ATTACHMENT|C:\\Users\\ankur.jain\\Katalon Studio\\Feedzai_Automation\\Reports\\AM_Test Suite\\20180719_113648\\1531985746758.png]]

2018-07-19 13:05:47 - [TEST_STEP][FAILED] - verifyElementText: com.kms.katalon.core.webui.exception.WebElementNotFoundException: Web element with id: 'Object Repository/TC_24_36 AM/Cust_id_Validation' located by 'By.xpath: /html/body/div[1]/div[1]/div[2]/div/div/div[2]/div[2]/div[2]/table/tbody/tr[1]/td[5]/a/abbr' not found

2018-07-19 13:06:22 - [MESSAGE][FAILED] - com.kms.katalon.core.webui.exception.WebElementNotFoundException: Web element with id: 'Object Repository/TC_24_36 AM/Cust_id_Validation' located by 'By.xpath: /html/body/div[1]/div[1]/div[2]/div/div/div[2]/div[2]/div[2]/table/tbody/tr[1]/td[5]/a/abbr' not found
[[ATTACHMENT|C:\\Users\\ankur.jain\\Katalon Studio\\Feedzai_Automation\\Reports\\AM_Test Suite\\20180719_113648\\1531985781923.png]]

2018-07-19 13:06:22 - [TEST_STEP][PASSED] - refresh: Refresh successfully

2018-07-19 13:06:22 - [MESSAGE][PASSED] - Refresh successfully

2018-07-19 13:06:22 - [TEST_STEP][PASSED] - delay: Delayed 12 second(s)

2018-07-19 13:06:34 - [MESSAGE][PASSED] - Delayed 12 second(s)]]></system-out>
         <system-err><![CDATA[2018-07-19 13:00:58 - [TEST_CASE][FAILED] - Test Cases/Alert Manager Test Cases/Alert Manager_Search Screen/TC28_Validate Advance search through customer phone number: Test Cases/Alert Manager Test Cases/Alert Manager_Search Screen/TC28_Validate Advance search through customer phone number FAILED because (of) Unable to clear text of object 'Object Repository/TC_24_36 AM/Date_input' (Root cause: com.kms.katalon.core.webui.exception.WebElementNotFoundException: Web element with id: 'Object Repository/TC_24_36 AM/Date_input' located by 'By.xpath: //input[@id='fdz-form-date-time']' not found)]]></system-err>
      </testcase>
      <testcase name="Test Cases/Alert Manager Test Cases/Alert Manager_Search Screen/TC29_Validate Advance search through merchant phone number" classname="Test Cases/Alert Manager Test Cases/Alert Manager_Search Screen/TC29_Validate Advance search through merchant phone number" status="FAILED">
         <failure type="FAILED" message="Unable to clear text of object 'Object Repository/TC_24_36 AM/Date_input' (Root cause: com.kms.katalon.core.webui.exception.WebElementNotFoundException: Web element with id: 'Object Repository/TC_24_36 AM/Date_input' located by 'By.xpath: //input[@id='fdz-form-date-time']' not found)"/>
         <system-out><![CDATA[2018-07-19 13:06:34 - [TEST_CASE][FAILED] - Test Cases/Alert Manager Test Cases/Alert Manager_Search Screen/TC29_Validate Advance search through merchant phone number: Test Cases/Alert Manager Test Cases/Alert Manager_Search Screen/TC29_Validate Advance search through merchant phone number FAILED because (of) Unable to clear text of object 'Object Repository/TC_24_36 AM/Date_input' (Root cause: com.kms.katalon.core.webui.exception.WebElementNotFoundException: Web element with id: 'Object Repository/TC_24_36 AM/Date_input' located by 'By.xpath: //input[@id='fdz-form-date-time']' not found)

2018-07-19 13:06:35 - [TEST_STEP][FAILED] - clearText: Unable to clear text of object 'Object Repository/TC_24_36 AM/Date_input' (Root cause: com.kms.katalon.core.webui.exception.WebElementNotFoundException: Web element with id: 'Object Repository/TC_24_36 AM/Date_input' located by 'By.xpath: //input[@id='fdz-form-date-time']' not found)

2018-07-19 13:07:09 - [MESSAGE][FAILED] - Unable to clear text of object 'Object Repository/TC_24_36 AM/Date_input' (Root cause: com.kms.katalon.core.webui.exception.WebElementNotFoundException: Web element with id: 'Object Repository/TC_24_36 AM/Date_input' located by 'By.xpath: //input[@id='fdz-form-date-time']' not found)
[[ATTACHMENT|C:\\Users\\ankur.jain\\Katalon Studio\\Feedzai_Automation\\Reports\\AM_Test Suite\\20180719_113648\\1531985829466.png]]

2018-07-19 13:07:09 - [TEST_STEP][FAILED] - click: Unable to click on object 'Object Repository/TC_24_36 AM/Done_Button' (Root cause: com.kms.katalon.core.webui.exception.WebElementNotFoundException: Web element with id: 'Object Repository/TC_24_36 AM/Done_Button' located by 'By.xpath: //button[@type='button'][contains(text(),'Done')]' not found)

2018-07-19 13:07:44 - [MESSAGE][FAILED] - Unable to click on object 'Object Repository/TC_24_36 AM/Done_Button' (Root cause: com.kms.katalon.core.webui.exception.WebElementNotFoundException: Web element with id: 'Object Repository/TC_24_36 AM/Done_Button' located by 'By.xpath: //button[@type='button'][contains(text(),'Done')]' not found)
[[ATTACHMENT|C:\\Users\\ankur.jain\\Katalon Studio\\Feedzai_Automation\\Reports\\AM_Test Suite\\20180719_113648\\1531985864428.png]]

2018-07-19 13:07:44 - [TEST_STEP][PASSED] - delay: Delayed 5 second(s)

2018-07-19 13:07:49 - [MESSAGE][PASSED] - Delayed 5 second(s)

2018-07-19 13:07:49 - [TEST_STEP][FAILED] - click: Unable to click on object 'Object Repository/TC_24_36 AM/button_Advanced Search' (Root cause: com.kms.katalon.core.webui.exception.WebElementNotFoundException: Web element with id: 'Object Repository/TC_24_36 AM/button_Advanced Search' located by 'By.xpath: //button[@type = 'button' and (text() = '
            
             Advanced Search
        ' or . = '
            
             Advanced Search
        ')]' not found)

2018-07-19 13:08:24 - [MESSAGE][FAILED] - Unable to click on object 'Object Repository/TC_24_36 AM/button_Advanced Search' (Root cause: com.kms.katalon.core.webui.exception.WebElementNotFoundException: Web element with id: 'Object Repository/TC_24_36 AM/button_Advanced Search' located by 'By.xpath: //button[@type = 'button' and (text() = '
            
             Advanced Search
        ' or . = '
            
             Advanced Search
        ')]' not found)
[[ATTACHMENT|C:\\Users\\ankur.jain\\Katalon Studio\\Feedzai_Automation\\Reports\\AM_Test Suite\\20180719_113648\\1531985904563.png]]

2018-07-19 13:08:24 - [TEST_STEP][PASSED] - delay: Delayed 2 second(s)

2018-07-19 13:08:26 - [MESSAGE][PASSED] - Delayed 2 second(s)

2018-07-19 13:08:26 - [TEST_STEP][FAILED] - click: Unable to click on object 'Object Repository/TC_24_36 AM/Merchant_Input' (Root cause: com.kms.katalon.core.webui.exception.WebElementNotFoundException: Web element with id: 'Object Repository/TC_24_36 AM/Merchant_Input' located by 'By.xpath: //div[@id='s2id_fdz-form-merchant-id']' not found)

2018-07-19 13:09:01 - [MESSAGE][FAILED] - Unable to click on object 'Object Repository/TC_24_36 AM/Merchant_Input' (Root cause: com.kms.katalon.core.webui.exception.WebElementNotFoundException: Web element with id: 'Object Repository/TC_24_36 AM/Merchant_Input' located by 'By.xpath: //div[@id='s2id_fdz-form-merchant-id']' not found)
[[ATTACHMENT|C:\\Users\\ankur.jain\\Katalon Studio\\Feedzai_Automation\\Reports\\AM_Test Suite\\20180719_113648\\1531985941552.png]]

2018-07-19 13:09:01 - [TEST_STEP][FAILED] - setText: Unable to set text '+919619658895' of object 'Object Repository/TC_24_36 AM/Input_MerId' (Root cause: com.kms.katalon.core.webui.exception.WebElementNotFoundException: Web element with id: 'Object Repository/TC_24_36 AM/Input_MerId' located by 'By.xpath: //div[@id='s2id_fdz-form-merchant-id']//input[1]' not found)

2018-07-19 13:09:36 - [MESSAGE][FAILED] - Unable to set text '+919619658895' of object 'Object Repository/TC_24_36 AM/Input_MerId' (Root cause: com.kms.katalon.core.webui.exception.WebElementNotFoundException: Web element with id: 'Object Repository/TC_24_36 AM/Input_MerId' located by 'By.xpath: //div[@id='s2id_fdz-form-merchant-id']//input[1]' not found)
[[ATTACHMENT|C:\\Users\\ankur.jain\\Katalon Studio\\Feedzai_Automation\\Reports\\AM_Test Suite\\20180719_113648\\1531985976584.png]]

2018-07-19 13:09:36 - [TEST_STEP][PASSED] - delay: Delayed 12 second(s)

2018-07-19 13:09:48 - [MESSAGE][PASSED] - Delayed 12 second(s)

2018-07-19 13:09:48 - [TEST_STEP][FAILED] - sendKeys: Unable to send keys '' to object 'Object Repository/TC_24_36 AM/Input_MerId' (Root cause: com.kms.katalon.core.webui.exception.WebElementNotFoundException: Web element with id: 'Object Repository/TC_24_36 AM/Input_MerId' located by 'By.xpath: //div[@id='s2id_fdz-form-merchant-id']//input[1]' not found)

2018-07-19 13:10:24 - [MESSAGE][FAILED] - Unable to send keys '' to object 'Object Repository/TC_24_36 AM/Input_MerId' (Root cause: com.kms.katalon.core.webui.exception.WebElementNotFoundException: Web element with id: 'Object Repository/TC_24_36 AM/Input_MerId' located by 'By.xpath: //div[@id='s2id_fdz-form-merchant-id']//input[1]' not found)
[[ATTACHMENT|C:\\Users\\ankur.jain\\Katalon Studio\\Feedzai_Automation\\Reports\\AM_Test Suite\\20180719_113648\\1531986023725.png]]

2018-07-19 13:10:24 - [TEST_STEP][PASSED] - delay: Delayed 5 second(s)

2018-07-19 13:10:29 - [MESSAGE][PASSED] - Delayed 5 second(s)

2018-07-19 13:10:29 - [TEST_STEP][FAILED] - click: Unable to click on object 'Object Repository/TC_24_36 AM/button_Search' (Root cause: com.kms.katalon.core.webui.exception.WebElementNotFoundException: Web element with id: 'Object Repository/TC_24_36 AM/button_Search' located by 'By.xpath: //button[@type='submit']' not found)

2018-07-19 13:11:03 - [MESSAGE][FAILED] - Unable to click on object 'Object Repository/TC_24_36 AM/button_Search' (Root cause: com.kms.katalon.core.webui.exception.WebElementNotFoundException: Web element with id: 'Object Repository/TC_24_36 AM/button_Search' located by 'By.xpath: //button[@type='submit']' not found)
[[ATTACHMENT|C:\\Users\\ankur.jain\\Katalon Studio\\Feedzai_Automation\\Reports\\AM_Test Suite\\20180719_113648\\1531986062901.png]]

2018-07-19 13:11:03 - [TEST_STEP][FAILED] - getText: Unable to get text of object 'Object Repository/TC_24_36 AM/Cust_Details' (Root cause: com.kms.katalon.core.webui.exception.WebElementNotFoundException: Web element with id: 'Object Repository/TC_24_36 AM/Cust_Details' located by 'By.xpath: //tbody[@style='opacity: 1;']' not found)

2018-07-19 13:11:38 - [MESSAGE][FAILED] - Unable to get text of object 'Object Repository/TC_24_36 AM/Cust_Details' (Root cause: com.kms.katalon.core.webui.exception.WebElementNotFoundException: Web element with id: 'Object Repository/TC_24_36 AM/Cust_Details' located by 'By.xpath: //tbody[@style='opacity: 1;']' not found)
[[ATTACHMENT|C:\\Users\\ankur.jain\\Katalon Studio\\Feedzai_Automation\\Reports\\AM_Test Suite\\20180719_113648\\1531986097861.png]]

2018-07-19 13:11:38 - [TEST_STEP][FAILED] - verifyElementText: com.kms.katalon.core.webui.exception.WebElementNotFoundException: Web element with id: 'Object Repository/TC_24_36 AM/Mer_id_Valid' located by 'By.xpath: /html/body/div[1]/div[1]/div[2]/div/div/div[2]/div[2]/div[2]/table/tbody/tr[1]/td[6]/span' not found

2018-07-19 13:12:13 - [MESSAGE][FAILED] - com.kms.katalon.core.webui.exception.WebElementNotFoundException: Web element with id: 'Object Repository/TC_24_36 AM/Mer_id_Valid' located by 'By.xpath: /html/body/div[1]/div[1]/div[2]/div/div/div[2]/div[2]/div[2]/table/tbody/tr[1]/td[6]/span' not found
[[ATTACHMENT|C:\\Users\\ankur.jain\\Katalon Studio\\Feedzai_Automation\\Reports\\AM_Test Suite\\20180719_113648\\1531986132901.png]]

2018-07-19 13:12:13 - [TEST_STEP][PASSED] - comment: Merchant  Details Displayed through phone number

2018-07-19 13:12:13 - [TEST_STEP][PASSED] - Statement - Merchant_Details_phoneNo = com.kms.katalon.core.webui.keyword.WebUiBuiltInKeywords.takeScreenshot(): Taking screenshot successfully

2018-07-19 13:12:13 - [MESSAGE][PASSED] - Taking screenshot successfully
[[ATTACHMENT|C:\\Users\\ankur.jain\\Katalon Studio\\Feedzai_Automation\\Reports\\AM_Test Suite\\20180719_113648\\1531986133372.png]]

2018-07-19 13:12:13 - [TEST_STEP][PASSED] - refresh: Refresh successfully

2018-07-19 13:12:13 - [MESSAGE][PASSED] - Refresh successfully

2018-07-19 13:12:13 - [TEST_STEP][PASSED] - delay: Delayed 6 second(s)

2018-07-19 13:12:19 - [MESSAGE][PASSED] - Delayed 6 second(s)]]></system-out>
         <system-err><![CDATA[2018-07-19 13:06:34 - [TEST_CASE][FAILED] - Test Cases/Alert Manager Test Cases/Alert Manager_Search Screen/TC29_Validate Advance search through merchant phone number: Test Cases/Alert Manager Test Cases/Alert Manager_Search Screen/TC29_Validate Advance search through merchant phone number FAILED because (of) Unable to clear text of object 'Object Repository/TC_24_36 AM/Date_input' (Root cause: com.kms.katalon.core.webui.exception.WebElementNotFoundException: Web element with id: 'Object Repository/TC_24_36 AM/Date_input' located by 'By.xpath: //input[@id='fdz-form-date-time']' not found)]]></system-err>
      </testcase>
      <testcase name="Test Cases/Alert Manager Test Cases/Alert Manager_Search Screen/TC30_Validate Advance search through Source Institution ID" classname="Test Cases/Alert Manager Test Cases/Alert Manager_Search Screen/TC30_Validate Advance search through Source Institution ID" status="FAILED">
         <failure type="FAILED" message="Unable to clear text of object 'Object Repository/TC_24_36 AM/Date_input' (Root cause: com.kms.katalon.core.webui.exception.WebElementNotFoundException: Web element with id: 'Object Repository/TC_24_36 AM/Date_input' located by 'By.xpath: //input[@id='fdz-form-date-time']' not found)"/>
         <system-out><![CDATA[2018-07-19 13:12:19 - [TEST_CASE][FAILED] - Test Cases/Alert Manager Test Cases/Alert Manager_Search Screen/TC30_Validate Advance search through Source Institution ID: Test Cases/Alert Manager Test Cases/Alert Manager_Search Screen/TC30_Validate Advance search through Source Institution ID FAILED because (of) Unable to clear text of object 'Object Repository/TC_24_36 AM/Date_input' (Root cause: com.kms.katalon.core.webui.exception.WebElementNotFoundException: Web element with id: 'Object Repository/TC_24_36 AM/Date_input' located by 'By.xpath: //input[@id='fdz-form-date-time']' not found)

2018-07-19 13:12:20 - [TEST_STEP][FAILED] - clearText: Unable to clear text of object 'Object Repository/TC_24_36 AM/Date_input' (Root cause: com.kms.katalon.core.webui.exception.WebElementNotFoundException: Web element with id: 'Object Repository/TC_24_36 AM/Date_input' located by 'By.xpath: //input[@id='fdz-form-date-time']' not found)

2018-07-19 13:12:55 - [MESSAGE][FAILED] - Unable to clear text of object 'Object Repository/TC_24_36 AM/Date_input' (Root cause: com.kms.katalon.core.webui.exception.WebElementNotFoundException: Web element with id: 'Object Repository/TC_24_36 AM/Date_input' located by 'By.xpath: //input[@id='fdz-form-date-time']' not found)
[[ATTACHMENT|C:\\Users\\ankur.jain\\Katalon Studio\\Feedzai_Automation\\Reports\\AM_Test Suite\\20180719_113648\\1531986174931.png]]

2018-07-19 13:12:55 - [TEST_STEP][FAILED] - click: Unable to click on object 'Object Repository/TC_24_36 AM/Done_Button' (Root cause: com.kms.katalon.core.webui.exception.WebElementNotFoundException: Web element with id: 'Object Repository/TC_24_36 AM/Done_Button' located by 'By.xpath: //button[@type='button'][contains(text(),'Done')]' not found)

2018-07-19 13:13:29 - [MESSAGE][FAILED] - Unable to click on object 'Object Repository/TC_24_36 AM/Done_Button' (Root cause: com.kms.katalon.core.webui.exception.WebElementNotFoundException: Web element with id: 'Object Repository/TC_24_36 AM/Done_Button' located by 'By.xpath: //button[@type='button'][contains(text(),'Done')]' not found)
[[ATTACHMENT|C:\\Users\\ankur.jain\\Katalon Studio\\Feedzai_Automation\\Reports\\AM_Test Suite\\20180719_113648\\1531986209616.png]]

2018-07-19 13:13:29 - [TEST_STEP][PASSED] - delay: Delayed 2 second(s)

2018-07-19 13:13:31 - [MESSAGE][PASSED] - Delayed 2 second(s)

2018-07-19 13:13:32 - [TEST_STEP][FAILED] - click: Unable to click on object 'Object Repository/TC_24_36 AM/button_Advanced Search' (Root cause: com.kms.katalon.core.webui.exception.WebElementNotFoundException: Web element with id: 'Object Repository/TC_24_36 AM/button_Advanced Search' located by 'By.xpath: //button[@type = 'button' and (text() = '
            
             Advanced Search
        ' or . = '
            
             Advanced Search
        ')]' not found)

2018-07-19 13:14:06 - [MESSAGE][FAILED] - Unable to click on object 'Object Repository/TC_24_36 AM/button_Advanced Search' (Root cause: com.kms.katalon.core.webui.exception.WebElementNotFoundException: Web element with id: 'Object Repository/TC_24_36 AM/button_Advanced Search' located by 'By.xpath: //button[@type = 'button' and (text() = '
            
             Advanced Search
        ' or . = '
            
             Advanced Search
        ')]' not found)
[[ATTACHMENT|C:\\Users\\ankur.jain\\Katalon Studio\\Feedzai_Automation\\Reports\\AM_Test Suite\\20180719_113648\\1531986246585.png]]

2018-07-19 13:14:07 - [TEST_STEP][FAILED] - click: Unable to click on object 'Object Repository/TC_24_36 AM/Click_ScrInstId' (Root cause: com.kms.katalon.core.webui.exception.WebElementNotFoundException: Web element with id: 'Object Repository/TC_24_36 AM/Click_ScrInstId' located by 'By.xpath: //input[@id="fdz-form-source-institution-id"]' not found)

2018-07-19 13:14:42 - [MESSAGE][FAILED] - Unable to click on object 'Object Repository/TC_24_36 AM/Click_ScrInstId' (Root cause: com.kms.katalon.core.webui.exception.WebElementNotFoundException: Web element with id: 'Object Repository/TC_24_36 AM/Click_ScrInstId' located by 'By.xpath: //input[@id="fdz-form-source-institution-id"]' not found)
[[ATTACHMENT|C:\\Users\\ankur.jain\\Katalon Studio\\Feedzai_Automation\\Reports\\AM_Test Suite\\20180719_113648\\1531986281631.png]]

2018-07-19 13:14:42 - [TEST_STEP][FAILED] - setText: Unable to set text '3132' of object 'Object Repository/TC_24_36 AM/Click_ScrInstId' (Root cause: com.kms.katalon.core.webui.exception.WebElementNotFoundException: Web element with id: 'Object Repository/TC_24_36 AM/Click_ScrInstId' located by 'By.xpath: //input[@id="fdz-form-source-institution-id"]' not found)

2018-07-19 13:15:16 - [MESSAGE][FAILED] - Unable to set text '3132' of object 'Object Repository/TC_24_36 AM/Click_ScrInstId' (Root cause: com.kms.katalon.core.webui.exception.WebElementNotFoundException: Web element with id: 'Object Repository/TC_24_36 AM/Click_ScrInstId' located by 'By.xpath: //input[@id="fdz-form-source-institution-id"]' not found)
[[ATTACHMENT|C:\\Users\\ankur.jain\\Katalon Studio\\Feedzai_Automation\\Reports\\AM_Test Suite\\20180719_113648\\1531986316339.png]]

2018-07-19 13:15:16 - [TEST_STEP][PASSED] - delay: Delayed 2 second(s)

2018-07-19 13:15:18 - [MESSAGE][PASSED] - Delayed 2 second(s)

2018-07-19 13:15:18 - [TEST_STEP][FAILED] - sendKeys: Unable to send keys '' to object 'Object Repository/TC_24_36 AM/Click_ScrInstId' (Root cause: com.kms.katalon.core.webui.exception.WebElementNotFoundException: Web element with id: 'Object Repository/TC_24_36 AM/Click_ScrInstId' located by 'By.xpath: //input[@id="fdz-form-source-institution-id"]' not found)

2018-07-19 13:15:53 - [MESSAGE][FAILED] - Unable to send keys '' to object 'Object Repository/TC_24_36 AM/Click_ScrInstId' (Root cause: com.kms.katalon.core.webui.exception.WebElementNotFoundException: Web element with id: 'Object Repository/TC_24_36 AM/Click_ScrInstId' located by 'By.xpath: //input[@id="fdz-form-source-institution-id"]' not found)
[[ATTACHMENT|C:\\Users\\ankur.jain\\Katalon Studio\\Feedzai_Automation\\Reports\\AM_Test Suite\\20180719_113648\\1531986353406.png]]

2018-07-19 13:15:53 - [TEST_STEP][PASSED] - delay: Delayed 2 second(s)

2018-07-19 13:15:55 - [MESSAGE][PASSED] - Delayed 2 second(s)

2018-07-19 13:15:55 - [TEST_STEP][FAILED] - click: Unable to click on object 'Object Repository/TC_24_36 AM/button_Search' (Root cause: com.kms.katalon.core.webui.exception.WebElementNotFoundException: Web element with id: 'Object Repository/TC_24_36 AM/button_Search' located by 'By.xpath: //button[@type='submit']' not found)

2018-07-19 13:16:30 - [MESSAGE][FAILED] - Unable to click on object 'Object Repository/TC_24_36 AM/button_Search' (Root cause: com.kms.katalon.core.webui.exception.WebElementNotFoundException: Web element with id: 'Object Repository/TC_24_36 AM/button_Search' located by 'By.xpath: //button[@type='submit']' not found)
[[ATTACHMENT|C:\\Users\\ankur.jain\\Katalon Studio\\Feedzai_Automation\\Reports\\AM_Test Suite\\20180719_113648\\1531986390263.png]]

2018-07-19 13:16:30 - [TEST_STEP][FAILED] - Statement - text = com.kms.katalon.core.webui.keyword.WebUiBuiltInKeywords.getText(com.kms.katalon.core.testobject.ObjectRepository.findTestObject(TC_24_36 AM/Src_id)): Unable to get text of object 'Object Repository/TC_24_36 AM/Src_id' (Root cause: com.kms.katalon.core.webui.exception.WebElementNotFoundException: Web element with id: 'Object Repository/TC_24_36 AM/Src_id' located by 'By.xpath: /html/body/div[1]/div[1]/div[2]/div/div/div[2]/div[2]/div[2]/table/tbody/tr[1]/td[9]/abbr' not found)

2018-07-19 13:17:05 - [MESSAGE][FAILED] - Unable to get text of object 'Object Repository/TC_24_36 AM/Src_id' (Root cause: com.kms.katalon.core.webui.exception.WebElementNotFoundException: Web element with id: 'Object Repository/TC_24_36 AM/Src_id' located by 'By.xpath: /html/body/div[1]/div[1]/div[2]/div/div/div[2]/div[2]/div[2]/table/tbody/tr[1]/td[9]/abbr' not found)
[[ATTACHMENT|C:\\Users\\ankur.jain\\Katalon Studio\\Feedzai_Automation\\Reports\\AM_Test Suite\\20180719_113648\\1531986425356.png]]

2018-07-19 13:17:05 - [TEST_STEP][PASSED] - Statement - If (text.contains("3132")): null]]></system-out>
         <system-err><![CDATA[2018-07-19 13:12:19 - [TEST_CASE][FAILED] - Test Cases/Alert Manager Test Cases/Alert Manager_Search Screen/TC30_Validate Advance search through Source Institution ID: Test Cases/Alert Manager Test Cases/Alert Manager_Search Screen/TC30_Validate Advance search through Source Institution ID FAILED because (of) Unable to clear text of object 'Object Repository/TC_24_36 AM/Date_input' (Root cause: com.kms.katalon.core.webui.exception.WebElementNotFoundException: Web element with id: 'Object Repository/TC_24_36 AM/Date_input' located by 'By.xpath: //input[@id='fdz-form-date-time']' not found)]]></system-err>
      </testcase>
      <testcase name="Test Cases/Alert Manager Test Cases/Alert Manager_Search Screen/TC31_Validate Advance search through response code" classname="Test Cases/Alert Manager Test Cases/Alert Manager_Search Screen/TC31_Validate Advance search through response code" status="FAILED">
         <failure type="FAILED" message="Unable to clear text of object 'Object Repository/TC_24_36 AM/Date_input' (Root cause: com.kms.katalon.core.webui.exception.WebElementNotFoundException: Web element with id: 'Object Repository/TC_24_36 AM/Date_input' located by 'By.xpath: //input[@id='fdz-form-date-time']' not found)"/>
         <system-out><![CDATA[2018-07-19 13:17:05 - [TEST_CASE][FAILED] - Test Cases/Alert Manager Test Cases/Alert Manager_Search Screen/TC31_Validate Advance search through response code: Test Cases/Alert Manager Test Cases/Alert Manager_Search Screen/TC31_Validate Advance search through response code FAILED because (of) Unable to clear text of object 'Object Repository/TC_24_36 AM/Date_input' (Root cause: com.kms.katalon.core.webui.exception.WebElementNotFoundException: Web element with id: 'Object Repository/TC_24_36 AM/Date_input' located by 'By.xpath: //input[@id='fdz-form-date-time']' not found)

2018-07-19 13:17:06 - [TEST_STEP][FAILED] - clearText: Unable to clear text of object 'Object Repository/TC_24_36 AM/Date_input' (Root cause: com.kms.katalon.core.webui.exception.WebElementNotFoundException: Web element with id: 'Object Repository/TC_24_36 AM/Date_input' located by 'By.xpath: //input[@id='fdz-form-date-time']' not found)

2018-07-19 13:17:41 - [MESSAGE][FAILED] - Unable to clear text of object 'Object Repository/TC_24_36 AM/Date_input' (Root cause: com.kms.katalon.core.webui.exception.WebElementNotFoundException: Web element with id: 'Object Repository/TC_24_36 AM/Date_input' located by 'By.xpath: //input[@id='fdz-form-date-time']' not found)
[[ATTACHMENT|C:\\Users\\ankur.jain\\Katalon Studio\\Feedzai_Automation\\Reports\\AM_Test Suite\\20180719_113648\\1531986461070.png]]

2018-07-19 13:17:41 - [TEST_STEP][FAILED] - click: Unable to click on object 'Object Repository/TC_24_36 AM/Done_Button' (Root cause: com.kms.katalon.core.webui.exception.WebElementNotFoundException: Web element with id: 'Object Repository/TC_24_36 AM/Done_Button' located by 'By.xpath: //button[@type='button'][contains(text(),'Done')]' not found)

2018-07-19 13:18:16 - [MESSAGE][FAILED] - Unable to click on object 'Object Repository/TC_24_36 AM/Done_Button' (Root cause: com.kms.katalon.core.webui.exception.WebElementNotFoundException: Web element with id: 'Object Repository/TC_24_36 AM/Done_Button' located by 'By.xpath: //button[@type='button'][contains(text(),'Done')]' not found)
[[ATTACHMENT|C:\\Users\\ankur.jain\\Katalon Studio\\Feedzai_Automation\\Reports\\AM_Test Suite\\20180719_113648\\1531986496062.png]]

2018-07-19 13:18:16 - [TEST_STEP][PASSED] - delay: Delayed 2 second(s)

2018-07-19 13:18:18 - [MESSAGE][PASSED] - Delayed 2 second(s)

2018-07-19 13:18:18 - [TEST_STEP][FAILED] - click: Unable to click on object 'Object Repository/TC_24_36 AM/button_Advanced Search' (Root cause: com.kms.katalon.core.webui.exception.WebElementNotFoundException: Web element with id: 'Object Repository/TC_24_36 AM/button_Advanced Search' located by 'By.xpath: //button[@type = 'button' and (text() = '
            
             Advanced Search
        ' or . = '
            
             Advanced Search
        ')]' not found)

2018-07-19 13:18:53 - [MESSAGE][FAILED] - Unable to click on object 'Object Repository/TC_24_36 AM/button_Advanced Search' (Root cause: com.kms.katalon.core.webui.exception.WebElementNotFoundException: Web element with id: 'Object Repository/TC_24_36 AM/button_Advanced Search' located by 'By.xpath: //button[@type = 'button' and (text() = '
            
             Advanced Search
        ' or . = '
            
             Advanced Search
        ')]' not found)
[[ATTACHMENT|C:\\Users\\ankur.jain\\Katalon Studio\\Feedzai_Automation\\Reports\\AM_Test Suite\\20180719_113648\\1531986533093.png]]

2018-07-19 13:18:53 - [TEST_STEP][FAILED] - click: Unable to click on object 'Object Repository/TC_24_36 AM/Click_ResponseCode' (Root cause: com.kms.katalon.core.webui.exception.WebElementNotFoundException: Web element with id: 'Object Repository/TC_24_36 AM/Click_ResponseCode' located by 'By.xpath: //div[@id='s2id_fdz-form-processing_code']' not found)

2018-07-19 13:19:28 - [MESSAGE][FAILED] - Unable to click on object 'Object Repository/TC_24_36 AM/Click_ResponseCode' (Root cause: com.kms.katalon.core.webui.exception.WebElementNotFoundException: Web element with id: 'Object Repository/TC_24_36 AM/Click_ResponseCode' located by 'By.xpath: //div[@id='s2id_fdz-form-processing_code']' not found)
[[ATTACHMENT|C:\\Users\\ankur.jain\\Katalon Studio\\Feedzai_Automation\\Reports\\AM_Test Suite\\20180719_113648\\1531986568129.png]]

2018-07-19 13:19:28 - [TEST_STEP][FAILED] - setText: Unable to set text '00' of object 'Object Repository/TC_24_36 AM/Input_Respcode' (Root cause: com.kms.katalon.core.webui.exception.WebElementNotFoundException: Web element with id: 'Object Repository/TC_24_36 AM/Input_Respcode' located by 'By.xpath: //div[@id='s2id_fdz-form-processing_code']//input[1]' not found)

2018-07-19 13:20:03 - [MESSAGE][FAILED] - Unable to set text '00' of object 'Object Repository/TC_24_36 AM/Input_Respcode' (Root cause: com.kms.katalon.core.webui.exception.WebElementNotFoundException: Web element with id: 'Object Repository/TC_24_36 AM/Input_Respcode' located by 'By.xpath: //div[@id='s2id_fdz-form-processing_code']//input[1]' not found)
[[ATTACHMENT|C:\\Users\\ankur.jain\\Katalon Studio\\Feedzai_Automation\\Reports\\AM_Test Suite\\20180719_113648\\1531986602804.png]]

2018-07-19 13:20:03 - [TEST_STEP][PASSED] - delay: Delayed 2 second(s)

2018-07-19 13:20:05 - [MESSAGE][PASSED] - Delayed 2 second(s)

2018-07-19 13:20:05 - [TEST_STEP][FAILED] - sendKeys: Unable to send keys '' to object 'Object Repository/TC_24_36 AM/Input_Respcode' (Root cause: com.kms.katalon.core.webui.exception.WebElementNotFoundException: Web element with id: 'Object Repository/TC_24_36 AM/Input_Respcode' located by 'By.xpath: //div[@id='s2id_fdz-form-processing_code']//input[1]' not found)

2018-07-19 13:20:40 - [MESSAGE][FAILED] - Unable to send keys '' to object 'Object Repository/TC_24_36 AM/Input_Respcode' (Root cause: com.kms.katalon.core.webui.exception.WebElementNotFoundException: Web element with id: 'Object Repository/TC_24_36 AM/Input_Respcode' located by 'By.xpath: //div[@id='s2id_fdz-form-processing_code']//input[1]' not found)
[[ATTACHMENT|C:\\Users\\ankur.jain\\Katalon Studio\\Feedzai_Automation\\Reports\\AM_Test Suite\\20180719_113648\\1531986639802.png]]

2018-07-19 13:20:40 - [TEST_STEP][PASSED] - delay: Delayed 2 second(s)

2018-07-19 13:20:42 - [MESSAGE][PASSED] - Delayed 2 second(s)

2018-07-19 13:20:42 - [TEST_STEP][FAILED] - click: Unable to click on object 'Object Repository/TC_24_36 AM/button_Search' (Root cause: com.kms.katalon.core.webui.exception.WebElementNotFoundException: Web element with id: 'Object Repository/TC_24_36 AM/button_Search' located by 'By.xpath: //button[@type='submit']' not found)

2018-07-19 13:21:17 - [MESSAGE][FAILED] - Unable to click on object 'Object Repository/TC_24_36 AM/button_Search' (Root cause: com.kms.katalon.core.webui.exception.WebElementNotFoundException: Web element with id: 'Object Repository/TC_24_36 AM/button_Search' located by 'By.xpath: //button[@type='submit']' not found)
[[ATTACHMENT|C:\\Users\\ankur.jain\\Katalon Studio\\Feedzai_Automation\\Reports\\AM_Test Suite\\20180719_113648\\1531986676831.png]]

2018-07-19 13:21:17 - [TEST_STEP][FAILED] - getText: Unable to get text of object 'Object Repository/TC_24_36 AM/Cust_Details' (Root cause: com.kms.katalon.core.webui.exception.WebElementNotFoundException: Web element with id: 'Object Repository/TC_24_36 AM/Cust_Details' located by 'By.xpath: //tbody[@style='opacity: 1;']' not found)

2018-07-19 13:21:50 - [MESSAGE][FAILED] - Unable to get text of object 'Object Repository/TC_24_36 AM/Cust_Details' (Root cause: com.kms.katalon.core.webui.exception.WebElementNotFoundException: Web element with id: 'Object Repository/TC_24_36 AM/Cust_Details' located by 'By.xpath: //tbody[@style='opacity: 1;']' not found)
[[ATTACHMENT|C:\\Users\\ankur.jain\\Katalon Studio\\Feedzai_Automation\\Reports\\AM_Test Suite\\20180719_113648\\1531986710028.png]]

2018-07-19 13:21:50 - [TEST_STEP][PASSED] - comment: Advance search through Response Code is sucesfull

2018-07-19 13:21:50 - [TEST_STEP][PASSED] - Statement - Response_Code = com.kms.katalon.core.webui.keyword.WebUiBuiltInKeywords.takeScreenshot(): Taking screenshot successfully

2018-07-19 13:21:50 - [MESSAGE][PASSED] - Taking screenshot successfully
[[ATTACHMENT|C:\\Users\\ankur.jain\\Katalon Studio\\Feedzai_Automation\\Reports\\AM_Test Suite\\20180719_113648\\1531986710402.png]]

2018-07-19 13:21:50 - [TEST_STEP][FAILED] - verifyElementText: com.kms.katalon.core.webui.exception.WebElementNotFoundException: Web element with id: 'Object Repository/TC_24_36 AM/Response_Code_valid' located by 'By.xpath: /html/body/div[1]/div[1]/div[2]/div/div/div[2]/div[2]/div[2]/table/tbody/tr[1]/td[11]/abbr/span' not found

2018-07-19 13:22:23 - [MESSAGE][FAILED] - com.kms.katalon.core.webui.exception.WebElementNotFoundException: Web element with id: 'Object Repository/TC_24_36 AM/Response_Code_valid' located by 'By.xpath: /html/body/div[1]/div[1]/div[2]/div/div/div[2]/div[2]/div[2]/table/tbody/tr[1]/td[11]/abbr/span' not found
[[ATTACHMENT|C:\\Users\\ankur.jain\\Katalon Studio\\Feedzai_Automation\\Reports\\AM_Test Suite\\20180719_113648\\1531986743244.png]]

2018-07-19 13:22:23 - [TEST_STEP][PASSED] - refresh: Refresh successfully

2018-07-19 13:22:23 - [MESSAGE][PASSED] - Refresh successfully

2018-07-19 13:22:23 - [TEST_STEP][PASSED] - delay: Delayed 12 second(s)

2018-07-19 13:22:35 - [MESSAGE][PASSED] - Delayed 12 second(s)]]></system-out>
         <system-err><![CDATA[2018-07-19 13:17:05 - [TEST_CASE][FAILED] - Test Cases/Alert Manager Test Cases/Alert Manager_Search Screen/TC31_Validate Advance search through response code: Test Cases/Alert Manager Test Cases/Alert Manager_Search Screen/TC31_Validate Advance search through response code FAILED because (of) Unable to clear text of object 'Object Repository/TC_24_36 AM/Date_input' (Root cause: com.kms.katalon.core.webui.exception.WebElementNotFoundException: Web element with id: 'Object Repository/TC_24_36 AM/Date_input' located by 'By.xpath: //input[@id='fdz-form-date-time']' not found)]]></system-err>
      </testcase>
      <testcase name="Test Cases/Alert Manager Test Cases/Alert Manager_Search Screen/TC32_Validate Advance search through Processing code" classname="Test Cases/Alert Manager Test Cases/Alert Manager_Search Screen/TC32_Validate Advance search through Processing code" status="FAILED">
         <failure type="FAILED" message="Unable to clear text of object 'Object Repository/TC_24_36 AM/Date_input' (Root cause: com.kms.katalon.core.webui.exception.WebElementNotFoundException: Web element with id: 'Object Repository/TC_24_36 AM/Date_input' located by 'By.xpath: //input[@id='fdz-form-date-time']' not found)"/>
         <system-out><![CDATA[2018-07-19 13:22:35 - [TEST_CASE][FAILED] - Test Cases/Alert Manager Test Cases/Alert Manager_Search Screen/TC32_Validate Advance search through Processing code: Test Cases/Alert Manager Test Cases/Alert Manager_Search Screen/TC32_Validate Advance search through Processing code FAILED because (of) Unable to clear text of object 'Object Repository/TC_24_36 AM/Date_input' (Root cause: com.kms.katalon.core.webui.exception.WebElementNotFoundException: Web element with id: 'Object Repository/TC_24_36 AM/Date_input' located by 'By.xpath: //input[@id='fdz-form-date-time']' not found)

2018-07-19 13:22:36 - [TEST_STEP][FAILED] - clearText: Unable to clear text of object 'Object Repository/TC_24_36 AM/Date_input' (Root cause: com.kms.katalon.core.webui.exception.WebElementNotFoundException: Web element with id: 'Object Repository/TC_24_36 AM/Date_input' located by 'By.xpath: //input[@id='fdz-form-date-time']' not found)

2018-07-19 13:23:08 - [MESSAGE][FAILED] - Unable to clear text of object 'Object Repository/TC_24_36 AM/Date_input' (Root cause: com.kms.katalon.core.webui.exception.WebElementNotFoundException: Web element with id: 'Object Repository/TC_24_36 AM/Date_input' located by 'By.xpath: //input[@id='fdz-form-date-time']' not found)
[[ATTACHMENT|C:\\Users\\ankur.jain\\Katalon Studio\\Feedzai_Automation\\Reports\\AM_Test Suite\\20180719_113648\\1531986788298.png]]

2018-07-19 13:23:08 - [TEST_STEP][FAILED] - click: Unable to click on object 'Object Repository/TC_24_36 AM/Done_Button' (Root cause: com.kms.katalon.core.webui.exception.WebElementNotFoundException: Web element with id: 'Object Repository/TC_24_36 AM/Done_Button' located by 'By.xpath: //button[@type='button'][contains(text(),'Done')]' not found)

2018-07-19 13:23:40 - [MESSAGE][FAILED] - Unable to click on object 'Object Repository/TC_24_36 AM/Done_Button' (Root cause: com.kms.katalon.core.webui.exception.WebElementNotFoundException: Web element with id: 'Object Repository/TC_24_36 AM/Done_Button' located by 'By.xpath: //button[@type='button'][contains(text(),'Done')]' not found)
[[ATTACHMENT|C:\\Users\\ankur.jain\\Katalon Studio\\Feedzai_Automation\\Reports\\AM_Test Suite\\20180719_113648\\1531986820038.png]]

2018-07-19 13:23:40 - [TEST_STEP][PASSED] - delay: Delayed 2 second(s)

2018-07-19 13:23:42 - [MESSAGE][PASSED] - Delayed 2 second(s)

2018-07-19 13:23:42 - [TEST_STEP][FAILED] - click: Unable to click on object 'Object Repository/TC_24_36 AM/button_Advanced Search' (Root cause: com.kms.katalon.core.webui.exception.WebElementNotFoundException: Web element with id: 'Object Repository/TC_24_36 AM/button_Advanced Search' located by 'By.xpath: //button[@type = 'button' and (text() = '
            
             Advanced Search
        ' or . = '
            
             Advanced Search
        ')]' not found)

2018-07-19 13:24:14 - [MESSAGE][FAILED] - Unable to click on object 'Object Repository/TC_24_36 AM/button_Advanced Search' (Root cause: com.kms.katalon.core.webui.exception.WebElementNotFoundException: Web element with id: 'Object Repository/TC_24_36 AM/button_Advanced Search' located by 'By.xpath: //button[@type = 'button' and (text() = '
            
             Advanced Search
        ' or . = '
            
             Advanced Search
        ')]' not found)
[[ATTACHMENT|C:\\Users\\ankur.jain\\Katalon Studio\\Feedzai_Automation\\Reports\\AM_Test Suite\\20180719_113648\\1531986854173.png]]

2018-07-19 13:24:14 - [TEST_STEP][FAILED] - click: Unable to click on object 'Object Repository/TC_24_36 AM/Click_ResponseCode' (Root cause: com.kms.katalon.core.webui.exception.WebElementNotFoundException: Web element with id: 'Object Repository/TC_24_36 AM/Click_ResponseCode' located by 'By.xpath: //div[@id='s2id_fdz-form-processing_code']' not found)

2018-07-19 13:24:47 - [MESSAGE][FAILED] - Unable to click on object 'Object Repository/TC_24_36 AM/Click_ResponseCode' (Root cause: com.kms.katalon.core.webui.exception.WebElementNotFoundException: Web element with id: 'Object Repository/TC_24_36 AM/Click_ResponseCode' located by 'By.xpath: //div[@id='s2id_fdz-form-processing_code']' not found)
[[ATTACHMENT|C:\\Users\\ankur.jain\\Katalon Studio\\Feedzai_Automation\\Reports\\AM_Test Suite\\20180719_113648\\1531986886876.png]]

2018-07-19 13:24:47 - [TEST_STEP][FAILED] - setText: Unable to set text '45' of object 'Object Repository/TC_24_36 AM/Input_Respcode' (Root cause: com.kms.katalon.core.webui.exception.WebElementNotFoundException: Web element with id: 'Object Repository/TC_24_36 AM/Input_Respcode' located by 'By.xpath: //div[@id='s2id_fdz-form-processing_code']//input[1]' not found)

2018-07-19 13:25:20 - [MESSAGE][FAILED] - Unable to set text '45' of object 'Object Repository/TC_24_36 AM/Input_Respcode' (Root cause: com.kms.katalon.core.webui.exception.WebElementNotFoundException: Web element with id: 'Object Repository/TC_24_36 AM/Input_Respcode' located by 'By.xpath: //div[@id='s2id_fdz-form-processing_code']//input[1]' not found)
[[ATTACHMENT|C:\\Users\\ankur.jain\\Katalon Studio\\Feedzai_Automation\\Reports\\AM_Test Suite\\20180719_113648\\1531986920310.png]]

2018-07-19 13:25:20 - [TEST_STEP][PASSED] - delay: Delayed 2 second(s)

2018-07-19 13:25:22 - [MESSAGE][PASSED] - Delayed 2 second(s)

2018-07-19 13:25:22 - [TEST_STEP][FAILED] - sendKeys: Unable to send keys '' to object 'Object Repository/TC_24_36 AM/Input_Respcode' (Root cause: com.kms.katalon.core.webui.exception.WebElementNotFoundException: Web element with id: 'Object Repository/TC_24_36 AM/Input_Respcode' located by 'By.xpath: //div[@id='s2id_fdz-form-processing_code']//input[1]' not found)

2018-07-19 13:25:56 - [MESSAGE][FAILED] - Unable to send keys '' to object 'Object Repository/TC_24_36 AM/Input_Respcode' (Root cause: com.kms.katalon.core.webui.exception.WebElementNotFoundException: Web element with id: 'Object Repository/TC_24_36 AM/Input_Respcode' located by 'By.xpath: //div[@id='s2id_fdz-form-processing_code']//input[1]' not found)
[[ATTACHMENT|C:\\Users\\ankur.jain\\Katalon Studio\\Feedzai_Automation\\Reports\\AM_Test Suite\\20180719_113648\\1531986955952.png]]

2018-07-19 13:25:56 - [TEST_STEP][PASSED] - delay: Delayed 5 second(s)

2018-07-19 13:26:01 - [MESSAGE][PASSED] - Delayed 5 second(s)

2018-07-19 13:26:01 - [TEST_STEP][FAILED] - click: Unable to click on object 'Object Repository/TC_24_36 AM/button_Search' (Root cause: com.kms.katalon.core.webui.exception.WebElementNotFoundException: Web element with id: 'Object Repository/TC_24_36 AM/button_Search' located by 'By.xpath: //button[@type='submit']' not found)

2018-07-19 13:26:34 - [MESSAGE][FAILED] - Unable to click on object 'Object Repository/TC_24_36 AM/button_Search' (Root cause: com.kms.katalon.core.webui.exception.WebElementNotFoundException: Web element with id: 'Object Repository/TC_24_36 AM/button_Search' located by 'By.xpath: //button[@type='submit']' not found)
[[ATTACHMENT|C:\\Users\\ankur.jain\\Katalon Studio\\Feedzai_Automation\\Reports\\AM_Test Suite\\20180719_113648\\1531986994185.png]]

2018-07-19 13:26:34 - [TEST_STEP][FAILED] - getText: Unable to get text of object 'Object Repository/TC_24_36 AM/Cust_Details' (Root cause: com.kms.katalon.core.webui.exception.WebElementNotFoundException: Web element with id: 'Object Repository/TC_24_36 AM/Cust_Details' located by 'By.xpath: //tbody[@style='opacity: 1;']' not found)

2018-07-19 13:27:08 - [MESSAGE][FAILED] - Unable to get text of object 'Object Repository/TC_24_36 AM/Cust_Details' (Root cause: com.kms.katalon.core.webui.exception.WebElementNotFoundException: Web element with id: 'Object Repository/TC_24_36 AM/Cust_Details' located by 'By.xpath: //tbody[@style='opacity: 1;']' not found)
[[ATTACHMENT|C:\\Users\\ankur.jain\\Katalon Studio\\Feedzai_Automation\\Reports\\AM_Test Suite\\20180719_113648\\1531987027972.png]]

2018-07-19 13:27:08 - [TEST_STEP][PASSED] - comment: Advance Search through Response Code is sucesfull

2018-07-19 13:27:08 - [TEST_STEP][PASSED] - Statement - Resp_code = com.kms.katalon.core.webui.keyword.WebUiBuiltInKeywords.takeScreenshot(): Taking screenshot successfully

2018-07-19 13:27:08 - [MESSAGE][PASSED] - Taking screenshot successfully
[[ATTACHMENT|C:\\Users\\ankur.jain\\Katalon Studio\\Feedzai_Automation\\Reports\\AM_Test Suite\\20180719_113648\\1531987028351.png]]

2018-07-19 13:27:08 - [TEST_STEP][FAILED] - verifyElementText: com.kms.katalon.core.webui.exception.WebElementNotFoundException: Web element with id: 'Object Repository/TC_24_36 AM/RespCode_Valid' located by 'By.xpath: /html/body/div[1]/div[1]/div[2]/div/div/div[2]/div[2]/div[2]/table/tbody/tr[1]/td[10]/abbr' not found

2018-07-19 13:27:42 - [MESSAGE][FAILED] - com.kms.katalon.core.webui.exception.WebElementNotFoundException: Web element with id: 'Object Repository/TC_24_36 AM/RespCode_Valid' located by 'By.xpath: /html/body/div[1]/div[1]/div[2]/div/div/div[2]/div[2]/div[2]/table/tbody/tr[1]/td[10]/abbr' not found
[[ATTACHMENT|C:\\Users\\ankur.jain\\Katalon Studio\\Feedzai_Automation\\Reports\\AM_Test Suite\\20180719_113648\\1531987061892.png]]

2018-07-19 13:27:42 - [TEST_STEP][PASSED] - refresh: Refresh successfully

2018-07-19 13:27:42 - [MESSAGE][PASSED] - Refresh successfully

2018-07-19 13:27:42 - [TEST_STEP][PASSED] - delay: Delayed 12 second(s)

2018-07-19 13:27:54 - [MESSAGE][PASSED] - Delayed 12 second(s)]]></system-out>
         <system-err><![CDATA[2018-07-19 13:22:35 - [TEST_CASE][FAILED] - Test Cases/Alert Manager Test Cases/Alert Manager_Search Screen/TC32_Validate Advance search through Processing code: Test Cases/Alert Manager Test Cases/Alert Manager_Search Screen/TC32_Validate Advance search through Processing code FAILED because (of) Unable to clear text of object 'Object Repository/TC_24_36 AM/Date_input' (Root cause: com.kms.katalon.core.webui.exception.WebElementNotFoundException: Web element with id: 'Object Repository/TC_24_36 AM/Date_input' located by 'By.xpath: //input[@id='fdz-form-date-time']' not found)]]></system-err>
      </testcase>
      <testcase name="Test Cases/Alert Manager Test Cases/Alert Manager_Search Screen/TC33_Validate Advance search through Hashed card pan" classname="Test Cases/Alert Manager Test Cases/Alert Manager_Search Screen/TC33_Validate Advance search through Hashed card pan" status="FAILED">
         <failure type="FAILED" message="Unable to clear text of object 'Object Repository/TC_24_36 AM/Date_input' (Root cause: com.kms.katalon.core.webui.exception.WebElementNotFoundException: Web element with id: 'Object Repository/TC_24_36 AM/Date_input' located by 'By.xpath: //input[@id='fdz-form-date-time']' not found)"/>
         <system-out><![CDATA[2018-07-19 13:27:54 - [TEST_CASE][FAILED] - Test Cases/Alert Manager Test Cases/Alert Manager_Search Screen/TC33_Validate Advance search through Hashed card pan: Test Cases/Alert Manager Test Cases/Alert Manager_Search Screen/TC33_Validate Advance search through Hashed card pan FAILED because (of) Unable to clear text of object 'Object Repository/TC_24_36 AM/Date_input' (Root cause: com.kms.katalon.core.webui.exception.WebElementNotFoundException: Web element with id: 'Object Repository/TC_24_36 AM/Date_input' located by 'By.xpath: //input[@id='fdz-form-date-time']' not found)

2018-07-19 13:27:55 - [TEST_STEP][FAILED] - clearText: Unable to clear text of object 'Object Repository/TC_24_36 AM/Date_input' (Root cause: com.kms.katalon.core.webui.exception.WebElementNotFoundException: Web element with id: 'Object Repository/TC_24_36 AM/Date_input' located by 'By.xpath: //input[@id='fdz-form-date-time']' not found)

2018-07-19 13:28:28 - [MESSAGE][FAILED] - Unable to clear text of object 'Object Repository/TC_24_36 AM/Date_input' (Root cause: com.kms.katalon.core.webui.exception.WebElementNotFoundException: Web element with id: 'Object Repository/TC_24_36 AM/Date_input' located by 'By.xpath: //input[@id='fdz-form-date-time']' not found)
[[ATTACHMENT|C:\\Users\\ankur.jain\\Katalon Studio\\Feedzai_Automation\\Reports\\AM_Test Suite\\20180719_113648\\1531987108242.png]]

2018-07-19 13:28:28 - [TEST_STEP][PASSED] - delay: Delayed 2 second(s)

2018-07-19 13:28:30 - [MESSAGE][PASSED] - Delayed 2 second(s)

2018-07-19 13:28:30 - [TEST_STEP][FAILED] - click: Unable to click on object 'Object Repository/TC_24_36 AM/Done_Button' (Root cause: com.kms.katalon.core.webui.exception.WebElementNotFoundException: Web element with id: 'Object Repository/TC_24_36 AM/Done_Button' located by 'By.xpath: //button[@type='button'][contains(text(),'Done')]' not found)

2018-07-19 13:29:04 - [MESSAGE][FAILED] - Unable to click on object 'Object Repository/TC_24_36 AM/Done_Button' (Root cause: com.kms.katalon.core.webui.exception.WebElementNotFoundException: Web element with id: 'Object Repository/TC_24_36 AM/Done_Button' located by 'By.xpath: //button[@type='button'][contains(text(),'Done')]' not found)
[[ATTACHMENT|C:\\Users\\ankur.jain\\Katalon Studio\\Feedzai_Automation\\Reports\\AM_Test Suite\\20180719_113648\\1531987143789.png]]

2018-07-19 13:29:04 - [TEST_STEP][PASSED] - delay: Delayed 4 second(s)

2018-07-19 13:29:08 - [MESSAGE][PASSED] - Delayed 4 second(s)

2018-07-19 13:29:08 - [TEST_STEP][FAILED] - click: Unable to click on object 'Object Repository/TC_24_36 AM/button_Advanced Search' (Root cause: com.kms.katalon.core.webui.exception.WebElementNotFoundException: Web element with id: 'Object Repository/TC_24_36 AM/button_Advanced Search' located by 'By.xpath: //button[@type = 'button' and (text() = '
            
             Advanced Search
        ' or . = '
            
             Advanced Search
        ')]' not found)

2018-07-19 13:29:41 - [MESSAGE][FAILED] - Unable to click on object 'Object Repository/TC_24_36 AM/button_Advanced Search' (Root cause: com.kms.katalon.core.webui.exception.WebElementNotFoundException: Web element with id: 'Object Repository/TC_24_36 AM/button_Advanced Search' located by 'By.xpath: //button[@type = 'button' and (text() = '
            
             Advanced Search
        ' or . = '
            
             Advanced Search
        ')]' not found)
[[ATTACHMENT|C:\\Users\\ankur.jain\\Katalon Studio\\Feedzai_Automation\\Reports\\AM_Test Suite\\20180719_113648\\1531987181439.png]]

2018-07-19 13:29:41 - [TEST_STEP][PASSED] - delay: Delayed 2 second(s)

2018-07-19 13:29:43 - [MESSAGE][PASSED] - Delayed 2 second(s)

2018-07-19 13:29:43 - [TEST_STEP][FAILED] - click: Unable to click on object 'Object Repository/TC_24_36 AM/Click_HashPan' (Root cause: com.kms.katalon.core.webui.exception.WebElementNotFoundException: Web element with id: 'Object Repository/TC_24_36 AM/Click_HashPan' located by 'By.xpath: //input[@id='fdz-form-hashed-pan']' not found)

2018-07-19 13:30:17 - [MESSAGE][FAILED] - Unable to click on object 'Object Repository/TC_24_36 AM/Click_HashPan' (Root cause: com.kms.katalon.core.webui.exception.WebElementNotFoundException: Web element with id: 'Object Repository/TC_24_36 AM/Click_HashPan' located by 'By.xpath: //input[@id='fdz-form-hashed-pan']' not found)
[[ATTACHMENT|C:\\Users\\ankur.jain\\Katalon Studio\\Feedzai_Automation\\Reports\\AM_Test Suite\\20180719_113648\\1531987217342.png]]

2018-07-19 13:30:17 - [TEST_STEP][FAILED] - setText: Unable to set text 'Vi7ef8PcDBbitHDUrIX1-UvUbOz5Fij1fLesdenEeMc' of object 'Object Repository/TC_24_36 AM/Input_hashpan' (Root cause: com.kms.katalon.core.webui.exception.WebElementNotFoundException: Web element with id: 'Object Repository/TC_24_36 AM/Input_hashpan' located by 'By.xpath: //input[@name='hashed_card_pan']' not found)

2018-07-19 13:30:51 - [MESSAGE][FAILED] - Unable to set text 'Vi7ef8PcDBbitHDUrIX1-UvUbOz5Fij1fLesdenEeMc' of object 'Object Repository/TC_24_36 AM/Input_hashpan' (Root cause: com.kms.katalon.core.webui.exception.WebElementNotFoundException: Web element with id: 'Object Repository/TC_24_36 AM/Input_hashpan' located by 'By.xpath: //input[@name='hashed_card_pan']' not found)
[[ATTACHMENT|C:\\Users\\ankur.jain\\Katalon Studio\\Feedzai_Automation\\Reports\\AM_Test Suite\\20180719_113648\\1531987251329.png]]

2018-07-19 13:30:51 - [TEST_STEP][PASSED] - delay: Delayed 2 second(s)

2018-07-19 13:30:53 - [MESSAGE][PASSED] - Delayed 2 second(s)

2018-07-19 13:30:53 - [TEST_STEP][FAILED] - sendKeys: Unable to send keys '' to object 'Object Repository/TC_24_36 AM/Input_hashpan' (Root cause: com.kms.katalon.core.webui.exception.WebElementNotFoundException: Web element with id: 'Object Repository/TC_24_36 AM/Input_hashpan' located by 'By.xpath: //input[@name='hashed_card_pan']' not found)

2018-07-19 13:31:27 - [MESSAGE][FAILED] - Unable to send keys '' to object 'Object Repository/TC_24_36 AM/Input_hashpan' (Root cause: com.kms.katalon.core.webui.exception.WebElementNotFoundException: Web element with id: 'Object Repository/TC_24_36 AM/Input_hashpan' located by 'By.xpath: //input[@name='hashed_card_pan']' not found)
[[ATTACHMENT|C:\\Users\\ankur.jain\\Katalon Studio\\Feedzai_Automation\\Reports\\AM_Test Suite\\20180719_113648\\1531987287063.png]]

2018-07-19 13:31:27 - [TEST_STEP][PASSED] - delay: Delayed 2 second(s)

2018-07-19 13:31:29 - [MESSAGE][PASSED] - Delayed 2 second(s)

2018-07-19 13:31:29 - [TEST_STEP][FAILED] - click: Unable to click on object 'Object Repository/TC_24_36 AM/button_Search' (Root cause: com.kms.katalon.core.webui.exception.WebElementNotFoundException: Web element with id: 'Object Repository/TC_24_36 AM/button_Search' located by 'By.xpath: //button[@type='submit']' not found)

2018-07-19 13:32:03 - [MESSAGE][FAILED] - Unable to click on object 'Object Repository/TC_24_36 AM/button_Search' (Root cause: com.kms.katalon.core.webui.exception.WebElementNotFoundException: Web element with id: 'Object Repository/TC_24_36 AM/button_Search' located by 'By.xpath: //button[@type='submit']' not found)
[[ATTACHMENT|C:\\Users\\ankur.jain\\Katalon Studio\\Feedzai_Automation\\Reports\\AM_Test Suite\\20180719_113648\\1531987322869.png]]

2018-07-19 13:32:03 - [TEST_STEP][FAILED] - getText: Unable to get text of object 'Object Repository/TC_24_36 AM/Cust_Details' (Root cause: com.kms.katalon.core.webui.exception.WebElementNotFoundException: Web element with id: 'Object Repository/TC_24_36 AM/Cust_Details' located by 'By.xpath: //tbody[@style='opacity: 1;']' not found)

2018-07-19 13:32:36 - [MESSAGE][FAILED] - Unable to get text of object 'Object Repository/TC_24_36 AM/Cust_Details' (Root cause: com.kms.katalon.core.webui.exception.WebElementNotFoundException: Web element with id: 'Object Repository/TC_24_36 AM/Cust_Details' located by 'By.xpath: //tbody[@style='opacity: 1;']' not found)
[[ATTACHMENT|C:\\Users\\ankur.jain\\Katalon Studio\\Feedzai_Automation\\Reports\\AM_Test Suite\\20180719_113648\\1531987355705.png]]

2018-07-19 13:32:36 - [TEST_STEP][PASSED] - comment: Advance search through Hash Card is sucesfull

2018-07-19 13:32:36 - [TEST_STEP][PASSED] - Statement - Hash_Card = com.kms.katalon.core.webui.keyword.WebUiBuiltInKeywords.takeScreenshot(): Taking screenshot successfully

2018-07-19 13:32:36 - [MESSAGE][PASSED] - Taking screenshot successfully
[[ATTACHMENT|C:\\Users\\ankur.jain\\Katalon Studio\\Feedzai_Automation\\Reports\\AM_Test Suite\\20180719_113648\\1531987356044.png]]

2018-07-19 13:32:36 - [TEST_STEP][FAILED] - click: Unable to click on object 'Object Repository/TC_24_36 AM/Trans_Details' (Root cause: com.kms.katalon.core.webui.exception.WebElementNotFoundException: Web element with id: 'Object Repository/TC_24_36 AM/Trans_Details' located by 'By.xpath: /html/body/div[1]/div[1]/div[2]/div/div/div[2]/div[2]/div[2]/table/tbody/tr[1]/td[15]/a/span' not found)

2018-07-19 13:33:09 - [MESSAGE][FAILED] - Unable to click on object 'Object Repository/TC_24_36 AM/Trans_Details' (Root cause: com.kms.katalon.core.webui.exception.WebElementNotFoundException: Web element with id: 'Object Repository/TC_24_36 AM/Trans_Details' located by 'By.xpath: /html/body/div[1]/div[1]/div[2]/div/div/div[2]/div[2]/div[2]/table/tbody/tr[1]/td[15]/a/span' not found)
[[ATTACHMENT|C:\\Users\\ankur.jain\\Katalon Studio\\Feedzai_Automation\\Reports\\AM_Test Suite\\20180719_113648\\1531987389138.png]]

2018-07-19 13:33:09 - [TEST_STEP][FAILED] - verifyElementText: com.kms.katalon.core.webui.exception.WebElementNotFoundException: Web element with id: 'Object Repository/TC_24_36 AM/Hash_Cad_Valid' located by 'By.xpath: /html/body/div[1]/div[1]/div[2]/div[3]/div/div[1]/div[2]/div[2]/div[2]/div[1]/div[2]/div[2]' not found

2018-07-19 13:33:43 - [MESSAGE][FAILED] - com.kms.katalon.core.webui.exception.WebElementNotFoundException: Web element with id: 'Object Repository/TC_24_36 AM/Hash_Cad_Valid' located by 'By.xpath: /html/body/div[1]/div[1]/div[2]/div[3]/div/div[1]/div[2]/div[2]/div[2]/div[1]/div[2]/div[2]' not found
[[ATTACHMENT|C:\\Users\\ankur.jain\\Katalon Studio\\Feedzai_Automation\\Reports\\AM_Test Suite\\20180719_113648\\1531987422892.png]]

2018-07-19 13:33:43 - [TEST_STEP][PASSED] - back: Navigate back successfully

2018-07-19 13:33:45 - [MESSAGE][PASSED] - Navigate back successfully

2018-07-19 13:33:45 - [TEST_STEP][PASSED] - delay: Delayed 12 second(s)

2018-07-19 13:33:57 - [MESSAGE][PASSED] - Delayed 12 second(s)]]></system-out>
         <system-err><![CDATA[2018-07-19 13:27:54 - [TEST_CASE][FAILED] - Test Cases/Alert Manager Test Cases/Alert Manager_Search Screen/TC33_Validate Advance search through Hashed card pan: Test Cases/Alert Manager Test Cases/Alert Manager_Search Screen/TC33_Validate Advance search through Hashed card pan FAILED because (of) Unable to clear text of object 'Object Repository/TC_24_36 AM/Date_input' (Root cause: com.kms.katalon.core.webui.exception.WebElementNotFoundException: Web element with id: 'Object Repository/TC_24_36 AM/Date_input' located by 'By.xpath: //input[@id='fdz-form-date-time']' not found)]]></system-err>
      </testcase>
      <testcase name="Test Cases/Alert Manager Test Cases/Alert Manager_Search Screen/TC34_Validate Advance search through Customer App ID" classname="Test Cases/Alert Manager Test Cases/Alert Manager_Search Screen/TC34_Validate Advance search through Customer App ID" status="FAILED">
         <failure type="FAILED" message="Unable to clear text of object 'Object Repository/TC_24_36 AM/Date_input' (Root cause: com.kms.katalon.core.webui.exception.WebElementNotFoundException: Web element with id: 'Object Repository/TC_24_36 AM/Date_input' located by 'By.xpath: //input[@id='fdz-form-date-time']' not found)"/>
         <system-out><![CDATA[2018-07-19 13:33:58 - [TEST_CASE][FAILED] - Test Cases/Alert Manager Test Cases/Alert Manager_Search Screen/TC34_Validate Advance search through Customer App ID: Test Cases/Alert Manager Test Cases/Alert Manager_Search Screen/TC34_Validate Advance search through Customer App ID FAILED because (of) Unable to clear text of object 'Object Repository/TC_24_36 AM/Date_input' (Root cause: com.kms.katalon.core.webui.exception.WebElementNotFoundException: Web element with id: 'Object Repository/TC_24_36 AM/Date_input' located by 'By.xpath: //input[@id='fdz-form-date-time']' not found)

2018-07-19 13:33:58 - [TEST_STEP][FAILED] - clearText: Unable to clear text of object 'Object Repository/TC_24_36 AM/Date_input' (Root cause: com.kms.katalon.core.webui.exception.WebElementNotFoundException: Web element with id: 'Object Repository/TC_24_36 AM/Date_input' located by 'By.xpath: //input[@id='fdz-form-date-time']' not found)

2018-07-19 13:34:32 - [MESSAGE][FAILED] - Unable to clear text of object 'Object Repository/TC_24_36 AM/Date_input' (Root cause: com.kms.katalon.core.webui.exception.WebElementNotFoundException: Web element with id: 'Object Repository/TC_24_36 AM/Date_input' located by 'By.xpath: //input[@id='fdz-form-date-time']' not found)
[[ATTACHMENT|C:\\Users\\ankur.jain\\Katalon Studio\\Feedzai_Automation\\Reports\\AM_Test Suite\\20180719_113648\\1531987471889.png]]

2018-07-19 13:34:32 - [TEST_STEP][FAILED] - click: Unable to click on object 'Object Repository/TC_24_36 AM/Done_Button' (Root cause: com.kms.katalon.core.webui.exception.WebElementNotFoundException: Web element with id: 'Object Repository/TC_24_36 AM/Done_Button' located by 'By.xpath: //button[@type='button'][contains(text(),'Done')]' not found)

2018-07-19 13:35:05 - [MESSAGE][FAILED] - Unable to click on object 'Object Repository/TC_24_36 AM/Done_Button' (Root cause: com.kms.katalon.core.webui.exception.WebElementNotFoundException: Web element with id: 'Object Repository/TC_24_36 AM/Done_Button' located by 'By.xpath: //button[@type='button'][contains(text(),'Done')]' not found)
[[ATTACHMENT|C:\\Users\\ankur.jain\\Katalon Studio\\Feedzai_Automation\\Reports\\AM_Test Suite\\20180719_113648\\1531987505437.png]]

2018-07-19 13:35:05 - [TEST_STEP][PASSED] - delay: Delayed 2 second(s)

2018-07-19 13:35:07 - [MESSAGE][PASSED] - Delayed 2 second(s)

2018-07-19 13:35:07 - [TEST_STEP][FAILED] - click: Unable to click on object 'Object Repository/TC_24_36 AM/button_Advanced Search' (Root cause: com.kms.katalon.core.webui.exception.WebElementNotFoundException: Web element with id: 'Object Repository/TC_24_36 AM/button_Advanced Search' located by 'By.xpath: //button[@type = 'button' and (text() = '
            
             Advanced Search
        ' or . = '
            
             Advanced Search
        ')]' not found)

2018-07-19 13:35:41 - [MESSAGE][FAILED] - Unable to click on object 'Object Repository/TC_24_36 AM/button_Advanced Search' (Root cause: com.kms.katalon.core.webui.exception.WebElementNotFoundException: Web element with id: 'Object Repository/TC_24_36 AM/button_Advanced Search' located by 'By.xpath: //button[@type = 'button' and (text() = '
            
             Advanced Search
        ' or . = '
            
             Advanced Search
        ')]' not found)
[[ATTACHMENT|C:\\Users\\ankur.jain\\Katalon Studio\\Feedzai_Automation\\Reports\\AM_Test Suite\\20180719_113648\\1531987541103.png]]

2018-07-19 13:35:41 - [TEST_STEP][PASSED] - delay: Delayed 2 second(s)

2018-07-19 13:35:43 - [MESSAGE][PASSED] - Delayed 2 second(s)

2018-07-19 13:35:43 - [TEST_STEP][FAILED] - click: Unable to click on object 'Object Repository/TC_24_36 AM/Click_CustAppid' (Root cause: com.kms.katalon.core.webui.exception.WebElementNotFoundException: Web element with id: 'Object Repository/TC_24_36 AM/Click_CustAppid' located by 'By.xpath: //*[@id='fdz-form-customer-device-id']' not found)

2018-07-19 13:36:17 - [MESSAGE][FAILED] - Unable to click on object 'Object Repository/TC_24_36 AM/Click_CustAppid' (Root cause: com.kms.katalon.core.webui.exception.WebElementNotFoundException: Web element with id: 'Object Repository/TC_24_36 AM/Click_CustAppid' located by 'By.xpath: //*[@id='fdz-form-customer-device-id']' not found)
[[ATTACHMENT|C:\\Users\\ankur.jain\\Katalon Studio\\Feedzai_Automation\\Reports\\AM_Test Suite\\20180719_113648\\1531987576765.png]]

2018-07-19 13:36:17 - [TEST_STEP][FAILED] - setText: Unable to set text 'LS5501_LYF LS-5501' of object 'Object Repository/TC_24_36 AM/input_CustAppid' (Root cause: com.kms.katalon.core.webui.exception.WebElementNotFoundException: Web element with id: 'Object Repository/TC_24_36 AM/input_CustAppid' located by 'By.xpath: //input[@name='customer_device_id']' not found)

2018-07-19 13:36:50 - [MESSAGE][FAILED] - Unable to set text 'LS5501_LYF LS-5501' of object 'Object Repository/TC_24_36 AM/input_CustAppid' (Root cause: com.kms.katalon.core.webui.exception.WebElementNotFoundException: Web element with id: 'Object Repository/TC_24_36 AM/input_CustAppid' located by 'By.xpath: //input[@name='customer_device_id']' not found)
[[ATTACHMENT|C:\\Users\\ankur.jain\\Katalon Studio\\Feedzai_Automation\\Reports\\AM_Test Suite\\20180719_113648\\1531987610540.png]]

2018-07-19 13:36:50 - [TEST_STEP][PASSED] - delay: Delayed 2 second(s)

2018-07-19 13:36:52 - [MESSAGE][PASSED] - Delayed 2 second(s)

2018-07-19 13:36:52 - [TEST_STEP][FAILED] - sendKeys: Unable to send keys '' to object 'Object Repository/TC_24_36 AM/input_CustAppid' (Root cause: com.kms.katalon.core.webui.exception.WebElementNotFoundException: Web element with id: 'Object Repository/TC_24_36 AM/input_CustAppid' located by 'By.xpath: //input[@name='customer_device_id']' not found)

2018-07-19 13:37:26 - [MESSAGE][FAILED] - Unable to send keys '' to object 'Object Repository/TC_24_36 AM/input_CustAppid' (Root cause: com.kms.katalon.core.webui.exception.WebElementNotFoundException: Web element with id: 'Object Repository/TC_24_36 AM/input_CustAppid' located by 'By.xpath: //input[@name='customer_device_id']' not found)
[[ATTACHMENT|C:\\Users\\ankur.jain\\Katalon Studio\\Feedzai_Automation\\Reports\\AM_Test Suite\\20180719_113648\\1531987646173.png]]

2018-07-19 13:37:26 - [TEST_STEP][PASSED] - delay: Delayed 2 second(s)

2018-07-19 13:37:28 - [MESSAGE][PASSED] - Delayed 2 second(s)

2018-07-19 13:37:28 - [TEST_STEP][FAILED] - click: Unable to click on object 'Object Repository/TC_24_36 AM/button_Search' (Root cause: com.kms.katalon.core.webui.exception.WebElementNotFoundException: Web element with id: 'Object Repository/TC_24_36 AM/button_Search' located by 'By.xpath: //button[@type='submit']' not found)

2018-07-19 13:38:02 - [MESSAGE][FAILED] - Unable to click on object 'Object Repository/TC_24_36 AM/button_Search' (Root cause: com.kms.katalon.core.webui.exception.WebElementNotFoundException: Web element with id: 'Object Repository/TC_24_36 AM/button_Search' located by 'By.xpath: //button[@type='submit']' not found)
[[ATTACHMENT|C:\\Users\\ankur.jain\\Katalon Studio\\Feedzai_Automation\\Reports\\AM_Test Suite\\20180719_113648\\1531987681789.png]]

2018-07-19 13:38:02 - [TEST_STEP][FAILED] - getText: Unable to get text of object 'Object Repository/TC_24_36 AM/Cust_Details' (Root cause: com.kms.katalon.core.webui.exception.WebElementNotFoundException: Web element with id: 'Object Repository/TC_24_36 AM/Cust_Details' located by 'By.xpath: //tbody[@style='opacity: 1;']' not found)

2018-07-19 13:38:35 - [MESSAGE][FAILED] - Unable to get text of object 'Object Repository/TC_24_36 AM/Cust_Details' (Root cause: com.kms.katalon.core.webui.exception.WebElementNotFoundException: Web element with id: 'Object Repository/TC_24_36 AM/Cust_Details' located by 'By.xpath: //tbody[@style='opacity: 1;']' not found)
[[ATTACHMENT|C:\\Users\\ankur.jain\\Katalon Studio\\Feedzai_Automation\\Reports\\AM_Test Suite\\20180719_113648\\1531987715501.png]]

2018-07-19 13:38:35 - [TEST_STEP][PASSED] - comment: Advance search through Customer App id is sucesfull

2018-07-19 13:38:35 - [TEST_STEP][PASSED] - Statement - Customer_App_id = com.kms.katalon.core.webui.keyword.WebUiBuiltInKeywords.takeScreenshot(): Taking screenshot successfully

2018-07-19 13:38:36 - [MESSAGE][PASSED] - Taking screenshot successfully
[[ATTACHMENT|C:\\Users\\ankur.jain\\Katalon Studio\\Feedzai_Automation\\Reports\\AM_Test Suite\\20180719_113648\\1531987715881.png]]

2018-07-19 13:38:36 - [TEST_STEP][FAILED] - click: Unable to click on object 'Object Repository/TC_24_36 AM/Trans_Details' (Root cause: com.kms.katalon.core.webui.exception.WebElementNotFoundException: Web element with id: 'Object Repository/TC_24_36 AM/Trans_Details' located by 'By.xpath: /html/body/div[1]/div[1]/div[2]/div/div/div[2]/div[2]/div[2]/table/tbody/tr[1]/td[15]/a/span' not found)

2018-07-19 13:39:09 - [MESSAGE][FAILED] - Unable to click on object 'Object Repository/TC_24_36 AM/Trans_Details' (Root cause: com.kms.katalon.core.webui.exception.WebElementNotFoundException: Web element with id: 'Object Repository/TC_24_36 AM/Trans_Details' located by 'By.xpath: /html/body/div[1]/div[1]/div[2]/div/div/div[2]/div[2]/div[2]/table/tbody/tr[1]/td[15]/a/span' not found)
[[ATTACHMENT|C:\\Users\\ankur.jain\\Katalon Studio\\Feedzai_Automation\\Reports\\AM_Test Suite\\20180719_113648\\1531987749464.png]]

2018-07-19 13:39:09 - [TEST_STEP][FAILED] - verifyElementText: com.kms.katalon.core.webui.exception.WebElementNotFoundException: Web element with id: 'Object Repository/TC_24_36 AM/Cust_AppId_Valid' located by 'By.xpath: /html/body/div[1]/div[1]/div[2]/div[2]/div/div[2]/div[3]/div[3]/div[2]' not found

2018-07-19 13:39:43 - [MESSAGE][FAILED] - com.kms.katalon.core.webui.exception.WebElementNotFoundException: Web element with id: 'Object Repository/TC_24_36 AM/Cust_AppId_Valid' located by 'By.xpath: /html/body/div[1]/div[1]/div[2]/div[2]/div/div[2]/div[3]/div[3]/div[2]' not found
[[ATTACHMENT|C:\\Users\\ankur.jain\\Katalon Studio\\Feedzai_Automation\\Reports\\AM_Test Suite\\20180719_113648\\1531987783255.png]]

2018-07-19 13:39:43 - [TEST_STEP][PASSED] - back: Navigate back successfully

2018-07-19 13:39:43 - [MESSAGE][PASSED] - Navigate back successfully

2018-07-19 13:39:43 - [TEST_STEP][PASSED] - delay: Delayed 12 second(s)

2018-07-19 13:39:55 - [MESSAGE][PASSED] - Delayed 12 second(s)]]></system-out>
         <system-err><![CDATA[2018-07-19 13:33:58 - [TEST_CASE][FAILED] - Test Cases/Alert Manager Test Cases/Alert Manager_Search Screen/TC34_Validate Advance search through Customer App ID: Test Cases/Alert Manager Test Cases/Alert Manager_Search Screen/TC34_Validate Advance search through Customer App ID FAILED because (of) Unable to clear text of object 'Object Repository/TC_24_36 AM/Date_input' (Root cause: com.kms.katalon.core.webui.exception.WebElementNotFoundException: Web element with id: 'Object Repository/TC_24_36 AM/Date_input' located by 'By.xpath: //input[@id='fdz-form-date-time']' not found)]]></system-err>
      </testcase>
      <testcase name="Test Cases/Alert Manager Test Cases/Alert Manager_Search Screen/TC35_Validate Advance search through Sender pan or Card pan" classname="Test Cases/Alert Manager Test Cases/Alert Manager_Search Screen/TC35_Validate Advance search through Sender pan or Card pan" status="FAILED">
         <failure type="FAILED" message="Unable to clear text of object 'Object Repository/TC_24_36 AM/Date_input' (Root cause: com.kms.katalon.core.webui.exception.WebElementNotFoundException: Web element with id: 'Object Repository/TC_24_36 AM/Date_input' located by 'By.xpath: //input[@id='fdz-form-date-time']' not found)"/>
         <system-out><![CDATA[2018-07-19 13:39:55 - [TEST_CASE][FAILED] - Test Cases/Alert Manager Test Cases/Alert Manager_Search Screen/TC35_Validate Advance search through Sender pan or Card pan: Test Cases/Alert Manager Test Cases/Alert Manager_Search Screen/TC35_Validate Advance search through Sender pan or Card pan FAILED because (of) Unable to clear text of object 'Object Repository/TC_24_36 AM/Date_input' (Root cause: com.kms.katalon.core.webui.exception.WebElementNotFoundException: Web element with id: 'Object Repository/TC_24_36 AM/Date_input' located by 'By.xpath: //input[@id='fdz-form-date-time']' not found)

2018-07-19 13:39:56 - [TEST_STEP][FAILED] - clearText: Unable to clear text of object 'Object Repository/TC_24_36 AM/Date_input' (Root cause: com.kms.katalon.core.webui.exception.WebElementNotFoundException: Web element with id: 'Object Repository/TC_24_36 AM/Date_input' located by 'By.xpath: //input[@id='fdz-form-date-time']' not found)

2018-07-19 13:40:30 - [MESSAGE][FAILED] - Unable to clear text of object 'Object Repository/TC_24_36 AM/Date_input' (Root cause: com.kms.katalon.core.webui.exception.WebElementNotFoundException: Web element with id: 'Object Repository/TC_24_36 AM/Date_input' located by 'By.xpath: //input[@id='fdz-form-date-time']' not found)
[[ATTACHMENT|C:\\Users\\ankur.jain\\Katalon Studio\\Feedzai_Automation\\Reports\\AM_Test Suite\\20180719_113648\\1531987829696.png]]

2018-07-19 13:40:30 - [TEST_STEP][FAILED] - click: Unable to click on object 'Object Repository/TC_24_36 AM/Done_Button' (Root cause: com.kms.katalon.core.webui.exception.WebElementNotFoundException: Web element with id: 'Object Repository/TC_24_36 AM/Done_Button' located by 'By.xpath: //button[@type='button'][contains(text(),'Done')]' not found)

2018-07-19 13:41:02 - [MESSAGE][FAILED] - Unable to click on object 'Object Repository/TC_24_36 AM/Done_Button' (Root cause: com.kms.katalon.core.webui.exception.WebElementNotFoundException: Web element with id: 'Object Repository/TC_24_36 AM/Done_Button' located by 'By.xpath: //button[@type='button'][contains(text(),'Done')]' not found)
[[ATTACHMENT|C:\\Users\\ankur.jain\\Katalon Studio\\Feedzai_Automation\\Reports\\AM_Test Suite\\20180719_113648\\1531987862622.png]]

2018-07-19 13:41:02 - [TEST_STEP][PASSED] - delay: Delayed 2 second(s)

2018-07-19 13:41:04 - [MESSAGE][PASSED] - Delayed 2 second(s)

2018-07-19 13:41:04 - [TEST_STEP][FAILED] - click: Unable to click on object 'Object Repository/TC_24_36 AM/button_Advanced Search' (Root cause: com.kms.katalon.core.webui.exception.WebElementNotFoundException: Web element with id: 'Object Repository/TC_24_36 AM/button_Advanced Search' located by 'By.xpath: //button[@type = 'button' and (text() = '
            
             Advanced Search
        ' or . = '
            
             Advanced Search
        ')]' not found)

2018-07-19 13:41:37 - [MESSAGE][FAILED] - Unable to click on object 'Object Repository/TC_24_36 AM/button_Advanced Search' (Root cause: com.kms.katalon.core.webui.exception.WebElementNotFoundException: Web element with id: 'Object Repository/TC_24_36 AM/button_Advanced Search' located by 'By.xpath: //button[@type = 'button' and (text() = '
            
             Advanced Search
        ' or . = '
            
             Advanced Search
        ')]' not found)
[[ATTACHMENT|C:\\Users\\ankur.jain\\Katalon Studio\\Feedzai_Automation\\Reports\\AM_Test Suite\\20180719_113648\\1531987897236.png]]

2018-07-19 13:41:37 - [TEST_STEP][PASSED] - delay: Delayed 2 second(s)

2018-07-19 13:41:39 - [MESSAGE][PASSED] - Delayed 2 second(s)

2018-07-19 13:41:39 - [TEST_STEP][FAILED] - click: Unable to click on object 'Object Repository/TC_24_36 AM/ClickSenderPAN' (Root cause: com.kms.katalon.core.webui.exception.WebElementNotFoundException: Web element with id: 'Object Repository/TC_24_36 AM/ClickSenderPAN' located by 'By.xpath: //*[@id='fdz-form-sender-pan']' not found)

2018-07-19 13:42:11 - [MESSAGE][FAILED] - Unable to click on object 'Object Repository/TC_24_36 AM/ClickSenderPAN' (Root cause: com.kms.katalon.core.webui.exception.WebElementNotFoundException: Web element with id: 'Object Repository/TC_24_36 AM/ClickSenderPAN' located by 'By.xpath: //*[@id='fdz-form-sender-pan']' not found)
[[ATTACHMENT|C:\\Users\\ankur.jain\\Katalon Studio\\Feedzai_Automation\\Reports\\AM_Test Suite\\20180719_113648\\1531987931650.png]]

2018-07-19 13:42:11 - [TEST_STEP][FAILED] - setText: Unable to set text '2812 3200 0885 0253' of object 'Object Repository/TC_24_36 AM/input_SenderPAN' (Root cause: com.kms.katalon.core.webui.exception.WebElementNotFoundException: Web element with id: 'Object Repository/TC_24_36 AM/input_SenderPAN' located by 'By.xpath: //input[@name='sender_pan']' not found)

2018-07-19 13:42:44 - [MESSAGE][FAILED] - Unable to set text '2812 3200 0885 0253' of object 'Object Repository/TC_24_36 AM/input_SenderPAN' (Root cause: com.kms.katalon.core.webui.exception.WebElementNotFoundException: Web element with id: 'Object Repository/TC_24_36 AM/input_SenderPAN' located by 'By.xpath: //input[@name='sender_pan']' not found)
[[ATTACHMENT|C:\\Users\\ankur.jain\\Katalon Studio\\Feedzai_Automation\\Reports\\AM_Test Suite\\20180719_113648\\1531987964181.png]]

2018-07-19 13:42:44 - [TEST_STEP][PASSED] - delay: Delayed 2 second(s)

2018-07-19 13:42:46 - [MESSAGE][PASSED] - Delayed 2 second(s)

2018-07-19 13:42:46 - [TEST_STEP][FAILED] - sendKeys: Unable to send keys '' to object 'Object Repository/TC_24_36 AM/input_SenderPAN' (Root cause: com.kms.katalon.core.webui.exception.WebElementNotFoundException: Web element with id: 'Object Repository/TC_24_36 AM/input_SenderPAN' located by 'By.xpath: //input[@name='sender_pan']' not found)

2018-07-19 13:43:19 - [MESSAGE][FAILED] - Unable to send keys '' to object 'Object Repository/TC_24_36 AM/input_SenderPAN' (Root cause: com.kms.katalon.core.webui.exception.WebElementNotFoundException: Web element with id: 'Object Repository/TC_24_36 AM/input_SenderPAN' located by 'By.xpath: //input[@name='sender_pan']' not found)
[[ATTACHMENT|C:\\Users\\ankur.jain\\Katalon Studio\\Feedzai_Automation\\Reports\\AM_Test Suite\\20180719_113648\\1531987998690.png]]

2018-07-19 13:43:19 - [TEST_STEP][PASSED] - delay: Delayed 2 second(s)

2018-07-19 13:43:21 - [MESSAGE][PASSED] - Delayed 2 second(s)

2018-07-19 13:43:21 - [TEST_STEP][FAILED] - click: Unable to click on object 'Object Repository/TC_24_36 AM/button_Search' (Root cause: com.kms.katalon.core.webui.exception.WebElementNotFoundException: Web element with id: 'Object Repository/TC_24_36 AM/button_Search' located by 'By.xpath: //button[@type='submit']' not found)

2018-07-19 13:43:53 - [MESSAGE][FAILED] - Unable to click on object 'Object Repository/TC_24_36 AM/button_Search' (Root cause: com.kms.katalon.core.webui.exception.WebElementNotFoundException: Web element with id: 'Object Repository/TC_24_36 AM/button_Search' located by 'By.xpath: //button[@type='submit']' not found)
[[ATTACHMENT|C:\\Users\\ankur.jain\\Katalon Studio\\Feedzai_Automation\\Reports\\AM_Test Suite\\20180719_113648\\1531988033144.png]]

2018-07-19 13:43:53 - [TEST_STEP][FAILED] - getText: Unable to get text of object 'Object Repository/TC_24_36 AM/Cust_Details' (Root cause: com.kms.katalon.core.webui.exception.WebElementNotFoundException: Web element with id: 'Object Repository/TC_24_36 AM/Cust_Details' located by 'By.xpath: //tbody[@style='opacity: 1;']' not found)

2018-07-19 13:44:25 - [MESSAGE][FAILED] - Unable to get text of object 'Object Repository/TC_24_36 AM/Cust_Details' (Root cause: com.kms.katalon.core.webui.exception.WebElementNotFoundException: Web element with id: 'Object Repository/TC_24_36 AM/Cust_Details' located by 'By.xpath: //tbody[@style='opacity: 1;']' not found)
[[ATTACHMENT|C:\\Users\\ankur.jain\\Katalon Studio\\Feedzai_Automation\\Reports\\AM_Test Suite\\20180719_113648\\1531988065006.png]]

2018-07-19 13:44:25 - [TEST_STEP][PASSED] - comment: Advance search through Sender PAN card is sucesfull

2018-07-19 13:44:25 - [TEST_STEP][PASSED] - Statement - Customer_App_id = com.kms.katalon.core.webui.keyword.WebUiBuiltInKeywords.takeScreenshot(): Taking screenshot successfully

2018-07-19 13:44:25 - [MESSAGE][PASSED] - Taking screenshot successfully
[[ATTACHMENT|C:\\Users\\ankur.jain\\Katalon Studio\\Feedzai_Automation\\Reports\\AM_Test Suite\\20180719_113648\\1531988065361.png]]

2018-07-19 13:44:25 - [TEST_STEP][FAILED] - click: Unable to click on object 'Object Repository/TC_24_36 AM/Trans_Details' (Root cause: com.kms.katalon.core.webui.exception.WebElementNotFoundException: Web element with id: 'Object Repository/TC_24_36 AM/Trans_Details' located by 'By.xpath: /html/body/div[1]/div[1]/div[2]/div/div/div[2]/div[2]/div[2]/table/tbody/tr[1]/td[15]/a/span' not found)

2018-07-19 13:44:57 - [MESSAGE][FAILED] - Unable to click on object 'Object Repository/TC_24_36 AM/Trans_Details' (Root cause: com.kms.katalon.core.webui.exception.WebElementNotFoundException: Web element with id: 'Object Repository/TC_24_36 AM/Trans_Details' located by 'By.xpath: /html/body/div[1]/div[1]/div[2]/div/div/div[2]/div[2]/div[2]/table/tbody/tr[1]/td[15]/a/span' not found)
[[ATTACHMENT|C:\\Users\\ankur.jain\\Katalon Studio\\Feedzai_Automation\\Reports\\AM_Test Suite\\20180719_113648\\1531988097414.png]]

2018-07-19 13:44:57 - [TEST_STEP][FAILED] - verifyElementText: com.kms.katalon.core.webui.exception.WebElementNotFoundException: Web element with id: 'Object Repository/TC_24_36 AM/Sender_Pan_Valid' located by 'By.xpath: //html//div[@class='col-md-6 col-lg-6 col-sm-12 col-xs-12 fdz-css-flow-from pull-left']//div[2]/div[2]/div[1]/div[1]/div[2]' not found

2018-07-19 13:45:29 - [MESSAGE][FAILED] - com.kms.katalon.core.webui.exception.WebElementNotFoundException: Web element with id: 'Object Repository/TC_24_36 AM/Sender_Pan_Valid' located by 'By.xpath: //html//div[@class='col-md-6 col-lg-6 col-sm-12 col-xs-12 fdz-css-flow-from pull-left']//div[2]/div[2]/div[1]/div[1]/div[2]' not found
[[ATTACHMENT|C:\\Users\\ankur.jain\\Katalon Studio\\Feedzai_Automation\\Reports\\AM_Test Suite\\20180719_113648\\1531988129418.png]]

2018-07-19 13:45:29 - [TEST_STEP][PASSED] - back: Navigate back successfully

2018-07-19 13:45:29 - [MESSAGE][PASSED] - Navigate back successfully

2018-07-19 13:45:29 - [TEST_STEP][PASSED] - delay: Delayed 12 second(s)

2018-07-19 13:45:41 - [MESSAGE][PASSED] - Delayed 12 second(s)]]></system-out>
         <system-err><![CDATA[2018-07-19 13:39:55 - [TEST_CASE][FAILED] - Test Cases/Alert Manager Test Cases/Alert Manager_Search Screen/TC35_Validate Advance search through Sender pan or Card pan: Test Cases/Alert Manager Test Cases/Alert Manager_Search Screen/TC35_Validate Advance search through Sender pan or Card pan FAILED because (of) Unable to clear text of object 'Object Repository/TC_24_36 AM/Date_input' (Root cause: com.kms.katalon.core.webui.exception.WebElementNotFoundException: Web element with id: 'Object Repository/TC_24_36 AM/Date_input' located by 'By.xpath: //input[@id='fdz-form-date-time']' not found)]]></system-err>
      </testcase>
      <testcase name="Test Cases/Alert Manager Test Cases/Alert Manager_Search Screen/TC36_Validate Advance search through Card bin" classname="Test Cases/Alert Manager Test Cases/Alert Manager_Search Screen/TC36_Validate Advance search through Card bin" status="FAILED">
         <failure type="FAILED" message="Unable to clear text of object 'Object Repository/TC_24_36 AM/Date_input' (Root cause: com.kms.katalon.core.webui.exception.WebElementNotFoundException: Web element with id: 'Object Repository/TC_24_36 AM/Date_input' located by 'By.xpath: //input[@id='fdz-form-date-time']' not found)"/>
         <system-out><![CDATA[2018-07-19 13:45:41 - [TEST_CASE][FAILED] - Test Cases/Alert Manager Test Cases/Alert Manager_Search Screen/TC36_Validate Advance search through Card bin: Test Cases/Alert Manager Test Cases/Alert Manager_Search Screen/TC36_Validate Advance search through Card bin FAILED because (of) Unable to clear text of object 'Object Repository/TC_24_36 AM/Date_input' (Root cause: com.kms.katalon.core.webui.exception.WebElementNotFoundException: Web element with id: 'Object Repository/TC_24_36 AM/Date_input' located by 'By.xpath: //input[@id='fdz-form-date-time']' not found)

2018-07-19 13:45:42 - [TEST_STEP][FAILED] - clearText: Unable to clear text of object 'Object Repository/TC_24_36 AM/Date_input' (Root cause: com.kms.katalon.core.webui.exception.WebElementNotFoundException: Web element with id: 'Object Repository/TC_24_36 AM/Date_input' located by 'By.xpath: //input[@id='fdz-form-date-time']' not found)

2018-07-19 13:46:14 - [MESSAGE][FAILED] - Unable to clear text of object 'Object Repository/TC_24_36 AM/Date_input' (Root cause: com.kms.katalon.core.webui.exception.WebElementNotFoundException: Web element with id: 'Object Repository/TC_24_36 AM/Date_input' located by 'By.xpath: //input[@id='fdz-form-date-time']' not found)
[[ATTACHMENT|C:\\Users\\ankur.jain\\Katalon Studio\\Feedzai_Automation\\Reports\\AM_Test Suite\\20180719_113648\\1531988174666.png]]

2018-07-19 13:46:14 - [TEST_STEP][FAILED] - click: Unable to click on object 'Object Repository/TC_24_36 AM/Done_Button' (Root cause: com.kms.katalon.core.webui.exception.WebElementNotFoundException: Web element with id: 'Object Repository/TC_24_36 AM/Done_Button' located by 'By.xpath: //button[@type='button'][contains(text(),'Done')]' not found)

2018-07-19 13:46:46 - [MESSAGE][FAILED] - Unable to click on object 'Object Repository/TC_24_36 AM/Done_Button' (Root cause: com.kms.katalon.core.webui.exception.WebElementNotFoundException: Web element with id: 'Object Repository/TC_24_36 AM/Done_Button' located by 'By.xpath: //button[@type='button'][contains(text(),'Done')]' not found)
[[ATTACHMENT|C:\\Users\\ankur.jain\\Katalon Studio\\Feedzai_Automation\\Reports\\AM_Test Suite\\20180719_113648\\1531988206527.png]]

2018-07-19 13:46:46 - [TEST_STEP][PASSED] - delay: Delayed 2 second(s)

2018-07-19 13:46:48 - [MESSAGE][PASSED] - Delayed 2 second(s)

2018-07-19 13:46:48 - [TEST_STEP][FAILED] - click: Unable to click on object 'Object Repository/TC_24_36 AM/button_Advanced Search' (Root cause: com.kms.katalon.core.webui.exception.WebElementNotFoundException: Web element with id: 'Object Repository/TC_24_36 AM/button_Advanced Search' located by 'By.xpath: //button[@type = 'button' and (text() = '
            
             Advanced Search
        ' or . = '
            
             Advanced Search
        ')]' not found)

2018-07-19 13:47:20 - [MESSAGE][FAILED] - Unable to click on object 'Object Repository/TC_24_36 AM/button_Advanced Search' (Root cause: com.kms.katalon.core.webui.exception.WebElementNotFoundException: Web element with id: 'Object Repository/TC_24_36 AM/button_Advanced Search' located by 'By.xpath: //button[@type = 'button' and (text() = '
            
             Advanced Search
        ' or . = '
            
             Advanced Search
        ')]' not found)
[[ATTACHMENT|C:\\Users\\ankur.jain\\Katalon Studio\\Feedzai_Automation\\Reports\\AM_Test Suite\\20180719_113648\\1531988240383.png]]

2018-07-19 13:47:20 - [TEST_STEP][PASSED] - delay: Delayed 2 second(s)

2018-07-19 13:47:22 - [MESSAGE][PASSED] - Delayed 2 second(s)

2018-07-19 13:47:22 - [TEST_STEP][FAILED] - click: Unable to click on object 'Object Repository/TC_24_36 AM/Click_CardBin' (Root cause: com.kms.katalon.core.webui.exception.WebElementNotFoundException: Web element with id: 'Object Repository/TC_24_36 AM/Click_CardBin' located by 'By.xpath: //div[@id='s2id_fdz-form-card-bin']' not found)

2018-07-19 13:47:54 - [MESSAGE][FAILED] - Unable to click on object 'Object Repository/TC_24_36 AM/Click_CardBin' (Root cause: com.kms.katalon.core.webui.exception.WebElementNotFoundException: Web element with id: 'Object Repository/TC_24_36 AM/Click_CardBin' located by 'By.xpath: //div[@id='s2id_fdz-form-card-bin']' not found)
[[ATTACHMENT|C:\\Users\\ankur.jain\\Katalon Studio\\Feedzai_Automation\\Reports\\AM_Test Suite\\20180719_113648\\1531988274292.png]]

2018-07-19 13:47:54 - [TEST_STEP][FAILED] - setText: Unable to set text '281232' of object 'Object Repository/TC_24_36 AM/Input_CardBin' (Root cause: com.kms.katalon.core.webui.exception.WebElementNotFoundException: Web element with id: 'Object Repository/TC_24_36 AM/Input_CardBin' located by 'By.xpath: //div[@id='s2id_fdz-form-card-bin']//input[1]' not found)

2018-07-19 13:48:26 - [MESSAGE][FAILED] - Unable to set text '281232' of object 'Object Repository/TC_24_36 AM/Input_CardBin' (Root cause: com.kms.katalon.core.webui.exception.WebElementNotFoundException: Web element with id: 'Object Repository/TC_24_36 AM/Input_CardBin' located by 'By.xpath: //div[@id='s2id_fdz-form-card-bin']//input[1]' not found)
[[ATTACHMENT|C:\\Users\\ankur.jain\\Katalon Studio\\Feedzai_Automation\\Reports\\AM_Test Suite\\20180719_113648\\1531988306202.png]]

2018-07-19 13:48:26 - [TEST_STEP][PASSED] - delay: Delayed 2 second(s)

2018-07-19 13:48:28 - [MESSAGE][PASSED] - Delayed 2 second(s)

2018-07-19 13:48:28 - [TEST_STEP][FAILED] - sendKeys: Unable to send keys '' to object 'Object Repository/TC_24_36 AM/Input_CardBin' (Root cause: com.kms.katalon.core.webui.exception.WebElementNotFoundException: Web element with id: 'Object Repository/TC_24_36 AM/Input_CardBin' located by 'By.xpath: //div[@id='s2id_fdz-form-card-bin']//input[1]' not found)

2018-07-19 13:49:01 - [MESSAGE][FAILED] - Unable to send keys '' to object 'Object Repository/TC_24_36 AM/Input_CardBin' (Root cause: com.kms.katalon.core.webui.exception.WebElementNotFoundException: Web element with id: 'Object Repository/TC_24_36 AM/Input_CardBin' located by 'By.xpath: //div[@id='s2id_fdz-form-card-bin']//input[1]' not found)
[[ATTACHMENT|C:\\Users\\ankur.jain\\Katalon Studio\\Feedzai_Automation\\Reports\\AM_Test Suite\\20180719_113648\\1531988341103.png]]

2018-07-19 13:49:01 - [TEST_STEP][PASSED] - delay: Delayed 2 second(s)

2018-07-19 13:49:03 - [MESSAGE][PASSED] - Delayed 2 second(s)

2018-07-19 13:49:03 - [TEST_STEP][FAILED] - click: Unable to click on object 'Object Repository/TC_24_36 AM/button_Search' (Root cause: com.kms.katalon.core.webui.exception.WebElementNotFoundException: Web element with id: 'Object Repository/TC_24_36 AM/button_Search' located by 'By.xpath: //button[@type='submit']' not found)

2018-07-19 13:49:36 - [MESSAGE][FAILED] - Unable to click on object 'Object Repository/TC_24_36 AM/button_Search' (Root cause: com.kms.katalon.core.webui.exception.WebElementNotFoundException: Web element with id: 'Object Repository/TC_24_36 AM/button_Search' located by 'By.xpath: //button[@type='submit']' not found)
[[ATTACHMENT|C:\\Users\\ankur.jain\\Katalon Studio\\Feedzai_Automation\\Reports\\AM_Test Suite\\20180719_113648\\1531988375714.png]]

2018-07-19 13:49:36 - [TEST_STEP][FAILED] - getText: Unable to get text of object 'Object Repository/TC_24_36 AM/Cust_Details' (Root cause: com.kms.katalon.core.webui.exception.WebElementNotFoundException: Web element with id: 'Object Repository/TC_24_36 AM/Cust_Details' located by 'By.xpath: //tbody[@style='opacity: 1;']' not found)

2018-07-19 13:50:08 - [MESSAGE][FAILED] - Unable to get text of object 'Object Repository/TC_24_36 AM/Cust_Details' (Root cause: com.kms.katalon.core.webui.exception.WebElementNotFoundException: Web element with id: 'Object Repository/TC_24_36 AM/Cust_Details' located by 'By.xpath: //tbody[@style='opacity: 1;']' not found)
[[ATTACHMENT|C:\\Users\\ankur.jain\\Katalon Studio\\Feedzai_Automation\\Reports\\AM_Test Suite\\20180719_113648\\1531988408251.png]]

2018-07-19 13:50:08 - [TEST_STEP][PASSED] - comment: Advance search through Card Bin is sucesfull

2018-07-19 13:50:08 - [TEST_STEP][PASSED] - Statement - Card_Bin_Search = com.kms.katalon.core.webui.keyword.WebUiBuiltInKeywords.takeScreenshot(): Taking screenshot successfully

2018-07-19 13:50:08 - [MESSAGE][PASSED] - Taking screenshot successfully
[[ATTACHMENT|C:\\Users\\ankur.jain\\Katalon Studio\\Feedzai_Automation\\Reports\\AM_Test Suite\\20180719_113648\\1531988408592.png]]

2018-07-19 13:50:08 - [TEST_STEP][FAILED] - click: Unable to click on object 'Object Repository/TC_24_36 AM/Trans_Details' (Root cause: com.kms.katalon.core.webui.exception.WebElementNotFoundException: Web element with id: 'Object Repository/TC_24_36 AM/Trans_Details' located by 'By.xpath: /html/body/div[1]/div[1]/div[2]/div/div/div[2]/div[2]/div[2]/table/tbody/tr[1]/td[15]/a/span' not found)

2018-07-19 13:50:41 - [MESSAGE][FAILED] - Unable to click on object 'Object Repository/TC_24_36 AM/Trans_Details' (Root cause: com.kms.katalon.core.webui.exception.WebElementNotFoundException: Web element with id: 'Object Repository/TC_24_36 AM/Trans_Details' located by 'By.xpath: /html/body/div[1]/div[1]/div[2]/div/div/div[2]/div[2]/div[2]/table/tbody/tr[1]/td[15]/a/span' not found)
[[ATTACHMENT|C:\\Users\\ankur.jain\\Katalon Studio\\Feedzai_Automation\\Reports\\AM_Test Suite\\20180719_113648\\1531988440688.png]]

2018-07-19 13:50:41 - [TEST_STEP][FAILED] - verifyElementText: com.kms.katalon.core.webui.exception.WebElementNotFoundException: Web element with id: 'Object Repository/TC_24_36 AM/CardBin_Validation' located by 'By.xpath: /html/body/div[1]/div[1]/div[2]/div[3]/div/div[1]/div[2]/div[2]/div[2]/div[2]/div[2]/div[2]' not found

2018-07-19 13:51:13 - [MESSAGE][FAILED] - com.kms.katalon.core.webui.exception.WebElementNotFoundException: Web element with id: 'Object Repository/TC_24_36 AM/CardBin_Validation' located by 'By.xpath: /html/body/div[1]/div[1]/div[2]/div[3]/div/div[1]/div[2]/div[2]/div[2]/div[2]/div[2]/div[2]' not found
[[ATTACHMENT|C:\\Users\\ankur.jain\\Katalon Studio\\Feedzai_Automation\\Reports\\AM_Test Suite\\20180719_113648\\1531988473207.png]]

2018-07-19 13:51:13 - [TEST_STEP][PASSED] - delay: Delayed 12 second(s)

2018-07-19 13:51:25 - [MESSAGE][PASSED] - Delayed 12 second(s)]]></system-out>
         <system-err><![CDATA[2018-07-19 13:45:41 - [TEST_CASE][FAILED] - Test Cases/Alert Manager Test Cases/Alert Manager_Search Screen/TC36_Validate Advance search through Card bin: Test Cases/Alert Manager Test Cases/Alert Manager_Search Screen/TC36_Validate Advance search through Card bin FAILED because (of) Unable to clear text of object 'Object Repository/TC_24_36 AM/Date_input' (Root cause: com.kms.katalon.core.webui.exception.WebElementNotFoundException: Web element with id: 'Object Repository/TC_24_36 AM/Date_input' located by 'By.xpath: //input[@id='fdz-form-date-time']' not found)]]></system-err>
      </testcase>
      <testcase name="Test Cases/Alert Manager Test Cases/Alert Manager_JPB Customer Advance Search/TC47_JPB Profile Search with Customer_number" classname="Test Cases/Alert Manager Test Cases/Alert Manager_JPB Customer Advance Search/TC47_JPB Profile Search with Customer_number" status="FAILED">
         <failure type="FAILED" message="Unable to click on object 'Object Repository/TC47_58 AM/Cust_Tab' (Root cause: com.kms.katalon.core.webui.exception.WebElementNotFoundException: Web element with id: 'Object Repository/TC47_58 AM/Cust_Tab' located by 'By.xpath: //span[contains(text(),'Customer')]' not found)"/>
         <system-out><![CDATA[2018-07-19 13:51:25 - [TEST_CASE][FAILED] - Test Cases/Alert Manager Test Cases/Alert Manager_JPB Customer Advance Search/TC47_JPB Profile Search with Customer_number: Test Cases/Alert Manager Test Cases/Alert Manager_JPB Customer Advance Search/TC47_JPB Profile Search with Customer_number FAILED because (of) Unable to click on object 'Object Repository/TC47_58 AM/Cust_Tab' (Root cause: com.kms.katalon.core.webui.exception.WebElementNotFoundException: Web element with id: 'Object Repository/TC47_58 AM/Cust_Tab' located by 'By.xpath: //span[contains(text(),'Customer')]' not found)

2018-07-19 13:51:26 - [TEST_STEP][FAILED] - click: Unable to click on object 'Object Repository/TC47_58 AM/Cust_Tab' (Root cause: com.kms.katalon.core.webui.exception.WebElementNotFoundException: Web element with id: 'Object Repository/TC47_58 AM/Cust_Tab' located by 'By.xpath: //span[contains(text(),'Customer')]' not found)

2018-07-19 13:51:58 - [MESSAGE][FAILED] - Unable to click on object 'Object Repository/TC47_58 AM/Cust_Tab' (Root cause: com.kms.katalon.core.webui.exception.WebElementNotFoundException: Web element with id: 'Object Repository/TC47_58 AM/Cust_Tab' located by 'By.xpath: //span[contains(text(),'Customer')]' not found)
[[ATTACHMENT|C:\\Users\\ankur.jain\\Katalon Studio\\Feedzai_Automation\\Reports\\AM_Test Suite\\20180719_113648\\1531988518417.png]]

2018-07-19 13:51:58 - [TEST_STEP][FAILED] - click: Unable to click on object 'Object Repository/TC47_58 AM/JPB_ComboBox' (Root cause: com.kms.katalon.core.webui.exception.WebElementNotFoundException: Web element with id: 'Object Repository/TC47_58 AM/JPB_ComboBox' located by 'By.xpath: /html[1]/body[1]/div[1]/div[1]/div[2]/div[1]/label[2]' not found)

2018-07-19 13:52:31 - [MESSAGE][FAILED] - Unable to click on object 'Object Repository/TC47_58 AM/JPB_ComboBox' (Root cause: com.kms.katalon.core.webui.exception.WebElementNotFoundException: Web element with id: 'Object Repository/TC47_58 AM/JPB_ComboBox' located by 'By.xpath: /html[1]/body[1]/div[1]/div[1]/div[2]/div[1]/label[2]' not found)
[[ATTACHMENT|C:\\Users\\ankur.jain\\Katalon Studio\\Feedzai_Automation\\Reports\\AM_Test Suite\\20180719_113648\\1531988551217.png]]

2018-07-19 13:52:31 - [TEST_STEP][FAILED] - setText: Unable to set text '4000000451' of object 'Object Repository/TC47_58 AM/Customer_input' (Root cause: com.kms.katalon.core.webui.exception.WebElementNotFoundException: Web element with id: 'Object Repository/TC47_58 AM/Customer_input' located by 'By.xpath: //input[@type='text']' not found)

2018-07-19 13:53:04 - [MESSAGE][FAILED] - Unable to set text '4000000451' of object 'Object Repository/TC47_58 AM/Customer_input' (Root cause: com.kms.katalon.core.webui.exception.WebElementNotFoundException: Web element with id: 'Object Repository/TC47_58 AM/Customer_input' located by 'By.xpath: //input[@type='text']' not found)
[[ATTACHMENT|C:\\Users\\ankur.jain\\Katalon Studio\\Feedzai_Automation\\Reports\\AM_Test Suite\\20180719_113648\\1531988583816.png]]

2018-07-19 13:53:04 - [TEST_STEP][PASSED] - delay: Delayed 3 second(s)

2018-07-19 13:53:07 - [MESSAGE][PASSED] - Delayed 3 second(s)

2018-07-19 13:53:07 - [TEST_STEP][FAILED] - sendKeys: Unable to send keys '' to object 'Object Repository/TC47_58 AM/Customer_input' (Root cause: com.kms.katalon.core.webui.exception.WebElementNotFoundException: Web element with id: 'Object Repository/TC47_58 AM/Customer_input' located by 'By.xpath: //input[@type='text']' not found)

2018-07-19 13:53:39 - [MESSAGE][FAILED] - Unable to send keys '' to object 'Object Repository/TC47_58 AM/Customer_input' (Root cause: com.kms.katalon.core.webui.exception.WebElementNotFoundException: Web element with id: 'Object Repository/TC47_58 AM/Customer_input' located by 'By.xpath: //input[@type='text']' not found)
[[ATTACHMENT|C:\\Users\\ankur.jain\\Katalon Studio\\Feedzai_Automation\\Reports\\AM_Test Suite\\20180719_113648\\1531988618815.png]]

2018-07-19 13:53:39 - [TEST_STEP][PASSED] - comment: JPB Customer Details Displayed]]></system-out>
         <system-err><![CDATA[2018-07-19 13:51:25 - [TEST_CASE][FAILED] - Test Cases/Alert Manager Test Cases/Alert Manager_JPB Customer Advance Search/TC47_JPB Profile Search with Customer_number: Test Cases/Alert Manager Test Cases/Alert Manager_JPB Customer Advance Search/TC47_JPB Profile Search with Customer_number FAILED because (of) Unable to click on object 'Object Repository/TC47_58 AM/Cust_Tab' (Root cause: com.kms.katalon.core.webui.exception.WebElementNotFoundException: Web element with id: 'Object Repository/TC47_58 AM/Cust_Tab' located by 'By.xpath: //span[contains(text(),'Customer')]' not found)]]></system-err>
      </testcase>
      <testcase name="Test Cases/Alert Manager Test Cases/Alert Manager_JPB Customer Advance Search/TC48_JPB Customer Details" classname="Test Cases/Alert Manager Test Cases/Alert Manager_JPB Customer Advance Search/TC48_JPB Customer Details" status="FAILED">
         <failure type="FAILED" message="com.kms.katalon.core.webui.exception.WebElementNotFoundException: Web element with id: 'Object Repository/TC47_58 AM/Cust_Name' located by 'By.xpath: /html[1]/body[1]/div[1]/div[1]/div[2]/div[1]/div[1]/div[1]/div[2]/div[1]/div[1]/div[2]' not found"/>
         <system-out><![CDATA[2018-07-19 13:53:39 - [TEST_CASE][FAILED] - Test Cases/Alert Manager Test Cases/Alert Manager_JPB Customer Advance Search/TC48_JPB Customer Details: Test Cases/Alert Manager Test Cases/Alert Manager_JPB Customer Advance Search/TC48_JPB Customer Details FAILED because (of) com.kms.katalon.core.webui.exception.WebElementNotFoundException: Web element with id: 'Object Repository/TC47_58 AM/Cust_Name' located by 'By.xpath: /html[1]/body[1]/div[1]/div[1]/div[2]/div[1]/div[1]/div[1]/div[2]/div[1]/div[1]/div[2]' not found

2018-07-19 13:53:39 - [TEST_STEP][FAILED] - verifyElementText: com.kms.katalon.core.webui.exception.WebElementNotFoundException: Web element with id: 'Object Repository/TC47_58 AM/Cust_Name' located by 'By.xpath: /html[1]/body[1]/div[1]/div[1]/div[2]/div[1]/div[1]/div[1]/div[2]/div[1]/div[1]/div[2]' not found

2018-07-19 13:54:13 - [MESSAGE][FAILED] - com.kms.katalon.core.webui.exception.WebElementNotFoundException: Web element with id: 'Object Repository/TC47_58 AM/Cust_Name' located by 'By.xpath: /html[1]/body[1]/div[1]/div[1]/div[2]/div[1]/div[1]/div[1]/div[2]/div[1]/div[1]/div[2]' not found
[[ATTACHMENT|C:\\Users\\ankur.jain\\Katalon Studio\\Feedzai_Automation\\Reports\\AM_Test Suite\\20180719_113648\\1531988653048.png]]

2018-07-19 13:54:13 - [TEST_STEP][FAILED] - verifyElementText: com.kms.katalon.core.webui.exception.WebElementNotFoundException: Web element with id: 'Object Repository/TC47_58 AM/Cust-id' located by 'By.xpath: /html[1]/body[1]/div[1]/div[1]/div[2]/div[1]/div[1]/div[1]/div[2]/div[1]/div[2]/div[2]' not found

2018-07-19 13:54:46 - [MESSAGE][FAILED] - com.kms.katalon.core.webui.exception.WebElementNotFoundException: Web element with id: 'Object Repository/TC47_58 AM/Cust-id' located by 'By.xpath: /html[1]/body[1]/div[1]/div[1]/div[2]/div[1]/div[1]/div[1]/div[2]/div[1]/div[2]/div[2]' not found
[[ATTACHMENT|C:\\Users\\ankur.jain\\Katalon Studio\\Feedzai_Automation\\Reports\\AM_Test Suite\\20180719_113648\\1531988685964.png]]

2018-07-19 13:54:46 - [TEST_STEP][FAILED] - verifyElementText: com.kms.katalon.core.webui.exception.WebElementNotFoundException: Web element with id: 'Object Repository/TC47_58 AM/Risk_Details' located by 'By.xpath: //tbody//tr[1]//td[8]//div[1]' not found

2018-07-19 13:55:19 - [MESSAGE][FAILED] - com.kms.katalon.core.webui.exception.WebElementNotFoundException: Web element with id: 'Object Repository/TC47_58 AM/Risk_Details' located by 'By.xpath: //tbody//tr[1]//td[8]//div[1]' not found
[[ATTACHMENT|C:\\Users\\ankur.jain\\Katalon Studio\\Feedzai_Automation\\Reports\\AM_Test Suite\\20180719_113648\\1531988718965.png]]

2018-07-19 13:55:19 - [TEST_STEP][PASSED] - comment: JPB Customer Detail Validated Sucesfully

2018-07-19 13:55:19 - [TEST_STEP][PASSED] - Statement - JPB_CustDetails = com.kms.katalon.core.webui.keyword.WebUiBuiltInKeywords.takeScreenshot(): Taking screenshot successfully

2018-07-19 13:55:19 - [MESSAGE][PASSED] - Taking screenshot successfully
[[ATTACHMENT|C:\\Users\\ankur.jain\\Katalon Studio\\Feedzai_Automation\\Reports\\AM_Test Suite\\20180719_113648\\1531988719298.png]]]]></system-out>
         <system-err><![CDATA[2018-07-19 13:53:39 - [TEST_CASE][FAILED] - Test Cases/Alert Manager Test Cases/Alert Manager_JPB Customer Advance Search/TC48_JPB Customer Details: Test Cases/Alert Manager Test Cases/Alert Manager_JPB Customer Advance Search/TC48_JPB Customer Details FAILED because (of) com.kms.katalon.core.webui.exception.WebElementNotFoundException: Web element with id: 'Object Repository/TC47_58 AM/Cust_Name' located by 'By.xpath: /html[1]/body[1]/div[1]/div[1]/div[2]/div[1]/div[1]/div[1]/div[2]/div[1]/div[1]/div[2]' not found]]></system-err>
      </testcase>
      <testcase name="Test Cases/Alert Manager Test Cases/Alert Manager_JPB Customer Advance Search/TC49_JPB Profile Search with Account_number" classname="Test Cases/Alert Manager Test Cases/Alert Manager_JPB Customer Advance Search/TC49_JPB Profile Search with Account_number" status="FAILED">
         <failure type="FAILED" message="Unable to click on object 'Object Repository/TC47_58 AM/Cust_Tab' (Root cause: com.kms.katalon.core.webui.exception.WebElementNotFoundException: Web element with id: 'Object Repository/TC47_58 AM/Cust_Tab' located by 'By.xpath: //span[contains(text(),'Customer')]' not found)"/>
         <system-out><![CDATA[2018-07-19 13:55:19 - [TEST_CASE][FAILED] - Test Cases/Alert Manager Test Cases/Alert Manager_JPB Customer Advance Search/TC49_JPB Profile Search with Account_number: Test Cases/Alert Manager Test Cases/Alert Manager_JPB Customer Advance Search/TC49_JPB Profile Search with Account_number FAILED because (of) Unable to click on object 'Object Repository/TC47_58 AM/Cust_Tab' (Root cause: com.kms.katalon.core.webui.exception.WebElementNotFoundException: Web element with id: 'Object Repository/TC47_58 AM/Cust_Tab' located by 'By.xpath: //span[contains(text(),'Customer')]' not found)

2018-07-19 13:55:20 - [TEST_STEP][FAILED] - click: Unable to click on object 'Object Repository/TC47_58 AM/Cust_Tab' (Root cause: com.kms.katalon.core.webui.exception.WebElementNotFoundException: Web element with id: 'Object Repository/TC47_58 AM/Cust_Tab' located by 'By.xpath: //span[contains(text(),'Customer')]' not found)

2018-07-19 13:55:53 - [MESSAGE][FAILED] - Unable to click on object 'Object Repository/TC47_58 AM/Cust_Tab' (Root cause: com.kms.katalon.core.webui.exception.WebElementNotFoundException: Web element with id: 'Object Repository/TC47_58 AM/Cust_Tab' located by 'By.xpath: //span[contains(text(),'Customer')]' not found)
[[ATTACHMENT|C:\\Users\\ankur.jain\\Katalon Studio\\Feedzai_Automation\\Reports\\AM_Test Suite\\20180719_113648\\1531988752956.png]]

2018-07-19 13:55:53 - [TEST_STEP][FAILED] - click: Unable to click on object 'Object Repository/TC47_58 AM/JPB_ComboBox' (Root cause: com.kms.katalon.core.webui.exception.WebElementNotFoundException: Web element with id: 'Object Repository/TC47_58 AM/JPB_ComboBox' located by 'By.xpath: /html[1]/body[1]/div[1]/div[1]/div[2]/div[1]/label[2]' not found)

2018-07-19 13:56:26 - [MESSAGE][FAILED] - Unable to click on object 'Object Repository/TC47_58 AM/JPB_ComboBox' (Root cause: com.kms.katalon.core.webui.exception.WebElementNotFoundException: Web element with id: 'Object Repository/TC47_58 AM/JPB_ComboBox' located by 'By.xpath: /html[1]/body[1]/div[1]/div[1]/div[2]/div[1]/label[2]' not found)
[[ATTACHMENT|C:\\Users\\ankur.jain\\Katalon Studio\\Feedzai_Automation\\Reports\\AM_Test Suite\\20180719_113648\\1531988786273.png]]

2018-07-19 13:56:26 - [TEST_STEP][FAILED] - setText: Unable to set text '30000001021502' of object 'Object Repository/TC47_58 AM/Customer_input' (Root cause: com.kms.katalon.core.webui.exception.WebElementNotFoundException: Web element with id: 'Object Repository/TC47_58 AM/Customer_input' located by 'By.xpath: //input[@type='text']' not found)

2018-07-19 13:56:59 - [MESSAGE][FAILED] - Unable to set text '30000001021502' of object 'Object Repository/TC47_58 AM/Customer_input' (Root cause: com.kms.katalon.core.webui.exception.WebElementNotFoundException: Web element with id: 'Object Repository/TC47_58 AM/Customer_input' located by 'By.xpath: //input[@type='text']' not found)
[[ATTACHMENT|C:\\Users\\ankur.jain\\Katalon Studio\\Feedzai_Automation\\Reports\\AM_Test Suite\\20180719_113648\\1531988819432.png]]

2018-07-19 13:56:59 - [TEST_STEP][PASSED] - delay: Delayed 3 second(s)

2018-07-19 13:57:02 - [MESSAGE][PASSED] - Delayed 3 second(s)

2018-07-19 13:57:02 - [TEST_STEP][FAILED] - sendKeys: Unable to send keys '' to object 'Object Repository/TC47_58 AM/Customer_input' (Root cause: com.kms.katalon.core.webui.exception.WebElementNotFoundException: Web element with id: 'Object Repository/TC47_58 AM/Customer_input' located by 'By.xpath: //input[@type='text']' not found)

2018-07-19 13:57:36 - [MESSAGE][FAILED] - Unable to send keys '' to object 'Object Repository/TC47_58 AM/Customer_input' (Root cause: com.kms.katalon.core.webui.exception.WebElementNotFoundException: Web element with id: 'Object Repository/TC47_58 AM/Customer_input' located by 'By.xpath: //input[@type='text']' not found)
[[ATTACHMENT|C:\\Users\\ankur.jain\\Katalon Studio\\Feedzai_Automation\\Reports\\AM_Test Suite\\20180719_113648\\1531988855923.png]]

2018-07-19 13:57:36 - [TEST_STEP][PASSED] - comment: JPB Customer Details through id is Displayed]]></system-out>
         <system-err><![CDATA[2018-07-19 13:55:19 - [TEST_CASE][FAILED] - Test Cases/Alert Manager Test Cases/Alert Manager_JPB Customer Advance Search/TC49_JPB Profile Search with Account_number: Test Cases/Alert Manager Test Cases/Alert Manager_JPB Customer Advance Search/TC49_JPB Profile Search with Account_number FAILED because (of) Unable to click on object 'Object Repository/TC47_58 AM/Cust_Tab' (Root cause: com.kms.katalon.core.webui.exception.WebElementNotFoundException: Web element with id: 'Object Repository/TC47_58 AM/Cust_Tab' located by 'By.xpath: //span[contains(text(),'Customer')]' not found)]]></system-err>
      </testcase>
      <testcase name="Test Cases/Alert Manager Test Cases/Alert Manager_JPB Customer Advance Search/TC50_JPB Account Details" classname="Test Cases/Alert Manager Test Cases/Alert Manager_JPB Customer Advance Search/TC50_JPB Account Details" status="FAILED">
         <failure type="FAILED" message="com.kms.katalon.core.webui.exception.WebElementNotFoundException: Web element with id: 'Object Repository/TC47_58 AM/POI_Name' located by 'By.xpath: //tbody//tr[6]//td[1]//div[1]//div[2]//div[2]//div[2]' not found"/>
         <system-out><![CDATA[2018-07-19 13:57:36 - [TEST_CASE][FAILED] - Test Cases/Alert Manager Test Cases/Alert Manager_JPB Customer Advance Search/TC50_JPB Account Details: Test Cases/Alert Manager Test Cases/Alert Manager_JPB Customer Advance Search/TC50_JPB Account Details FAILED because (of) com.kms.katalon.core.webui.exception.WebElementNotFoundException: Web element with id: 'Object Repository/TC47_58 AM/POI_Name' located by 'By.xpath: //tbody//tr[6]//td[1]//div[1]//div[2]//div[2]//div[2]' not found

2018-07-19 13:57:36 - [TEST_STEP][FAILED] - verifyElementText: com.kms.katalon.core.webui.exception.WebElementNotFoundException: Web element with id: 'Object Repository/TC47_58 AM/POI_Name' located by 'By.xpath: //tbody//tr[6]//td[1]//div[1]//div[2]//div[2]//div[2]' not found

2018-07-19 13:58:10 - [MESSAGE][FAILED] - com.kms.katalon.core.webui.exception.WebElementNotFoundException: Web element with id: 'Object Repository/TC47_58 AM/POI_Name' located by 'By.xpath: //tbody//tr[6]//td[1]//div[1]//div[2]//div[2]//div[2]' not found
[[ATTACHMENT|C:\\Users\\ankur.jain\\Katalon Studio\\Feedzai_Automation\\Reports\\AM_Test Suite\\20180719_113648\\1531988889775.png]]

2018-07-19 13:58:10 - [TEST_STEP][PASSED] - comment: JPB Customer Detail trhough account no is Validated Sucesfully

2018-07-19 13:58:10 - [TEST_STEP][PASSED] - Statement - JPB_CustDetails_Id = com.kms.katalon.core.webui.keyword.WebUiBuiltInKeywords.takeScreenshot(): Taking screenshot successfully

2018-07-19 13:58:10 - [MESSAGE][PASSED] - Taking screenshot successfully
[[ATTACHMENT|C:\\Users\\ankur.jain\\Katalon Studio\\Feedzai_Automation\\Reports\\AM_Test Suite\\20180719_113648\\1531988890242.png]]]]></system-out>
         <system-err><![CDATA[2018-07-19 13:57:36 - [TEST_CASE][FAILED] - Test Cases/Alert Manager Test Cases/Alert Manager_JPB Customer Advance Search/TC50_JPB Account Details: Test Cases/Alert Manager Test Cases/Alert Manager_JPB Customer Advance Search/TC50_JPB Account Details FAILED because (of) com.kms.katalon.core.webui.exception.WebElementNotFoundException: Web element with id: 'Object Repository/TC47_58 AM/POI_Name' located by 'By.xpath: //tbody//tr[6]//td[1]//div[1]//div[2]//div[2]//div[2]' not found]]></system-err>
      </testcase>
      <testcase name="Test Cases/Alert Manager Test Cases/Alert Manager_JPB Customer Advance Search/TC51_JPB Customer activity period details" classname="Test Cases/Alert Manager Test Cases/Alert Manager_JPB Customer Advance Search/TC51_JPB Customer activity period details" status="FAILED">
         <failure type="FAILED" message="Unable to get text of object 'Object Repository/TC47_58 AM/Customer_Activity Period' (Root cause: com.kms.katalon.core.webui.exception.WebElementNotFoundException: Web element with id: 'Object Repository/TC47_58 AM/Customer_Activity Period' located by 'By.xpath: //table[@class='fdz-css-color-rows widget-stage details fdz-css-fatty']' not found)"/>
         <system-out><![CDATA[2018-07-19 13:58:10 - [TEST_CASE][FAILED] - Test Cases/Alert Manager Test Cases/Alert Manager_JPB Customer Advance Search/TC51_JPB Customer activity period details: Test Cases/Alert Manager Test Cases/Alert Manager_JPB Customer Advance Search/TC51_JPB Customer activity period details FAILED because (of) Unable to get text of object 'Object Repository/TC47_58 AM/Customer_Activity Period' (Root cause: com.kms.katalon.core.webui.exception.WebElementNotFoundException: Web element with id: 'Object Repository/TC47_58 AM/Customer_Activity Period' located by 'By.xpath: //table[@class='fdz-css-color-rows widget-stage details fdz-css-fatty']' not found)

2018-07-19 13:58:11 - [TEST_STEP][FAILED] - getText: Unable to get text of object 'Object Repository/TC47_58 AM/Customer_Activity Period' (Root cause: com.kms.katalon.core.webui.exception.WebElementNotFoundException: Web element with id: 'Object Repository/TC47_58 AM/Customer_Activity Period' located by 'By.xpath: //table[@class='fdz-css-color-rows widget-stage details fdz-css-fatty']' not found)

2018-07-19 13:58:44 - [MESSAGE][FAILED] - Unable to get text of object 'Object Repository/TC47_58 AM/Customer_Activity Period' (Root cause: com.kms.katalon.core.webui.exception.WebElementNotFoundException: Web element with id: 'Object Repository/TC47_58 AM/Customer_Activity Period' located by 'By.xpath: //table[@class='fdz-css-color-rows widget-stage details fdz-css-fatty']' not found)
[[ATTACHMENT|C:\\Users\\ankur.jain\\Katalon Studio\\Feedzai_Automation\\Reports\\AM_Test Suite\\20180719_113648\\1531988924383.png]]

2018-07-19 13:58:44 - [TEST_STEP][PASSED] - comment: Customer activity period details are displayed

2018-07-19 13:58:44 - [TEST_STEP][PASSED] - Statement - Cust_Activity_Period = com.kms.katalon.core.webui.keyword.WebUiBuiltInKeywords.takeScreenshot(): Taking screenshot successfully

2018-07-19 13:58:45 - [MESSAGE][PASSED] - Taking screenshot successfully
[[ATTACHMENT|C:\\Users\\ankur.jain\\Katalon Studio\\Feedzai_Automation\\Reports\\AM_Test Suite\\20180719_113648\\1531988924720.png]]]]></system-out>
         <system-err><![CDATA[2018-07-19 13:58:10 - [TEST_CASE][FAILED] - Test Cases/Alert Manager Test Cases/Alert Manager_JPB Customer Advance Search/TC51_JPB Customer activity period details: Test Cases/Alert Manager Test Cases/Alert Manager_JPB Customer Advance Search/TC51_JPB Customer activity period details FAILED because (of) Unable to get text of object 'Object Repository/TC47_58 AM/Customer_Activity Period' (Root cause: com.kms.katalon.core.webui.exception.WebElementNotFoundException: Web element with id: 'Object Repository/TC47_58 AM/Customer_Activity Period' located by 'By.xpath: //table[@class='fdz-css-color-rows widget-stage details fdz-css-fatty']' not found)]]></system-err>
      </testcase>
      <testcase name="Test Cases/Alert Manager Test Cases/Alert Manager_JPB Customer Advance Search/TC52_JPB Customer transactions Details" classname="Test Cases/Alert Manager Test Cases/Alert Manager_JPB Customer Advance Search/TC52_JPB Customer transactions Details" status="FAILED">
         <failure type="FAILED" message="Unable to get text of object 'Object Repository/TC47_58 AM/Cust_TransDetails' (Root cause: com.kms.katalon.core.webui.exception.WebElementNotFoundException: Web element with id: 'Object Repository/TC47_58 AM/Cust_TransDetails' located by 'By.xpath: //body/div[@class='wrapper']/div[@class='fdz-js-container fdz-css-container container']/div[@class='fdz-js-customer-container fdz-css-customer-container']/div[@class='row']/div[@class='col-md-8 customer-details']/div[4]/div[2]' not found)"/>
         <system-out><![CDATA[2018-07-19 13:58:45 - [TEST_CASE][FAILED] - Test Cases/Alert Manager Test Cases/Alert Manager_JPB Customer Advance Search/TC52_JPB Customer transactions Details: Test Cases/Alert Manager Test Cases/Alert Manager_JPB Customer Advance Search/TC52_JPB Customer transactions Details FAILED because (of) Unable to get text of object 'Object Repository/TC47_58 AM/Cust_TransDetails' (Root cause: com.kms.katalon.core.webui.exception.WebElementNotFoundException: Web element with id: 'Object Repository/TC47_58 AM/Cust_TransDetails' located by 'By.xpath: //body/div[@class='wrapper']/div[@class='fdz-js-container fdz-css-container container']/div[@class='fdz-js-customer-container fdz-css-customer-container']/div[@class='row']/div[@class='col-md-8 customer-details']/div[4]/div[2]' not found)

2018-07-19 13:58:45 - [TEST_STEP][FAILED] - getText: Unable to get text of object 'Object Repository/TC47_58 AM/Cust_TransDetails' (Root cause: com.kms.katalon.core.webui.exception.WebElementNotFoundException: Web element with id: 'Object Repository/TC47_58 AM/Cust_TransDetails' located by 'By.xpath: //body/div[@class='wrapper']/div[@class='fdz-js-container fdz-css-container container']/div[@class='fdz-js-customer-container fdz-css-customer-container']/div[@class='row']/div[@class='col-md-8 customer-details']/div[4]/div[2]' not found)

2018-07-19 13:59:19 - [MESSAGE][FAILED] - Unable to get text of object 'Object Repository/TC47_58 AM/Cust_TransDetails' (Root cause: com.kms.katalon.core.webui.exception.WebElementNotFoundException: Web element with id: 'Object Repository/TC47_58 AM/Cust_TransDetails' located by 'By.xpath: //body/div[@class='wrapper']/div[@class='fdz-js-container fdz-css-container container']/div[@class='fdz-js-customer-container fdz-css-customer-container']/div[@class='row']/div[@class='col-md-8 customer-details']/div[4]/div[2]' not found)
[[ATTACHMENT|C:\\Users\\ankur.jain\\Katalon Studio\\Feedzai_Automation\\Reports\\AM_Test Suite\\20180719_113648\\1531988958694.png]]

2018-07-19 13:59:19 - [TEST_STEP][PASSED] - comment: Customer Transcation details displayed]]></system-out>
         <system-err><![CDATA[2018-07-19 13:58:45 - [TEST_CASE][FAILED] - Test Cases/Alert Manager Test Cases/Alert Manager_JPB Customer Advance Search/TC52_JPB Customer transactions Details: Test Cases/Alert Manager Test Cases/Alert Manager_JPB Customer Advance Search/TC52_JPB Customer transactions Details FAILED because (of) Unable to get text of object 'Object Repository/TC47_58 AM/Cust_TransDetails' (Root cause: com.kms.katalon.core.webui.exception.WebElementNotFoundException: Web element with id: 'Object Repository/TC47_58 AM/Cust_TransDetails' located by 'By.xpath: //body/div[@class='wrapper']/div[@class='fdz-js-container fdz-css-container container']/div[@class='fdz-js-customer-container fdz-css-customer-container']/div[@class='row']/div[@class='col-md-8 customer-details']/div[4]/div[2]' not found)]]></system-err>
      </testcase>
      <testcase name="Test Cases/Alert Manager Test Cases/Alert Manager_JPB Customer Advance Search/TC53_JPB Customer Fraud Details" classname="Test Cases/Alert Manager Test Cases/Alert Manager_JPB Customer Advance Search/TC53_JPB Customer Fraud Details" status="FAILED">
         <failure type="FAILED" message="Unable to get text of object 'Object Repository/TC47_58 AM/Cust_FraudDetails' (Root cause: com.kms.katalon.core.webui.exception.WebElementNotFoundException: Web element with id: 'Object Repository/TC47_58 AM/Cust_FraudDetails' located by 'By.xpath: //div[@class='col-md-8 customer-details']//div[@class='widget-wrapper last-child']//div[@class='widget-stage details']' not found)"/>
         <system-out><![CDATA[2018-07-19 13:59:19 - [TEST_CASE][FAILED] - Test Cases/Alert Manager Test Cases/Alert Manager_JPB Customer Advance Search/TC53_JPB Customer Fraud Details: Test Cases/Alert Manager Test Cases/Alert Manager_JPB Customer Advance Search/TC53_JPB Customer Fraud Details FAILED because (of) Unable to get text of object 'Object Repository/TC47_58 AM/Cust_FraudDetails' (Root cause: com.kms.katalon.core.webui.exception.WebElementNotFoundException: Web element with id: 'Object Repository/TC47_58 AM/Cust_FraudDetails' located by 'By.xpath: //div[@class='col-md-8 customer-details']//div[@class='widget-wrapper last-child']//div[@class='widget-stage details']' not found)

2018-07-19 13:59:19 - [TEST_STEP][FAILED] - getText: Unable to get text of object 'Object Repository/TC47_58 AM/Cust_FraudDetails' (Root cause: com.kms.katalon.core.webui.exception.WebElementNotFoundException: Web element with id: 'Object Repository/TC47_58 AM/Cust_FraudDetails' located by 'By.xpath: //div[@class='col-md-8 customer-details']//div[@class='widget-wrapper last-child']//div[@class='widget-stage details']' not found)

2018-07-19 13:59:53 - [MESSAGE][FAILED] - Unable to get text of object 'Object Repository/TC47_58 AM/Cust_FraudDetails' (Root cause: com.kms.katalon.core.webui.exception.WebElementNotFoundException: Web element with id: 'Object Repository/TC47_58 AM/Cust_FraudDetails' located by 'By.xpath: //div[@class='col-md-8 customer-details']//div[@class='widget-wrapper last-child']//div[@class='widget-stage details']' not found)
[[ATTACHMENT|C:\\Users\\ankur.jain\\Katalon Studio\\Feedzai_Automation\\Reports\\AM_Test Suite\\20180719_113648\\1531988992659.png]]

2018-07-19 13:59:53 - [TEST_STEP][PASSED] - comment: Customer Fraud Details Displayed]]></system-out>
         <system-err><![CDATA[2018-07-19 13:59:19 - [TEST_CASE][FAILED] - Test Cases/Alert Manager Test Cases/Alert Manager_JPB Customer Advance Search/TC53_JPB Customer Fraud Details: Test Cases/Alert Manager Test Cases/Alert Manager_JPB Customer Advance Search/TC53_JPB Customer Fraud Details FAILED because (of) Unable to get text of object 'Object Repository/TC47_58 AM/Cust_FraudDetails' (Root cause: com.kms.katalon.core.webui.exception.WebElementNotFoundException: Web element with id: 'Object Repository/TC47_58 AM/Cust_FraudDetails' located by 'By.xpath: //div[@class='col-md-8 customer-details']//div[@class='widget-wrapper last-child']//div[@class='widget-stage details']' not found)]]></system-err>
      </testcase>
      <testcase name="Test Cases/Alert Manager Test Cases/Alert Manager_JPB Customer Advance Search/TC54_JPB Transactions Transaction Density Details" classname="Test Cases/Alert Manager Test Cases/Alert Manager_JPB Customer Advance Search/TC54_JPB Transactions Transaction Density Details" status="FAILED">
         <failure type="FAILED" message="com.kms.katalon.core.webui.exception.WebElementNotFoundException: Web element with id: 'Object Repository/TC47_58 AM/Cust_TransDensity' located by 'By.xpath: //*[@class='map']' not found"/>
         <system-out><![CDATA[2018-07-19 13:59:53 - [TEST_CASE][FAILED] - Test Cases/Alert Manager Test Cases/Alert Manager_JPB Customer Advance Search/TC54_JPB Transactions Transaction Density Details: Test Cases/Alert Manager Test Cases/Alert Manager_JPB Customer Advance Search/TC54_JPB Transactions Transaction Density Details FAILED because (of) com.kms.katalon.core.webui.exception.WebElementNotFoundException: Web element with id: 'Object Repository/TC47_58 AM/Cust_TransDensity' located by 'By.xpath: //*[@class='map']' not found

2018-07-19 13:59:53 - [TEST_STEP][FAILED] - verifyElementPresent: com.kms.katalon.core.webui.exception.WebElementNotFoundException: Web element with id: 'Object Repository/TC47_58 AM/Cust_TransDensity' located by 'By.xpath: //*[@class='map']' not found

2018-07-19 13:59:53 - [MESSAGE][WARNING] - Timeout '0' is invalid. Using default page load timeout: '30'

2018-07-19 14:00:26 - [MESSAGE][FAILED] - com.kms.katalon.core.webui.exception.WebElementNotFoundException: Web element with id: 'Object Repository/TC47_58 AM/Cust_TransDensity' located by 'By.xpath: //*[@class='map']' not found
[[ATTACHMENT|C:\\Users\\ankur.jain\\Katalon Studio\\Feedzai_Automation\\Reports\\AM_Test Suite\\20180719_113648\\1531989026513.png]]

2018-07-19 14:00:26 - [TEST_STEP][PASSED] - comment: Customer Transaction Density displayed]]></system-out>
         <system-err><![CDATA[2018-07-19 13:59:53 - [TEST_CASE][FAILED] - Test Cases/Alert Manager Test Cases/Alert Manager_JPB Customer Advance Search/TC54_JPB Transactions Transaction Density Details: Test Cases/Alert Manager Test Cases/Alert Manager_JPB Customer Advance Search/TC54_JPB Transactions Transaction Density Details FAILED because (of) com.kms.katalon.core.webui.exception.WebElementNotFoundException: Web element with id: 'Object Repository/TC47_58 AM/Cust_TransDensity' located by 'By.xpath: //*[@class='map']' not found]]></system-err>
      </testcase>
      <testcase name="Test Cases/Alert Manager Test Cases/Alert Manager_JPB Customer Advance Search/TC55_JPB Customer transaction Statistic" classname="Test Cases/Alert Manager Test Cases/Alert Manager_JPB Customer Advance Search/TC55_JPB Customer transaction Statistic" status="FAILED">
         <failure type="FAILED" message="com.kms.katalon.core.webui.exception.WebElementNotFoundException: Web element with id: 'Object Repository/TC47_58 AM/Cust_Transcation Stat' located by 'By.xpath: //div[@class='col-md-6 customer-transaction']//div[@class='widget-stage details']' not found"/>
         <system-out><![CDATA[2018-07-19 14:00:26 - [TEST_CASE][FAILED] - Test Cases/Alert Manager Test Cases/Alert Manager_JPB Customer Advance Search/TC55_JPB Customer transaction Statistic: Test Cases/Alert Manager Test Cases/Alert Manager_JPB Customer Advance Search/TC55_JPB Customer transaction Statistic FAILED because (of) com.kms.katalon.core.webui.exception.WebElementNotFoundException: Web element with id: 'Object Repository/TC47_58 AM/Cust_Transcation Stat' located by 'By.xpath: //div[@class='col-md-6 customer-transaction']//div[@class='widget-stage details']' not found

2018-07-19 14:00:27 - [TEST_STEP][FAILED] - verifyElementPresent: com.kms.katalon.core.webui.exception.WebElementNotFoundException: Web element with id: 'Object Repository/TC47_58 AM/Cust_Transcation Stat' located by 'By.xpath: //div[@class='col-md-6 customer-transaction']//div[@class='widget-stage details']' not found

2018-07-19 14:00:27 - [MESSAGE][WARNING] - Timeout '0' is invalid. Using default page load timeout: '30'

2018-07-19 14:01:00 - [MESSAGE][FAILED] - com.kms.katalon.core.webui.exception.WebElementNotFoundException: Web element with id: 'Object Repository/TC47_58 AM/Cust_Transcation Stat' located by 'By.xpath: //div[@class='col-md-6 customer-transaction']//div[@class='widget-stage details']' not found
[[ATTACHMENT|C:\\Users\\ankur.jain\\Katalon Studio\\Feedzai_Automation\\Reports\\AM_Test Suite\\20180719_113648\\1531989060637.png]]

2018-07-19 14:01:00 - [TEST_STEP][PASSED] - comment: Customer Transcation Stats Displayed]]></system-out>
         <system-err><![CDATA[2018-07-19 14:00:26 - [TEST_CASE][FAILED] - Test Cases/Alert Manager Test Cases/Alert Manager_JPB Customer Advance Search/TC55_JPB Customer transaction Statistic: Test Cases/Alert Manager Test Cases/Alert Manager_JPB Customer Advance Search/TC55_JPB Customer transaction Statistic FAILED because (of) com.kms.katalon.core.webui.exception.WebElementNotFoundException: Web element with id: 'Object Repository/TC47_58 AM/Cust_Transcation Stat' located by 'By.xpath: //div[@class='col-md-6 customer-transaction']//div[@class='widget-stage details']' not found]]></system-err>
      </testcase>
      <testcase name="Test Cases/Alert Manager Test Cases/Alert Manager_JPB Customer Advance Search/TC56_JPB Customer transaction History" classname="Test Cases/Alert Manager Test Cases/Alert Manager_JPB Customer Advance Search/TC56_JPB Customer transaction History" status="FAILED">
         <failure type="FAILED" message="com.kms.katalon.core.webui.exception.WebElementNotFoundException: Web element with id: 'Object Repository/TC47_58 AM/Cust_TransHistory' located by 'By.xpath: //div[@class='widget-stage-overflow']' not found"/>
         <system-out><![CDATA[2018-07-19 14:01:01 - [TEST_CASE][FAILED] - Test Cases/Alert Manager Test Cases/Alert Manager_JPB Customer Advance Search/TC56_JPB Customer transaction History: Test Cases/Alert Manager Test Cases/Alert Manager_JPB Customer Advance Search/TC56_JPB Customer transaction History FAILED because (of) com.kms.katalon.core.webui.exception.WebElementNotFoundException: Web element with id: 'Object Repository/TC47_58 AM/Cust_TransHistory' located by 'By.xpath: //div[@class='widget-stage-overflow']' not found

2018-07-19 14:01:01 - [TEST_STEP][FAILED] - verifyElementPresent: com.kms.katalon.core.webui.exception.WebElementNotFoundException: Web element with id: 'Object Repository/TC47_58 AM/Cust_TransHistory' located by 'By.xpath: //div[@class='widget-stage-overflow']' not found

2018-07-19 14:01:01 - [MESSAGE][WARNING] - Timeout '0' is invalid. Using default page load timeout: '30'

2018-07-19 14:01:34 - [MESSAGE][FAILED] - com.kms.katalon.core.webui.exception.WebElementNotFoundException: Web element with id: 'Object Repository/TC47_58 AM/Cust_TransHistory' located by 'By.xpath: //div[@class='widget-stage-overflow']' not found
[[ATTACHMENT|C:\\Users\\ankur.jain\\Katalon Studio\\Feedzai_Automation\\Reports\\AM_Test Suite\\20180719_113648\\1531989094496.png]]]]></system-out>
         <system-err><![CDATA[2018-07-19 14:01:01 - [TEST_CASE][FAILED] - Test Cases/Alert Manager Test Cases/Alert Manager_JPB Customer Advance Search/TC56_JPB Customer transaction History: Test Cases/Alert Manager Test Cases/Alert Manager_JPB Customer Advance Search/TC56_JPB Customer transaction History FAILED because (of) com.kms.katalon.core.webui.exception.WebElementNotFoundException: Web element with id: 'Object Repository/TC47_58 AM/Cust_TransHistory' located by 'By.xpath: //div[@class='widget-stage-overflow']' not found]]></system-err>
      </testcase>
      <testcase name="Test Cases/Alert Manager Test Cases/Alert Manager_JPB Customer Advance Search/TC57_JPB Customer Status Log Details" classname="Test Cases/Alert Manager Test Cases/Alert Manager_JPB Customer Advance Search/TC57_JPB Customer Status Log Details" status="FAILED">
         <failure type="FAILED" message="Unable to click on object 'Object Repository/TC47_58 AM/StatusLog' (Root cause: com.kms.katalon.core.webui.exception.WebElementNotFoundException: Web element with id: 'Object Repository/TC47_58 AM/StatusLog' located by 'By.xpath: //button[@class='btn button-default button-sm status-log']' not found)"/>
         <system-out><![CDATA[2018-07-19 14:01:34 - [TEST_CASE][FAILED] - Test Cases/Alert Manager Test Cases/Alert Manager_JPB Customer Advance Search/TC57_JPB Customer Status Log Details: Test Cases/Alert Manager Test Cases/Alert Manager_JPB Customer Advance Search/TC57_JPB Customer Status Log Details FAILED because (of) Unable to click on object 'Object Repository/TC47_58 AM/StatusLog' (Root cause: com.kms.katalon.core.webui.exception.WebElementNotFoundException: Web element with id: 'Object Repository/TC47_58 AM/StatusLog' located by 'By.xpath: //button[@class='btn button-default button-sm status-log']' not found)

2018-07-19 14:01:35 - [TEST_STEP][FAILED] - click: Unable to click on object 'Object Repository/TC47_58 AM/StatusLog' (Root cause: com.kms.katalon.core.webui.exception.WebElementNotFoundException: Web element with id: 'Object Repository/TC47_58 AM/StatusLog' located by 'By.xpath: //button[@class='btn button-default button-sm status-log']' not found)

2018-07-19 14:02:09 - [MESSAGE][FAILED] - Unable to click on object 'Object Repository/TC47_58 AM/StatusLog' (Root cause: com.kms.katalon.core.webui.exception.WebElementNotFoundException: Web element with id: 'Object Repository/TC47_58 AM/StatusLog' located by 'By.xpath: //button[@class='btn button-default button-sm status-log']' not found)
[[ATTACHMENT|C:\\Users\\ankur.jain\\Katalon Studio\\Feedzai_Automation\\Reports\\AM_Test Suite\\20180719_113648\\1531989128625.png]]

2018-07-19 14:02:09 - [TEST_STEP][FAILED] - click: Unable to click on object 'Object Repository/TC47_58 AM/SerachButton' (Root cause: com.kms.katalon.core.webui.exception.WebElementNotFoundException: Web element with id: 'Object Repository/TC47_58 AM/SerachButton' located by 'By.xpath: //button[@class='button button-primary']' not found)

2018-07-19 14:02:42 - [MESSAGE][FAILED] - Unable to click on object 'Object Repository/TC47_58 AM/SerachButton' (Root cause: com.kms.katalon.core.webui.exception.WebElementNotFoundException: Web element with id: 'Object Repository/TC47_58 AM/SerachButton' located by 'By.xpath: //button[@class='button button-primary']' not found)
[[ATTACHMENT|C:\\Users\\ankur.jain\\Katalon Studio\\Feedzai_Automation\\Reports\\AM_Test Suite\\20180719_113648\\1531989162111.png]]

2018-07-19 14:02:42 - [TEST_STEP][FAILED] - verifyElementPresent: com.kms.katalon.core.webui.exception.WebElementNotFoundException: Web element with id: 'Object Repository/TC47_58 AM/History' located by 'By.xpath: //table[@class='table fdz-table table-striped table-striped table-condensed table-header-nowrap fdz-table-whitespace-normal']' not found

2018-07-19 14:02:42 - [MESSAGE][WARNING] - Timeout '0' is invalid. Using default page load timeout: '30'

2018-07-19 14:03:15 - [MESSAGE][FAILED] - com.kms.katalon.core.webui.exception.WebElementNotFoundException: Web element with id: 'Object Repository/TC47_58 AM/History' located by 'By.xpath: //table[@class='table fdz-table table-striped table-striped table-condensed table-header-nowrap fdz-table-whitespace-normal']' not found
[[ATTACHMENT|C:\\Users\\ankur.jain\\Katalon Studio\\Feedzai_Automation\\Reports\\AM_Test Suite\\20180719_113648\\1531989194998.png]]

2018-07-19 14:03:15 - [TEST_STEP][PASSED] - comment: Customer transaction History is not displayed

2018-07-19 14:03:15 - [TEST_STEP][FAILED] - click: Unable to click on object 'Object Repository/TC47_58 AM/Close_Button' (Root cause: com.kms.katalon.core.webui.exception.WebElementNotFoundException: Web element with id: 'Object Repository/TC47_58 AM/Close_Button' located by 'By.xpath: //span[@aria-hidden='true']' not found)

2018-07-19 14:03:48 - [MESSAGE][FAILED] - Unable to click on object 'Object Repository/TC47_58 AM/Close_Button' (Root cause: com.kms.katalon.core.webui.exception.WebElementNotFoundException: Web element with id: 'Object Repository/TC47_58 AM/Close_Button' located by 'By.xpath: //span[@aria-hidden='true']' not found)
[[ATTACHMENT|C:\\Users\\ankur.jain\\Katalon Studio\\Feedzai_Automation\\Reports\\AM_Test Suite\\20180719_113648\\1531989228578.png]]]]></system-out>
         <system-err><![CDATA[2018-07-19 14:01:34 - [TEST_CASE][FAILED] - Test Cases/Alert Manager Test Cases/Alert Manager_JPB Customer Advance Search/TC57_JPB Customer Status Log Details: Test Cases/Alert Manager Test Cases/Alert Manager_JPB Customer Advance Search/TC57_JPB Customer Status Log Details FAILED because (of) Unable to click on object 'Object Repository/TC47_58 AM/StatusLog' (Root cause: com.kms.katalon.core.webui.exception.WebElementNotFoundException: Web element with id: 'Object Repository/TC47_58 AM/StatusLog' located by 'By.xpath: //button[@class='btn button-default button-sm status-log']' not found)]]></system-err>
      </testcase>
      <testcase name="Test Cases/Alert Manager Test Cases/Alert Manager_JPB Customer Advance Search/TC58_JPB-Jio Money Customer Search" classname="Test Cases/Alert Manager Test Cases/Alert Manager_JPB Customer Advance Search/TC58_JPB-Jio Money Customer Search" status="FAILED">
         <failure type="FAILED" message="Unable to click on object 'Object Repository/TC47_58 AM/Cust_Tab' (Root cause: com.kms.katalon.core.webui.exception.WebElementNotFoundException: Web element with id: 'Object Repository/TC47_58 AM/Cust_Tab' located by 'By.xpath: //span[contains(text(),'Customer')]' not found)"/>
         <system-out><![CDATA[2018-07-19 14:03:48 - [TEST_CASE][FAILED] - Test Cases/Alert Manager Test Cases/Alert Manager_JPB Customer Advance Search/TC58_JPB-Jio Money Customer Search: Test Cases/Alert Manager Test Cases/Alert Manager_JPB Customer Advance Search/TC58_JPB-Jio Money Customer Search FAILED because (of) Unable to click on object 'Object Repository/TC47_58 AM/Cust_Tab' (Root cause: com.kms.katalon.core.webui.exception.WebElementNotFoundException: Web element with id: 'Object Repository/TC47_58 AM/Cust_Tab' located by 'By.xpath: //span[contains(text(),'Customer')]' not found)

2018-07-19 14:03:49 - [TEST_STEP][FAILED] - click: Unable to click on object 'Object Repository/TC47_58 AM/Cust_Tab' (Root cause: com.kms.katalon.core.webui.exception.WebElementNotFoundException: Web element with id: 'Object Repository/TC47_58 AM/Cust_Tab' located by 'By.xpath: //span[contains(text(),'Customer')]' not found)

2018-07-19 14:04:22 - [MESSAGE][FAILED] - Unable to click on object 'Object Repository/TC47_58 AM/Cust_Tab' (Root cause: com.kms.katalon.core.webui.exception.WebElementNotFoundException: Web element with id: 'Object Repository/TC47_58 AM/Cust_Tab' located by 'By.xpath: //span[contains(text(),'Customer')]' not found)
[[ATTACHMENT|C:\\Users\\ankur.jain\\Katalon Studio\\Feedzai_Automation\\Reports\\AM_Test Suite\\20180719_113648\\1531989262501.png]]

2018-07-19 14:04:22 - [TEST_STEP][FAILED] - click: Unable to click on object 'Object Repository/TC47_58 AM/JM_Combobox' (Root cause: com.kms.katalon.core.webui.exception.WebElementNotFoundException: Web element with id: 'Object Repository/TC47_58 AM/JM_Combobox' located by 'By.xpath: //div[@class='error-message']//label[1]' not found)

2018-07-19 14:04:56 - [MESSAGE][FAILED] - Unable to click on object 'Object Repository/TC47_58 AM/JM_Combobox' (Root cause: com.kms.katalon.core.webui.exception.WebElementNotFoundException: Web element with id: 'Object Repository/TC47_58 AM/JM_Combobox' located by 'By.xpath: //div[@class='error-message']//label[1]' not found)
[[ATTACHMENT|C:\\Users\\ankur.jain\\Katalon Studio\\Feedzai_Automation\\Reports\\AM_Test Suite\\20180719_113648\\1531989296162.png]]

2018-07-19 14:04:56 - [TEST_STEP][FAILED] - setText: Unable to set text '1100205989' of object 'Object Repository/TC47_58 AM/Customer_input' (Root cause: com.kms.katalon.core.webui.exception.WebElementNotFoundException: Web element with id: 'Object Repository/TC47_58 AM/Customer_input' located by 'By.xpath: //input[@type='text']' not found)

2018-07-19 14:05:30 - [MESSAGE][FAILED] - Unable to set text '1100205989' of object 'Object Repository/TC47_58 AM/Customer_input' (Root cause: com.kms.katalon.core.webui.exception.WebElementNotFoundException: Web element with id: 'Object Repository/TC47_58 AM/Customer_input' located by 'By.xpath: //input[@type='text']' not found)
[[ATTACHMENT|C:\\Users\\ankur.jain\\Katalon Studio\\Feedzai_Automation\\Reports\\AM_Test Suite\\20180719_113648\\1531989329762.png]]

2018-07-19 14:05:30 - [TEST_STEP][PASSED] - delay: Delayed 3 second(s)

2018-07-19 14:05:33 - [MESSAGE][PASSED] - Delayed 3 second(s)

2018-07-19 14:05:33 - [TEST_STEP][FAILED] - sendKeys: Unable to send keys '' to object 'Object Repository/TC47_58 AM/Customer_input' (Root cause: com.kms.katalon.core.webui.exception.WebElementNotFoundException: Web element with id: 'Object Repository/TC47_58 AM/Customer_input' located by 'By.xpath: //input[@type='text']' not found)

2018-07-19 14:06:06 - [MESSAGE][FAILED] - Unable to send keys '' to object 'Object Repository/TC47_58 AM/Customer_input' (Root cause: com.kms.katalon.core.webui.exception.WebElementNotFoundException: Web element with id: 'Object Repository/TC47_58 AM/Customer_input' located by 'By.xpath: //input[@type='text']' not found)
[[ATTACHMENT|C:\\Users\\ankur.jain\\Katalon Studio\\Feedzai_Automation\\Reports\\AM_Test Suite\\20180719_113648\\1531989366484.png]]

2018-07-19 14:06:06 - [TEST_STEP][FAILED] - verifyElementPresent: com.kms.katalon.core.webui.exception.WebElementNotFoundException: Web element with id: 'Object Repository/TC47_58 AM/Cust_TransHistory' located by 'By.xpath: //div[@class='widget-stage-overflow']' not found

2018-07-19 14:06:06 - [MESSAGE][WARNING] - Timeout '0' is invalid. Using default page load timeout: '30'

2018-07-19 14:06:40 - [MESSAGE][FAILED] - com.kms.katalon.core.webui.exception.WebElementNotFoundException: Web element with id: 'Object Repository/TC47_58 AM/Cust_TransHistory' located by 'By.xpath: //div[@class='widget-stage-overflow']' not found
[[ATTACHMENT|C:\\Users\\ankur.jain\\Katalon Studio\\Feedzai_Automation\\Reports\\AM_Test Suite\\20180719_113648\\1531989400075.png]]

2018-07-19 14:06:40 - [TEST_STEP][PASSED] - comment: Jio Money Customer  History is displayed]]></system-out>
         <system-err><![CDATA[2018-07-19 14:03:48 - [TEST_CASE][FAILED] - Test Cases/Alert Manager Test Cases/Alert Manager_JPB Customer Advance Search/TC58_JPB-Jio Money Customer Search: Test Cases/Alert Manager Test Cases/Alert Manager_JPB Customer Advance Search/TC58_JPB-Jio Money Customer Search FAILED because (of) Unable to click on object 'Object Repository/TC47_58 AM/Cust_Tab' (Root cause: com.kms.katalon.core.webui.exception.WebElementNotFoundException: Web element with id: 'Object Repository/TC47_58 AM/Cust_Tab' located by 'By.xpath: //span[contains(text(),'Customer')]' not found)]]></system-err>
      </testcase>
      <system-out><![CDATA[2018-07-19 11:37:04 - [TEST_SUITE][FAILED] - AM_Test Suite: Test Cases/Alert Manager Test Cases/Alert Manager_Login FAILED because (of) Unable to set text 'Ankur.Jain' of object 'Object Repository/TC_01-03_AM/input' (Root cause: com.kms.katalon.core.webui.exception.WebElementNotFoundException: Web element with id: 'Object Repository/TC_01-03_AM/input' located by 'By.xpath: //input[@type = 'text' and @placeholder = 'Username']' not found)]]></system-out>
      <system-err><![CDATA[2018-07-19 11:37:04 - [TEST_SUITE][FAILED] - AM_Test Suite: Test Cases/Alert Manager Test Cases/Alert Manager_Login FAILED because (of) Unable to set text 'Ankur.Jain' of object 'Object Repository/TC_01-03_AM/input' (Root cause: com.kms.katalon.core.webui.exception.WebElementNotFoundException: Web element with id: 'Object Repository/TC_01-03_AM/input' located by 'By.xpath: //input[@type = 'text' and @placeholder = 'Username']' not found)]]></system-err>
   </testsuite>
</testsuites>
