<?xml version="1.0" encoding="UTF-8"?>
<testsuites name="New Suite" time="129" tests="2" failures="0" errors="0">
   <testsuite name="New Suite" tests="2" failures="0" errors="0" time="129" timestamp="2018-07-09 14:27:45" hostname="Ankur.Jain - LT0021232" id="Test Suites/New Suite">
      <properties>
         <property name="deviceName" value=""/>
         <property name="devicePlatform" value=""/>
         <property name="logFolder" value="C:\\Users\\ankur.jain\\Katalon Studio\\Feedzai_Automation\\Reports\\New Suite\\20180709_142712"/>
         <property name="logFiles" value="C:\\Users\\ankur.jain\\Katalon Studio\\Feedzai_Automation\\Reports\\New Suite\\20180709_142712\\execution0.log"/>
         <property name="attachments" value="C:\\Users\\ankur.jain\\Katalon Studio\\Feedzai_Automation\\Reports\\New Suite\\20180709_142712\\1531126742330.png, C:\\Users\\ankur.jain\\Katalon Studio\\Feedzai_Automation\\Reports\\New Suite\\20180709_142712\\1531126785325.png"/>
         <property name="hostName" value="Ankur.Jain - LT0021232"/>
         <property name="os" value="Windows 7 64bit"/>
         <property name="katalonVersion" value="5.4.2.1"/>
         <property name="browser" value="Chrome 67.0.3396.99"/>
         <property name="hostAddress" value="10.50.88.85"/>
         <property name="sessionId" value="8ddc99ea9cc06114d9e9572da38b9ab3"/>
         <property name="seleniumVersion" value="3.7.1"/>
         <property name="proxyInformation" value="ProxyInformation{proxyOption=NO_PROXY, proxyServerType=HTTP, password=, proxyServerAddress=, proxyServerPort=0}"/>
         <property name="platform" value="Windows 7"/>
      </properties>
      <testcase name="Test Cases/Alert Manager Test Cases/Alert Manager_JPB Advance Search/TC43_JPB Advanced Search Sender PAN" classname="Test Cases/Alert Manager Test Cases/Alert Manager_JPB Advance Search/TC43_JPB Advanced Search Sender PAN" status="PASSED">
         <system-out><![CDATA[2018-07-09 14:27:46 - [TEST_CASE][PASSED] - Test Cases/Alert Manager Test Cases/Alert Manager_JPB Advance Search/TC43_JPB Advanced Search Sender PAN: Test Cases/Alert Manager Test Cases/Alert Manager_JPB Advance Search/TC43_JPB Advanced Search Sender PAN

2018-07-09 14:27:48 - [TEST_STEP][PASSED] - openBrowser: Browser is opened with url: ''

2018-07-09 14:28:10 - [MESSAGE][PASSED] - Browser is opened with url: ''

2018-07-09 14:28:10 - [TEST_STEP][PASSED] - navigateToUrl: Navigate to 'https://10.130.236.51/#login' successfully

2018-07-09 14:28:16 - [MESSAGE][PASSED] - Navigate to 'https://10.130.236.51/#login' successfully

2018-07-09 14:28:16 - [TEST_STEP][PASSED] - maximizeWindow: Current window maximized

2018-07-09 14:28:20 - [MESSAGE][PASSED] - Current window maximized

2018-07-09 14:28:20 - [TEST_STEP][PASSED] - setText: Text 'Ankur.Jain' is set on object 'Object Repository/TC_24_36 AM/input'

2018-07-09 14:28:37 - [MESSAGE][PASSED] - Text 'Ankur.Jain' is set on object 'Object Repository/TC_24_36 AM/input'

2018-07-09 14:28:37 - [TEST_STEP][PASSED] - setText: Text 'Word03Pass' is set on object 'Object Repository/TC_24_36 AM/input_1'

2018-07-09 14:28:38 - [MESSAGE][PASSED] - Text 'Word03Pass' is set on object 'Object Repository/TC_24_36 AM/input_1'

2018-07-09 14:28:38 - [TEST_STEP][PASSED] - sendKeys: Keys 'ENTER + ' sent to object: 'Object Repository/TC_24_36 AM/input_1'

2018-07-09 14:28:38 - [MESSAGE][PASSED] - Keys 'ENTER + ' sent to object: 'Object Repository/TC_24_36 AM/input_1'

2018-07-09 14:28:38 - [TEST_STEP][PASSED] - click: Object: 'Object Repository/TC_24_36 AM/span_Search' is clicked on

2018-07-09 14:28:39 - [MESSAGE][PASSED] - Object: 'Object Repository/TC_24_36 AM/span_Search' is clicked on

2018-07-09 14:28:39 - [TEST_STEP][PASSED] - clearText: Text of object 'Object Repository/TC_24_36 AM/Date_input' is cleared

2018-07-09 14:28:40 - [MESSAGE][PASSED] - Text of object 'Object Repository/TC_24_36 AM/Date_input' is cleared

2018-07-09 14:28:40 - [TEST_STEP][PASSED] - click: Object: 'Object Repository/TC_24_36 AM/Done_Button' is clicked on

2018-07-09 14:28:41 - [MESSAGE][PASSED] - Object: 'Object Repository/TC_24_36 AM/Done_Button' is clicked on

2018-07-09 14:28:41 - [TEST_STEP][PASSED] - delay: Delayed 2 second(s)

2018-07-09 14:28:43 - [MESSAGE][PASSED] - Delayed 2 second(s)

2018-07-09 14:28:43 - [TEST_STEP][PASSED] - click: Object: 'Object Repository/TC_24_36 AM/button_Advanced Search' is clicked on

2018-07-09 14:28:43 - [MESSAGE][PASSED] - Object: 'Object Repository/TC_24_36 AM/button_Advanced Search' is clicked on

2018-07-09 14:28:43 - [TEST_STEP][PASSED] - click: Object: 'Object Repository/TC_24_36 AM/ClickSenderPAN' is clicked on

2018-07-09 14:28:44 - [MESSAGE][PASSED] - Object: 'Object Repository/TC_24_36 AM/ClickSenderPAN' is clicked on

2018-07-09 14:28:44 - [TEST_STEP][PASSED] - setText: Text '3000 0001 0323 26' is set on object 'Object Repository/TC_24_36 AM/input_SenderPAN'

2018-07-09 14:28:45 - [MESSAGE][PASSED] - Text '3000 0001 0323 26' is set on object 'Object Repository/TC_24_36 AM/input_SenderPAN'

2018-07-09 14:28:45 - [TEST_STEP][PASSED] - delay: Delayed 2 second(s)

2018-07-09 14:28:47 - [MESSAGE][PASSED] - Delayed 2 second(s)

2018-07-09 14:28:47 - [TEST_STEP][PASSED] - sendKeys: Keys 'ENTER + ' sent to object: 'Object Repository/TC_24_36 AM/input_SenderPAN'

2018-07-09 14:28:47 - [MESSAGE][PASSED] - Keys 'ENTER + ' sent to object: 'Object Repository/TC_24_36 AM/input_SenderPAN'

2018-07-09 14:28:47 - [TEST_STEP][PASSED] - delay: Delayed 2 second(s)

2018-07-09 14:28:49 - [MESSAGE][PASSED] - Delayed 2 second(s)

2018-07-09 14:28:49 - [TEST_STEP][PASSED] - click: Object: 'Object Repository/TC_24_36 AM/button_Search' is clicked on

2018-07-09 14:28:49 - [MESSAGE][PASSED] - Object: 'Object Repository/TC_24_36 AM/button_Search' is clicked on

2018-07-09 14:28:49 - [TEST_STEP][PASSED] - getText: Text of object 'Object Repository/TC_24_36 AM/Cust_Details' is: '18-05-2018 11:54:36 6078 8406 0000 1658 251.00 4000000075 JIO CRICKET SEASON PACK N/A no UBW 42 00 1 Customer Pending
24-05-2018 12:42:41 3000 0001 0323 26 1.00 300035992 N/A N/A no P1W 47 57 0 Unassigned Not Fraud
24-05-2018 12:43:45 3000 0001 0323 26 1.00 300035992 N/A N/A no P1W 47 57 0 Unassigned Not Fraud
24-05-2018 12:43:47 3000 0001 0323 26 1.00 300035992 N/A N/A no P1W 47 57 0 Unassigned Not Fraud
24-05-2018 12:43:55 3000 0001 0323 26 1.00 300035992 N/A N/A no P1W 47 57 0 Unassigned Not Fraud
24-05-2018 12:46:59 3000 0001 0323 26 1.00 300035992 N/A N/A no P1W 47 57 0 Unassigned Not Fraud
24-05-2018 12:51:54 3000 0001 0323 26 1.00 300035992 N/A N/A no P1W 47 57 0 Unassigned Not Fraud
24-05-2018 12:58:05 3000 0001 0323 26 1.00 300035992 N/A N/A no P1W 47 57 0 Unassigned Not Fraud
24-05-2018 12:58:11 3000 0001 0323 26 10.00 Unknown N/A N/A no 01-7171 1 57 0 Unassigned Not Fraud
24-05-2018 13:01:54 3000 0001 0323 26 1.00 300035992 N/A N/A no P1W 47 57 0 Unassigned Not Fraud'

2018-07-09 14:29:02 - [MESSAGE][PASSED] - Text of object 'Object Repository/TC_24_36 AM/Cust_Details' is: '18-05-2018 11:54:36 6078 8406 0000 1658 251.00 4000000075 JIO CRICKET SEASON PACK N/A no UBW 42 00 1 Customer Pending
24-05-2018 12:42:41 3000 0001 0323 26 1.00 300035992 N/A N/A no P1W 47 57 0 Unassigned Not Fraud
24-05-2018 12:43:45 3000 0001 0323 26 1.00 300035992 N/A N/A no P1W 47 57 0 Unassigned Not Fraud
24-05-2018 12:43:47 3000 0001 0323 26 1.00 300035992 N/A N/A no P1W 47 57 0 Unassigned Not Fraud
24-05-2018 12:43:55 3000 0001 0323 26 1.00 300035992 N/A N/A no P1W 47 57 0 Unassigned Not Fraud
24-05-2018 12:46:59 3000 0001 0323 26 1.00 300035992 N/A N/A no P1W 47 57 0 Unassigned Not Fraud
24-05-2018 12:51:54 3000 0001 0323 26 1.00 300035992 N/A N/A no P1W 47 57 0 Unassigned Not Fraud
24-05-2018 12:58:05 3000 0001 0323 26 1.00 300035992 N/A N/A no P1W 47 57 0 Unassigned Not Fraud
24-05-2018 12:58:11 3000 0001 0323 26 10.00 Unknown N/A N/A no 01-7171 1 57 0 Unassigned Not Fraud
24-05-2018 13:01:54 3000 0001 0323 26 1.00 300035992 N/A N/A no P1W 47 57 0 Unassigned Not Fraud'

2018-07-09 14:29:02 - [TEST_STEP][PASSED] - comment: JPB Advance Search through Sender PAN is sucesfull

2018-07-09 14:29:02 - [TEST_STEP][PASSED] - Statement - AdvanceSearch_SenderPAN = com.kms.katalon.core.webui.keyword.WebUiBuiltInKeywords.takeScreenshot(): Taking screenshot successfully

2018-07-09 14:29:07 - [MESSAGE][PASSED] - Taking screenshot successfully
[[ATTACHMENT|C:\\Users\\ankur.jain\\Katalon Studio\\Feedzai_Automation\\Reports\\New Suite\\20180709_142712\\1531126742330.png]]

2018-07-09 14:29:07 - [TEST_STEP][PASSED] - verifyElementText: Actual text and expected text of test object 'Object Repository/TC43_AM/Sender_PAN_JPB_Validation' are matched.

2018-07-09 14:29:07 - [MESSAGE][PASSED] - Actual text and expected text of test object 'Object Repository/TC43_AM/Sender_PAN_JPB_Validation' are matched.

2018-07-09 14:29:07 - [TEST_STEP][PASSED] - refresh: Refresh successfully

2018-07-09 14:29:09 - [MESSAGE][PASSED] - Refresh successfully

2018-07-09 14:29:09 - [TEST_STEP][PASSED] - delay: Delayed 12 second(s)

2018-07-09 14:29:21 - [MESSAGE][PASSED] - Delayed 12 second(s)]]></system-out>
         <system-err><![CDATA[]]></system-err>
      </testcase>
      <testcase name="Test Cases/Alert Manager Test Cases/Alert Manager_JPB Advance Search/TC44_JPB Advanced Search Beneficiary PAN" classname="Test Cases/Alert Manager Test Cases/Alert Manager_JPB Advance Search/TC44_JPB Advanced Search Beneficiary PAN" status="PASSED">
         <system-out><![CDATA[2018-07-09 14:29:21 - [TEST_CASE][PASSED] - Test Cases/Alert Manager Test Cases/Alert Manager_JPB Advance Search/TC44_JPB Advanced Search Beneficiary PAN: Test Cases/Alert Manager Test Cases/Alert Manager_JPB Advance Search/TC44_JPB Advanced Search Beneficiary PAN

2018-07-09 14:29:22 - [TEST_STEP][PASSED] - clearText: Text of object 'Object Repository/TC_24_36 AM/Date_input' is cleared

2018-07-09 14:29:23 - [MESSAGE][PASSED] - Text of object 'Object Repository/TC_24_36 AM/Date_input' is cleared

2018-07-09 14:29:24 - [TEST_STEP][PASSED] - click: Object: 'Object Repository/TC_24_36 AM/Done_Button' is clicked on

2018-07-09 14:29:24 - [MESSAGE][PASSED] - Object: 'Object Repository/TC_24_36 AM/Done_Button' is clicked on

2018-07-09 14:29:24 - [TEST_STEP][PASSED] - delay: Delayed 5 second(s)

2018-07-09 14:29:29 - [MESSAGE][PASSED] - Delayed 5 second(s)

2018-07-09 14:29:29 - [TEST_STEP][PASSED] - click: Object: 'Object Repository/TC_24_36 AM/button_Advanced Search' is clicked on

2018-07-09 14:29:30 - [MESSAGE][PASSED] - Object: 'Object Repository/TC_24_36 AM/button_Advanced Search' is clicked on

2018-07-09 14:29:30 - [TEST_STEP][PASSED] - delay: Delayed 2 second(s)

2018-07-09 14:29:32 - [MESSAGE][PASSED] - Delayed 2 second(s)

2018-07-09 14:29:32 - [TEST_STEP][PASSED] - click: Object: 'Object Repository/TC43_AM/Input_Ben_PAN' is clicked on

2018-07-09 14:29:32 - [MESSAGE][PASSED] - Object: 'Object Repository/TC43_AM/Input_Ben_PAN' is clicked on

2018-07-09 14:29:32 - [TEST_STEP][PASSED] - setText: Text '116050101014' is set on object 'Object Repository/TC43_AM/Input_Ben_PAN'

2018-07-09 14:29:33 - [MESSAGE][PASSED] - Text '116050101014' is set on object 'Object Repository/TC43_AM/Input_Ben_PAN'

2018-07-09 14:29:33 - [TEST_STEP][PASSED] - delay: Delayed 5 second(s)

2018-07-09 14:29:38 - [MESSAGE][PASSED] - Delayed 5 second(s)

2018-07-09 14:29:38 - [TEST_STEP][PASSED] - sendKeys: Keys 'ENTER + ' sent to object: 'Object Repository/TC43_AM/Input_Ben_PAN'

2018-07-09 14:29:38 - [MESSAGE][PASSED] - Keys 'ENTER + ' sent to object: 'Object Repository/TC43_AM/Input_Ben_PAN'

2018-07-09 14:29:38 - [TEST_STEP][PASSED] - delay: Delayed 5 second(s)

2018-07-09 14:29:43 - [MESSAGE][PASSED] - Delayed 5 second(s)

2018-07-09 14:29:43 - [TEST_STEP][PASSED] - click: Object: 'Object Repository/TC_24_36 AM/button_Search' is clicked on

2018-07-09 14:29:43 - [MESSAGE][PASSED] - Object: 'Object Repository/TC_24_36 AM/button_Search' is clicked on

2018-07-09 14:29:43 - [TEST_STEP][PASSED] - getText: Text of object 'Object Repository/TC_24_36 AM/Cust_Details' is: '17-11-2017 15:49:14 7011 0000 0000 16 1.00 Unknown 116050101014 N/A no 45-3132 45 57 0 Unassigned Not Fraud
28-11-2017 16:53:42 7011 0000 0000 16 1.00 Unknown 116050101014 N/A no 45-3132 45 57 0 Unassigned Not Fraud
28-11-2017 16:53:54 1011 0000 0008 15 1.00 Unknown 116050101014 N/A no 45-3132 45 96 0 Unassigned Not Fraud
28-11-2017 16:54:03 5011 0000 0019 20 1.00 Unknown 116050101014 N/A no 45-3132 45 05 0 Unassigned Not Fraud
28-11-2017 16:54:24 5011 0000 0019 20 1.00 Unknown 116050101014 N/A no 45-3132 45 05 0 Unassigned Not Fraud
12-12-2017 15:32:05 5000 0000 0102 36 1.00 Unknown 116050101014 N/A no 45-3132 45 00 0 Unassigned Not Fraud
12-12-2017 15:32:08 5000 0000 0102 36 10.00 Unknown 116050101014 N/A no 46-3132 46 00 0 Unassigned Not Fraud
12-12-2017 15:32:20 3000 0000 9154 70 1.00 Unknown 116050101014 N/A no 45-3132 45 57 0 Unassigned Not Fraud
12-12-2017 15:32:21 3000 0000 9154 70 10.00 Unknown 116050101014 N/A no 46-3132 46 00 0 Unassigned Not Fraud
12-12-2017 15:32:34 1011 0000 0029 15 1.00 Unknown 116050101014 N/A no 45-3132 45 57 0 Unassigned Not Fraud'

2018-07-09 14:29:45 - [MESSAGE][PASSED] - Text of object 'Object Repository/TC_24_36 AM/Cust_Details' is: '17-11-2017 15:49:14 7011 0000 0000 16 1.00 Unknown 116050101014 N/A no 45-3132 45 57 0 Unassigned Not Fraud
28-11-2017 16:53:42 7011 0000 0000 16 1.00 Unknown 116050101014 N/A no 45-3132 45 57 0 Unassigned Not Fraud
28-11-2017 16:53:54 1011 0000 0008 15 1.00 Unknown 116050101014 N/A no 45-3132 45 96 0 Unassigned Not Fraud
28-11-2017 16:54:03 5011 0000 0019 20 1.00 Unknown 116050101014 N/A no 45-3132 45 05 0 Unassigned Not Fraud
28-11-2017 16:54:24 5011 0000 0019 20 1.00 Unknown 116050101014 N/A no 45-3132 45 05 0 Unassigned Not Fraud
12-12-2017 15:32:05 5000 0000 0102 36 1.00 Unknown 116050101014 N/A no 45-3132 45 00 0 Unassigned Not Fraud
12-12-2017 15:32:08 5000 0000 0102 36 10.00 Unknown 116050101014 N/A no 46-3132 46 00 0 Unassigned Not Fraud
12-12-2017 15:32:20 3000 0000 9154 70 1.00 Unknown 116050101014 N/A no 45-3132 45 57 0 Unassigned Not Fraud
12-12-2017 15:32:21 3000 0000 9154 70 10.00 Unknown 116050101014 N/A no 46-3132 46 00 0 Unassigned Not Fraud
12-12-2017 15:32:34 1011 0000 0029 15 1.00 Unknown 116050101014 N/A no 45-3132 45 57 0 Unassigned Not Fraud'

2018-07-09 14:29:45 - [TEST_STEP][PASSED] - comment: JPB Advance Search through Beneficary id is sucesfull

2018-07-09 14:29:45 - [TEST_STEP][PASSED] - verifyElementText: Actual text and expected text of test object 'Object Repository/TC43_AM/Ben_PAN_Validation' are matched.

2018-07-09 14:29:45 - [MESSAGE][PASSED] - Actual text and expected text of test object 'Object Repository/TC43_AM/Ben_PAN_Validation' are matched.

2018-07-09 14:29:45 - [TEST_STEP][PASSED] - Statement - JPBAdvSearch_BenPAN = com.kms.katalon.core.webui.keyword.WebUiBuiltInKeywords.takeScreenshot(): Taking screenshot successfully

2018-07-09 14:29:45 - [MESSAGE][PASSED] - Taking screenshot successfully
[[ATTACHMENT|C:\\Users\\ankur.jain\\Katalon Studio\\Feedzai_Automation\\Reports\\New Suite\\20180709_142712\\1531126785325.png]]

2018-07-09 14:29:45 - [TEST_STEP][PASSED] - refresh: Refresh successfully

2018-07-09 14:29:46 - [MESSAGE][PASSED] - Refresh successfully

2018-07-09 14:29:46 - [TEST_STEP][PASSED] - delay: Delayed 6 second(s)

2018-07-09 14:29:52 - [MESSAGE][PASSED] - Delayed 6 second(s)]]></system-out>
         <system-err><![CDATA[]]></system-err>
      </testcase>
      <system-out><![CDATA[2018-07-09 14:27:45 - [TEST_SUITE][PASSED] - New Suite: Test Cases/Alert Manager Test Cases/Alert Manager_JPB Advance Search/TC44_JPB Advanced Search Beneficiary PAN]]></system-out>
      <system-err><![CDATA[]]></system-err>
   </testsuite>
</testsuites>
